[2022-12-14T19:52:02.874+0000] {processor.py:153} INFO - Started process (PID=87) to work on /opt/airflow/dags/twitter_dag.py
[2022-12-14T19:52:02.877+0000] {processor.py:743} INFO - Processing file /opt/airflow/dags/twitter_dag.py for tasks to queue
[2022-12-14T19:52:02.883+0000] {logging_mixin.py:137} INFO - [2022-12-14T19:52:02.883+0000] {dagbag.py:538} INFO - Filling up the DagBag from /opt/airflow/dags/twitter_dag.py
[2022-12-14T19:52:05.253+0000] {processor.py:753} INFO - DAG(s) dict_keys(['twitter_dag']) retrieved from /opt/airflow/dags/twitter_dag.py
[2022-12-14T19:52:06.473+0000] {logging_mixin.py:137} INFO - [2022-12-14T19:52:06.473+0000] {manager.py:504} INFO - Created Permission View: can delete on DAG:twitter_dag
[2022-12-14T19:52:06.491+0000] {logging_mixin.py:137} INFO - [2022-12-14T19:52:06.491+0000] {manager.py:504} INFO - Created Permission View: can read on DAG:twitter_dag
[2022-12-14T19:52:06.505+0000] {logging_mixin.py:137} INFO - [2022-12-14T19:52:06.504+0000] {manager.py:504} INFO - Created Permission View: can edit on DAG:twitter_dag
[2022-12-14T19:52:06.506+0000] {logging_mixin.py:137} INFO - [2022-12-14T19:52:06.505+0000] {dag.py:2676} INFO - Sync 1 DAGs
[2022-12-14T19:52:06.531+0000] {logging_mixin.py:137} INFO - [2022-12-14T19:52:06.530+0000] {dag.py:2697} INFO - Creating ORM DAG for twitter_dag
[2022-12-14T19:52:06.769+0000] {logging_mixin.py:137} INFO - [2022-12-14T19:52:06.768+0000] {dag.py:3427} INFO - Setting next_dagrun for twitter_dag to 2022-11-11T00:00:00+00:00, run_after=2022-11-12T00:00:00+00:00
[2022-12-14T19:52:06.808+0000] {processor.py:175} INFO - Processing /opt/airflow/dags/twitter_dag.py took 3.943 seconds
[2022-12-14T19:52:37.462+0000] {processor.py:153} INFO - Started process (PID=174) to work on /opt/airflow/dags/twitter_dag.py
[2022-12-14T19:52:37.467+0000] {processor.py:743} INFO - Processing file /opt/airflow/dags/twitter_dag.py for tasks to queue
[2022-12-14T19:52:37.469+0000] {logging_mixin.py:137} INFO - [2022-12-14T19:52:37.468+0000] {dagbag.py:538} INFO - Filling up the DagBag from /opt/airflow/dags/twitter_dag.py
[2022-12-14T19:52:38.036+0000] {processor.py:753} INFO - DAG(s) dict_keys(['twitter_dag']) retrieved from /opt/airflow/dags/twitter_dag.py
[2022-12-14T19:52:38.103+0000] {logging_mixin.py:137} INFO - [2022-12-14T19:52:38.102+0000] {dag.py:2676} INFO - Sync 1 DAGs
[2022-12-14T19:52:38.151+0000] {logging_mixin.py:137} INFO - [2022-12-14T19:52:38.151+0000] {dag.py:3427} INFO - Setting next_dagrun for twitter_dag to 2022-11-11T00:00:00+00:00, run_after=2022-11-12T00:00:00+00:00
[2022-12-14T19:52:38.184+0000] {processor.py:175} INFO - Processing /opt/airflow/dags/twitter_dag.py took 0.729 seconds
[2022-12-14T19:53:09.003+0000] {processor.py:153} INFO - Started process (PID=255) to work on /opt/airflow/dags/twitter_dag.py
[2022-12-14T19:53:09.005+0000] {processor.py:743} INFO - Processing file /opt/airflow/dags/twitter_dag.py for tasks to queue
[2022-12-14T19:53:09.007+0000] {logging_mixin.py:137} INFO - [2022-12-14T19:53:09.007+0000] {dagbag.py:538} INFO - Filling up the DagBag from /opt/airflow/dags/twitter_dag.py
[2022-12-14T19:53:09.388+0000] {processor.py:753} INFO - DAG(s) dict_keys(['twitter_dag']) retrieved from /opt/airflow/dags/twitter_dag.py
[2022-12-14T19:53:09.440+0000] {logging_mixin.py:137} INFO - [2022-12-14T19:53:09.439+0000] {dag.py:2676} INFO - Sync 1 DAGs
[2022-12-14T19:53:09.478+0000] {logging_mixin.py:137} INFO - [2022-12-14T19:53:09.478+0000] {dag.py:3427} INFO - Setting next_dagrun for twitter_dag to 2022-11-11T00:00:00+00:00, run_after=2022-11-12T00:00:00+00:00
[2022-12-14T19:53:09.506+0000] {processor.py:175} INFO - Processing /opt/airflow/dags/twitter_dag.py took 0.510 seconds
[2022-12-14T19:53:40.194+0000] {processor.py:153} INFO - Started process (PID=335) to work on /opt/airflow/dags/twitter_dag.py
[2022-12-14T19:53:40.195+0000] {processor.py:743} INFO - Processing file /opt/airflow/dags/twitter_dag.py for tasks to queue
[2022-12-14T19:53:40.196+0000] {logging_mixin.py:137} INFO - [2022-12-14T19:53:40.196+0000] {dagbag.py:538} INFO - Filling up the DagBag from /opt/airflow/dags/twitter_dag.py
[2022-12-14T19:53:40.536+0000] {processor.py:753} INFO - DAG(s) dict_keys(['twitter_dag']) retrieved from /opt/airflow/dags/twitter_dag.py
[2022-12-14T19:53:40.578+0000] {logging_mixin.py:137} INFO - [2022-12-14T19:53:40.577+0000] {dag.py:2676} INFO - Sync 1 DAGs
[2022-12-14T19:53:40.618+0000] {logging_mixin.py:137} INFO - [2022-12-14T19:53:40.618+0000] {dag.py:3427} INFO - Setting next_dagrun for twitter_dag to 2022-11-11T00:00:00+00:00, run_after=2022-11-12T00:00:00+00:00
[2022-12-14T19:53:40.646+0000] {processor.py:175} INFO - Processing /opt/airflow/dags/twitter_dag.py took 0.456 seconds
[2022-12-14T19:54:10.801+0000] {processor.py:153} INFO - Started process (PID=416) to work on /opt/airflow/dags/twitter_dag.py
[2022-12-14T19:54:10.803+0000] {processor.py:743} INFO - Processing file /opt/airflow/dags/twitter_dag.py for tasks to queue
[2022-12-14T19:54:10.804+0000] {logging_mixin.py:137} INFO - [2022-12-14T19:54:10.804+0000] {dagbag.py:538} INFO - Filling up the DagBag from /opt/airflow/dags/twitter_dag.py
[2022-12-14T19:54:11.207+0000] {processor.py:753} INFO - DAG(s) dict_keys(['twitter_dag']) retrieved from /opt/airflow/dags/twitter_dag.py
[2022-12-14T19:54:11.256+0000] {logging_mixin.py:137} INFO - [2022-12-14T19:54:11.255+0000] {dag.py:2676} INFO - Sync 1 DAGs
[2022-12-14T19:54:11.317+0000] {logging_mixin.py:137} INFO - [2022-12-14T19:54:11.316+0000] {dag.py:3427} INFO - Setting next_dagrun for twitter_dag to 2022-11-11T00:00:00+00:00, run_after=2022-11-12T00:00:00+00:00
[2022-12-14T19:54:11.362+0000] {processor.py:175} INFO - Processing /opt/airflow/dags/twitter_dag.py took 0.566 seconds
[2022-12-14T19:54:41.451+0000] {processor.py:153} INFO - Started process (PID=515) to work on /opt/airflow/dags/twitter_dag.py
[2022-12-14T19:54:41.459+0000] {processor.py:743} INFO - Processing file /opt/airflow/dags/twitter_dag.py for tasks to queue
[2022-12-14T19:54:41.462+0000] {logging_mixin.py:137} INFO - [2022-12-14T19:54:41.462+0000] {dagbag.py:538} INFO - Filling up the DagBag from /opt/airflow/dags/twitter_dag.py
[2022-12-14T19:54:41.930+0000] {processor.py:753} INFO - DAG(s) dict_keys(['twitter_dag']) retrieved from /opt/airflow/dags/twitter_dag.py
[2022-12-14T19:54:42.003+0000] {logging_mixin.py:137} INFO - [2022-12-14T19:54:41.999+0000] {dag.py:2676} INFO - Sync 1 DAGs
[2022-12-14T19:54:42.046+0000] {logging_mixin.py:137} INFO - [2022-12-14T19:54:42.046+0000] {dag.py:3427} INFO - Setting next_dagrun for twitter_dag to 2022-11-11T00:00:00+00:00, run_after=2022-11-12T00:00:00+00:00
[2022-12-14T19:54:42.077+0000] {processor.py:175} INFO - Processing /opt/airflow/dags/twitter_dag.py took 0.632 seconds
[2022-12-14T19:55:13.079+0000] {processor.py:153} INFO - Started process (PID=596) to work on /opt/airflow/dags/twitter_dag.py
[2022-12-14T19:55:13.081+0000] {processor.py:743} INFO - Processing file /opt/airflow/dags/twitter_dag.py for tasks to queue
[2022-12-14T19:55:13.083+0000] {logging_mixin.py:137} INFO - [2022-12-14T19:55:13.083+0000] {dagbag.py:538} INFO - Filling up the DagBag from /opt/airflow/dags/twitter_dag.py
[2022-12-14T19:55:13.622+0000] {processor.py:753} INFO - DAG(s) dict_keys(['twitter_dag']) retrieved from /opt/airflow/dags/twitter_dag.py
[2022-12-14T19:55:13.712+0000] {logging_mixin.py:137} INFO - [2022-12-14T19:55:13.711+0000] {dag.py:2676} INFO - Sync 1 DAGs
[2022-12-14T19:55:13.778+0000] {logging_mixin.py:137} INFO - [2022-12-14T19:55:13.777+0000] {dag.py:3427} INFO - Setting next_dagrun for twitter_dag to 2022-11-11T00:00:00+00:00, run_after=2022-11-12T00:00:00+00:00
[2022-12-14T19:55:13.817+0000] {processor.py:175} INFO - Processing /opt/airflow/dags/twitter_dag.py took 0.746 seconds
[2022-12-14T19:55:44.051+0000] {processor.py:153} INFO - Started process (PID=678) to work on /opt/airflow/dags/twitter_dag.py
[2022-12-14T19:55:44.052+0000] {processor.py:743} INFO - Processing file /opt/airflow/dags/twitter_dag.py for tasks to queue
[2022-12-14T19:55:44.053+0000] {logging_mixin.py:137} INFO - [2022-12-14T19:55:44.053+0000] {dagbag.py:538} INFO - Filling up the DagBag from /opt/airflow/dags/twitter_dag.py
[2022-12-14T19:55:44.413+0000] {processor.py:753} INFO - DAG(s) dict_keys(['twitter_dag']) retrieved from /opt/airflow/dags/twitter_dag.py
[2022-12-14T19:55:44.517+0000] {logging_mixin.py:137} INFO - [2022-12-14T19:55:44.516+0000] {dag.py:2676} INFO - Sync 1 DAGs
[2022-12-14T19:55:44.563+0000] {logging_mixin.py:137} INFO - [2022-12-14T19:55:44.563+0000] {dag.py:3427} INFO - Setting next_dagrun for twitter_dag to 2022-11-11T00:00:00+00:00, run_after=2022-11-12T00:00:00+00:00
[2022-12-14T19:55:44.596+0000] {processor.py:175} INFO - Processing /opt/airflow/dags/twitter_dag.py took 0.550 seconds
[2022-12-14T19:56:16.439+0000] {processor.py:153} INFO - Started process (PID=760) to work on /opt/airflow/dags/twitter_dag.py
[2022-12-14T19:56:16.447+0000] {processor.py:743} INFO - Processing file /opt/airflow/dags/twitter_dag.py for tasks to queue
[2022-12-14T19:56:16.451+0000] {logging_mixin.py:137} INFO - [2022-12-14T19:56:16.451+0000] {dagbag.py:538} INFO - Filling up the DagBag from /opt/airflow/dags/twitter_dag.py
[2022-12-14T19:56:17.461+0000] {processor.py:753} INFO - DAG(s) dict_keys(['twitter_dag']) retrieved from /opt/airflow/dags/twitter_dag.py
[2022-12-14T19:56:17.728+0000] {logging_mixin.py:137} INFO - [2022-12-14T19:56:17.727+0000] {dag.py:2676} INFO - Sync 1 DAGs
[2022-12-14T19:56:17.843+0000] {logging_mixin.py:137} INFO - [2022-12-14T19:56:17.843+0000] {dag.py:3427} INFO - Setting next_dagrun for twitter_dag to 2022-11-11T00:00:00+00:00, run_after=2022-11-12T00:00:00+00:00
[2022-12-14T19:56:18.014+0000] {processor.py:175} INFO - Processing /opt/airflow/dags/twitter_dag.py took 1.582 seconds
[2022-12-14T19:56:21.554+0000] {processor.py:153} INFO - Started process (PID=790) to work on /opt/airflow/dags/twitter_dag.py
[2022-12-14T19:56:21.557+0000] {processor.py:743} INFO - Processing file /opt/airflow/dags/twitter_dag.py for tasks to queue
[2022-12-14T19:56:21.559+0000] {logging_mixin.py:137} INFO - [2022-12-14T19:56:21.559+0000] {dagbag.py:538} INFO - Filling up the DagBag from /opt/airflow/dags/twitter_dag.py
[2022-12-14T19:56:22.291+0000] {processor.py:753} INFO - DAG(s) dict_keys(['twitter_dag']) retrieved from /opt/airflow/dags/twitter_dag.py
[2022-12-14T19:56:22.336+0000] {logging_mixin.py:137} INFO - [2022-12-14T19:56:22.335+0000] {dag.py:2676} INFO - Sync 1 DAGs
[2022-12-14T19:56:22.393+0000] {logging_mixin.py:137} INFO - [2022-12-14T19:56:22.393+0000] {dag.py:3427} INFO - Setting next_dagrun for twitter_dag to 2022-11-11T00:00:00+00:00, run_after=2022-11-12T00:00:00+00:00
[2022-12-14T19:56:22.439+0000] {processor.py:175} INFO - Processing /opt/airflow/dags/twitter_dag.py took 0.896 seconds
[2022-12-14T19:56:24.394+0000] {processor.py:153} INFO - Started process (PID=809) to work on /opt/airflow/dags/twitter_dag.py
[2022-12-14T19:56:24.396+0000] {processor.py:743} INFO - Processing file /opt/airflow/dags/twitter_dag.py for tasks to queue
[2022-12-14T19:56:24.398+0000] {logging_mixin.py:137} INFO - [2022-12-14T19:56:24.397+0000] {dagbag.py:538} INFO - Filling up the DagBag from /opt/airflow/dags/twitter_dag.py
[2022-12-14T19:56:24.855+0000] {processor.py:753} INFO - DAG(s) dict_keys(['twitter_dag']) retrieved from /opt/airflow/dags/twitter_dag.py
[2022-12-14T19:56:24.891+0000] {logging_mixin.py:137} INFO - [2022-12-14T19:56:24.890+0000] {dag.py:2676} INFO - Sync 1 DAGs
[2022-12-14T19:56:24.939+0000] {logging_mixin.py:137} INFO - [2022-12-14T19:56:24.939+0000] {dag.py:3427} INFO - Setting next_dagrun for twitter_dag to 2022-11-11T00:00:00+00:00, run_after=2022-11-12T00:00:00+00:00
[2022-12-14T19:56:24.976+0000] {processor.py:175} INFO - Processing /opt/airflow/dags/twitter_dag.py took 0.588 seconds
[2022-12-14T19:56:28.032+0000] {processor.py:153} INFO - Started process (PID=811) to work on /opt/airflow/dags/twitter_dag.py
[2022-12-14T19:56:28.033+0000] {processor.py:743} INFO - Processing file /opt/airflow/dags/twitter_dag.py for tasks to queue
[2022-12-14T19:56:28.035+0000] {logging_mixin.py:137} INFO - [2022-12-14T19:56:28.034+0000] {dagbag.py:538} INFO - Filling up the DagBag from /opt/airflow/dags/twitter_dag.py
[2022-12-14T19:56:28.422+0000] {processor.py:753} INFO - DAG(s) dict_keys(['twitter_dag']) retrieved from /opt/airflow/dags/twitter_dag.py
[2022-12-14T19:56:28.459+0000] {logging_mixin.py:137} INFO - [2022-12-14T19:56:28.458+0000] {dag.py:2676} INFO - Sync 1 DAGs
[2022-12-14T19:56:28.500+0000] {logging_mixin.py:137} INFO - [2022-12-14T19:56:28.500+0000] {dag.py:3427} INFO - Setting next_dagrun for twitter_dag to 2022-11-11T00:00:00+00:00, run_after=2022-11-12T00:00:00+00:00
[2022-12-14T19:56:28.537+0000] {processor.py:175} INFO - Processing /opt/airflow/dags/twitter_dag.py took 0.510 seconds
[2022-12-14T19:56:32.545+0000] {processor.py:153} INFO - Started process (PID=813) to work on /opt/airflow/dags/twitter_dag.py
[2022-12-14T19:56:32.547+0000] {processor.py:743} INFO - Processing file /opt/airflow/dags/twitter_dag.py for tasks to queue
[2022-12-14T19:56:32.548+0000] {logging_mixin.py:137} INFO - [2022-12-14T19:56:32.547+0000] {dagbag.py:538} INFO - Filling up the DagBag from /opt/airflow/dags/twitter_dag.py
[2022-12-14T19:56:32.967+0000] {processor.py:753} INFO - DAG(s) dict_keys(['twitter_dag']) retrieved from /opt/airflow/dags/twitter_dag.py
[2022-12-14T19:56:33.003+0000] {logging_mixin.py:137} INFO - [2022-12-14T19:56:33.002+0000] {dag.py:2676} INFO - Sync 1 DAGs
[2022-12-14T19:56:33.047+0000] {logging_mixin.py:137} INFO - [2022-12-14T19:56:33.047+0000] {dag.py:3427} INFO - Setting next_dagrun for twitter_dag to 2022-11-11T00:00:00+00:00, run_after=2022-11-12T00:00:00+00:00
[2022-12-14T19:56:33.086+0000] {processor.py:175} INFO - Processing /opt/airflow/dags/twitter_dag.py took 0.545 seconds
[2022-12-14T19:56:34.126+0000] {processor.py:153} INFO - Started process (PID=824) to work on /opt/airflow/dags/twitter_dag.py
[2022-12-14T19:56:34.127+0000] {processor.py:743} INFO - Processing file /opt/airflow/dags/twitter_dag.py for tasks to queue
[2022-12-14T19:56:34.129+0000] {logging_mixin.py:137} INFO - [2022-12-14T19:56:34.128+0000] {dagbag.py:538} INFO - Filling up the DagBag from /opt/airflow/dags/twitter_dag.py
[2022-12-14T19:56:34.526+0000] {processor.py:753} INFO - DAG(s) dict_keys(['twitter_dag']) retrieved from /opt/airflow/dags/twitter_dag.py
[2022-12-14T19:56:34.565+0000] {logging_mixin.py:137} INFO - [2022-12-14T19:56:34.564+0000] {dag.py:2676} INFO - Sync 1 DAGs
[2022-12-14T19:56:34.616+0000] {logging_mixin.py:137} INFO - [2022-12-14T19:56:34.616+0000] {dag.py:3427} INFO - Setting next_dagrun for twitter_dag to 2022-11-11T00:00:00+00:00, run_after=2022-11-12T00:00:00+00:00
[2022-12-14T19:56:34.651+0000] {processor.py:175} INFO - Processing /opt/airflow/dags/twitter_dag.py took 0.529 seconds
[2022-12-14T19:56:37.645+0000] {processor.py:153} INFO - Started process (PID=837) to work on /opt/airflow/dags/twitter_dag.py
[2022-12-14T19:56:37.647+0000] {processor.py:743} INFO - Processing file /opt/airflow/dags/twitter_dag.py for tasks to queue
[2022-12-14T19:56:37.648+0000] {logging_mixin.py:137} INFO - [2022-12-14T19:56:37.647+0000] {dagbag.py:538} INFO - Filling up the DagBag from /opt/airflow/dags/twitter_dag.py
[2022-12-14T19:56:38.006+0000] {processor.py:753} INFO - DAG(s) dict_keys(['twitter_dag']) retrieved from /opt/airflow/dags/twitter_dag.py
[2022-12-14T19:56:38.035+0000] {logging_mixin.py:137} INFO - [2022-12-14T19:56:38.034+0000] {dag.py:2676} INFO - Sync 1 DAGs
[2022-12-14T19:56:38.070+0000] {logging_mixin.py:137} INFO - [2022-12-14T19:56:38.070+0000] {dag.py:3427} INFO - Setting next_dagrun for twitter_dag to 2022-11-11T00:00:00+00:00, run_after=2022-11-12T00:00:00+00:00
[2022-12-14T19:56:38.097+0000] {processor.py:175} INFO - Processing /opt/airflow/dags/twitter_dag.py took 0.457 seconds
[2022-12-14T19:56:40.526+0000] {processor.py:153} INFO - Started process (PID=844) to work on /opt/airflow/dags/twitter_dag.py
[2022-12-14T19:56:40.527+0000] {processor.py:743} INFO - Processing file /opt/airflow/dags/twitter_dag.py for tasks to queue
[2022-12-14T19:56:40.528+0000] {logging_mixin.py:137} INFO - [2022-12-14T19:56:40.528+0000] {dagbag.py:538} INFO - Filling up the DagBag from /opt/airflow/dags/twitter_dag.py
[2022-12-14T19:56:40.932+0000] {processor.py:753} INFO - DAG(s) dict_keys(['twitter_dag']) retrieved from /opt/airflow/dags/twitter_dag.py
[2022-12-14T19:56:40.966+0000] {logging_mixin.py:137} INFO - [2022-12-14T19:56:40.965+0000] {dag.py:2676} INFO - Sync 1 DAGs
[2022-12-14T19:56:41.004+0000] {logging_mixin.py:137} INFO - [2022-12-14T19:56:41.004+0000] {dag.py:3427} INFO - Setting next_dagrun for twitter_dag to 2022-11-11T00:00:00+00:00, run_after=2022-11-12T00:00:00+00:00
[2022-12-14T19:56:41.038+0000] {processor.py:175} INFO - Processing /opt/airflow/dags/twitter_dag.py took 0.518 seconds
[2022-12-14T19:56:43.085+0000] {processor.py:153} INFO - Started process (PID=849) to work on /opt/airflow/dags/twitter_dag.py
[2022-12-14T19:56:43.087+0000] {processor.py:743} INFO - Processing file /opt/airflow/dags/twitter_dag.py for tasks to queue
[2022-12-14T19:56:43.088+0000] {logging_mixin.py:137} INFO - [2022-12-14T19:56:43.088+0000] {dagbag.py:538} INFO - Filling up the DagBag from /opt/airflow/dags/twitter_dag.py
[2022-12-14T19:56:43.544+0000] {processor.py:753} INFO - DAG(s) dict_keys(['twitter_dag']) retrieved from /opt/airflow/dags/twitter_dag.py
[2022-12-14T19:56:43.592+0000] {logging_mixin.py:137} INFO - [2022-12-14T19:56:43.591+0000] {dag.py:2676} INFO - Sync 1 DAGs
[2022-12-14T19:56:43.637+0000] {logging_mixin.py:137} INFO - [2022-12-14T19:56:43.636+0000] {dag.py:3427} INFO - Setting next_dagrun for twitter_dag to 2022-11-11T00:00:00+00:00, run_after=2022-11-12T00:00:00+00:00
[2022-12-14T19:56:43.674+0000] {processor.py:175} INFO - Processing /opt/airflow/dags/twitter_dag.py took 0.593 seconds
[2022-12-14T19:56:45.362+0000] {processor.py:153} INFO - Started process (PID=855) to work on /opt/airflow/dags/twitter_dag.py
[2022-12-14T19:56:45.363+0000] {processor.py:743} INFO - Processing file /opt/airflow/dags/twitter_dag.py for tasks to queue
[2022-12-14T19:56:45.364+0000] {logging_mixin.py:137} INFO - [2022-12-14T19:56:45.364+0000] {dagbag.py:538} INFO - Filling up the DagBag from /opt/airflow/dags/twitter_dag.py
[2022-12-14T19:56:45.702+0000] {processor.py:753} INFO - DAG(s) dict_keys(['twitter_dag']) retrieved from /opt/airflow/dags/twitter_dag.py
[2022-12-14T19:56:45.734+0000] {logging_mixin.py:137} INFO - [2022-12-14T19:56:45.734+0000] {dag.py:2676} INFO - Sync 1 DAGs
[2022-12-14T19:56:45.768+0000] {logging_mixin.py:137} INFO - [2022-12-14T19:56:45.768+0000] {dag.py:3427} INFO - Setting next_dagrun for twitter_dag to 2022-11-11T00:00:00+00:00, run_after=2022-11-12T00:00:00+00:00
[2022-12-14T19:56:45.802+0000] {processor.py:175} INFO - Processing /opt/airflow/dags/twitter_dag.py took 0.445 seconds
[2022-12-14T19:56:48.184+0000] {processor.py:153} INFO - Started process (PID=867) to work on /opt/airflow/dags/twitter_dag.py
[2022-12-14T19:56:48.187+0000] {processor.py:743} INFO - Processing file /opt/airflow/dags/twitter_dag.py for tasks to queue
[2022-12-14T19:56:48.189+0000] {logging_mixin.py:137} INFO - [2022-12-14T19:56:48.189+0000] {dagbag.py:538} INFO - Filling up the DagBag from /opt/airflow/dags/twitter_dag.py
[2022-12-14T19:56:48.961+0000] {processor.py:753} INFO - DAG(s) dict_keys(['twitter_dag']) retrieved from /opt/airflow/dags/twitter_dag.py
[2022-12-14T19:56:49.017+0000] {logging_mixin.py:137} INFO - [2022-12-14T19:56:49.014+0000] {dag.py:2676} INFO - Sync 1 DAGs
[2022-12-14T19:56:49.068+0000] {logging_mixin.py:137} INFO - [2022-12-14T19:56:49.068+0000] {dag.py:3427} INFO - Setting next_dagrun for twitter_dag to 2022-11-11T00:00:00+00:00, run_after=2022-11-12T00:00:00+00:00
[2022-12-14T19:56:49.107+0000] {processor.py:175} INFO - Processing /opt/airflow/dags/twitter_dag.py took 0.930 seconds
[2022-12-14T19:56:51.661+0000] {processor.py:153} INFO - Started process (PID=883) to work on /opt/airflow/dags/twitter_dag.py
[2022-12-14T19:56:51.662+0000] {processor.py:743} INFO - Processing file /opt/airflow/dags/twitter_dag.py for tasks to queue
[2022-12-14T19:56:51.663+0000] {logging_mixin.py:137} INFO - [2022-12-14T19:56:51.663+0000] {dagbag.py:538} INFO - Filling up the DagBag from /opt/airflow/dags/twitter_dag.py
[2022-12-14T19:56:52.092+0000] {processor.py:753} INFO - DAG(s) dict_keys(['twitter_dag']) retrieved from /opt/airflow/dags/twitter_dag.py
[2022-12-14T19:56:52.148+0000] {logging_mixin.py:137} INFO - [2022-12-14T19:56:52.146+0000] {dag.py:2676} INFO - Sync 1 DAGs
[2022-12-14T19:56:52.187+0000] {logging_mixin.py:137} INFO - [2022-12-14T19:56:52.187+0000] {dag.py:3427} INFO - Setting next_dagrun for twitter_dag to 2022-11-11T00:00:00+00:00, run_after=2022-11-12T00:00:00+00:00
[2022-12-14T19:56:52.225+0000] {processor.py:175} INFO - Processing /opt/airflow/dags/twitter_dag.py took 0.568 seconds
[2022-12-14T19:56:59.290+0000] {processor.py:153} INFO - Started process (PID=907) to work on /opt/airflow/dags/twitter_dag.py
[2022-12-14T19:56:59.291+0000] {processor.py:743} INFO - Processing file /opt/airflow/dags/twitter_dag.py for tasks to queue
[2022-12-14T19:56:59.292+0000] {logging_mixin.py:137} INFO - [2022-12-14T19:56:59.292+0000] {dagbag.py:538} INFO - Filling up the DagBag from /opt/airflow/dags/twitter_dag.py
[2022-12-14T19:56:59.672+0000] {processor.py:753} INFO - DAG(s) dict_keys(['twitter_dag']) retrieved from /opt/airflow/dags/twitter_dag.py
[2022-12-14T19:56:59.727+0000] {logging_mixin.py:137} INFO - [2022-12-14T19:56:59.726+0000] {dag.py:2676} INFO - Sync 1 DAGs
[2022-12-14T19:56:59.769+0000] {logging_mixin.py:137} INFO - [2022-12-14T19:56:59.769+0000] {dag.py:3427} INFO - Setting next_dagrun for twitter_dag to 2022-11-11T00:00:00+00:00, run_after=2022-11-12T00:00:00+00:00
[2022-12-14T19:56:59.799+0000] {processor.py:175} INFO - Processing /opt/airflow/dags/twitter_dag.py took 0.513 seconds
[2022-12-14T19:57:01.329+0000] {processor.py:153} INFO - Started process (PID=909) to work on /opt/airflow/dags/twitter_dag.py
[2022-12-14T19:57:01.330+0000] {processor.py:743} INFO - Processing file /opt/airflow/dags/twitter_dag.py for tasks to queue
[2022-12-14T19:57:01.331+0000] {logging_mixin.py:137} INFO - [2022-12-14T19:57:01.331+0000] {dagbag.py:538} INFO - Filling up the DagBag from /opt/airflow/dags/twitter_dag.py
[2022-12-14T19:57:01.769+0000] {processor.py:753} INFO - DAG(s) dict_keys(['twitter_dag']) retrieved from /opt/airflow/dags/twitter_dag.py
[2022-12-14T19:57:01.892+0000] {logging_mixin.py:137} INFO - [2022-12-14T19:57:01.891+0000] {dag.py:2676} INFO - Sync 1 DAGs
[2022-12-14T19:57:01.933+0000] {logging_mixin.py:137} INFO - [2022-12-14T19:57:01.933+0000] {dag.py:3427} INFO - Setting next_dagrun for twitter_dag to 2022-11-11T00:00:00+00:00, run_after=2022-11-12T00:00:00+00:00
[2022-12-14T19:57:01.967+0000] {processor.py:175} INFO - Processing /opt/airflow/dags/twitter_dag.py took 0.644 seconds
[2022-12-14T19:57:04.961+0000] {processor.py:153} INFO - Started process (PID=931) to work on /opt/airflow/dags/twitter_dag.py
[2022-12-14T19:57:04.963+0000] {processor.py:743} INFO - Processing file /opt/airflow/dags/twitter_dag.py for tasks to queue
[2022-12-14T19:57:04.964+0000] {logging_mixin.py:137} INFO - [2022-12-14T19:57:04.964+0000] {dagbag.py:538} INFO - Filling up the DagBag from /opt/airflow/dags/twitter_dag.py
[2022-12-14T19:57:05.479+0000] {processor.py:753} INFO - DAG(s) dict_keys(['twitter_dag']) retrieved from /opt/airflow/dags/twitter_dag.py
[2022-12-14T19:57:05.561+0000] {logging_mixin.py:137} INFO - [2022-12-14T19:57:05.560+0000] {dag.py:2676} INFO - Sync 1 DAGs
[2022-12-14T19:57:05.621+0000] {logging_mixin.py:137} INFO - [2022-12-14T19:57:05.621+0000] {dag.py:3427} INFO - Setting next_dagrun for twitter_dag to 2022-11-11T00:00:00+00:00, run_after=2022-11-12T00:00:00+00:00
[2022-12-14T19:57:05.665+0000] {processor.py:175} INFO - Processing /opt/airflow/dags/twitter_dag.py took 0.710 seconds
[2022-12-14T19:57:06.722+0000] {processor.py:153} INFO - Started process (PID=933) to work on /opt/airflow/dags/twitter_dag.py
[2022-12-14T19:57:06.723+0000] {processor.py:743} INFO - Processing file /opt/airflow/dags/twitter_dag.py for tasks to queue
[2022-12-14T19:57:06.724+0000] {logging_mixin.py:137} INFO - [2022-12-14T19:57:06.724+0000] {dagbag.py:538} INFO - Filling up the DagBag from /opt/airflow/dags/twitter_dag.py
[2022-12-14T19:57:07.110+0000] {processor.py:753} INFO - DAG(s) dict_keys(['twitter_dag']) retrieved from /opt/airflow/dags/twitter_dag.py
[2022-12-14T19:57:07.158+0000] {logging_mixin.py:137} INFO - [2022-12-14T19:57:07.157+0000] {dag.py:2676} INFO - Sync 1 DAGs
[2022-12-14T19:57:07.196+0000] {logging_mixin.py:137} INFO - [2022-12-14T19:57:07.195+0000] {dag.py:3427} INFO - Setting next_dagrun for twitter_dag to 2022-11-11T00:00:00+00:00, run_after=2022-11-12T00:00:00+00:00
[2022-12-14T19:57:07.226+0000] {processor.py:175} INFO - Processing /opt/airflow/dags/twitter_dag.py took 0.508 seconds
[2022-12-14T19:57:12.749+0000] {processor.py:153} INFO - Started process (PID=942) to work on /opt/airflow/dags/twitter_dag.py
[2022-12-14T19:57:12.750+0000] {processor.py:743} INFO - Processing file /opt/airflow/dags/twitter_dag.py for tasks to queue
[2022-12-14T19:57:12.752+0000] {logging_mixin.py:137} INFO - [2022-12-14T19:57:12.752+0000] {dagbag.py:538} INFO - Filling up the DagBag from /opt/airflow/dags/twitter_dag.py
[2022-12-14T19:57:13.293+0000] {processor.py:753} INFO - DAG(s) dict_keys(['twitter_dag']) retrieved from /opt/airflow/dags/twitter_dag.py
[2022-12-14T19:57:13.357+0000] {logging_mixin.py:137} INFO - [2022-12-14T19:57:13.356+0000] {dag.py:2676} INFO - Sync 1 DAGs
[2022-12-14T19:57:13.413+0000] {logging_mixin.py:137} INFO - [2022-12-14T19:57:13.413+0000] {dag.py:3427} INFO - Setting next_dagrun for twitter_dag to 2022-11-11T00:00:00+00:00, run_after=2022-11-12T00:00:00+00:00
[2022-12-14T19:57:13.461+0000] {processor.py:175} INFO - Processing /opt/airflow/dags/twitter_dag.py took 0.717 seconds
[2022-12-14T19:57:15.493+0000] {processor.py:153} INFO - Started process (PID=948) to work on /opt/airflow/dags/twitter_dag.py
[2022-12-14T19:57:15.495+0000] {processor.py:743} INFO - Processing file /opt/airflow/dags/twitter_dag.py for tasks to queue
[2022-12-14T19:57:15.496+0000] {logging_mixin.py:137} INFO - [2022-12-14T19:57:15.496+0000] {dagbag.py:538} INFO - Filling up the DagBag from /opt/airflow/dags/twitter_dag.py
[2022-12-14T19:57:15.511+0000] {logging_mixin.py:137} INFO - [2022-12-14T19:57:15.510+0000] {dagbag.py:343} ERROR - Failed to import: /opt/airflow/dags/twitter_dag.py
Traceback (most recent call last):
  File "/home/airflow/.local/lib/python3.7/site-packages/airflow/models/dagbag.py", line 339, in parse
    loader.exec_module(new_module)
  File "<frozen importlib._bootstrap_external>", line 724, in exec_module
  File "<frozen importlib._bootstrap_external>", line 860, in get_code
  File "<frozen importlib._bootstrap_external>", line 791, in source_to_code
  File "<frozen importlib._bootstrap>", line 219, in _call_with_frames_removed
  File "/opt/airflow/dags/twitter_dag.py", line 17
    bearer = os.environ.get('BEARER)
                                   ^
SyntaxError: EOL while scanning string literal
[2022-12-14T19:57:15.512+0000] {processor.py:755} WARNING - No viable dags retrieved from /opt/airflow/dags/twitter_dag.py
[2022-12-14T19:57:15.543+0000] {processor.py:175} INFO - Processing /opt/airflow/dags/twitter_dag.py took 0.054 seconds
[2022-12-14T19:57:17.592+0000] {processor.py:153} INFO - Started process (PID=959) to work on /opt/airflow/dags/twitter_dag.py
[2022-12-14T19:57:17.593+0000] {processor.py:743} INFO - Processing file /opt/airflow/dags/twitter_dag.py for tasks to queue
[2022-12-14T19:57:17.594+0000] {logging_mixin.py:137} INFO - [2022-12-14T19:57:17.594+0000] {dagbag.py:538} INFO - Filling up the DagBag from /opt/airflow/dags/twitter_dag.py
[2022-12-14T19:57:18.204+0000] {processor.py:753} INFO - DAG(s) dict_keys(['twitter_dag']) retrieved from /opt/airflow/dags/twitter_dag.py
[2022-12-14T19:57:18.259+0000] {logging_mixin.py:137} INFO - [2022-12-14T19:57:18.258+0000] {dag.py:2676} INFO - Sync 1 DAGs
[2022-12-14T19:57:18.307+0000] {logging_mixin.py:137} INFO - [2022-12-14T19:57:18.307+0000] {dag.py:3427} INFO - Setting next_dagrun for twitter_dag to 2022-11-11T00:00:00+00:00, run_after=2022-11-12T00:00:00+00:00
[2022-12-14T19:57:18.353+0000] {processor.py:175} INFO - Processing /opt/airflow/dags/twitter_dag.py took 0.766 seconds
[2022-12-14T19:57:48.498+0000] {processor.py:153} INFO - Started process (PID=1051) to work on /opt/airflow/dags/twitter_dag.py
[2022-12-14T19:57:48.499+0000] {processor.py:743} INFO - Processing file /opt/airflow/dags/twitter_dag.py for tasks to queue
[2022-12-14T19:57:48.501+0000] {logging_mixin.py:137} INFO - [2022-12-14T19:57:48.501+0000] {dagbag.py:538} INFO - Filling up the DagBag from /opt/airflow/dags/twitter_dag.py
[2022-12-14T19:57:48.880+0000] {processor.py:753} INFO - DAG(s) dict_keys(['twitter_dag']) retrieved from /opt/airflow/dags/twitter_dag.py
[2022-12-14T19:57:48.928+0000] {logging_mixin.py:137} INFO - [2022-12-14T19:57:48.928+0000] {dag.py:2676} INFO - Sync 1 DAGs
[2022-12-14T19:57:48.965+0000] {logging_mixin.py:137} INFO - [2022-12-14T19:57:48.965+0000] {dag.py:3427} INFO - Setting next_dagrun for twitter_dag to 2022-11-11T00:00:00+00:00, run_after=2022-11-12T00:00:00+00:00
[2022-12-14T19:57:48.993+0000] {processor.py:175} INFO - Processing /opt/airflow/dags/twitter_dag.py took 0.500 seconds
[2022-12-14T19:58:19.063+0000] {processor.py:153} INFO - Started process (PID=1131) to work on /opt/airflow/dags/twitter_dag.py
[2022-12-14T19:58:19.065+0000] {processor.py:743} INFO - Processing file /opt/airflow/dags/twitter_dag.py for tasks to queue
[2022-12-14T19:58:19.067+0000] {logging_mixin.py:137} INFO - [2022-12-14T19:58:19.066+0000] {dagbag.py:538} INFO - Filling up the DagBag from /opt/airflow/dags/twitter_dag.py
[2022-12-14T19:58:19.439+0000] {processor.py:753} INFO - DAG(s) dict_keys(['twitter_dag']) retrieved from /opt/airflow/dags/twitter_dag.py
[2022-12-14T19:58:19.489+0000] {logging_mixin.py:137} INFO - [2022-12-14T19:58:19.488+0000] {dag.py:2676} INFO - Sync 1 DAGs
[2022-12-14T19:58:19.526+0000] {logging_mixin.py:137} INFO - [2022-12-14T19:58:19.526+0000] {dag.py:3427} INFO - Setting next_dagrun for twitter_dag to 2022-11-11T00:00:00+00:00, run_after=2022-11-12T00:00:00+00:00
[2022-12-14T19:58:19.553+0000] {processor.py:175} INFO - Processing /opt/airflow/dags/twitter_dag.py took 0.496 seconds
[2022-12-14T19:58:49.666+0000] {processor.py:153} INFO - Started process (PID=1211) to work on /opt/airflow/dags/twitter_dag.py
[2022-12-14T19:58:49.668+0000] {processor.py:743} INFO - Processing file /opt/airflow/dags/twitter_dag.py for tasks to queue
[2022-12-14T19:58:49.669+0000] {logging_mixin.py:137} INFO - [2022-12-14T19:58:49.669+0000] {dagbag.py:538} INFO - Filling up the DagBag from /opt/airflow/dags/twitter_dag.py
[2022-12-14T19:58:50.223+0000] {processor.py:753} INFO - DAG(s) dict_keys(['twitter_dag']) retrieved from /opt/airflow/dags/twitter_dag.py
[2022-12-14T19:58:50.287+0000] {logging_mixin.py:137} INFO - [2022-12-14T19:58:50.285+0000] {dag.py:2676} INFO - Sync 1 DAGs
[2022-12-14T19:58:50.335+0000] {logging_mixin.py:137} INFO - [2022-12-14T19:58:50.335+0000] {dag.py:3427} INFO - Setting next_dagrun for twitter_dag to 2022-11-11T00:00:00+00:00, run_after=2022-11-12T00:00:00+00:00
[2022-12-14T19:58:50.372+0000] {processor.py:175} INFO - Processing /opt/airflow/dags/twitter_dag.py took 0.712 seconds
[2022-12-14T19:59:21.197+0000] {processor.py:153} INFO - Started process (PID=1292) to work on /opt/airflow/dags/twitter_dag.py
[2022-12-14T19:59:21.198+0000] {processor.py:743} INFO - Processing file /opt/airflow/dags/twitter_dag.py for tasks to queue
[2022-12-14T19:59:21.199+0000] {logging_mixin.py:137} INFO - [2022-12-14T19:59:21.199+0000] {dagbag.py:538} INFO - Filling up the DagBag from /opt/airflow/dags/twitter_dag.py
[2022-12-14T19:59:21.584+0000] {processor.py:753} INFO - DAG(s) dict_keys(['twitter_dag']) retrieved from /opt/airflow/dags/twitter_dag.py
[2022-12-14T19:59:21.633+0000] {logging_mixin.py:137} INFO - [2022-12-14T19:59:21.632+0000] {dag.py:2676} INFO - Sync 1 DAGs
[2022-12-14T19:59:21.669+0000] {logging_mixin.py:137} INFO - [2022-12-14T19:59:21.668+0000] {dag.py:3427} INFO - Setting next_dagrun for twitter_dag to 2022-11-11T00:00:00+00:00, run_after=2022-11-12T00:00:00+00:00
[2022-12-14T19:59:21.695+0000] {processor.py:175} INFO - Processing /opt/airflow/dags/twitter_dag.py took 0.503 seconds
[2022-12-14T19:59:52.122+0000] {processor.py:153} INFO - Started process (PID=1372) to work on /opt/airflow/dags/twitter_dag.py
[2022-12-14T19:59:52.123+0000] {processor.py:743} INFO - Processing file /opt/airflow/dags/twitter_dag.py for tasks to queue
[2022-12-14T19:59:52.125+0000] {logging_mixin.py:137} INFO - [2022-12-14T19:59:52.124+0000] {dagbag.py:538} INFO - Filling up the DagBag from /opt/airflow/dags/twitter_dag.py
[2022-12-14T19:59:52.557+0000] {processor.py:753} INFO - DAG(s) dict_keys(['twitter_dag']) retrieved from /opt/airflow/dags/twitter_dag.py
[2022-12-14T19:59:52.625+0000] {logging_mixin.py:137} INFO - [2022-12-14T19:59:52.624+0000] {dag.py:2676} INFO - Sync 1 DAGs
[2022-12-14T19:59:52.670+0000] {logging_mixin.py:137} INFO - [2022-12-14T19:59:52.670+0000] {dag.py:3427} INFO - Setting next_dagrun for twitter_dag to 2022-11-11T00:00:00+00:00, run_after=2022-11-12T00:00:00+00:00
[2022-12-14T19:59:52.706+0000] {processor.py:175} INFO - Processing /opt/airflow/dags/twitter_dag.py took 0.589 seconds
[2022-12-14T20:00:22.872+0000] {processor.py:153} INFO - Started process (PID=1474) to work on /opt/airflow/dags/twitter_dag.py
[2022-12-14T20:00:22.873+0000] {processor.py:743} INFO - Processing file /opt/airflow/dags/twitter_dag.py for tasks to queue
[2022-12-14T20:00:22.875+0000] {logging_mixin.py:137} INFO - [2022-12-14T20:00:22.874+0000] {dagbag.py:538} INFO - Filling up the DagBag from /opt/airflow/dags/twitter_dag.py
[2022-12-14T20:00:23.255+0000] {processor.py:753} INFO - DAG(s) dict_keys(['twitter_dag']) retrieved from /opt/airflow/dags/twitter_dag.py
[2022-12-14T20:00:23.314+0000] {logging_mixin.py:137} INFO - [2022-12-14T20:00:23.313+0000] {dag.py:2676} INFO - Sync 1 DAGs
[2022-12-14T20:00:23.362+0000] {logging_mixin.py:137} INFO - [2022-12-14T20:00:23.362+0000] {dag.py:3427} INFO - Setting next_dagrun for twitter_dag to 2022-11-11T00:00:00+00:00, run_after=2022-11-12T00:00:00+00:00
[2022-12-14T20:00:23.401+0000] {processor.py:175} INFO - Processing /opt/airflow/dags/twitter_dag.py took 0.533 seconds
[2022-12-14T20:00:53.614+0000] {processor.py:153} INFO - Started process (PID=1554) to work on /opt/airflow/dags/twitter_dag.py
[2022-12-14T20:00:53.615+0000] {processor.py:743} INFO - Processing file /opt/airflow/dags/twitter_dag.py for tasks to queue
[2022-12-14T20:00:53.616+0000] {logging_mixin.py:137} INFO - [2022-12-14T20:00:53.616+0000] {dagbag.py:538} INFO - Filling up the DagBag from /opt/airflow/dags/twitter_dag.py
[2022-12-14T20:00:53.941+0000] {processor.py:753} INFO - DAG(s) dict_keys(['twitter_dag']) retrieved from /opt/airflow/dags/twitter_dag.py
[2022-12-14T20:00:53.983+0000] {logging_mixin.py:137} INFO - [2022-12-14T20:00:53.981+0000] {dag.py:2676} INFO - Sync 1 DAGs
[2022-12-14T20:00:54.015+0000] {logging_mixin.py:137} INFO - [2022-12-14T20:00:54.015+0000] {dag.py:3427} INFO - Setting next_dagrun for twitter_dag to 2022-11-11T00:00:00+00:00, run_after=2022-11-12T00:00:00+00:00
[2022-12-14T20:00:54.039+0000] {processor.py:175} INFO - Processing /opt/airflow/dags/twitter_dag.py took 0.430 seconds
[2022-12-14T20:01:24.116+0000] {processor.py:153} INFO - Started process (PID=1632) to work on /opt/airflow/dags/twitter_dag.py
[2022-12-14T20:01:24.117+0000] {processor.py:743} INFO - Processing file /opt/airflow/dags/twitter_dag.py for tasks to queue
[2022-12-14T20:01:24.119+0000] {logging_mixin.py:137} INFO - [2022-12-14T20:01:24.118+0000] {dagbag.py:538} INFO - Filling up the DagBag from /opt/airflow/dags/twitter_dag.py
[2022-12-14T20:01:24.580+0000] {processor.py:753} INFO - DAG(s) dict_keys(['twitter_dag']) retrieved from /opt/airflow/dags/twitter_dag.py
[2022-12-14T20:01:24.642+0000] {logging_mixin.py:137} INFO - [2022-12-14T20:01:24.640+0000] {dag.py:2676} INFO - Sync 1 DAGs
[2022-12-14T20:01:24.692+0000] {logging_mixin.py:137} INFO - [2022-12-14T20:01:24.692+0000] {dag.py:3427} INFO - Setting next_dagrun for twitter_dag to 2022-11-11T00:00:00+00:00, run_after=2022-11-12T00:00:00+00:00
[2022-12-14T20:01:24.730+0000] {processor.py:175} INFO - Processing /opt/airflow/dags/twitter_dag.py took 0.621 seconds
[2022-12-14T20:01:54.841+0000] {processor.py:153} INFO - Started process (PID=1714) to work on /opt/airflow/dags/twitter_dag.py
[2022-12-14T20:01:54.843+0000] {processor.py:743} INFO - Processing file /opt/airflow/dags/twitter_dag.py for tasks to queue
[2022-12-14T20:01:54.844+0000] {logging_mixin.py:137} INFO - [2022-12-14T20:01:54.844+0000] {dagbag.py:538} INFO - Filling up the DagBag from /opt/airflow/dags/twitter_dag.py
[2022-12-14T20:01:55.176+0000] {processor.py:753} INFO - DAG(s) dict_keys(['twitter_dag']) retrieved from /opt/airflow/dags/twitter_dag.py
[2022-12-14T20:01:55.225+0000] {logging_mixin.py:137} INFO - [2022-12-14T20:01:55.224+0000] {dag.py:2676} INFO - Sync 1 DAGs
[2022-12-14T20:01:55.263+0000] {logging_mixin.py:137} INFO - [2022-12-14T20:01:55.263+0000] {dag.py:3427} INFO - Setting next_dagrun for twitter_dag to 2022-11-11T00:00:00+00:00, run_after=2022-11-12T00:00:00+00:00
[2022-12-14T20:01:55.297+0000] {processor.py:175} INFO - Processing /opt/airflow/dags/twitter_dag.py took 0.461 seconds
[2022-12-14T20:02:26.202+0000] {processor.py:153} INFO - Started process (PID=1814) to work on /opt/airflow/dags/twitter_dag.py
[2022-12-14T20:02:26.203+0000] {processor.py:743} INFO - Processing file /opt/airflow/dags/twitter_dag.py for tasks to queue
[2022-12-14T20:02:26.206+0000] {logging_mixin.py:137} INFO - [2022-12-14T20:02:26.205+0000] {dagbag.py:538} INFO - Filling up the DagBag from /opt/airflow/dags/twitter_dag.py
[2022-12-14T20:02:26.614+0000] {processor.py:753} INFO - DAG(s) dict_keys(['twitter_dag']) retrieved from /opt/airflow/dags/twitter_dag.py
[2022-12-14T20:02:26.660+0000] {logging_mixin.py:137} INFO - [2022-12-14T20:02:26.660+0000] {dag.py:2676} INFO - Sync 1 DAGs
[2022-12-14T20:02:26.705+0000] {logging_mixin.py:137} INFO - [2022-12-14T20:02:26.705+0000] {dag.py:3427} INFO - Setting next_dagrun for twitter_dag to 2022-11-11T00:00:00+00:00, run_after=2022-11-12T00:00:00+00:00
[2022-12-14T20:02:26.733+0000] {processor.py:175} INFO - Processing /opt/airflow/dags/twitter_dag.py took 0.536 seconds
[2022-12-14T20:02:57.534+0000] {processor.py:153} INFO - Started process (PID=1894) to work on /opt/airflow/dags/twitter_dag.py
[2022-12-14T20:02:57.535+0000] {processor.py:743} INFO - Processing file /opt/airflow/dags/twitter_dag.py for tasks to queue
[2022-12-14T20:02:57.537+0000] {logging_mixin.py:137} INFO - [2022-12-14T20:02:57.537+0000] {dagbag.py:538} INFO - Filling up the DagBag from /opt/airflow/dags/twitter_dag.py
[2022-12-14T20:02:57.914+0000] {processor.py:753} INFO - DAG(s) dict_keys(['twitter_dag']) retrieved from /opt/airflow/dags/twitter_dag.py
[2022-12-14T20:02:57.967+0000] {logging_mixin.py:137} INFO - [2022-12-14T20:02:57.965+0000] {dag.py:2676} INFO - Sync 1 DAGs
[2022-12-14T20:02:58.007+0000] {logging_mixin.py:137} INFO - [2022-12-14T20:02:58.007+0000] {dag.py:3427} INFO - Setting next_dagrun for twitter_dag to 2022-11-11T00:00:00+00:00, run_after=2022-11-12T00:00:00+00:00
[2022-12-14T20:02:58.037+0000] {processor.py:175} INFO - Processing /opt/airflow/dags/twitter_dag.py took 0.508 seconds
[2022-12-14T20:03:28.151+0000] {processor.py:153} INFO - Started process (PID=1976) to work on /opt/airflow/dags/twitter_dag.py
[2022-12-14T20:03:28.153+0000] {processor.py:743} INFO - Processing file /opt/airflow/dags/twitter_dag.py for tasks to queue
[2022-12-14T20:03:28.154+0000] {logging_mixin.py:137} INFO - [2022-12-14T20:03:28.154+0000] {dagbag.py:538} INFO - Filling up the DagBag from /opt/airflow/dags/twitter_dag.py
[2022-12-14T20:03:28.590+0000] {processor.py:753} INFO - DAG(s) dict_keys(['twitter_dag']) retrieved from /opt/airflow/dags/twitter_dag.py
[2022-12-14T20:03:28.662+0000] {logging_mixin.py:137} INFO - [2022-12-14T20:03:28.662+0000] {dag.py:2676} INFO - Sync 1 DAGs
[2022-12-14T20:03:28.716+0000] {logging_mixin.py:137} INFO - [2022-12-14T20:03:28.715+0000] {dag.py:3427} INFO - Setting next_dagrun for twitter_dag to 2022-11-11T00:00:00+00:00, run_after=2022-11-12T00:00:00+00:00
[2022-12-14T20:03:28.759+0000] {processor.py:175} INFO - Processing /opt/airflow/dags/twitter_dag.py took 0.613 seconds
