[2022-12-14T19:52:13.687+0000] {processor.py:153} INFO - Started process (PID=121) to work on /home/airflow/.local/lib/python3.7/site-packages/airflow/example_dags/example_trigger_target_dag.py
[2022-12-14T19:52:13.690+0000] {processor.py:743} INFO - Processing file /home/airflow/.local/lib/python3.7/site-packages/airflow/example_dags/example_trigger_target_dag.py for tasks to queue
[2022-12-14T19:52:13.695+0000] {logging_mixin.py:137} INFO - [2022-12-14T19:52:13.693+0000] {dagbag.py:538} INFO - Filling up the DagBag from /home/airflow/.local/lib/python3.7/site-packages/airflow/example_dags/example_trigger_target_dag.py
[2022-12-14T19:52:13.808+0000] {processor.py:753} INFO - DAG(s) dict_keys(['example_trigger_target_dag']) retrieved from /home/airflow/.local/lib/python3.7/site-packages/airflow/example_dags/example_trigger_target_dag.py
[2022-12-14T19:52:13.960+0000] {logging_mixin.py:137} INFO - [2022-12-14T19:52:13.960+0000] {dag.py:2676} INFO - Sync 1 DAGs
[2022-12-14T19:52:14.062+0000] {logging_mixin.py:137} INFO - [2022-12-14T19:52:14.062+0000] {dag.py:3427} INFO - Setting next_dagrun for example_trigger_target_dag to None, run_after=None
[2022-12-14T19:52:14.166+0000] {processor.py:175} INFO - Processing /home/airflow/.local/lib/python3.7/site-packages/airflow/example_dags/example_trigger_target_dag.py took 0.490 seconds
[2022-12-14T19:52:44.231+0000] {processor.py:153} INFO - Started process (PID=201) to work on /home/airflow/.local/lib/python3.7/site-packages/airflow/example_dags/example_trigger_target_dag.py
[2022-12-14T19:52:44.233+0000] {processor.py:743} INFO - Processing file /home/airflow/.local/lib/python3.7/site-packages/airflow/example_dags/example_trigger_target_dag.py for tasks to queue
[2022-12-14T19:52:44.234+0000] {logging_mixin.py:137} INFO - [2022-12-14T19:52:44.234+0000] {dagbag.py:538} INFO - Filling up the DagBag from /home/airflow/.local/lib/python3.7/site-packages/airflow/example_dags/example_trigger_target_dag.py
[2022-12-14T19:52:44.276+0000] {processor.py:753} INFO - DAG(s) dict_keys(['example_trigger_target_dag']) retrieved from /home/airflow/.local/lib/python3.7/site-packages/airflow/example_dags/example_trigger_target_dag.py
[2022-12-14T19:52:44.332+0000] {logging_mixin.py:137} INFO - [2022-12-14T19:52:44.332+0000] {dag.py:2676} INFO - Sync 1 DAGs
[2022-12-14T19:52:44.374+0000] {logging_mixin.py:137} INFO - [2022-12-14T19:52:44.373+0000] {dag.py:3427} INFO - Setting next_dagrun for example_trigger_target_dag to None, run_after=None
[2022-12-14T19:52:44.410+0000] {processor.py:175} INFO - Processing /home/airflow/.local/lib/python3.7/site-packages/airflow/example_dags/example_trigger_target_dag.py took 0.183 seconds
[2022-12-14T19:53:14.851+0000] {processor.py:153} INFO - Started process (PID=281) to work on /home/airflow/.local/lib/python3.7/site-packages/airflow/example_dags/example_trigger_target_dag.py
[2022-12-14T19:53:14.852+0000] {processor.py:743} INFO - Processing file /home/airflow/.local/lib/python3.7/site-packages/airflow/example_dags/example_trigger_target_dag.py for tasks to queue
[2022-12-14T19:53:14.853+0000] {logging_mixin.py:137} INFO - [2022-12-14T19:53:14.853+0000] {dagbag.py:538} INFO - Filling up the DagBag from /home/airflow/.local/lib/python3.7/site-packages/airflow/example_dags/example_trigger_target_dag.py
[2022-12-14T19:53:14.887+0000] {processor.py:753} INFO - DAG(s) dict_keys(['example_trigger_target_dag']) retrieved from /home/airflow/.local/lib/python3.7/site-packages/airflow/example_dags/example_trigger_target_dag.py
[2022-12-14T19:53:14.937+0000] {logging_mixin.py:137} INFO - [2022-12-14T19:53:14.937+0000] {dag.py:2676} INFO - Sync 1 DAGs
[2022-12-14T19:53:14.971+0000] {logging_mixin.py:137} INFO - [2022-12-14T19:53:14.970+0000] {dag.py:3427} INFO - Setting next_dagrun for example_trigger_target_dag to None, run_after=None
[2022-12-14T19:53:14.994+0000] {processor.py:175} INFO - Processing /home/airflow/.local/lib/python3.7/site-packages/airflow/example_dags/example_trigger_target_dag.py took 0.148 seconds
[2022-12-14T19:53:46.075+0000] {processor.py:153} INFO - Started process (PID=368) to work on /home/airflow/.local/lib/python3.7/site-packages/airflow/example_dags/example_trigger_target_dag.py
[2022-12-14T19:53:46.077+0000] {processor.py:743} INFO - Processing file /home/airflow/.local/lib/python3.7/site-packages/airflow/example_dags/example_trigger_target_dag.py for tasks to queue
[2022-12-14T19:53:46.078+0000] {logging_mixin.py:137} INFO - [2022-12-14T19:53:46.078+0000] {dagbag.py:538} INFO - Filling up the DagBag from /home/airflow/.local/lib/python3.7/site-packages/airflow/example_dags/example_trigger_target_dag.py
[2022-12-14T19:53:46.123+0000] {processor.py:753} INFO - DAG(s) dict_keys(['example_trigger_target_dag']) retrieved from /home/airflow/.local/lib/python3.7/site-packages/airflow/example_dags/example_trigger_target_dag.py
[2022-12-14T19:53:46.189+0000] {logging_mixin.py:137} INFO - [2022-12-14T19:53:46.189+0000] {dag.py:2676} INFO - Sync 1 DAGs
[2022-12-14T19:53:46.229+0000] {logging_mixin.py:137} INFO - [2022-12-14T19:53:46.229+0000] {dag.py:3427} INFO - Setting next_dagrun for example_trigger_target_dag to None, run_after=None
[2022-12-14T19:53:46.260+0000] {processor.py:175} INFO - Processing /home/airflow/.local/lib/python3.7/site-packages/airflow/example_dags/example_trigger_target_dag.py took 0.189 seconds
[2022-12-14T19:54:16.944+0000] {processor.py:153} INFO - Started process (PID=461) to work on /home/airflow/.local/lib/python3.7/site-packages/airflow/example_dags/example_trigger_target_dag.py
[2022-12-14T19:54:16.946+0000] {processor.py:743} INFO - Processing file /home/airflow/.local/lib/python3.7/site-packages/airflow/example_dags/example_trigger_target_dag.py for tasks to queue
[2022-12-14T19:54:16.948+0000] {logging_mixin.py:137} INFO - [2022-12-14T19:54:16.947+0000] {dagbag.py:538} INFO - Filling up the DagBag from /home/airflow/.local/lib/python3.7/site-packages/airflow/example_dags/example_trigger_target_dag.py
[2022-12-14T19:54:16.985+0000] {processor.py:753} INFO - DAG(s) dict_keys(['example_trigger_target_dag']) retrieved from /home/airflow/.local/lib/python3.7/site-packages/airflow/example_dags/example_trigger_target_dag.py
[2022-12-14T19:54:17.048+0000] {logging_mixin.py:137} INFO - [2022-12-14T19:54:17.048+0000] {dag.py:2676} INFO - Sync 1 DAGs
[2022-12-14T19:54:17.087+0000] {logging_mixin.py:137} INFO - [2022-12-14T19:54:17.087+0000] {dag.py:3427} INFO - Setting next_dagrun for example_trigger_target_dag to None, run_after=None
[2022-12-14T19:54:17.115+0000] {processor.py:175} INFO - Processing /home/airflow/.local/lib/python3.7/site-packages/airflow/example_dags/example_trigger_target_dag.py took 0.176 seconds
[2022-12-14T19:54:47.477+0000] {processor.py:153} INFO - Started process (PID=541) to work on /home/airflow/.local/lib/python3.7/site-packages/airflow/example_dags/example_trigger_target_dag.py
[2022-12-14T19:54:47.479+0000] {processor.py:743} INFO - Processing file /home/airflow/.local/lib/python3.7/site-packages/airflow/example_dags/example_trigger_target_dag.py for tasks to queue
[2022-12-14T19:54:47.482+0000] {logging_mixin.py:137} INFO - [2022-12-14T19:54:47.482+0000] {dagbag.py:538} INFO - Filling up the DagBag from /home/airflow/.local/lib/python3.7/site-packages/airflow/example_dags/example_trigger_target_dag.py
[2022-12-14T19:54:47.523+0000] {processor.py:753} INFO - DAG(s) dict_keys(['example_trigger_target_dag']) retrieved from /home/airflow/.local/lib/python3.7/site-packages/airflow/example_dags/example_trigger_target_dag.py
[2022-12-14T19:54:47.588+0000] {logging_mixin.py:137} INFO - [2022-12-14T19:54:47.588+0000] {dag.py:2676} INFO - Sync 1 DAGs
[2022-12-14T19:54:47.632+0000] {logging_mixin.py:137} INFO - [2022-12-14T19:54:47.631+0000] {dag.py:3427} INFO - Setting next_dagrun for example_trigger_target_dag to None, run_after=None
[2022-12-14T19:54:47.674+0000] {processor.py:175} INFO - Processing /home/airflow/.local/lib/python3.7/site-packages/airflow/example_dags/example_trigger_target_dag.py took 0.202 seconds
[2022-12-14T19:55:17.853+0000] {processor.py:153} INFO - Started process (PID=621) to work on /home/airflow/.local/lib/python3.7/site-packages/airflow/example_dags/example_trigger_target_dag.py
[2022-12-14T19:55:17.854+0000] {processor.py:743} INFO - Processing file /home/airflow/.local/lib/python3.7/site-packages/airflow/example_dags/example_trigger_target_dag.py for tasks to queue
[2022-12-14T19:55:17.855+0000] {logging_mixin.py:137} INFO - [2022-12-14T19:55:17.855+0000] {dagbag.py:538} INFO - Filling up the DagBag from /home/airflow/.local/lib/python3.7/site-packages/airflow/example_dags/example_trigger_target_dag.py
[2022-12-14T19:55:17.886+0000] {processor.py:753} INFO - DAG(s) dict_keys(['example_trigger_target_dag']) retrieved from /home/airflow/.local/lib/python3.7/site-packages/airflow/example_dags/example_trigger_target_dag.py
[2022-12-14T19:55:17.938+0000] {logging_mixin.py:137} INFO - [2022-12-14T19:55:17.938+0000] {dag.py:2676} INFO - Sync 1 DAGs
[2022-12-14T19:55:17.979+0000] {logging_mixin.py:137} INFO - [2022-12-14T19:55:17.979+0000] {dag.py:3427} INFO - Setting next_dagrun for example_trigger_target_dag to None, run_after=None
[2022-12-14T19:55:18.008+0000] {processor.py:175} INFO - Processing /home/airflow/.local/lib/python3.7/site-packages/airflow/example_dags/example_trigger_target_dag.py took 0.160 seconds
[2022-12-14T19:55:48.867+0000] {processor.py:153} INFO - Started process (PID=710) to work on /home/airflow/.local/lib/python3.7/site-packages/airflow/example_dags/example_trigger_target_dag.py
[2022-12-14T19:55:48.868+0000] {processor.py:743} INFO - Processing file /home/airflow/.local/lib/python3.7/site-packages/airflow/example_dags/example_trigger_target_dag.py for tasks to queue
[2022-12-14T19:55:48.869+0000] {logging_mixin.py:137} INFO - [2022-12-14T19:55:48.869+0000] {dagbag.py:538} INFO - Filling up the DagBag from /home/airflow/.local/lib/python3.7/site-packages/airflow/example_dags/example_trigger_target_dag.py
[2022-12-14T19:55:48.907+0000] {processor.py:753} INFO - DAG(s) dict_keys(['example_trigger_target_dag']) retrieved from /home/airflow/.local/lib/python3.7/site-packages/airflow/example_dags/example_trigger_target_dag.py
[2022-12-14T19:55:48.986+0000] {logging_mixin.py:137} INFO - [2022-12-14T19:55:48.986+0000] {dag.py:2676} INFO - Sync 1 DAGs
[2022-12-14T19:55:49.042+0000] {logging_mixin.py:137} INFO - [2022-12-14T19:55:49.042+0000] {dag.py:3427} INFO - Setting next_dagrun for example_trigger_target_dag to None, run_after=None
[2022-12-14T19:55:49.084+0000] {processor.py:175} INFO - Processing /home/airflow/.local/lib/python3.7/site-packages/airflow/example_dags/example_trigger_target_dag.py took 0.221 seconds
[2022-12-14T19:56:23.830+0000] {processor.py:153} INFO - Started process (PID=803) to work on /home/airflow/.local/lib/python3.7/site-packages/airflow/example_dags/example_trigger_target_dag.py
[2022-12-14T19:56:23.832+0000] {processor.py:743} INFO - Processing file /home/airflow/.local/lib/python3.7/site-packages/airflow/example_dags/example_trigger_target_dag.py for tasks to queue
[2022-12-14T19:56:23.835+0000] {logging_mixin.py:137} INFO - [2022-12-14T19:56:23.834+0000] {dagbag.py:538} INFO - Filling up the DagBag from /home/airflow/.local/lib/python3.7/site-packages/airflow/example_dags/example_trigger_target_dag.py
[2022-12-14T19:56:23.883+0000] {processor.py:753} INFO - DAG(s) dict_keys(['example_trigger_target_dag']) retrieved from /home/airflow/.local/lib/python3.7/site-packages/airflow/example_dags/example_trigger_target_dag.py
[2022-12-14T19:56:23.926+0000] {logging_mixin.py:137} INFO - [2022-12-14T19:56:23.926+0000] {dag.py:2676} INFO - Sync 1 DAGs
[2022-12-14T19:56:23.974+0000] {logging_mixin.py:137} INFO - [2022-12-14T19:56:23.974+0000] {dag.py:3427} INFO - Setting next_dagrun for example_trigger_target_dag to None, run_after=None
[2022-12-14T19:56:24.014+0000] {processor.py:175} INFO - Processing /home/airflow/.local/lib/python3.7/site-packages/airflow/example_dags/example_trigger_target_dag.py took 0.193 seconds
[2022-12-14T19:56:54.768+0000] {processor.py:153} INFO - Started process (PID=901) to work on /home/airflow/.local/lib/python3.7/site-packages/airflow/example_dags/example_trigger_target_dag.py
[2022-12-14T19:56:54.769+0000] {processor.py:743} INFO - Processing file /home/airflow/.local/lib/python3.7/site-packages/airflow/example_dags/example_trigger_target_dag.py for tasks to queue
[2022-12-14T19:56:54.770+0000] {logging_mixin.py:137} INFO - [2022-12-14T19:56:54.770+0000] {dagbag.py:538} INFO - Filling up the DagBag from /home/airflow/.local/lib/python3.7/site-packages/airflow/example_dags/example_trigger_target_dag.py
[2022-12-14T19:56:54.807+0000] {processor.py:753} INFO - DAG(s) dict_keys(['example_trigger_target_dag']) retrieved from /home/airflow/.local/lib/python3.7/site-packages/airflow/example_dags/example_trigger_target_dag.py
[2022-12-14T19:56:54.871+0000] {logging_mixin.py:137} INFO - [2022-12-14T19:56:54.870+0000] {dag.py:2676} INFO - Sync 1 DAGs
[2022-12-14T19:56:54.911+0000] {logging_mixin.py:137} INFO - [2022-12-14T19:56:54.911+0000] {dag.py:3427} INFO - Setting next_dagrun for example_trigger_target_dag to None, run_after=None
[2022-12-14T19:56:54.941+0000] {processor.py:175} INFO - Processing /home/airflow/.local/lib/python3.7/site-packages/airflow/example_dags/example_trigger_target_dag.py took 0.178 seconds
[2022-12-14T19:57:25.150+0000] {processor.py:153} INFO - Started process (PID=992) to work on /home/airflow/.local/lib/python3.7/site-packages/airflow/example_dags/example_trigger_target_dag.py
[2022-12-14T19:57:25.151+0000] {processor.py:743} INFO - Processing file /home/airflow/.local/lib/python3.7/site-packages/airflow/example_dags/example_trigger_target_dag.py for tasks to queue
[2022-12-14T19:57:25.153+0000] {logging_mixin.py:137} INFO - [2022-12-14T19:57:25.152+0000] {dagbag.py:538} INFO - Filling up the DagBag from /home/airflow/.local/lib/python3.7/site-packages/airflow/example_dags/example_trigger_target_dag.py
[2022-12-14T19:57:25.195+0000] {processor.py:753} INFO - DAG(s) dict_keys(['example_trigger_target_dag']) retrieved from /home/airflow/.local/lib/python3.7/site-packages/airflow/example_dags/example_trigger_target_dag.py
[2022-12-14T19:57:25.251+0000] {logging_mixin.py:137} INFO - [2022-12-14T19:57:25.251+0000] {dag.py:2676} INFO - Sync 1 DAGs
[2022-12-14T19:57:25.306+0000] {logging_mixin.py:137} INFO - [2022-12-14T19:57:25.306+0000] {dag.py:3427} INFO - Setting next_dagrun for example_trigger_target_dag to None, run_after=None
[2022-12-14T19:57:25.358+0000] {processor.py:175} INFO - Processing /home/airflow/.local/lib/python3.7/site-packages/airflow/example_dags/example_trigger_target_dag.py took 0.213 seconds
[2022-12-14T19:57:56.337+0000] {processor.py:153} INFO - Started process (PID=1072) to work on /home/airflow/.local/lib/python3.7/site-packages/airflow/example_dags/example_trigger_target_dag.py
[2022-12-14T19:57:56.338+0000] {processor.py:743} INFO - Processing file /home/airflow/.local/lib/python3.7/site-packages/airflow/example_dags/example_trigger_target_dag.py for tasks to queue
[2022-12-14T19:57:56.339+0000] {logging_mixin.py:137} INFO - [2022-12-14T19:57:56.339+0000] {dagbag.py:538} INFO - Filling up the DagBag from /home/airflow/.local/lib/python3.7/site-packages/airflow/example_dags/example_trigger_target_dag.py
[2022-12-14T19:57:56.372+0000] {processor.py:753} INFO - DAG(s) dict_keys(['example_trigger_target_dag']) retrieved from /home/airflow/.local/lib/python3.7/site-packages/airflow/example_dags/example_trigger_target_dag.py
[2022-12-14T19:57:56.426+0000] {logging_mixin.py:137} INFO - [2022-12-14T19:57:56.426+0000] {dag.py:2676} INFO - Sync 1 DAGs
[2022-12-14T19:57:56.465+0000] {logging_mixin.py:137} INFO - [2022-12-14T19:57:56.465+0000] {dag.py:3427} INFO - Setting next_dagrun for example_trigger_target_dag to None, run_after=None
[2022-12-14T19:57:56.492+0000] {processor.py:175} INFO - Processing /home/airflow/.local/lib/python3.7/site-packages/airflow/example_dags/example_trigger_target_dag.py took 0.159 seconds
[2022-12-14T19:58:26.663+0000] {processor.py:153} INFO - Started process (PID=1152) to work on /home/airflow/.local/lib/python3.7/site-packages/airflow/example_dags/example_trigger_target_dag.py
[2022-12-14T19:58:26.664+0000] {processor.py:743} INFO - Processing file /home/airflow/.local/lib/python3.7/site-packages/airflow/example_dags/example_trigger_target_dag.py for tasks to queue
[2022-12-14T19:58:26.665+0000] {logging_mixin.py:137} INFO - [2022-12-14T19:58:26.665+0000] {dagbag.py:538} INFO - Filling up the DagBag from /home/airflow/.local/lib/python3.7/site-packages/airflow/example_dags/example_trigger_target_dag.py
[2022-12-14T19:58:26.698+0000] {processor.py:753} INFO - DAG(s) dict_keys(['example_trigger_target_dag']) retrieved from /home/airflow/.local/lib/python3.7/site-packages/airflow/example_dags/example_trigger_target_dag.py
[2022-12-14T19:58:26.759+0000] {logging_mixin.py:137} INFO - [2022-12-14T19:58:26.759+0000] {dag.py:2676} INFO - Sync 1 DAGs
[2022-12-14T19:58:26.806+0000] {logging_mixin.py:137} INFO - [2022-12-14T19:58:26.805+0000] {dag.py:3427} INFO - Setting next_dagrun for example_trigger_target_dag to None, run_after=None
[2022-12-14T19:58:26.839+0000] {processor.py:175} INFO - Processing /home/airflow/.local/lib/python3.7/site-packages/airflow/example_dags/example_trigger_target_dag.py took 0.181 seconds
[2022-12-14T19:58:57.139+0000] {processor.py:153} INFO - Started process (PID=1241) to work on /home/airflow/.local/lib/python3.7/site-packages/airflow/example_dags/example_trigger_target_dag.py
[2022-12-14T19:58:57.141+0000] {processor.py:743} INFO - Processing file /home/airflow/.local/lib/python3.7/site-packages/airflow/example_dags/example_trigger_target_dag.py for tasks to queue
[2022-12-14T19:58:57.143+0000] {logging_mixin.py:137} INFO - [2022-12-14T19:58:57.143+0000] {dagbag.py:538} INFO - Filling up the DagBag from /home/airflow/.local/lib/python3.7/site-packages/airflow/example_dags/example_trigger_target_dag.py
[2022-12-14T19:58:57.192+0000] {processor.py:753} INFO - DAG(s) dict_keys(['example_trigger_target_dag']) retrieved from /home/airflow/.local/lib/python3.7/site-packages/airflow/example_dags/example_trigger_target_dag.py
[2022-12-14T19:58:57.249+0000] {logging_mixin.py:137} INFO - [2022-12-14T19:58:57.249+0000] {dag.py:2676} INFO - Sync 1 DAGs
[2022-12-14T19:58:57.300+0000] {logging_mixin.py:137} INFO - [2022-12-14T19:58:57.299+0000] {dag.py:3427} INFO - Setting next_dagrun for example_trigger_target_dag to None, run_after=None
[2022-12-14T19:58:57.334+0000] {processor.py:175} INFO - Processing /home/airflow/.local/lib/python3.7/site-packages/airflow/example_dags/example_trigger_target_dag.py took 0.200 seconds
[2022-12-14T19:59:27.851+0000] {processor.py:153} INFO - Started process (PID=1332) to work on /home/airflow/.local/lib/python3.7/site-packages/airflow/example_dags/example_trigger_target_dag.py
[2022-12-14T19:59:27.852+0000] {processor.py:743} INFO - Processing file /home/airflow/.local/lib/python3.7/site-packages/airflow/example_dags/example_trigger_target_dag.py for tasks to queue
[2022-12-14T19:59:27.854+0000] {logging_mixin.py:137} INFO - [2022-12-14T19:59:27.853+0000] {dagbag.py:538} INFO - Filling up the DagBag from /home/airflow/.local/lib/python3.7/site-packages/airflow/example_dags/example_trigger_target_dag.py
[2022-12-14T19:59:27.959+0000] {processor.py:753} INFO - DAG(s) dict_keys(['example_trigger_target_dag']) retrieved from /home/airflow/.local/lib/python3.7/site-packages/airflow/example_dags/example_trigger_target_dag.py
[2022-12-14T19:59:28.092+0000] {logging_mixin.py:137} INFO - [2022-12-14T19:59:28.092+0000] {dag.py:2676} INFO - Sync 1 DAGs
[2022-12-14T19:59:28.138+0000] {logging_mixin.py:137} INFO - [2022-12-14T19:59:28.138+0000] {dag.py:3427} INFO - Setting next_dagrun for example_trigger_target_dag to None, run_after=None
[2022-12-14T19:59:28.175+0000] {processor.py:175} INFO - Processing /home/airflow/.local/lib/python3.7/site-packages/airflow/example_dags/example_trigger_target_dag.py took 0.330 seconds
[2022-12-14T19:59:58.575+0000] {processor.py:153} INFO - Started process (PID=1412) to work on /home/airflow/.local/lib/python3.7/site-packages/airflow/example_dags/example_trigger_target_dag.py
[2022-12-14T19:59:58.577+0000] {processor.py:743} INFO - Processing file /home/airflow/.local/lib/python3.7/site-packages/airflow/example_dags/example_trigger_target_dag.py for tasks to queue
[2022-12-14T19:59:58.578+0000] {logging_mixin.py:137} INFO - [2022-12-14T19:59:58.578+0000] {dagbag.py:538} INFO - Filling up the DagBag from /home/airflow/.local/lib/python3.7/site-packages/airflow/example_dags/example_trigger_target_dag.py
[2022-12-14T19:59:58.613+0000] {processor.py:753} INFO - DAG(s) dict_keys(['example_trigger_target_dag']) retrieved from /home/airflow/.local/lib/python3.7/site-packages/airflow/example_dags/example_trigger_target_dag.py
[2022-12-14T19:59:58.666+0000] {logging_mixin.py:137} INFO - [2022-12-14T19:59:58.666+0000] {dag.py:2676} INFO - Sync 1 DAGs
[2022-12-14T19:59:58.706+0000] {logging_mixin.py:137} INFO - [2022-12-14T19:59:58.705+0000] {dag.py:3427} INFO - Setting next_dagrun for example_trigger_target_dag to None, run_after=None
[2022-12-14T19:59:58.733+0000] {processor.py:175} INFO - Processing /home/airflow/.local/lib/python3.7/site-packages/airflow/example_dags/example_trigger_target_dag.py took 0.162 seconds
[2022-12-14T20:00:29.411+0000] {processor.py:153} INFO - Started process (PID=1492) to work on /home/airflow/.local/lib/python3.7/site-packages/airflow/example_dags/example_trigger_target_dag.py
[2022-12-14T20:00:29.413+0000] {processor.py:743} INFO - Processing file /home/airflow/.local/lib/python3.7/site-packages/airflow/example_dags/example_trigger_target_dag.py for tasks to queue
[2022-12-14T20:00:29.414+0000] {logging_mixin.py:137} INFO - [2022-12-14T20:00:29.414+0000] {dagbag.py:538} INFO - Filling up the DagBag from /home/airflow/.local/lib/python3.7/site-packages/airflow/example_dags/example_trigger_target_dag.py
[2022-12-14T20:00:29.450+0000] {processor.py:753} INFO - DAG(s) dict_keys(['example_trigger_target_dag']) retrieved from /home/airflow/.local/lib/python3.7/site-packages/airflow/example_dags/example_trigger_target_dag.py
[2022-12-14T20:00:29.504+0000] {logging_mixin.py:137} INFO - [2022-12-14T20:00:29.503+0000] {dag.py:2676} INFO - Sync 1 DAGs
[2022-12-14T20:00:29.542+0000] {logging_mixin.py:137} INFO - [2022-12-14T20:00:29.542+0000] {dag.py:3427} INFO - Setting next_dagrun for example_trigger_target_dag to None, run_after=None
[2022-12-14T20:00:29.570+0000] {processor.py:175} INFO - Processing /home/airflow/.local/lib/python3.7/site-packages/airflow/example_dags/example_trigger_target_dag.py took 0.164 seconds
[2022-12-14T20:01:00.059+0000] {processor.py:153} INFO - Started process (PID=1572) to work on /home/airflow/.local/lib/python3.7/site-packages/airflow/example_dags/example_trigger_target_dag.py
[2022-12-14T20:01:00.060+0000] {processor.py:743} INFO - Processing file /home/airflow/.local/lib/python3.7/site-packages/airflow/example_dags/example_trigger_target_dag.py for tasks to queue
[2022-12-14T20:01:00.061+0000] {logging_mixin.py:137} INFO - [2022-12-14T20:01:00.061+0000] {dagbag.py:538} INFO - Filling up the DagBag from /home/airflow/.local/lib/python3.7/site-packages/airflow/example_dags/example_trigger_target_dag.py
[2022-12-14T20:01:00.095+0000] {processor.py:753} INFO - DAG(s) dict_keys(['example_trigger_target_dag']) retrieved from /home/airflow/.local/lib/python3.7/site-packages/airflow/example_dags/example_trigger_target_dag.py
[2022-12-14T20:01:00.157+0000] {logging_mixin.py:137} INFO - [2022-12-14T20:01:00.156+0000] {dag.py:2676} INFO - Sync 1 DAGs
[2022-12-14T20:01:00.195+0000] {logging_mixin.py:137} INFO - [2022-12-14T20:01:00.194+0000] {dag.py:3427} INFO - Setting next_dagrun for example_trigger_target_dag to None, run_after=None
[2022-12-14T20:01:00.224+0000] {processor.py:175} INFO - Processing /home/airflow/.local/lib/python3.7/site-packages/airflow/example_dags/example_trigger_target_dag.py took 0.170 seconds
[2022-12-14T20:01:30.453+0000] {processor.py:153} INFO - Started process (PID=1672) to work on /home/airflow/.local/lib/python3.7/site-packages/airflow/example_dags/example_trigger_target_dag.py
[2022-12-14T20:01:30.455+0000] {processor.py:743} INFO - Processing file /home/airflow/.local/lib/python3.7/site-packages/airflow/example_dags/example_trigger_target_dag.py for tasks to queue
[2022-12-14T20:01:30.457+0000] {logging_mixin.py:137} INFO - [2022-12-14T20:01:30.457+0000] {dagbag.py:538} INFO - Filling up the DagBag from /home/airflow/.local/lib/python3.7/site-packages/airflow/example_dags/example_trigger_target_dag.py
[2022-12-14T20:01:30.489+0000] {processor.py:753} INFO - DAG(s) dict_keys(['example_trigger_target_dag']) retrieved from /home/airflow/.local/lib/python3.7/site-packages/airflow/example_dags/example_trigger_target_dag.py
[2022-12-14T20:01:30.592+0000] {logging_mixin.py:137} INFO - [2022-12-14T20:01:30.591+0000] {dag.py:2676} INFO - Sync 1 DAGs
[2022-12-14T20:01:30.641+0000] {logging_mixin.py:137} INFO - [2022-12-14T20:01:30.640+0000] {dag.py:3427} INFO - Setting next_dagrun for example_trigger_target_dag to None, run_after=None
[2022-12-14T20:01:30.682+0000] {processor.py:175} INFO - Processing /home/airflow/.local/lib/python3.7/site-packages/airflow/example_dags/example_trigger_target_dag.py took 0.235 seconds
[2022-12-14T20:02:01.732+0000] {processor.py:153} INFO - Started process (PID=1752) to work on /home/airflow/.local/lib/python3.7/site-packages/airflow/example_dags/example_trigger_target_dag.py
[2022-12-14T20:02:01.734+0000] {processor.py:743} INFO - Processing file /home/airflow/.local/lib/python3.7/site-packages/airflow/example_dags/example_trigger_target_dag.py for tasks to queue
[2022-12-14T20:02:01.736+0000] {logging_mixin.py:137} INFO - [2022-12-14T20:02:01.735+0000] {dagbag.py:538} INFO - Filling up the DagBag from /home/airflow/.local/lib/python3.7/site-packages/airflow/example_dags/example_trigger_target_dag.py
[2022-12-14T20:02:01.787+0000] {processor.py:753} INFO - DAG(s) dict_keys(['example_trigger_target_dag']) retrieved from /home/airflow/.local/lib/python3.7/site-packages/airflow/example_dags/example_trigger_target_dag.py
[2022-12-14T20:02:01.859+0000] {logging_mixin.py:137} INFO - [2022-12-14T20:02:01.859+0000] {dag.py:2676} INFO - Sync 1 DAGs
[2022-12-14T20:02:01.906+0000] {logging_mixin.py:137} INFO - [2022-12-14T20:02:01.905+0000] {dag.py:3427} INFO - Setting next_dagrun for example_trigger_target_dag to None, run_after=None
[2022-12-14T20:02:01.945+0000] {processor.py:175} INFO - Processing /home/airflow/.local/lib/python3.7/site-packages/airflow/example_dags/example_trigger_target_dag.py took 0.218 seconds
[2022-12-14T20:02:32.031+0000] {processor.py:153} INFO - Started process (PID=1832) to work on /home/airflow/.local/lib/python3.7/site-packages/airflow/example_dags/example_trigger_target_dag.py
[2022-12-14T20:02:32.032+0000] {processor.py:743} INFO - Processing file /home/airflow/.local/lib/python3.7/site-packages/airflow/example_dags/example_trigger_target_dag.py for tasks to queue
[2022-12-14T20:02:32.033+0000] {logging_mixin.py:137} INFO - [2022-12-14T20:02:32.033+0000] {dagbag.py:538} INFO - Filling up the DagBag from /home/airflow/.local/lib/python3.7/site-packages/airflow/example_dags/example_trigger_target_dag.py
[2022-12-14T20:02:32.067+0000] {processor.py:753} INFO - DAG(s) dict_keys(['example_trigger_target_dag']) retrieved from /home/airflow/.local/lib/python3.7/site-packages/airflow/example_dags/example_trigger_target_dag.py
[2022-12-14T20:02:32.120+0000] {logging_mixin.py:137} INFO - [2022-12-14T20:02:32.119+0000] {dag.py:2676} INFO - Sync 1 DAGs
[2022-12-14T20:02:32.153+0000] {logging_mixin.py:137} INFO - [2022-12-14T20:02:32.153+0000] {dag.py:3427} INFO - Setting next_dagrun for example_trigger_target_dag to None, run_after=None
[2022-12-14T20:02:32.177+0000] {processor.py:175} INFO - Processing /home/airflow/.local/lib/python3.7/site-packages/airflow/example_dags/example_trigger_target_dag.py took 0.151 seconds
[2022-12-14T20:03:02.547+0000] {processor.py:153} INFO - Started process (PID=1912) to work on /home/airflow/.local/lib/python3.7/site-packages/airflow/example_dags/example_trigger_target_dag.py
[2022-12-14T20:03:02.550+0000] {processor.py:743} INFO - Processing file /home/airflow/.local/lib/python3.7/site-packages/airflow/example_dags/example_trigger_target_dag.py for tasks to queue
[2022-12-14T20:03:02.551+0000] {logging_mixin.py:137} INFO - [2022-12-14T20:03:02.551+0000] {dagbag.py:538} INFO - Filling up the DagBag from /home/airflow/.local/lib/python3.7/site-packages/airflow/example_dags/example_trigger_target_dag.py
[2022-12-14T20:03:02.606+0000] {processor.py:753} INFO - DAG(s) dict_keys(['example_trigger_target_dag']) retrieved from /home/airflow/.local/lib/python3.7/site-packages/airflow/example_dags/example_trigger_target_dag.py
[2022-12-14T20:03:02.677+0000] {logging_mixin.py:137} INFO - [2022-12-14T20:03:02.677+0000] {dag.py:2676} INFO - Sync 1 DAGs
[2022-12-14T20:03:02.735+0000] {logging_mixin.py:137} INFO - [2022-12-14T20:03:02.735+0000] {dag.py:3427} INFO - Setting next_dagrun for example_trigger_target_dag to None, run_after=None
[2022-12-14T20:03:02.777+0000] {processor.py:175} INFO - Processing /home/airflow/.local/lib/python3.7/site-packages/airflow/example_dags/example_trigger_target_dag.py took 0.237 seconds
[2022-12-14T20:03:33.175+0000] {processor.py:153} INFO - Started process (PID=2012) to work on /home/airflow/.local/lib/python3.7/site-packages/airflow/example_dags/example_trigger_target_dag.py
[2022-12-14T20:03:33.177+0000] {processor.py:743} INFO - Processing file /home/airflow/.local/lib/python3.7/site-packages/airflow/example_dags/example_trigger_target_dag.py for tasks to queue
[2022-12-14T20:03:33.178+0000] {logging_mixin.py:137} INFO - [2022-12-14T20:03:33.178+0000] {dagbag.py:538} INFO - Filling up the DagBag from /home/airflow/.local/lib/python3.7/site-packages/airflow/example_dags/example_trigger_target_dag.py
[2022-12-14T20:03:33.220+0000] {processor.py:753} INFO - DAG(s) dict_keys(['example_trigger_target_dag']) retrieved from /home/airflow/.local/lib/python3.7/site-packages/airflow/example_dags/example_trigger_target_dag.py
[2022-12-14T20:03:33.288+0000] {logging_mixin.py:137} INFO - [2022-12-14T20:03:33.288+0000] {dag.py:2676} INFO - Sync 1 DAGs
[2022-12-14T20:03:33.353+0000] {logging_mixin.py:137} INFO - [2022-12-14T20:03:33.353+0000] {dag.py:3427} INFO - Setting next_dagrun for example_trigger_target_dag to None, run_after=None
[2022-12-14T20:03:33.396+0000] {processor.py:175} INFO - Processing /home/airflow/.local/lib/python3.7/site-packages/airflow/example_dags/example_trigger_target_dag.py took 0.225 seconds
