[2022-12-14T19:52:08.946+0000] {processor.py:153} INFO - Started process (PID=99) to work on /home/airflow/.local/lib/python3.7/site-packages/airflow/example_dags/example_complex.py
[2022-12-14T19:52:08.948+0000] {processor.py:743} INFO - Processing file /home/airflow/.local/lib/python3.7/site-packages/airflow/example_dags/example_complex.py for tasks to queue
[2022-12-14T19:52:08.950+0000] {logging_mixin.py:137} INFO - [2022-12-14T19:52:08.950+0000] {dagbag.py:538} INFO - Filling up the DagBag from /home/airflow/.local/lib/python3.7/site-packages/airflow/example_dags/example_complex.py
[2022-12-14T19:52:08.976+0000] {logging_mixin.py:137} INFO - [2022-12-14T19:52:08.976+0000] {taskmixin.py:205} WARNING - Dependency <Task(BashOperator): create_entry_group>, delete_entry_group already registered for DAG: example_complex
[2022-12-14T19:52:08.979+0000] {logging_mixin.py:137} INFO - [2022-12-14T19:52:08.979+0000] {taskmixin.py:205} WARNING - Dependency <Task(BashOperator): delete_entry_group>, create_entry_group already registered for DAG: example_complex
[2022-12-14T19:52:08.980+0000] {logging_mixin.py:137} INFO - [2022-12-14T19:52:08.980+0000] {taskmixin.py:205} WARNING - Dependency <Task(BashOperator): create_entry_gcs>, delete_entry already registered for DAG: example_complex
[2022-12-14T19:52:08.981+0000] {logging_mixin.py:137} INFO - [2022-12-14T19:52:08.981+0000] {taskmixin.py:205} WARNING - Dependency <Task(BashOperator): delete_entry>, create_entry_gcs already registered for DAG: example_complex
[2022-12-14T19:52:08.982+0000] {logging_mixin.py:137} INFO - [2022-12-14T19:52:08.981+0000] {taskmixin.py:205} WARNING - Dependency <Task(BashOperator): create_tag>, delete_tag already registered for DAG: example_complex
[2022-12-14T19:52:08.982+0000] {logging_mixin.py:137} INFO - [2022-12-14T19:52:08.982+0000] {taskmixin.py:205} WARNING - Dependency <Task(BashOperator): delete_tag>, create_tag already registered for DAG: example_complex
[2022-12-14T19:52:09.008+0000] {processor.py:753} INFO - DAG(s) dict_keys(['example_complex']) retrieved from /home/airflow/.local/lib/python3.7/site-packages/airflow/example_dags/example_complex.py
[2022-12-14T19:52:09.242+0000] {logging_mixin.py:137} INFO - [2022-12-14T19:52:09.242+0000] {dag.py:2676} INFO - Sync 1 DAGs
[2022-12-14T19:52:09.388+0000] {logging_mixin.py:137} INFO - [2022-12-14T19:52:09.388+0000] {dag.py:3427} INFO - Setting next_dagrun for example_complex to None, run_after=None
[2022-12-14T19:52:09.482+0000] {processor.py:175} INFO - Processing /home/airflow/.local/lib/python3.7/site-packages/airflow/example_dags/example_complex.py took 0.542 seconds
[2022-12-14T19:52:39.704+0000] {processor.py:153} INFO - Started process (PID=179) to work on /home/airflow/.local/lib/python3.7/site-packages/airflow/example_dags/example_complex.py
[2022-12-14T19:52:39.706+0000] {processor.py:743} INFO - Processing file /home/airflow/.local/lib/python3.7/site-packages/airflow/example_dags/example_complex.py for tasks to queue
[2022-12-14T19:52:39.707+0000] {logging_mixin.py:137} INFO - [2022-12-14T19:52:39.707+0000] {dagbag.py:538} INFO - Filling up the DagBag from /home/airflow/.local/lib/python3.7/site-packages/airflow/example_dags/example_complex.py
[2022-12-14T19:52:39.731+0000] {logging_mixin.py:137} INFO - [2022-12-14T19:52:39.731+0000] {taskmixin.py:205} WARNING - Dependency <Task(BashOperator): create_entry_group>, delete_entry_group already registered for DAG: example_complex
[2022-12-14T19:52:39.732+0000] {logging_mixin.py:137} INFO - [2022-12-14T19:52:39.732+0000] {taskmixin.py:205} WARNING - Dependency <Task(BashOperator): delete_entry_group>, create_entry_group already registered for DAG: example_complex
[2022-12-14T19:52:39.733+0000] {logging_mixin.py:137} INFO - [2022-12-14T19:52:39.733+0000] {taskmixin.py:205} WARNING - Dependency <Task(BashOperator): create_entry_gcs>, delete_entry already registered for DAG: example_complex
[2022-12-14T19:52:39.733+0000] {logging_mixin.py:137} INFO - [2022-12-14T19:52:39.733+0000] {taskmixin.py:205} WARNING - Dependency <Task(BashOperator): delete_entry>, create_entry_gcs already registered for DAG: example_complex
[2022-12-14T19:52:39.735+0000] {logging_mixin.py:137} INFO - [2022-12-14T19:52:39.734+0000] {taskmixin.py:205} WARNING - Dependency <Task(BashOperator): create_tag>, delete_tag already registered for DAG: example_complex
[2022-12-14T19:52:39.735+0000] {logging_mixin.py:137} INFO - [2022-12-14T19:52:39.735+0000] {taskmixin.py:205} WARNING - Dependency <Task(BashOperator): delete_tag>, create_tag already registered for DAG: example_complex
[2022-12-14T19:52:39.750+0000] {processor.py:753} INFO - DAG(s) dict_keys(['example_complex']) retrieved from /home/airflow/.local/lib/python3.7/site-packages/airflow/example_dags/example_complex.py
[2022-12-14T19:52:39.844+0000] {logging_mixin.py:137} INFO - [2022-12-14T19:52:39.844+0000] {dag.py:2676} INFO - Sync 1 DAGs
[2022-12-14T19:52:39.907+0000] {logging_mixin.py:137} INFO - [2022-12-14T19:52:39.907+0000] {dag.py:3427} INFO - Setting next_dagrun for example_complex to None, run_after=None
[2022-12-14T19:52:39.954+0000] {processor.py:175} INFO - Processing /home/airflow/.local/lib/python3.7/site-packages/airflow/example_dags/example_complex.py took 0.255 seconds
[2022-12-14T19:53:10.272+0000] {processor.py:153} INFO - Started process (PID=259) to work on /home/airflow/.local/lib/python3.7/site-packages/airflow/example_dags/example_complex.py
[2022-12-14T19:53:10.274+0000] {processor.py:743} INFO - Processing file /home/airflow/.local/lib/python3.7/site-packages/airflow/example_dags/example_complex.py for tasks to queue
[2022-12-14T19:53:10.275+0000] {logging_mixin.py:137} INFO - [2022-12-14T19:53:10.274+0000] {dagbag.py:538} INFO - Filling up the DagBag from /home/airflow/.local/lib/python3.7/site-packages/airflow/example_dags/example_complex.py
[2022-12-14T19:53:10.292+0000] {logging_mixin.py:137} INFO - [2022-12-14T19:53:10.292+0000] {taskmixin.py:205} WARNING - Dependency <Task(BashOperator): create_entry_group>, delete_entry_group already registered for DAG: example_complex
[2022-12-14T19:53:10.293+0000] {logging_mixin.py:137} INFO - [2022-12-14T19:53:10.293+0000] {taskmixin.py:205} WARNING - Dependency <Task(BashOperator): delete_entry_group>, create_entry_group already registered for DAG: example_complex
[2022-12-14T19:53:10.293+0000] {logging_mixin.py:137} INFO - [2022-12-14T19:53:10.293+0000] {taskmixin.py:205} WARNING - Dependency <Task(BashOperator): create_entry_gcs>, delete_entry already registered for DAG: example_complex
[2022-12-14T19:53:10.294+0000] {logging_mixin.py:137} INFO - [2022-12-14T19:53:10.294+0000] {taskmixin.py:205} WARNING - Dependency <Task(BashOperator): delete_entry>, create_entry_gcs already registered for DAG: example_complex
[2022-12-14T19:53:10.295+0000] {logging_mixin.py:137} INFO - [2022-12-14T19:53:10.295+0000] {taskmixin.py:205} WARNING - Dependency <Task(BashOperator): create_tag>, delete_tag already registered for DAG: example_complex
[2022-12-14T19:53:10.295+0000] {logging_mixin.py:137} INFO - [2022-12-14T19:53:10.295+0000] {taskmixin.py:205} WARNING - Dependency <Task(BashOperator): delete_tag>, create_tag already registered for DAG: example_complex
[2022-12-14T19:53:10.305+0000] {processor.py:753} INFO - DAG(s) dict_keys(['example_complex']) retrieved from /home/airflow/.local/lib/python3.7/site-packages/airflow/example_dags/example_complex.py
[2022-12-14T19:53:10.372+0000] {logging_mixin.py:137} INFO - [2022-12-14T19:53:10.372+0000] {dag.py:2676} INFO - Sync 1 DAGs
[2022-12-14T19:53:10.419+0000] {logging_mixin.py:137} INFO - [2022-12-14T19:53:10.419+0000] {dag.py:3427} INFO - Setting next_dagrun for example_complex to None, run_after=None
[2022-12-14T19:53:10.450+0000] {processor.py:175} INFO - Processing /home/airflow/.local/lib/python3.7/site-packages/airflow/example_dags/example_complex.py took 0.182 seconds
[2022-12-14T19:53:40.678+0000] {processor.py:153} INFO - Started process (PID=339) to work on /home/airflow/.local/lib/python3.7/site-packages/airflow/example_dags/example_complex.py
[2022-12-14T19:53:40.680+0000] {processor.py:743} INFO - Processing file /home/airflow/.local/lib/python3.7/site-packages/airflow/example_dags/example_complex.py for tasks to queue
[2022-12-14T19:53:40.681+0000] {logging_mixin.py:137} INFO - [2022-12-14T19:53:40.681+0000] {dagbag.py:538} INFO - Filling up the DagBag from /home/airflow/.local/lib/python3.7/site-packages/airflow/example_dags/example_complex.py
[2022-12-14T19:53:40.698+0000] {logging_mixin.py:137} INFO - [2022-12-14T19:53:40.698+0000] {taskmixin.py:205} WARNING - Dependency <Task(BashOperator): create_entry_group>, delete_entry_group already registered for DAG: example_complex
[2022-12-14T19:53:40.698+0000] {logging_mixin.py:137} INFO - [2022-12-14T19:53:40.698+0000] {taskmixin.py:205} WARNING - Dependency <Task(BashOperator): delete_entry_group>, create_entry_group already registered for DAG: example_complex
[2022-12-14T19:53:40.699+0000] {logging_mixin.py:137} INFO - [2022-12-14T19:53:40.699+0000] {taskmixin.py:205} WARNING - Dependency <Task(BashOperator): create_entry_gcs>, delete_entry already registered for DAG: example_complex
[2022-12-14T19:53:40.700+0000] {logging_mixin.py:137} INFO - [2022-12-14T19:53:40.699+0000] {taskmixin.py:205} WARNING - Dependency <Task(BashOperator): delete_entry>, create_entry_gcs already registered for DAG: example_complex
[2022-12-14T19:53:40.700+0000] {logging_mixin.py:137} INFO - [2022-12-14T19:53:40.700+0000] {taskmixin.py:205} WARNING - Dependency <Task(BashOperator): create_tag>, delete_tag already registered for DAG: example_complex
[2022-12-14T19:53:40.701+0000] {logging_mixin.py:137} INFO - [2022-12-14T19:53:40.701+0000] {taskmixin.py:205} WARNING - Dependency <Task(BashOperator): delete_tag>, create_tag already registered for DAG: example_complex
[2022-12-14T19:53:40.711+0000] {processor.py:753} INFO - DAG(s) dict_keys(['example_complex']) retrieved from /home/airflow/.local/lib/python3.7/site-packages/airflow/example_dags/example_complex.py
[2022-12-14T19:53:40.772+0000] {logging_mixin.py:137} INFO - [2022-12-14T19:53:40.772+0000] {dag.py:2676} INFO - Sync 1 DAGs
[2022-12-14T19:53:40.811+0000] {logging_mixin.py:137} INFO - [2022-12-14T19:53:40.811+0000] {dag.py:3427} INFO - Setting next_dagrun for example_complex to None, run_after=None
[2022-12-14T19:53:40.841+0000] {processor.py:175} INFO - Processing /home/airflow/.local/lib/python3.7/site-packages/airflow/example_dags/example_complex.py took 0.167 seconds
[2022-12-14T19:54:11.246+0000] {processor.py:153} INFO - Started process (PID=419) to work on /home/airflow/.local/lib/python3.7/site-packages/airflow/example_dags/example_complex.py
[2022-12-14T19:54:11.247+0000] {processor.py:743} INFO - Processing file /home/airflow/.local/lib/python3.7/site-packages/airflow/example_dags/example_complex.py for tasks to queue
[2022-12-14T19:54:11.249+0000] {logging_mixin.py:137} INFO - [2022-12-14T19:54:11.248+0000] {dagbag.py:538} INFO - Filling up the DagBag from /home/airflow/.local/lib/python3.7/site-packages/airflow/example_dags/example_complex.py
[2022-12-14T19:54:11.265+0000] {logging_mixin.py:137} INFO - [2022-12-14T19:54:11.265+0000] {taskmixin.py:205} WARNING - Dependency <Task(BashOperator): create_entry_group>, delete_entry_group already registered for DAG: example_complex
[2022-12-14T19:54:11.266+0000] {logging_mixin.py:137} INFO - [2022-12-14T19:54:11.266+0000] {taskmixin.py:205} WARNING - Dependency <Task(BashOperator): delete_entry_group>, create_entry_group already registered for DAG: example_complex
[2022-12-14T19:54:11.267+0000] {logging_mixin.py:137} INFO - [2022-12-14T19:54:11.267+0000] {taskmixin.py:205} WARNING - Dependency <Task(BashOperator): create_entry_gcs>, delete_entry already registered for DAG: example_complex
[2022-12-14T19:54:11.267+0000] {logging_mixin.py:137} INFO - [2022-12-14T19:54:11.267+0000] {taskmixin.py:205} WARNING - Dependency <Task(BashOperator): delete_entry>, create_entry_gcs already registered for DAG: example_complex
[2022-12-14T19:54:11.268+0000] {logging_mixin.py:137} INFO - [2022-12-14T19:54:11.268+0000] {taskmixin.py:205} WARNING - Dependency <Task(BashOperator): create_tag>, delete_tag already registered for DAG: example_complex
[2022-12-14T19:54:11.269+0000] {logging_mixin.py:137} INFO - [2022-12-14T19:54:11.269+0000] {taskmixin.py:205} WARNING - Dependency <Task(BashOperator): delete_tag>, create_tag already registered for DAG: example_complex
[2022-12-14T19:54:11.290+0000] {processor.py:753} INFO - DAG(s) dict_keys(['example_complex']) retrieved from /home/airflow/.local/lib/python3.7/site-packages/airflow/example_dags/example_complex.py
[2022-12-14T19:54:11.397+0000] {logging_mixin.py:137} INFO - [2022-12-14T19:54:11.397+0000] {dag.py:2676} INFO - Sync 1 DAGs
[2022-12-14T19:54:11.451+0000] {logging_mixin.py:137} INFO - [2022-12-14T19:54:11.450+0000] {dag.py:3427} INFO - Setting next_dagrun for example_complex to None, run_after=None
[2022-12-14T19:54:11.484+0000] {processor.py:175} INFO - Processing /home/airflow/.local/lib/python3.7/site-packages/airflow/example_dags/example_complex.py took 0.243 seconds
[2022-12-14T19:54:42.091+0000] {processor.py:153} INFO - Started process (PID=519) to work on /home/airflow/.local/lib/python3.7/site-packages/airflow/example_dags/example_complex.py
[2022-12-14T19:54:42.092+0000] {processor.py:743} INFO - Processing file /home/airflow/.local/lib/python3.7/site-packages/airflow/example_dags/example_complex.py for tasks to queue
[2022-12-14T19:54:42.093+0000] {logging_mixin.py:137} INFO - [2022-12-14T19:54:42.093+0000] {dagbag.py:538} INFO - Filling up the DagBag from /home/airflow/.local/lib/python3.7/site-packages/airflow/example_dags/example_complex.py
[2022-12-14T19:54:42.111+0000] {logging_mixin.py:137} INFO - [2022-12-14T19:54:42.111+0000] {taskmixin.py:205} WARNING - Dependency <Task(BashOperator): create_entry_group>, delete_entry_group already registered for DAG: example_complex
[2022-12-14T19:54:42.112+0000] {logging_mixin.py:137} INFO - [2022-12-14T19:54:42.111+0000] {taskmixin.py:205} WARNING - Dependency <Task(BashOperator): delete_entry_group>, create_entry_group already registered for DAG: example_complex
[2022-12-14T19:54:42.112+0000] {logging_mixin.py:137} INFO - [2022-12-14T19:54:42.112+0000] {taskmixin.py:205} WARNING - Dependency <Task(BashOperator): create_entry_gcs>, delete_entry already registered for DAG: example_complex
[2022-12-14T19:54:42.113+0000] {logging_mixin.py:137} INFO - [2022-12-14T19:54:42.113+0000] {taskmixin.py:205} WARNING - Dependency <Task(BashOperator): delete_entry>, create_entry_gcs already registered for DAG: example_complex
[2022-12-14T19:54:42.114+0000] {logging_mixin.py:137} INFO - [2022-12-14T19:54:42.114+0000] {taskmixin.py:205} WARNING - Dependency <Task(BashOperator): create_tag>, delete_tag already registered for DAG: example_complex
[2022-12-14T19:54:42.114+0000] {logging_mixin.py:137} INFO - [2022-12-14T19:54:42.114+0000] {taskmixin.py:205} WARNING - Dependency <Task(BashOperator): delete_tag>, create_tag already registered for DAG: example_complex
[2022-12-14T19:54:42.126+0000] {processor.py:753} INFO - DAG(s) dict_keys(['example_complex']) retrieved from /home/airflow/.local/lib/python3.7/site-packages/airflow/example_dags/example_complex.py
[2022-12-14T19:54:42.195+0000] {logging_mixin.py:137} INFO - [2022-12-14T19:54:42.195+0000] {dag.py:2676} INFO - Sync 1 DAGs
[2022-12-14T19:54:42.239+0000] {logging_mixin.py:137} INFO - [2022-12-14T19:54:42.239+0000] {dag.py:3427} INFO - Setting next_dagrun for example_complex to None, run_after=None
[2022-12-14T19:54:42.274+0000] {processor.py:175} INFO - Processing /home/airflow/.local/lib/python3.7/site-packages/airflow/example_dags/example_complex.py took 0.188 seconds
[2022-12-14T19:55:13.413+0000] {processor.py:153} INFO - Started process (PID=599) to work on /home/airflow/.local/lib/python3.7/site-packages/airflow/example_dags/example_complex.py
[2022-12-14T19:55:13.415+0000] {processor.py:743} INFO - Processing file /home/airflow/.local/lib/python3.7/site-packages/airflow/example_dags/example_complex.py for tasks to queue
[2022-12-14T19:55:13.417+0000] {logging_mixin.py:137} INFO - [2022-12-14T19:55:13.416+0000] {dagbag.py:538} INFO - Filling up the DagBag from /home/airflow/.local/lib/python3.7/site-packages/airflow/example_dags/example_complex.py
[2022-12-14T19:55:13.456+0000] {logging_mixin.py:137} INFO - [2022-12-14T19:55:13.456+0000] {taskmixin.py:205} WARNING - Dependency <Task(BashOperator): create_entry_group>, delete_entry_group already registered for DAG: example_complex
[2022-12-14T19:55:13.457+0000] {logging_mixin.py:137} INFO - [2022-12-14T19:55:13.457+0000] {taskmixin.py:205} WARNING - Dependency <Task(BashOperator): delete_entry_group>, create_entry_group already registered for DAG: example_complex
[2022-12-14T19:55:13.458+0000] {logging_mixin.py:137} INFO - [2022-12-14T19:55:13.458+0000] {taskmixin.py:205} WARNING - Dependency <Task(BashOperator): create_entry_gcs>, delete_entry already registered for DAG: example_complex
[2022-12-14T19:55:13.459+0000] {logging_mixin.py:137} INFO - [2022-12-14T19:55:13.459+0000] {taskmixin.py:205} WARNING - Dependency <Task(BashOperator): delete_entry>, create_entry_gcs already registered for DAG: example_complex
[2022-12-14T19:55:13.461+0000] {logging_mixin.py:137} INFO - [2022-12-14T19:55:13.461+0000] {taskmixin.py:205} WARNING - Dependency <Task(BashOperator): create_tag>, delete_tag already registered for DAG: example_complex
[2022-12-14T19:55:13.462+0000] {logging_mixin.py:137} INFO - [2022-12-14T19:55:13.461+0000] {taskmixin.py:205} WARNING - Dependency <Task(BashOperator): delete_tag>, create_tag already registered for DAG: example_complex
[2022-12-14T19:55:13.482+0000] {processor.py:753} INFO - DAG(s) dict_keys(['example_complex']) retrieved from /home/airflow/.local/lib/python3.7/site-packages/airflow/example_dags/example_complex.py
[2022-12-14T19:55:13.570+0000] {logging_mixin.py:137} INFO - [2022-12-14T19:55:13.570+0000] {dag.py:2676} INFO - Sync 1 DAGs
[2022-12-14T19:55:13.630+0000] {logging_mixin.py:137} INFO - [2022-12-14T19:55:13.630+0000] {dag.py:3427} INFO - Setting next_dagrun for example_complex to None, run_after=None
[2022-12-14T19:55:13.684+0000] {processor.py:175} INFO - Processing /home/airflow/.local/lib/python3.7/site-packages/airflow/example_dags/example_complex.py took 0.283 seconds
[2022-12-14T19:55:43.818+0000] {processor.py:153} INFO - Started process (PID=677) to work on /home/airflow/.local/lib/python3.7/site-packages/airflow/example_dags/example_complex.py
[2022-12-14T19:55:43.819+0000] {processor.py:743} INFO - Processing file /home/airflow/.local/lib/python3.7/site-packages/airflow/example_dags/example_complex.py for tasks to queue
[2022-12-14T19:55:43.820+0000] {logging_mixin.py:137} INFO - [2022-12-14T19:55:43.820+0000] {dagbag.py:538} INFO - Filling up the DagBag from /home/airflow/.local/lib/python3.7/site-packages/airflow/example_dags/example_complex.py
[2022-12-14T19:55:43.840+0000] {logging_mixin.py:137} INFO - [2022-12-14T19:55:43.839+0000] {taskmixin.py:205} WARNING - Dependency <Task(BashOperator): create_entry_group>, delete_entry_group already registered for DAG: example_complex
[2022-12-14T19:55:43.840+0000] {logging_mixin.py:137} INFO - [2022-12-14T19:55:43.840+0000] {taskmixin.py:205} WARNING - Dependency <Task(BashOperator): delete_entry_group>, create_entry_group already registered for DAG: example_complex
[2022-12-14T19:55:43.841+0000] {logging_mixin.py:137} INFO - [2022-12-14T19:55:43.841+0000] {taskmixin.py:205} WARNING - Dependency <Task(BashOperator): create_entry_gcs>, delete_entry already registered for DAG: example_complex
[2022-12-14T19:55:43.842+0000] {logging_mixin.py:137} INFO - [2022-12-14T19:55:43.842+0000] {taskmixin.py:205} WARNING - Dependency <Task(BashOperator): delete_entry>, create_entry_gcs already registered for DAG: example_complex
[2022-12-14T19:55:43.843+0000] {logging_mixin.py:137} INFO - [2022-12-14T19:55:43.843+0000] {taskmixin.py:205} WARNING - Dependency <Task(BashOperator): create_tag>, delete_tag already registered for DAG: example_complex
[2022-12-14T19:55:43.843+0000] {logging_mixin.py:137} INFO - [2022-12-14T19:55:43.843+0000] {taskmixin.py:205} WARNING - Dependency <Task(BashOperator): delete_tag>, create_tag already registered for DAG: example_complex
[2022-12-14T19:55:43.858+0000] {processor.py:753} INFO - DAG(s) dict_keys(['example_complex']) retrieved from /home/airflow/.local/lib/python3.7/site-packages/airflow/example_dags/example_complex.py
[2022-12-14T19:55:43.954+0000] {logging_mixin.py:137} INFO - [2022-12-14T19:55:43.954+0000] {dag.py:2676} INFO - Sync 1 DAGs
[2022-12-14T19:55:43.992+0000] {logging_mixin.py:137} INFO - [2022-12-14T19:55:43.992+0000] {dag.py:3427} INFO - Setting next_dagrun for example_complex to None, run_after=None
[2022-12-14T19:55:44.019+0000] {processor.py:175} INFO - Processing /home/airflow/.local/lib/python3.7/site-packages/airflow/example_dags/example_complex.py took 0.207 seconds
[2022-12-14T19:56:14.621+0000] {processor.py:153} INFO - Started process (PID=757) to work on /home/airflow/.local/lib/python3.7/site-packages/airflow/example_dags/example_complex.py
[2022-12-14T19:56:14.624+0000] {processor.py:743} INFO - Processing file /home/airflow/.local/lib/python3.7/site-packages/airflow/example_dags/example_complex.py for tasks to queue
[2022-12-14T19:56:14.626+0000] {logging_mixin.py:137} INFO - [2022-12-14T19:56:14.626+0000] {dagbag.py:538} INFO - Filling up the DagBag from /home/airflow/.local/lib/python3.7/site-packages/airflow/example_dags/example_complex.py
[2022-12-14T19:56:14.671+0000] {logging_mixin.py:137} INFO - [2022-12-14T19:56:14.670+0000] {taskmixin.py:205} WARNING - Dependency <Task(BashOperator): create_entry_group>, delete_entry_group already registered for DAG: example_complex
[2022-12-14T19:56:14.677+0000] {logging_mixin.py:137} INFO - [2022-12-14T19:56:14.676+0000] {taskmixin.py:205} WARNING - Dependency <Task(BashOperator): delete_entry_group>, create_entry_group already registered for DAG: example_complex
[2022-12-14T19:56:14.678+0000] {logging_mixin.py:137} INFO - [2022-12-14T19:56:14.677+0000] {taskmixin.py:205} WARNING - Dependency <Task(BashOperator): create_entry_gcs>, delete_entry already registered for DAG: example_complex
[2022-12-14T19:56:14.679+0000] {logging_mixin.py:137} INFO - [2022-12-14T19:56:14.678+0000] {taskmixin.py:205} WARNING - Dependency <Task(BashOperator): delete_entry>, create_entry_gcs already registered for DAG: example_complex
[2022-12-14T19:56:14.681+0000] {logging_mixin.py:137} INFO - [2022-12-14T19:56:14.681+0000] {taskmixin.py:205} WARNING - Dependency <Task(BashOperator): create_tag>, delete_tag already registered for DAG: example_complex
[2022-12-14T19:56:14.683+0000] {logging_mixin.py:137} INFO - [2022-12-14T19:56:14.683+0000] {taskmixin.py:205} WARNING - Dependency <Task(BashOperator): delete_tag>, create_tag already registered for DAG: example_complex
[2022-12-14T19:56:14.709+0000] {processor.py:753} INFO - DAG(s) dict_keys(['example_complex']) retrieved from /home/airflow/.local/lib/python3.7/site-packages/airflow/example_dags/example_complex.py
[2022-12-14T19:56:14.788+0000] {logging_mixin.py:137} INFO - [2022-12-14T19:56:14.788+0000] {dag.py:2676} INFO - Sync 1 DAGs
[2022-12-14T19:56:14.884+0000] {logging_mixin.py:137} INFO - [2022-12-14T19:56:14.884+0000] {dag.py:3427} INFO - Setting next_dagrun for example_complex to None, run_after=None
[2022-12-14T19:56:14.956+0000] {processor.py:175} INFO - Processing /home/airflow/.local/lib/python3.7/site-packages/airflow/example_dags/example_complex.py took 0.341 seconds
[2022-12-14T19:56:44.998+0000] {processor.py:153} INFO - Started process (PID=853) to work on /home/airflow/.local/lib/python3.7/site-packages/airflow/example_dags/example_complex.py
[2022-12-14T19:56:45.000+0000] {processor.py:743} INFO - Processing file /home/airflow/.local/lib/python3.7/site-packages/airflow/example_dags/example_complex.py for tasks to queue
[2022-12-14T19:56:45.001+0000] {logging_mixin.py:137} INFO - [2022-12-14T19:56:45.001+0000] {dagbag.py:538} INFO - Filling up the DagBag from /home/airflow/.local/lib/python3.7/site-packages/airflow/example_dags/example_complex.py
[2022-12-14T19:56:45.019+0000] {logging_mixin.py:137} INFO - [2022-12-14T19:56:45.019+0000] {taskmixin.py:205} WARNING - Dependency <Task(BashOperator): create_entry_group>, delete_entry_group already registered for DAG: example_complex
[2022-12-14T19:56:45.020+0000] {logging_mixin.py:137} INFO - [2022-12-14T19:56:45.020+0000] {taskmixin.py:205} WARNING - Dependency <Task(BashOperator): delete_entry_group>, create_entry_group already registered for DAG: example_complex
[2022-12-14T19:56:45.021+0000] {logging_mixin.py:137} INFO - [2022-12-14T19:56:45.021+0000] {taskmixin.py:205} WARNING - Dependency <Task(BashOperator): create_entry_gcs>, delete_entry already registered for DAG: example_complex
[2022-12-14T19:56:45.022+0000] {logging_mixin.py:137} INFO - [2022-12-14T19:56:45.021+0000] {taskmixin.py:205} WARNING - Dependency <Task(BashOperator): delete_entry>, create_entry_gcs already registered for DAG: example_complex
[2022-12-14T19:56:45.023+0000] {logging_mixin.py:137} INFO - [2022-12-14T19:56:45.022+0000] {taskmixin.py:205} WARNING - Dependency <Task(BashOperator): create_tag>, delete_tag already registered for DAG: example_complex
[2022-12-14T19:56:45.023+0000] {logging_mixin.py:137} INFO - [2022-12-14T19:56:45.023+0000] {taskmixin.py:205} WARNING - Dependency <Task(BashOperator): delete_tag>, create_tag already registered for DAG: example_complex
[2022-12-14T19:56:45.035+0000] {processor.py:753} INFO - DAG(s) dict_keys(['example_complex']) retrieved from /home/airflow/.local/lib/python3.7/site-packages/airflow/example_dags/example_complex.py
[2022-12-14T19:56:45.097+0000] {logging_mixin.py:137} INFO - [2022-12-14T19:56:45.097+0000] {dag.py:2676} INFO - Sync 1 DAGs
[2022-12-14T19:56:45.133+0000] {logging_mixin.py:137} INFO - [2022-12-14T19:56:45.133+0000] {dag.py:3427} INFO - Setting next_dagrun for example_complex to None, run_after=None
[2022-12-14T19:56:45.160+0000] {processor.py:175} INFO - Processing /home/airflow/.local/lib/python3.7/site-packages/airflow/example_dags/example_complex.py took 0.166 seconds
[2022-12-14T19:57:15.299+0000] {processor.py:153} INFO - Started process (PID=947) to work on /home/airflow/.local/lib/python3.7/site-packages/airflow/example_dags/example_complex.py
[2022-12-14T19:57:15.300+0000] {processor.py:743} INFO - Processing file /home/airflow/.local/lib/python3.7/site-packages/airflow/example_dags/example_complex.py for tasks to queue
[2022-12-14T19:57:15.301+0000] {logging_mixin.py:137} INFO - [2022-12-14T19:57:15.301+0000] {dagbag.py:538} INFO - Filling up the DagBag from /home/airflow/.local/lib/python3.7/site-packages/airflow/example_dags/example_complex.py
[2022-12-14T19:57:15.318+0000] {logging_mixin.py:137} INFO - [2022-12-14T19:57:15.318+0000] {taskmixin.py:205} WARNING - Dependency <Task(BashOperator): create_entry_group>, delete_entry_group already registered for DAG: example_complex
[2022-12-14T19:57:15.319+0000] {logging_mixin.py:137} INFO - [2022-12-14T19:57:15.318+0000] {taskmixin.py:205} WARNING - Dependency <Task(BashOperator): delete_entry_group>, create_entry_group already registered for DAG: example_complex
[2022-12-14T19:57:15.319+0000] {logging_mixin.py:137} INFO - [2022-12-14T19:57:15.319+0000] {taskmixin.py:205} WARNING - Dependency <Task(BashOperator): create_entry_gcs>, delete_entry already registered for DAG: example_complex
[2022-12-14T19:57:15.320+0000] {logging_mixin.py:137} INFO - [2022-12-14T19:57:15.320+0000] {taskmixin.py:205} WARNING - Dependency <Task(BashOperator): delete_entry>, create_entry_gcs already registered for DAG: example_complex
[2022-12-14T19:57:15.320+0000] {logging_mixin.py:137} INFO - [2022-12-14T19:57:15.320+0000] {taskmixin.py:205} WARNING - Dependency <Task(BashOperator): create_tag>, delete_tag already registered for DAG: example_complex
[2022-12-14T19:57:15.321+0000] {logging_mixin.py:137} INFO - [2022-12-14T19:57:15.321+0000] {taskmixin.py:205} WARNING - Dependency <Task(BashOperator): delete_tag>, create_tag already registered for DAG: example_complex
[2022-12-14T19:57:15.331+0000] {processor.py:753} INFO - DAG(s) dict_keys(['example_complex']) retrieved from /home/airflow/.local/lib/python3.7/site-packages/airflow/example_dags/example_complex.py
[2022-12-14T19:57:15.393+0000] {logging_mixin.py:137} INFO - [2022-12-14T19:57:15.392+0000] {dag.py:2676} INFO - Sync 1 DAGs
[2022-12-14T19:57:15.432+0000] {logging_mixin.py:137} INFO - [2022-12-14T19:57:15.432+0000] {dag.py:3427} INFO - Setting next_dagrun for example_complex to None, run_after=None
[2022-12-14T19:57:15.461+0000] {processor.py:175} INFO - Processing /home/airflow/.local/lib/python3.7/site-packages/airflow/example_dags/example_complex.py took 0.166 seconds
[2022-12-14T19:57:45.928+0000] {processor.py:153} INFO - Started process (PID=1037) to work on /home/airflow/.local/lib/python3.7/site-packages/airflow/example_dags/example_complex.py
[2022-12-14T19:57:45.929+0000] {processor.py:743} INFO - Processing file /home/airflow/.local/lib/python3.7/site-packages/airflow/example_dags/example_complex.py for tasks to queue
[2022-12-14T19:57:45.931+0000] {logging_mixin.py:137} INFO - [2022-12-14T19:57:45.931+0000] {dagbag.py:538} INFO - Filling up the DagBag from /home/airflow/.local/lib/python3.7/site-packages/airflow/example_dags/example_complex.py
[2022-12-14T19:57:45.947+0000] {logging_mixin.py:137} INFO - [2022-12-14T19:57:45.947+0000] {taskmixin.py:205} WARNING - Dependency <Task(BashOperator): create_entry_group>, delete_entry_group already registered for DAG: example_complex
[2022-12-14T19:57:45.948+0000] {logging_mixin.py:137} INFO - [2022-12-14T19:57:45.948+0000] {taskmixin.py:205} WARNING - Dependency <Task(BashOperator): delete_entry_group>, create_entry_group already registered for DAG: example_complex
[2022-12-14T19:57:45.948+0000] {logging_mixin.py:137} INFO - [2022-12-14T19:57:45.948+0000] {taskmixin.py:205} WARNING - Dependency <Task(BashOperator): create_entry_gcs>, delete_entry already registered for DAG: example_complex
[2022-12-14T19:57:45.949+0000] {logging_mixin.py:137} INFO - [2022-12-14T19:57:45.949+0000] {taskmixin.py:205} WARNING - Dependency <Task(BashOperator): delete_entry>, create_entry_gcs already registered for DAG: example_complex
[2022-12-14T19:57:45.950+0000] {logging_mixin.py:137} INFO - [2022-12-14T19:57:45.949+0000] {taskmixin.py:205} WARNING - Dependency <Task(BashOperator): create_tag>, delete_tag already registered for DAG: example_complex
[2022-12-14T19:57:45.950+0000] {logging_mixin.py:137} INFO - [2022-12-14T19:57:45.950+0000] {taskmixin.py:205} WARNING - Dependency <Task(BashOperator): delete_tag>, create_tag already registered for DAG: example_complex
[2022-12-14T19:57:45.961+0000] {processor.py:753} INFO - DAG(s) dict_keys(['example_complex']) retrieved from /home/airflow/.local/lib/python3.7/site-packages/airflow/example_dags/example_complex.py
[2022-12-14T19:57:46.038+0000] {logging_mixin.py:137} INFO - [2022-12-14T19:57:46.037+0000] {dag.py:2676} INFO - Sync 1 DAGs
[2022-12-14T19:57:46.091+0000] {logging_mixin.py:137} INFO - [2022-12-14T19:57:46.091+0000] {dag.py:3427} INFO - Setting next_dagrun for example_complex to None, run_after=None
[2022-12-14T19:57:46.171+0000] {processor.py:175} INFO - Processing /home/airflow/.local/lib/python3.7/site-packages/airflow/example_dags/example_complex.py took 0.248 seconds
[2022-12-14T19:58:16.555+0000] {processor.py:153} INFO - Started process (PID=1117) to work on /home/airflow/.local/lib/python3.7/site-packages/airflow/example_dags/example_complex.py
[2022-12-14T19:58:16.557+0000] {processor.py:743} INFO - Processing file /home/airflow/.local/lib/python3.7/site-packages/airflow/example_dags/example_complex.py for tasks to queue
[2022-12-14T19:58:16.558+0000] {logging_mixin.py:137} INFO - [2022-12-14T19:58:16.558+0000] {dagbag.py:538} INFO - Filling up the DagBag from /home/airflow/.local/lib/python3.7/site-packages/airflow/example_dags/example_complex.py
[2022-12-14T19:58:16.576+0000] {logging_mixin.py:137} INFO - [2022-12-14T19:58:16.575+0000] {taskmixin.py:205} WARNING - Dependency <Task(BashOperator): create_entry_group>, delete_entry_group already registered for DAG: example_complex
[2022-12-14T19:58:16.577+0000] {logging_mixin.py:137} INFO - [2022-12-14T19:58:16.576+0000] {taskmixin.py:205} WARNING - Dependency <Task(BashOperator): delete_entry_group>, create_entry_group already registered for DAG: example_complex
[2022-12-14T19:58:16.577+0000] {logging_mixin.py:137} INFO - [2022-12-14T19:58:16.577+0000] {taskmixin.py:205} WARNING - Dependency <Task(BashOperator): create_entry_gcs>, delete_entry already registered for DAG: example_complex
[2022-12-14T19:58:16.578+0000] {logging_mixin.py:137} INFO - [2022-12-14T19:58:16.578+0000] {taskmixin.py:205} WARNING - Dependency <Task(BashOperator): delete_entry>, create_entry_gcs already registered for DAG: example_complex
[2022-12-14T19:58:16.579+0000] {logging_mixin.py:137} INFO - [2022-12-14T19:58:16.579+0000] {taskmixin.py:205} WARNING - Dependency <Task(BashOperator): create_tag>, delete_tag already registered for DAG: example_complex
[2022-12-14T19:58:16.580+0000] {logging_mixin.py:137} INFO - [2022-12-14T19:58:16.580+0000] {taskmixin.py:205} WARNING - Dependency <Task(BashOperator): delete_tag>, create_tag already registered for DAG: example_complex
[2022-12-14T19:58:16.593+0000] {processor.py:753} INFO - DAG(s) dict_keys(['example_complex']) retrieved from /home/airflow/.local/lib/python3.7/site-packages/airflow/example_dags/example_complex.py
[2022-12-14T19:58:16.651+0000] {logging_mixin.py:137} INFO - [2022-12-14T19:58:16.651+0000] {dag.py:2676} INFO - Sync 1 DAGs
[2022-12-14T19:58:16.694+0000] {logging_mixin.py:137} INFO - [2022-12-14T19:58:16.693+0000] {dag.py:3427} INFO - Setting next_dagrun for example_complex to None, run_after=None
[2022-12-14T19:58:16.731+0000] {processor.py:175} INFO - Processing /home/airflow/.local/lib/python3.7/site-packages/airflow/example_dags/example_complex.py took 0.181 seconds
[2022-12-14T19:58:47.260+0000] {processor.py:153} INFO - Started process (PID=1208) to work on /home/airflow/.local/lib/python3.7/site-packages/airflow/example_dags/example_complex.py
[2022-12-14T19:58:47.261+0000] {processor.py:743} INFO - Processing file /home/airflow/.local/lib/python3.7/site-packages/airflow/example_dags/example_complex.py for tasks to queue
[2022-12-14T19:58:47.262+0000] {logging_mixin.py:137} INFO - [2022-12-14T19:58:47.262+0000] {dagbag.py:538} INFO - Filling up the DagBag from /home/airflow/.local/lib/python3.7/site-packages/airflow/example_dags/example_complex.py
[2022-12-14T19:58:47.281+0000] {logging_mixin.py:137} INFO - [2022-12-14T19:58:47.281+0000] {taskmixin.py:205} WARNING - Dependency <Task(BashOperator): create_entry_group>, delete_entry_group already registered for DAG: example_complex
[2022-12-14T19:58:47.282+0000] {logging_mixin.py:137} INFO - [2022-12-14T19:58:47.281+0000] {taskmixin.py:205} WARNING - Dependency <Task(BashOperator): delete_entry_group>, create_entry_group already registered for DAG: example_complex
[2022-12-14T19:58:47.282+0000] {logging_mixin.py:137} INFO - [2022-12-14T19:58:47.282+0000] {taskmixin.py:205} WARNING - Dependency <Task(BashOperator): create_entry_gcs>, delete_entry already registered for DAG: example_complex
[2022-12-14T19:58:47.283+0000] {logging_mixin.py:137} INFO - [2022-12-14T19:58:47.283+0000] {taskmixin.py:205} WARNING - Dependency <Task(BashOperator): delete_entry>, create_entry_gcs already registered for DAG: example_complex
[2022-12-14T19:58:47.284+0000] {logging_mixin.py:137} INFO - [2022-12-14T19:58:47.284+0000] {taskmixin.py:205} WARNING - Dependency <Task(BashOperator): create_tag>, delete_tag already registered for DAG: example_complex
[2022-12-14T19:58:47.285+0000] {logging_mixin.py:137} INFO - [2022-12-14T19:58:47.284+0000] {taskmixin.py:205} WARNING - Dependency <Task(BashOperator): delete_tag>, create_tag already registered for DAG: example_complex
[2022-12-14T19:58:47.296+0000] {processor.py:753} INFO - DAG(s) dict_keys(['example_complex']) retrieved from /home/airflow/.local/lib/python3.7/site-packages/airflow/example_dags/example_complex.py
[2022-12-14T19:58:47.361+0000] {logging_mixin.py:137} INFO - [2022-12-14T19:58:47.360+0000] {dag.py:2676} INFO - Sync 1 DAGs
[2022-12-14T19:58:47.399+0000] {logging_mixin.py:137} INFO - [2022-12-14T19:58:47.399+0000] {dag.py:3427} INFO - Setting next_dagrun for example_complex to None, run_after=None
[2022-12-14T19:58:47.429+0000] {processor.py:175} INFO - Processing /home/airflow/.local/lib/python3.7/site-packages/airflow/example_dags/example_complex.py took 0.174 seconds
[2022-12-14T19:59:17.734+0000] {processor.py:153} INFO - Started process (PID=1288) to work on /home/airflow/.local/lib/python3.7/site-packages/airflow/example_dags/example_complex.py
[2022-12-14T19:59:17.736+0000] {processor.py:743} INFO - Processing file /home/airflow/.local/lib/python3.7/site-packages/airflow/example_dags/example_complex.py for tasks to queue
[2022-12-14T19:59:17.737+0000] {logging_mixin.py:137} INFO - [2022-12-14T19:59:17.737+0000] {dagbag.py:538} INFO - Filling up the DagBag from /home/airflow/.local/lib/python3.7/site-packages/airflow/example_dags/example_complex.py
[2022-12-14T19:59:17.754+0000] {logging_mixin.py:137} INFO - [2022-12-14T19:59:17.753+0000] {taskmixin.py:205} WARNING - Dependency <Task(BashOperator): create_entry_group>, delete_entry_group already registered for DAG: example_complex
[2022-12-14T19:59:17.754+0000] {logging_mixin.py:137} INFO - [2022-12-14T19:59:17.754+0000] {taskmixin.py:205} WARNING - Dependency <Task(BashOperator): delete_entry_group>, create_entry_group already registered for DAG: example_complex
[2022-12-14T19:59:17.755+0000] {logging_mixin.py:137} INFO - [2022-12-14T19:59:17.755+0000] {taskmixin.py:205} WARNING - Dependency <Task(BashOperator): create_entry_gcs>, delete_entry already registered for DAG: example_complex
[2022-12-14T19:59:17.755+0000] {logging_mixin.py:137} INFO - [2022-12-14T19:59:17.755+0000] {taskmixin.py:205} WARNING - Dependency <Task(BashOperator): delete_entry>, create_entry_gcs already registered for DAG: example_complex
[2022-12-14T19:59:17.756+0000] {logging_mixin.py:137} INFO - [2022-12-14T19:59:17.756+0000] {taskmixin.py:205} WARNING - Dependency <Task(BashOperator): create_tag>, delete_tag already registered for DAG: example_complex
[2022-12-14T19:59:17.757+0000] {logging_mixin.py:137} INFO - [2022-12-14T19:59:17.757+0000] {taskmixin.py:205} WARNING - Dependency <Task(BashOperator): delete_tag>, create_tag already registered for DAG: example_complex
[2022-12-14T19:59:17.767+0000] {processor.py:753} INFO - DAG(s) dict_keys(['example_complex']) retrieved from /home/airflow/.local/lib/python3.7/site-packages/airflow/example_dags/example_complex.py
[2022-12-14T19:59:17.835+0000] {logging_mixin.py:137} INFO - [2022-12-14T19:59:17.834+0000] {dag.py:2676} INFO - Sync 1 DAGs
[2022-12-14T19:59:17.871+0000] {logging_mixin.py:137} INFO - [2022-12-14T19:59:17.871+0000] {dag.py:3427} INFO - Setting next_dagrun for example_complex to None, run_after=None
[2022-12-14T19:59:17.903+0000] {processor.py:175} INFO - Processing /home/airflow/.local/lib/python3.7/site-packages/airflow/example_dags/example_complex.py took 0.173 seconds
[2022-12-14T19:59:48.640+0000] {processor.py:153} INFO - Started process (PID=1368) to work on /home/airflow/.local/lib/python3.7/site-packages/airflow/example_dags/example_complex.py
[2022-12-14T19:59:48.641+0000] {processor.py:743} INFO - Processing file /home/airflow/.local/lib/python3.7/site-packages/airflow/example_dags/example_complex.py for tasks to queue
[2022-12-14T19:59:48.642+0000] {logging_mixin.py:137} INFO - [2022-12-14T19:59:48.642+0000] {dagbag.py:538} INFO - Filling up the DagBag from /home/airflow/.local/lib/python3.7/site-packages/airflow/example_dags/example_complex.py
[2022-12-14T19:59:48.659+0000] {logging_mixin.py:137} INFO - [2022-12-14T19:59:48.659+0000] {taskmixin.py:205} WARNING - Dependency <Task(BashOperator): create_entry_group>, delete_entry_group already registered for DAG: example_complex
[2022-12-14T19:59:48.660+0000] {logging_mixin.py:137} INFO - [2022-12-14T19:59:48.660+0000] {taskmixin.py:205} WARNING - Dependency <Task(BashOperator): delete_entry_group>, create_entry_group already registered for DAG: example_complex
[2022-12-14T19:59:48.661+0000] {logging_mixin.py:137} INFO - [2022-12-14T19:59:48.661+0000] {taskmixin.py:205} WARNING - Dependency <Task(BashOperator): create_entry_gcs>, delete_entry already registered for DAG: example_complex
[2022-12-14T19:59:48.661+0000] {logging_mixin.py:137} INFO - [2022-12-14T19:59:48.661+0000] {taskmixin.py:205} WARNING - Dependency <Task(BashOperator): delete_entry>, create_entry_gcs already registered for DAG: example_complex
[2022-12-14T19:59:48.662+0000] {logging_mixin.py:137} INFO - [2022-12-14T19:59:48.662+0000] {taskmixin.py:205} WARNING - Dependency <Task(BashOperator): create_tag>, delete_tag already registered for DAG: example_complex
[2022-12-14T19:59:48.663+0000] {logging_mixin.py:137} INFO - [2022-12-14T19:59:48.662+0000] {taskmixin.py:205} WARNING - Dependency <Task(BashOperator): delete_tag>, create_tag already registered for DAG: example_complex
[2022-12-14T19:59:48.673+0000] {processor.py:753} INFO - DAG(s) dict_keys(['example_complex']) retrieved from /home/airflow/.local/lib/python3.7/site-packages/airflow/example_dags/example_complex.py
[2022-12-14T19:59:48.730+0000] {logging_mixin.py:137} INFO - [2022-12-14T19:59:48.729+0000] {dag.py:2676} INFO - Sync 1 DAGs
[2022-12-14T19:59:48.766+0000] {logging_mixin.py:137} INFO - [2022-12-14T19:59:48.765+0000] {dag.py:3427} INFO - Setting next_dagrun for example_complex to None, run_after=None
[2022-12-14T19:59:48.796+0000] {processor.py:175} INFO - Processing /home/airflow/.local/lib/python3.7/site-packages/airflow/example_dags/example_complex.py took 0.160 seconds
[2022-12-14T20:00:19.109+0000] {processor.py:153} INFO - Started process (PID=1448) to work on /home/airflow/.local/lib/python3.7/site-packages/airflow/example_dags/example_complex.py
[2022-12-14T20:00:19.111+0000] {processor.py:743} INFO - Processing file /home/airflow/.local/lib/python3.7/site-packages/airflow/example_dags/example_complex.py for tasks to queue
[2022-12-14T20:00:19.114+0000] {logging_mixin.py:137} INFO - [2022-12-14T20:00:19.114+0000] {dagbag.py:538} INFO - Filling up the DagBag from /home/airflow/.local/lib/python3.7/site-packages/airflow/example_dags/example_complex.py
[2022-12-14T20:00:19.134+0000] {logging_mixin.py:137} INFO - [2022-12-14T20:00:19.134+0000] {taskmixin.py:205} WARNING - Dependency <Task(BashOperator): create_entry_group>, delete_entry_group already registered for DAG: example_complex
[2022-12-14T20:00:19.135+0000] {logging_mixin.py:137} INFO - [2022-12-14T20:00:19.135+0000] {taskmixin.py:205} WARNING - Dependency <Task(BashOperator): delete_entry_group>, create_entry_group already registered for DAG: example_complex
[2022-12-14T20:00:19.136+0000] {logging_mixin.py:137} INFO - [2022-12-14T20:00:19.135+0000] {taskmixin.py:205} WARNING - Dependency <Task(BashOperator): create_entry_gcs>, delete_entry already registered for DAG: example_complex
[2022-12-14T20:00:19.136+0000] {logging_mixin.py:137} INFO - [2022-12-14T20:00:19.136+0000] {taskmixin.py:205} WARNING - Dependency <Task(BashOperator): delete_entry>, create_entry_gcs already registered for DAG: example_complex
[2022-12-14T20:00:19.137+0000] {logging_mixin.py:137} INFO - [2022-12-14T20:00:19.137+0000] {taskmixin.py:205} WARNING - Dependency <Task(BashOperator): create_tag>, delete_tag already registered for DAG: example_complex
[2022-12-14T20:00:19.137+0000] {logging_mixin.py:137} INFO - [2022-12-14T20:00:19.137+0000] {taskmixin.py:205} WARNING - Dependency <Task(BashOperator): delete_tag>, create_tag already registered for DAG: example_complex
[2022-12-14T20:00:19.149+0000] {processor.py:753} INFO - DAG(s) dict_keys(['example_complex']) retrieved from /home/airflow/.local/lib/python3.7/site-packages/airflow/example_dags/example_complex.py
[2022-12-14T20:00:19.259+0000] {logging_mixin.py:137} INFO - [2022-12-14T20:00:19.259+0000] {dag.py:2676} INFO - Sync 1 DAGs
[2022-12-14T20:00:19.318+0000] {logging_mixin.py:137} INFO - [2022-12-14T20:00:19.317+0000] {dag.py:3427} INFO - Setting next_dagrun for example_complex to None, run_after=None
[2022-12-14T20:00:19.352+0000] {processor.py:175} INFO - Processing /home/airflow/.local/lib/python3.7/site-packages/airflow/example_dags/example_complex.py took 0.249 seconds
[2022-12-14T20:00:49.941+0000] {processor.py:153} INFO - Started process (PID=1548) to work on /home/airflow/.local/lib/python3.7/site-packages/airflow/example_dags/example_complex.py
[2022-12-14T20:00:49.943+0000] {processor.py:743} INFO - Processing file /home/airflow/.local/lib/python3.7/site-packages/airflow/example_dags/example_complex.py for tasks to queue
[2022-12-14T20:00:49.945+0000] {logging_mixin.py:137} INFO - [2022-12-14T20:00:49.944+0000] {dagbag.py:538} INFO - Filling up the DagBag from /home/airflow/.local/lib/python3.7/site-packages/airflow/example_dags/example_complex.py
[2022-12-14T20:00:49.971+0000] {logging_mixin.py:137} INFO - [2022-12-14T20:00:49.970+0000] {taskmixin.py:205} WARNING - Dependency <Task(BashOperator): create_entry_group>, delete_entry_group already registered for DAG: example_complex
[2022-12-14T20:00:49.972+0000] {logging_mixin.py:137} INFO - [2022-12-14T20:00:49.971+0000] {taskmixin.py:205} WARNING - Dependency <Task(BashOperator): delete_entry_group>, create_entry_group already registered for DAG: example_complex
[2022-12-14T20:00:49.972+0000] {logging_mixin.py:137} INFO - [2022-12-14T20:00:49.972+0000] {taskmixin.py:205} WARNING - Dependency <Task(BashOperator): create_entry_gcs>, delete_entry already registered for DAG: example_complex
[2022-12-14T20:00:49.973+0000] {logging_mixin.py:137} INFO - [2022-12-14T20:00:49.973+0000] {taskmixin.py:205} WARNING - Dependency <Task(BashOperator): delete_entry>, create_entry_gcs already registered for DAG: example_complex
[2022-12-14T20:00:49.974+0000] {logging_mixin.py:137} INFO - [2022-12-14T20:00:49.973+0000] {taskmixin.py:205} WARNING - Dependency <Task(BashOperator): create_tag>, delete_tag already registered for DAG: example_complex
[2022-12-14T20:00:49.974+0000] {logging_mixin.py:137} INFO - [2022-12-14T20:00:49.974+0000] {taskmixin.py:205} WARNING - Dependency <Task(BashOperator): delete_tag>, create_tag already registered for DAG: example_complex
[2022-12-14T20:00:49.989+0000] {processor.py:753} INFO - DAG(s) dict_keys(['example_complex']) retrieved from /home/airflow/.local/lib/python3.7/site-packages/airflow/example_dags/example_complex.py
[2022-12-14T20:00:50.077+0000] {logging_mixin.py:137} INFO - [2022-12-14T20:00:50.077+0000] {dag.py:2676} INFO - Sync 1 DAGs
[2022-12-14T20:00:50.125+0000] {logging_mixin.py:137} INFO - [2022-12-14T20:00:50.124+0000] {dag.py:3427} INFO - Setting next_dagrun for example_complex to None, run_after=None
[2022-12-14T20:00:50.159+0000] {processor.py:175} INFO - Processing /home/airflow/.local/lib/python3.7/site-packages/airflow/example_dags/example_complex.py took 0.228 seconds
[2022-12-14T20:01:20.725+0000] {processor.py:153} INFO - Started process (PID=1628) to work on /home/airflow/.local/lib/python3.7/site-packages/airflow/example_dags/example_complex.py
[2022-12-14T20:01:20.726+0000] {processor.py:743} INFO - Processing file /home/airflow/.local/lib/python3.7/site-packages/airflow/example_dags/example_complex.py for tasks to queue
[2022-12-14T20:01:20.728+0000] {logging_mixin.py:137} INFO - [2022-12-14T20:01:20.727+0000] {dagbag.py:538} INFO - Filling up the DagBag from /home/airflow/.local/lib/python3.7/site-packages/airflow/example_dags/example_complex.py
[2022-12-14T20:01:20.749+0000] {logging_mixin.py:137} INFO - [2022-12-14T20:01:20.749+0000] {taskmixin.py:205} WARNING - Dependency <Task(BashOperator): create_entry_group>, delete_entry_group already registered for DAG: example_complex
[2022-12-14T20:01:20.750+0000] {logging_mixin.py:137} INFO - [2022-12-14T20:01:20.750+0000] {taskmixin.py:205} WARNING - Dependency <Task(BashOperator): delete_entry_group>, create_entry_group already registered for DAG: example_complex
[2022-12-14T20:01:20.750+0000] {logging_mixin.py:137} INFO - [2022-12-14T20:01:20.750+0000] {taskmixin.py:205} WARNING - Dependency <Task(BashOperator): create_entry_gcs>, delete_entry already registered for DAG: example_complex
[2022-12-14T20:01:20.751+0000] {logging_mixin.py:137} INFO - [2022-12-14T20:01:20.751+0000] {taskmixin.py:205} WARNING - Dependency <Task(BashOperator): delete_entry>, create_entry_gcs already registered for DAG: example_complex
[2022-12-14T20:01:20.752+0000] {logging_mixin.py:137} INFO - [2022-12-14T20:01:20.751+0000] {taskmixin.py:205} WARNING - Dependency <Task(BashOperator): create_tag>, delete_tag already registered for DAG: example_complex
[2022-12-14T20:01:20.752+0000] {logging_mixin.py:137} INFO - [2022-12-14T20:01:20.752+0000] {taskmixin.py:205} WARNING - Dependency <Task(BashOperator): delete_tag>, create_tag already registered for DAG: example_complex
[2022-12-14T20:01:20.763+0000] {processor.py:753} INFO - DAG(s) dict_keys(['example_complex']) retrieved from /home/airflow/.local/lib/python3.7/site-packages/airflow/example_dags/example_complex.py
[2022-12-14T20:01:20.824+0000] {logging_mixin.py:137} INFO - [2022-12-14T20:01:20.824+0000] {dag.py:2676} INFO - Sync 1 DAGs
[2022-12-14T20:01:20.859+0000] {logging_mixin.py:137} INFO - [2022-12-14T20:01:20.859+0000] {dag.py:3427} INFO - Setting next_dagrun for example_complex to None, run_after=None
[2022-12-14T20:01:20.887+0000] {processor.py:175} INFO - Processing /home/airflow/.local/lib/python3.7/site-packages/airflow/example_dags/example_complex.py took 0.167 seconds
[2022-12-14T20:01:50.913+0000] {processor.py:153} INFO - Started process (PID=1707) to work on /home/airflow/.local/lib/python3.7/site-packages/airflow/example_dags/example_complex.py
[2022-12-14T20:01:50.915+0000] {processor.py:743} INFO - Processing file /home/airflow/.local/lib/python3.7/site-packages/airflow/example_dags/example_complex.py for tasks to queue
[2022-12-14T20:01:50.916+0000] {logging_mixin.py:137} INFO - [2022-12-14T20:01:50.915+0000] {dagbag.py:538} INFO - Filling up the DagBag from /home/airflow/.local/lib/python3.7/site-packages/airflow/example_dags/example_complex.py
[2022-12-14T20:01:50.935+0000] {logging_mixin.py:137} INFO - [2022-12-14T20:01:50.935+0000] {taskmixin.py:205} WARNING - Dependency <Task(BashOperator): create_entry_group>, delete_entry_group already registered for DAG: example_complex
[2022-12-14T20:01:50.935+0000] {logging_mixin.py:137} INFO - [2022-12-14T20:01:50.935+0000] {taskmixin.py:205} WARNING - Dependency <Task(BashOperator): delete_entry_group>, create_entry_group already registered for DAG: example_complex
[2022-12-14T20:01:50.936+0000] {logging_mixin.py:137} INFO - [2022-12-14T20:01:50.936+0000] {taskmixin.py:205} WARNING - Dependency <Task(BashOperator): create_entry_gcs>, delete_entry already registered for DAG: example_complex
[2022-12-14T20:01:50.937+0000] {logging_mixin.py:137} INFO - [2022-12-14T20:01:50.937+0000] {taskmixin.py:205} WARNING - Dependency <Task(BashOperator): delete_entry>, create_entry_gcs already registered for DAG: example_complex
[2022-12-14T20:01:50.937+0000] {logging_mixin.py:137} INFO - [2022-12-14T20:01:50.937+0000] {taskmixin.py:205} WARNING - Dependency <Task(BashOperator): create_tag>, delete_tag already registered for DAG: example_complex
[2022-12-14T20:01:50.938+0000] {logging_mixin.py:137} INFO - [2022-12-14T20:01:50.938+0000] {taskmixin.py:205} WARNING - Dependency <Task(BashOperator): delete_tag>, create_tag already registered for DAG: example_complex
[2022-12-14T20:01:50.949+0000] {processor.py:753} INFO - DAG(s) dict_keys(['example_complex']) retrieved from /home/airflow/.local/lib/python3.7/site-packages/airflow/example_dags/example_complex.py
[2022-12-14T20:01:51.008+0000] {logging_mixin.py:137} INFO - [2022-12-14T20:01:51.008+0000] {dag.py:2676} INFO - Sync 1 DAGs
[2022-12-14T20:01:51.043+0000] {logging_mixin.py:137} INFO - [2022-12-14T20:01:51.043+0000] {dag.py:3427} INFO - Setting next_dagrun for example_complex to None, run_after=None
[2022-12-14T20:01:51.071+0000] {processor.py:175} INFO - Processing /home/airflow/.local/lib/python3.7/site-packages/airflow/example_dags/example_complex.py took 0.162 seconds
[2022-12-14T20:02:21.443+0000] {processor.py:153} INFO - Started process (PID=1787) to work on /home/airflow/.local/lib/python3.7/site-packages/airflow/example_dags/example_complex.py
[2022-12-14T20:02:21.444+0000] {processor.py:743} INFO - Processing file /home/airflow/.local/lib/python3.7/site-packages/airflow/example_dags/example_complex.py for tasks to queue
[2022-12-14T20:02:21.446+0000] {logging_mixin.py:137} INFO - [2022-12-14T20:02:21.446+0000] {dagbag.py:538} INFO - Filling up the DagBag from /home/airflow/.local/lib/python3.7/site-packages/airflow/example_dags/example_complex.py
[2022-12-14T20:02:21.465+0000] {logging_mixin.py:137} INFO - [2022-12-14T20:02:21.465+0000] {taskmixin.py:205} WARNING - Dependency <Task(BashOperator): create_entry_group>, delete_entry_group already registered for DAG: example_complex
[2022-12-14T20:02:21.466+0000] {logging_mixin.py:137} INFO - [2022-12-14T20:02:21.466+0000] {taskmixin.py:205} WARNING - Dependency <Task(BashOperator): delete_entry_group>, create_entry_group already registered for DAG: example_complex
[2022-12-14T20:02:21.466+0000] {logging_mixin.py:137} INFO - [2022-12-14T20:02:21.466+0000] {taskmixin.py:205} WARNING - Dependency <Task(BashOperator): create_entry_gcs>, delete_entry already registered for DAG: example_complex
[2022-12-14T20:02:21.467+0000] {logging_mixin.py:137} INFO - [2022-12-14T20:02:21.467+0000] {taskmixin.py:205} WARNING - Dependency <Task(BashOperator): delete_entry>, create_entry_gcs already registered for DAG: example_complex
[2022-12-14T20:02:21.468+0000] {logging_mixin.py:137} INFO - [2022-12-14T20:02:21.468+0000] {taskmixin.py:205} WARNING - Dependency <Task(BashOperator): create_tag>, delete_tag already registered for DAG: example_complex
[2022-12-14T20:02:21.469+0000] {logging_mixin.py:137} INFO - [2022-12-14T20:02:21.469+0000] {taskmixin.py:205} WARNING - Dependency <Task(BashOperator): delete_tag>, create_tag already registered for DAG: example_complex
[2022-12-14T20:02:21.480+0000] {processor.py:753} INFO - DAG(s) dict_keys(['example_complex']) retrieved from /home/airflow/.local/lib/python3.7/site-packages/airflow/example_dags/example_complex.py
[2022-12-14T20:02:21.542+0000] {logging_mixin.py:137} INFO - [2022-12-14T20:02:21.542+0000] {dag.py:2676} INFO - Sync 1 DAGs
[2022-12-14T20:02:21.578+0000] {logging_mixin.py:137} INFO - [2022-12-14T20:02:21.578+0000] {dag.py:3427} INFO - Setting next_dagrun for example_complex to None, run_after=None
[2022-12-14T20:02:21.604+0000] {processor.py:175} INFO - Processing /home/airflow/.local/lib/python3.7/site-packages/airflow/example_dags/example_complex.py took 0.165 seconds
[2022-12-14T20:02:51.688+0000] {processor.py:153} INFO - Started process (PID=1886) to work on /home/airflow/.local/lib/python3.7/site-packages/airflow/example_dags/example_complex.py
[2022-12-14T20:02:51.690+0000] {processor.py:743} INFO - Processing file /home/airflow/.local/lib/python3.7/site-packages/airflow/example_dags/example_complex.py for tasks to queue
[2022-12-14T20:02:51.691+0000] {logging_mixin.py:137} INFO - [2022-12-14T20:02:51.691+0000] {dagbag.py:538} INFO - Filling up the DagBag from /home/airflow/.local/lib/python3.7/site-packages/airflow/example_dags/example_complex.py
[2022-12-14T20:02:51.714+0000] {logging_mixin.py:137} INFO - [2022-12-14T20:02:51.714+0000] {taskmixin.py:205} WARNING - Dependency <Task(BashOperator): create_entry_group>, delete_entry_group already registered for DAG: example_complex
[2022-12-14T20:02:51.715+0000] {logging_mixin.py:137} INFO - [2022-12-14T20:02:51.715+0000] {taskmixin.py:205} WARNING - Dependency <Task(BashOperator): delete_entry_group>, create_entry_group already registered for DAG: example_complex
[2022-12-14T20:02:51.716+0000] {logging_mixin.py:137} INFO - [2022-12-14T20:02:51.716+0000] {taskmixin.py:205} WARNING - Dependency <Task(BashOperator): create_entry_gcs>, delete_entry already registered for DAG: example_complex
[2022-12-14T20:02:51.716+0000] {logging_mixin.py:137} INFO - [2022-12-14T20:02:51.716+0000] {taskmixin.py:205} WARNING - Dependency <Task(BashOperator): delete_entry>, create_entry_gcs already registered for DAG: example_complex
[2022-12-14T20:02:51.717+0000] {logging_mixin.py:137} INFO - [2022-12-14T20:02:51.717+0000] {taskmixin.py:205} WARNING - Dependency <Task(BashOperator): create_tag>, delete_tag already registered for DAG: example_complex
[2022-12-14T20:02:51.718+0000] {logging_mixin.py:137} INFO - [2022-12-14T20:02:51.718+0000] {taskmixin.py:205} WARNING - Dependency <Task(BashOperator): delete_tag>, create_tag already registered for DAG: example_complex
[2022-12-14T20:02:51.729+0000] {processor.py:753} INFO - DAG(s) dict_keys(['example_complex']) retrieved from /home/airflow/.local/lib/python3.7/site-packages/airflow/example_dags/example_complex.py
[2022-12-14T20:02:51.814+0000] {logging_mixin.py:137} INFO - [2022-12-14T20:02:51.814+0000] {dag.py:2676} INFO - Sync 1 DAGs
[2022-12-14T20:02:51.858+0000] {logging_mixin.py:137} INFO - [2022-12-14T20:02:51.858+0000] {dag.py:3427} INFO - Setting next_dagrun for example_complex to None, run_after=None
[2022-12-14T20:02:51.893+0000] {processor.py:175} INFO - Processing /home/airflow/.local/lib/python3.7/site-packages/airflow/example_dags/example_complex.py took 0.210 seconds
[2022-12-14T20:03:22.695+0000] {processor.py:153} INFO - Started process (PID=1968) to work on /home/airflow/.local/lib/python3.7/site-packages/airflow/example_dags/example_complex.py
[2022-12-14T20:03:22.696+0000] {processor.py:743} INFO - Processing file /home/airflow/.local/lib/python3.7/site-packages/airflow/example_dags/example_complex.py for tasks to queue
[2022-12-14T20:03:22.697+0000] {logging_mixin.py:137} INFO - [2022-12-14T20:03:22.697+0000] {dagbag.py:538} INFO - Filling up the DagBag from /home/airflow/.local/lib/python3.7/site-packages/airflow/example_dags/example_complex.py
[2022-12-14T20:03:22.716+0000] {logging_mixin.py:137} INFO - [2022-12-14T20:03:22.716+0000] {taskmixin.py:205} WARNING - Dependency <Task(BashOperator): create_entry_group>, delete_entry_group already registered for DAG: example_complex
[2022-12-14T20:03:22.717+0000] {logging_mixin.py:137} INFO - [2022-12-14T20:03:22.717+0000] {taskmixin.py:205} WARNING - Dependency <Task(BashOperator): delete_entry_group>, create_entry_group already registered for DAG: example_complex
[2022-12-14T20:03:22.717+0000] {logging_mixin.py:137} INFO - [2022-12-14T20:03:22.717+0000] {taskmixin.py:205} WARNING - Dependency <Task(BashOperator): create_entry_gcs>, delete_entry already registered for DAG: example_complex
[2022-12-14T20:03:22.718+0000] {logging_mixin.py:137} INFO - [2022-12-14T20:03:22.718+0000] {taskmixin.py:205} WARNING - Dependency <Task(BashOperator): delete_entry>, create_entry_gcs already registered for DAG: example_complex
[2022-12-14T20:03:22.719+0000] {logging_mixin.py:137} INFO - [2022-12-14T20:03:22.719+0000] {taskmixin.py:205} WARNING - Dependency <Task(BashOperator): create_tag>, delete_tag already registered for DAG: example_complex
[2022-12-14T20:03:22.720+0000] {logging_mixin.py:137} INFO - [2022-12-14T20:03:22.719+0000] {taskmixin.py:205} WARNING - Dependency <Task(BashOperator): delete_tag>, create_tag already registered for DAG: example_complex
[2022-12-14T20:03:22.731+0000] {processor.py:753} INFO - DAG(s) dict_keys(['example_complex']) retrieved from /home/airflow/.local/lib/python3.7/site-packages/airflow/example_dags/example_complex.py
[2022-12-14T20:03:22.801+0000] {logging_mixin.py:137} INFO - [2022-12-14T20:03:22.801+0000] {dag.py:2676} INFO - Sync 1 DAGs
[2022-12-14T20:03:22.851+0000] {logging_mixin.py:137} INFO - [2022-12-14T20:03:22.851+0000] {dag.py:3427} INFO - Setting next_dagrun for example_complex to None, run_after=None
[2022-12-14T20:03:22.878+0000] {processor.py:175} INFO - Processing /home/airflow/.local/lib/python3.7/site-packages/airflow/example_dags/example_complex.py took 0.188 seconds
