[2022-12-14T19:52:10.798+0000] {processor.py:153} INFO - Started process (PID=105) to work on /home/airflow/.local/lib/python3.7/site-packages/airflow/example_dags/example_short_circuit_decorator.py
[2022-12-14T19:52:10.800+0000] {processor.py:743} INFO - Processing file /home/airflow/.local/lib/python3.7/site-packages/airflow/example_dags/example_short_circuit_decorator.py for tasks to queue
[2022-12-14T19:52:10.801+0000] {logging_mixin.py:137} INFO - [2022-12-14T19:52:10.801+0000] {dagbag.py:538} INFO - Filling up the DagBag from /home/airflow/.local/lib/python3.7/site-packages/airflow/example_dags/example_short_circuit_decorator.py
[2022-12-14T19:52:10.852+0000] {processor.py:753} INFO - DAG(s) dict_keys(['example_short_circuit_decorator']) retrieved from /home/airflow/.local/lib/python3.7/site-packages/airflow/example_dags/example_short_circuit_decorator.py
[2022-12-14T19:52:10.939+0000] {logging_mixin.py:137} INFO - [2022-12-14T19:52:10.939+0000] {dag.py:2676} INFO - Sync 1 DAGs
[2022-12-14T19:52:11.002+0000] {logging_mixin.py:137} INFO - [2022-12-14T19:52:11.001+0000] {dag.py:3427} INFO - Setting next_dagrun for example_short_circuit_decorator to 2022-12-13T19:52:11.001466+00:00, run_after=2022-12-14T19:52:11.001466+00:00
[2022-12-14T19:52:11.068+0000] {processor.py:175} INFO - Processing /home/airflow/.local/lib/python3.7/site-packages/airflow/example_dags/example_short_circuit_decorator.py took 0.276 seconds
[2022-12-14T19:52:41.255+0000] {processor.py:153} INFO - Started process (PID=185) to work on /home/airflow/.local/lib/python3.7/site-packages/airflow/example_dags/example_short_circuit_decorator.py
[2022-12-14T19:52:41.256+0000] {processor.py:743} INFO - Processing file /home/airflow/.local/lib/python3.7/site-packages/airflow/example_dags/example_short_circuit_decorator.py for tasks to queue
[2022-12-14T19:52:41.257+0000] {logging_mixin.py:137} INFO - [2022-12-14T19:52:41.257+0000] {dagbag.py:538} INFO - Filling up the DagBag from /home/airflow/.local/lib/python3.7/site-packages/airflow/example_dags/example_short_circuit_decorator.py
[2022-12-14T19:52:41.297+0000] {processor.py:753} INFO - DAG(s) dict_keys(['example_short_circuit_decorator']) retrieved from /home/airflow/.local/lib/python3.7/site-packages/airflow/example_dags/example_short_circuit_decorator.py
[2022-12-14T19:52:41.370+0000] {logging_mixin.py:137} INFO - [2022-12-14T19:52:41.370+0000] {dag.py:2676} INFO - Sync 1 DAGs
[2022-12-14T19:52:41.425+0000] {logging_mixin.py:137} INFO - [2022-12-14T19:52:41.425+0000] {dag.py:3427} INFO - Setting next_dagrun for example_short_circuit_decorator to 2022-12-13T19:52:41.424853+00:00, run_after=2022-12-14T19:52:41.424853+00:00
[2022-12-14T19:52:41.463+0000] {processor.py:175} INFO - Processing /home/airflow/.local/lib/python3.7/site-packages/airflow/example_dags/example_short_circuit_decorator.py took 0.212 seconds
[2022-12-14T19:53:12.132+0000] {processor.py:153} INFO - Started process (PID=266) to work on /home/airflow/.local/lib/python3.7/site-packages/airflow/example_dags/example_short_circuit_decorator.py
[2022-12-14T19:53:12.134+0000] {processor.py:743} INFO - Processing file /home/airflow/.local/lib/python3.7/site-packages/airflow/example_dags/example_short_circuit_decorator.py for tasks to queue
[2022-12-14T19:53:12.136+0000] {logging_mixin.py:137} INFO - [2022-12-14T19:53:12.135+0000] {dagbag.py:538} INFO - Filling up the DagBag from /home/airflow/.local/lib/python3.7/site-packages/airflow/example_dags/example_short_circuit_decorator.py
[2022-12-14T19:53:12.182+0000] {processor.py:753} INFO - DAG(s) dict_keys(['example_short_circuit_decorator']) retrieved from /home/airflow/.local/lib/python3.7/site-packages/airflow/example_dags/example_short_circuit_decorator.py
[2022-12-14T19:53:12.250+0000] {logging_mixin.py:137} INFO - [2022-12-14T19:53:12.250+0000] {dag.py:2676} INFO - Sync 1 DAGs
[2022-12-14T19:53:12.291+0000] {logging_mixin.py:137} INFO - [2022-12-14T19:53:12.291+0000] {dag.py:3427} INFO - Setting next_dagrun for example_short_circuit_decorator to 2022-12-13T19:53:12.290985+00:00, run_after=2022-12-14T19:53:12.290985+00:00
[2022-12-14T19:53:12.325+0000] {processor.py:175} INFO - Processing /home/airflow/.local/lib/python3.7/site-packages/airflow/example_dags/example_short_circuit_decorator.py took 0.197 seconds
[2022-12-14T19:53:42.517+0000] {processor.py:153} INFO - Started process (PID=345) to work on /home/airflow/.local/lib/python3.7/site-packages/airflow/example_dags/example_short_circuit_decorator.py
[2022-12-14T19:53:42.518+0000] {processor.py:743} INFO - Processing file /home/airflow/.local/lib/python3.7/site-packages/airflow/example_dags/example_short_circuit_decorator.py for tasks to queue
[2022-12-14T19:53:42.519+0000] {logging_mixin.py:137} INFO - [2022-12-14T19:53:42.519+0000] {dagbag.py:538} INFO - Filling up the DagBag from /home/airflow/.local/lib/python3.7/site-packages/airflow/example_dags/example_short_circuit_decorator.py
[2022-12-14T19:53:42.555+0000] {processor.py:753} INFO - DAG(s) dict_keys(['example_short_circuit_decorator']) retrieved from /home/airflow/.local/lib/python3.7/site-packages/airflow/example_dags/example_short_circuit_decorator.py
[2022-12-14T19:53:42.619+0000] {logging_mixin.py:137} INFO - [2022-12-14T19:53:42.618+0000] {dag.py:2676} INFO - Sync 1 DAGs
[2022-12-14T19:53:42.661+0000] {logging_mixin.py:137} INFO - [2022-12-14T19:53:42.661+0000] {dag.py:3427} INFO - Setting next_dagrun for example_short_circuit_decorator to 2022-12-13T19:53:42.660833+00:00, run_after=2022-12-14T19:53:42.660833+00:00
[2022-12-14T19:53:42.695+0000] {processor.py:175} INFO - Processing /home/airflow/.local/lib/python3.7/site-packages/airflow/example_dags/example_short_circuit_decorator.py took 0.182 seconds
[2022-12-14T19:54:13.209+0000] {processor.py:153} INFO - Started process (PID=434) to work on /home/airflow/.local/lib/python3.7/site-packages/airflow/example_dags/example_short_circuit_decorator.py
[2022-12-14T19:54:13.211+0000] {processor.py:743} INFO - Processing file /home/airflow/.local/lib/python3.7/site-packages/airflow/example_dags/example_short_circuit_decorator.py for tasks to queue
[2022-12-14T19:54:13.212+0000] {logging_mixin.py:137} INFO - [2022-12-14T19:54:13.212+0000] {dagbag.py:538} INFO - Filling up the DagBag from /home/airflow/.local/lib/python3.7/site-packages/airflow/example_dags/example_short_circuit_decorator.py
[2022-12-14T19:54:13.260+0000] {processor.py:753} INFO - DAG(s) dict_keys(['example_short_circuit_decorator']) retrieved from /home/airflow/.local/lib/python3.7/site-packages/airflow/example_dags/example_short_circuit_decorator.py
[2022-12-14T19:54:13.330+0000] {logging_mixin.py:137} INFO - [2022-12-14T19:54:13.330+0000] {dag.py:2676} INFO - Sync 1 DAGs
[2022-12-14T19:54:13.383+0000] {logging_mixin.py:137} INFO - [2022-12-14T19:54:13.383+0000] {dag.py:3427} INFO - Setting next_dagrun for example_short_circuit_decorator to 2022-12-13T19:54:13.382647+00:00, run_after=2022-12-14T19:54:13.382647+00:00
[2022-12-14T19:54:13.430+0000] {processor.py:175} INFO - Processing /home/airflow/.local/lib/python3.7/site-packages/airflow/example_dags/example_short_circuit_decorator.py took 0.225 seconds
[2022-12-14T19:54:43.683+0000] {processor.py:153} INFO - Started process (PID=525) to work on /home/airflow/.local/lib/python3.7/site-packages/airflow/example_dags/example_short_circuit_decorator.py
[2022-12-14T19:54:43.684+0000] {processor.py:743} INFO - Processing file /home/airflow/.local/lib/python3.7/site-packages/airflow/example_dags/example_short_circuit_decorator.py for tasks to queue
[2022-12-14T19:54:43.685+0000] {logging_mixin.py:137} INFO - [2022-12-14T19:54:43.685+0000] {dagbag.py:538} INFO - Filling up the DagBag from /home/airflow/.local/lib/python3.7/site-packages/airflow/example_dags/example_short_circuit_decorator.py
[2022-12-14T19:54:43.728+0000] {processor.py:753} INFO - DAG(s) dict_keys(['example_short_circuit_decorator']) retrieved from /home/airflow/.local/lib/python3.7/site-packages/airflow/example_dags/example_short_circuit_decorator.py
[2022-12-14T19:54:43.790+0000] {logging_mixin.py:137} INFO - [2022-12-14T19:54:43.790+0000] {dag.py:2676} INFO - Sync 1 DAGs
[2022-12-14T19:54:43.832+0000] {logging_mixin.py:137} INFO - [2022-12-14T19:54:43.831+0000] {dag.py:3427} INFO - Setting next_dagrun for example_short_circuit_decorator to 2022-12-13T19:54:43.831555+00:00, run_after=2022-12-14T19:54:43.831555+00:00
[2022-12-14T19:54:43.871+0000] {processor.py:175} INFO - Processing /home/airflow/.local/lib/python3.7/site-packages/airflow/example_dags/example_short_circuit_decorator.py took 0.192 seconds
[2022-12-14T19:55:14.228+0000] {processor.py:153} INFO - Started process (PID=605) to work on /home/airflow/.local/lib/python3.7/site-packages/airflow/example_dags/example_short_circuit_decorator.py
[2022-12-14T19:55:14.229+0000] {processor.py:743} INFO - Processing file /home/airflow/.local/lib/python3.7/site-packages/airflow/example_dags/example_short_circuit_decorator.py for tasks to queue
[2022-12-14T19:55:14.230+0000] {logging_mixin.py:137} INFO - [2022-12-14T19:55:14.230+0000] {dagbag.py:538} INFO - Filling up the DagBag from /home/airflow/.local/lib/python3.7/site-packages/airflow/example_dags/example_short_circuit_decorator.py
[2022-12-14T19:55:14.268+0000] {processor.py:753} INFO - DAG(s) dict_keys(['example_short_circuit_decorator']) retrieved from /home/airflow/.local/lib/python3.7/site-packages/airflow/example_dags/example_short_circuit_decorator.py
[2022-12-14T19:55:14.327+0000] {logging_mixin.py:137} INFO - [2022-12-14T19:55:14.327+0000] {dag.py:2676} INFO - Sync 1 DAGs
[2022-12-14T19:55:14.370+0000] {logging_mixin.py:137} INFO - [2022-12-14T19:55:14.370+0000] {dag.py:3427} INFO - Setting next_dagrun for example_short_circuit_decorator to 2022-12-13T19:55:14.369768+00:00, run_after=2022-12-14T19:55:14.369768+00:00
[2022-12-14T19:55:14.402+0000] {processor.py:175} INFO - Processing /home/airflow/.local/lib/python3.7/site-packages/airflow/example_dags/example_short_circuit_decorator.py took 0.179 seconds
[2022-12-14T19:55:44.848+0000] {processor.py:153} INFO - Started process (PID=685) to work on /home/airflow/.local/lib/python3.7/site-packages/airflow/example_dags/example_short_circuit_decorator.py
[2022-12-14T19:55:44.849+0000] {processor.py:743} INFO - Processing file /home/airflow/.local/lib/python3.7/site-packages/airflow/example_dags/example_short_circuit_decorator.py for tasks to queue
[2022-12-14T19:55:44.850+0000] {logging_mixin.py:137} INFO - [2022-12-14T19:55:44.850+0000] {dagbag.py:538} INFO - Filling up the DagBag from /home/airflow/.local/lib/python3.7/site-packages/airflow/example_dags/example_short_circuit_decorator.py
[2022-12-14T19:55:44.894+0000] {processor.py:753} INFO - DAG(s) dict_keys(['example_short_circuit_decorator']) retrieved from /home/airflow/.local/lib/python3.7/site-packages/airflow/example_dags/example_short_circuit_decorator.py
[2022-12-14T19:55:44.950+0000] {logging_mixin.py:137} INFO - [2022-12-14T19:55:44.949+0000] {dag.py:2676} INFO - Sync 1 DAGs
[2022-12-14T19:55:45.003+0000] {logging_mixin.py:137} INFO - [2022-12-14T19:55:45.003+0000] {dag.py:3427} INFO - Setting next_dagrun for example_short_circuit_decorator to 2022-12-13T19:55:45.002970+00:00, run_after=2022-12-14T19:55:45.002970+00:00
[2022-12-14T19:55:45.042+0000] {processor.py:175} INFO - Processing /home/airflow/.local/lib/python3.7/site-packages/airflow/example_dags/example_short_circuit_decorator.py took 0.198 seconds
[2022-12-14T19:56:18.201+0000] {processor.py:153} INFO - Started process (PID=774) to work on /home/airflow/.local/lib/python3.7/site-packages/airflow/example_dags/example_short_circuit_decorator.py
[2022-12-14T19:56:18.228+0000] {processor.py:743} INFO - Processing file /home/airflow/.local/lib/python3.7/site-packages/airflow/example_dags/example_short_circuit_decorator.py for tasks to queue
[2022-12-14T19:56:18.241+0000] {logging_mixin.py:137} INFO - [2022-12-14T19:56:18.241+0000] {dagbag.py:538} INFO - Filling up the DagBag from /home/airflow/.local/lib/python3.7/site-packages/airflow/example_dags/example_short_circuit_decorator.py
[2022-12-14T19:56:18.319+0000] {processor.py:753} INFO - DAG(s) dict_keys(['example_short_circuit_decorator']) retrieved from /home/airflow/.local/lib/python3.7/site-packages/airflow/example_dags/example_short_circuit_decorator.py
[2022-12-14T19:56:18.383+0000] {logging_mixin.py:137} INFO - [2022-12-14T19:56:18.382+0000] {dag.py:2676} INFO - Sync 1 DAGs
[2022-12-14T19:56:18.469+0000] {logging_mixin.py:137} INFO - [2022-12-14T19:56:18.469+0000] {dag.py:3427} INFO - Setting next_dagrun for example_short_circuit_decorator to 2022-12-13T19:56:18.468456+00:00, run_after=2022-12-14T19:56:18.468456+00:00
[2022-12-14T19:56:21.164+0000] {processor.py:175} INFO - Processing /home/airflow/.local/lib/python3.7/site-packages/airflow/example_dags/example_short_circuit_decorator.py took 2.970 seconds
[2022-12-14T19:56:51.666+0000] {processor.py:153} INFO - Started process (PID=884) to work on /home/airflow/.local/lib/python3.7/site-packages/airflow/example_dags/example_short_circuit_decorator.py
[2022-12-14T19:56:51.668+0000] {processor.py:743} INFO - Processing file /home/airflow/.local/lib/python3.7/site-packages/airflow/example_dags/example_short_circuit_decorator.py for tasks to queue
[2022-12-14T19:56:51.669+0000] {logging_mixin.py:137} INFO - [2022-12-14T19:56:51.669+0000] {dagbag.py:538} INFO - Filling up the DagBag from /home/airflow/.local/lib/python3.7/site-packages/airflow/example_dags/example_short_circuit_decorator.py
[2022-12-14T19:56:51.723+0000] {processor.py:753} INFO - DAG(s) dict_keys(['example_short_circuit_decorator']) retrieved from /home/airflow/.local/lib/python3.7/site-packages/airflow/example_dags/example_short_circuit_decorator.py
[2022-12-14T19:56:51.787+0000] {logging_mixin.py:137} INFO - [2022-12-14T19:56:51.787+0000] {dag.py:2676} INFO - Sync 1 DAGs
[2022-12-14T19:56:51.834+0000] {logging_mixin.py:137} INFO - [2022-12-14T19:56:51.834+0000] {dag.py:3427} INFO - Setting next_dagrun for example_short_circuit_decorator to 2022-12-13T19:56:51.834253+00:00, run_after=2022-12-14T19:56:51.834253+00:00
[2022-12-14T19:56:51.870+0000] {processor.py:175} INFO - Processing /home/airflow/.local/lib/python3.7/site-packages/airflow/example_dags/example_short_circuit_decorator.py took 0.209 seconds
[2022-12-14T19:57:22.035+0000] {processor.py:153} INFO - Started process (PID=976) to work on /home/airflow/.local/lib/python3.7/site-packages/airflow/example_dags/example_short_circuit_decorator.py
[2022-12-14T19:57:22.037+0000] {processor.py:743} INFO - Processing file /home/airflow/.local/lib/python3.7/site-packages/airflow/example_dags/example_short_circuit_decorator.py for tasks to queue
[2022-12-14T19:57:22.041+0000] {logging_mixin.py:137} INFO - [2022-12-14T19:57:22.041+0000] {dagbag.py:538} INFO - Filling up the DagBag from /home/airflow/.local/lib/python3.7/site-packages/airflow/example_dags/example_short_circuit_decorator.py
[2022-12-14T19:57:22.097+0000] {processor.py:753} INFO - DAG(s) dict_keys(['example_short_circuit_decorator']) retrieved from /home/airflow/.local/lib/python3.7/site-packages/airflow/example_dags/example_short_circuit_decorator.py
[2022-12-14T19:57:22.186+0000] {logging_mixin.py:137} INFO - [2022-12-14T19:57:22.186+0000] {dag.py:2676} INFO - Sync 1 DAGs
[2022-12-14T19:57:22.254+0000] {logging_mixin.py:137} INFO - [2022-12-14T19:57:22.253+0000] {dag.py:3427} INFO - Setting next_dagrun for example_short_circuit_decorator to 2022-12-13T19:57:22.253496+00:00, run_after=2022-12-14T19:57:22.253496+00:00
[2022-12-14T19:57:22.293+0000] {processor.py:175} INFO - Processing /home/airflow/.local/lib/python3.7/site-packages/airflow/example_dags/example_short_circuit_decorator.py took 0.264 seconds
[2022-12-14T19:57:52.425+0000] {processor.py:153} INFO - Started process (PID=1056) to work on /home/airflow/.local/lib/python3.7/site-packages/airflow/example_dags/example_short_circuit_decorator.py
[2022-12-14T19:57:52.426+0000] {processor.py:743} INFO - Processing file /home/airflow/.local/lib/python3.7/site-packages/airflow/example_dags/example_short_circuit_decorator.py for tasks to queue
[2022-12-14T19:57:52.427+0000] {logging_mixin.py:137} INFO - [2022-12-14T19:57:52.427+0000] {dagbag.py:538} INFO - Filling up the DagBag from /home/airflow/.local/lib/python3.7/site-packages/airflow/example_dags/example_short_circuit_decorator.py
[2022-12-14T19:57:52.466+0000] {processor.py:753} INFO - DAG(s) dict_keys(['example_short_circuit_decorator']) retrieved from /home/airflow/.local/lib/python3.7/site-packages/airflow/example_dags/example_short_circuit_decorator.py
[2022-12-14T19:57:52.528+0000] {logging_mixin.py:137} INFO - [2022-12-14T19:57:52.527+0000] {dag.py:2676} INFO - Sync 1 DAGs
[2022-12-14T19:57:52.572+0000] {logging_mixin.py:137} INFO - [2022-12-14T19:57:52.572+0000] {dag.py:3427} INFO - Setting next_dagrun for example_short_circuit_decorator to 2022-12-13T19:57:52.571836+00:00, run_after=2022-12-14T19:57:52.571836+00:00
[2022-12-14T19:57:52.604+0000] {processor.py:175} INFO - Processing /home/airflow/.local/lib/python3.7/site-packages/airflow/example_dags/example_short_circuit_decorator.py took 0.184 seconds
[2022-12-14T19:58:22.824+0000] {processor.py:153} INFO - Started process (PID=1136) to work on /home/airflow/.local/lib/python3.7/site-packages/airflow/example_dags/example_short_circuit_decorator.py
[2022-12-14T19:58:22.825+0000] {processor.py:743} INFO - Processing file /home/airflow/.local/lib/python3.7/site-packages/airflow/example_dags/example_short_circuit_decorator.py for tasks to queue
[2022-12-14T19:58:22.827+0000] {logging_mixin.py:137} INFO - [2022-12-14T19:58:22.826+0000] {dagbag.py:538} INFO - Filling up the DagBag from /home/airflow/.local/lib/python3.7/site-packages/airflow/example_dags/example_short_circuit_decorator.py
[2022-12-14T19:58:22.860+0000] {processor.py:753} INFO - DAG(s) dict_keys(['example_short_circuit_decorator']) retrieved from /home/airflow/.local/lib/python3.7/site-packages/airflow/example_dags/example_short_circuit_decorator.py
[2022-12-14T19:58:22.911+0000] {logging_mixin.py:137} INFO - [2022-12-14T19:58:22.911+0000] {dag.py:2676} INFO - Sync 1 DAGs
[2022-12-14T19:58:22.949+0000] {logging_mixin.py:137} INFO - [2022-12-14T19:58:22.949+0000] {dag.py:3427} INFO - Setting next_dagrun for example_short_circuit_decorator to 2022-12-13T19:58:22.949269+00:00, run_after=2022-12-14T19:58:22.949269+00:00
[2022-12-14T19:58:22.981+0000] {processor.py:175} INFO - Processing /home/airflow/.local/lib/python3.7/site-packages/airflow/example_dags/example_short_circuit_decorator.py took 0.161 seconds
[2022-12-14T19:58:53.430+0000] {processor.py:153} INFO - Started process (PID=1216) to work on /home/airflow/.local/lib/python3.7/site-packages/airflow/example_dags/example_short_circuit_decorator.py
[2022-12-14T19:58:53.431+0000] {processor.py:743} INFO - Processing file /home/airflow/.local/lib/python3.7/site-packages/airflow/example_dags/example_short_circuit_decorator.py for tasks to queue
[2022-12-14T19:58:53.432+0000] {logging_mixin.py:137} INFO - [2022-12-14T19:58:53.432+0000] {dagbag.py:538} INFO - Filling up the DagBag from /home/airflow/.local/lib/python3.7/site-packages/airflow/example_dags/example_short_circuit_decorator.py
[2022-12-14T19:58:53.474+0000] {processor.py:753} INFO - DAG(s) dict_keys(['example_short_circuit_decorator']) retrieved from /home/airflow/.local/lib/python3.7/site-packages/airflow/example_dags/example_short_circuit_decorator.py
[2022-12-14T19:58:53.532+0000] {logging_mixin.py:137} INFO - [2022-12-14T19:58:53.532+0000] {dag.py:2676} INFO - Sync 1 DAGs
[2022-12-14T19:58:53.575+0000] {logging_mixin.py:137} INFO - [2022-12-14T19:58:53.575+0000] {dag.py:3427} INFO - Setting next_dagrun for example_short_circuit_decorator to 2022-12-13T19:58:53.575242+00:00, run_after=2022-12-14T19:58:53.575242+00:00
[2022-12-14T19:58:53.608+0000] {processor.py:175} INFO - Processing /home/airflow/.local/lib/python3.7/site-packages/airflow/example_dags/example_short_circuit_decorator.py took 0.183 seconds
[2022-12-14T19:59:23.742+0000] {processor.py:153} INFO - Started process (PID=1296) to work on /home/airflow/.local/lib/python3.7/site-packages/airflow/example_dags/example_short_circuit_decorator.py
[2022-12-14T19:59:23.744+0000] {processor.py:743} INFO - Processing file /home/airflow/.local/lib/python3.7/site-packages/airflow/example_dags/example_short_circuit_decorator.py for tasks to queue
[2022-12-14T19:59:23.745+0000] {logging_mixin.py:137} INFO - [2022-12-14T19:59:23.745+0000] {dagbag.py:538} INFO - Filling up the DagBag from /home/airflow/.local/lib/python3.7/site-packages/airflow/example_dags/example_short_circuit_decorator.py
[2022-12-14T19:59:23.782+0000] {processor.py:753} INFO - DAG(s) dict_keys(['example_short_circuit_decorator']) retrieved from /home/airflow/.local/lib/python3.7/site-packages/airflow/example_dags/example_short_circuit_decorator.py
[2022-12-14T19:59:23.836+0000] {logging_mixin.py:137} INFO - [2022-12-14T19:59:23.835+0000] {dag.py:2676} INFO - Sync 1 DAGs
[2022-12-14T19:59:23.874+0000] {logging_mixin.py:137} INFO - [2022-12-14T19:59:23.874+0000] {dag.py:3427} INFO - Setting next_dagrun for example_short_circuit_decorator to 2022-12-13T19:59:23.874313+00:00, run_after=2022-12-14T19:59:23.874313+00:00
[2022-12-14T19:59:23.906+0000] {processor.py:175} INFO - Processing /home/airflow/.local/lib/python3.7/site-packages/airflow/example_dags/example_short_circuit_decorator.py took 0.168 seconds
[2022-12-14T19:59:54.611+0000] {processor.py:153} INFO - Started process (PID=1396) to work on /home/airflow/.local/lib/python3.7/site-packages/airflow/example_dags/example_short_circuit_decorator.py
[2022-12-14T19:59:54.613+0000] {processor.py:743} INFO - Processing file /home/airflow/.local/lib/python3.7/site-packages/airflow/example_dags/example_short_circuit_decorator.py for tasks to queue
[2022-12-14T19:59:54.615+0000] {logging_mixin.py:137} INFO - [2022-12-14T19:59:54.614+0000] {dagbag.py:538} INFO - Filling up the DagBag from /home/airflow/.local/lib/python3.7/site-packages/airflow/example_dags/example_short_circuit_decorator.py
[2022-12-14T19:59:54.673+0000] {processor.py:753} INFO - DAG(s) dict_keys(['example_short_circuit_decorator']) retrieved from /home/airflow/.local/lib/python3.7/site-packages/airflow/example_dags/example_short_circuit_decorator.py
[2022-12-14T19:59:54.771+0000] {logging_mixin.py:137} INFO - [2022-12-14T19:59:54.771+0000] {dag.py:2676} INFO - Sync 1 DAGs
[2022-12-14T19:59:54.829+0000] {logging_mixin.py:137} INFO - [2022-12-14T19:59:54.829+0000] {dag.py:3427} INFO - Setting next_dagrun for example_short_circuit_decorator to 2022-12-13T19:59:54.829261+00:00, run_after=2022-12-14T19:59:54.829261+00:00
[2022-12-14T19:59:54.866+0000] {processor.py:175} INFO - Processing /home/airflow/.local/lib/python3.7/site-packages/airflow/example_dags/example_short_circuit_decorator.py took 0.284 seconds
[2022-12-14T20:00:24.917+0000] {processor.py:153} INFO - Started process (PID=1476) to work on /home/airflow/.local/lib/python3.7/site-packages/airflow/example_dags/example_short_circuit_decorator.py
[2022-12-14T20:00:24.919+0000] {processor.py:743} INFO - Processing file /home/airflow/.local/lib/python3.7/site-packages/airflow/example_dags/example_short_circuit_decorator.py for tasks to queue
[2022-12-14T20:00:24.921+0000] {logging_mixin.py:137} INFO - [2022-12-14T20:00:24.920+0000] {dagbag.py:538} INFO - Filling up the DagBag from /home/airflow/.local/lib/python3.7/site-packages/airflow/example_dags/example_short_circuit_decorator.py
[2022-12-14T20:00:24.965+0000] {processor.py:753} INFO - DAG(s) dict_keys(['example_short_circuit_decorator']) retrieved from /home/airflow/.local/lib/python3.7/site-packages/airflow/example_dags/example_short_circuit_decorator.py
[2022-12-14T20:00:25.039+0000] {logging_mixin.py:137} INFO - [2022-12-14T20:00:25.039+0000] {dag.py:2676} INFO - Sync 1 DAGs
[2022-12-14T20:00:25.080+0000] {logging_mixin.py:137} INFO - [2022-12-14T20:00:25.080+0000] {dag.py:3427} INFO - Setting next_dagrun for example_short_circuit_decorator to 2022-12-13T20:00:25.079700+00:00, run_after=2022-12-14T20:00:25.079700+00:00
[2022-12-14T20:00:25.109+0000] {processor.py:175} INFO - Processing /home/airflow/.local/lib/python3.7/site-packages/airflow/example_dags/example_short_circuit_decorator.py took 0.196 seconds
[2022-12-14T20:00:55.629+0000] {processor.py:153} INFO - Started process (PID=1556) to work on /home/airflow/.local/lib/python3.7/site-packages/airflow/example_dags/example_short_circuit_decorator.py
[2022-12-14T20:00:55.630+0000] {processor.py:743} INFO - Processing file /home/airflow/.local/lib/python3.7/site-packages/airflow/example_dags/example_short_circuit_decorator.py for tasks to queue
[2022-12-14T20:00:55.631+0000] {logging_mixin.py:137} INFO - [2022-12-14T20:00:55.631+0000] {dagbag.py:538} INFO - Filling up the DagBag from /home/airflow/.local/lib/python3.7/site-packages/airflow/example_dags/example_short_circuit_decorator.py
[2022-12-14T20:00:55.669+0000] {processor.py:753} INFO - DAG(s) dict_keys(['example_short_circuit_decorator']) retrieved from /home/airflow/.local/lib/python3.7/site-packages/airflow/example_dags/example_short_circuit_decorator.py
[2022-12-14T20:00:55.720+0000] {logging_mixin.py:137} INFO - [2022-12-14T20:00:55.719+0000] {dag.py:2676} INFO - Sync 1 DAGs
[2022-12-14T20:00:55.758+0000] {logging_mixin.py:137} INFO - [2022-12-14T20:00:55.758+0000] {dag.py:3427} INFO - Setting next_dagrun for example_short_circuit_decorator to 2022-12-13T20:00:55.758104+00:00, run_after=2022-12-14T20:00:55.758104+00:00
[2022-12-14T20:00:55.786+0000] {processor.py:175} INFO - Processing /home/airflow/.local/lib/python3.7/site-packages/airflow/example_dags/example_short_circuit_decorator.py took 0.160 seconds
[2022-12-14T20:01:26.568+0000] {processor.py:153} INFO - Started process (PID=1636) to work on /home/airflow/.local/lib/python3.7/site-packages/airflow/example_dags/example_short_circuit_decorator.py
[2022-12-14T20:01:26.570+0000] {processor.py:743} INFO - Processing file /home/airflow/.local/lib/python3.7/site-packages/airflow/example_dags/example_short_circuit_decorator.py for tasks to queue
[2022-12-14T20:01:26.571+0000] {logging_mixin.py:137} INFO - [2022-12-14T20:01:26.570+0000] {dagbag.py:538} INFO - Filling up the DagBag from /home/airflow/.local/lib/python3.7/site-packages/airflow/example_dags/example_short_circuit_decorator.py
[2022-12-14T20:01:26.604+0000] {processor.py:753} INFO - DAG(s) dict_keys(['example_short_circuit_decorator']) retrieved from /home/airflow/.local/lib/python3.7/site-packages/airflow/example_dags/example_short_circuit_decorator.py
[2022-12-14T20:01:26.656+0000] {logging_mixin.py:137} INFO - [2022-12-14T20:01:26.656+0000] {dag.py:2676} INFO - Sync 1 DAGs
[2022-12-14T20:01:26.691+0000] {logging_mixin.py:137} INFO - [2022-12-14T20:01:26.691+0000] {dag.py:3427} INFO - Setting next_dagrun for example_short_circuit_decorator to 2022-12-13T20:01:26.691459+00:00, run_after=2022-12-14T20:01:26.691459+00:00
[2022-12-14T20:01:26.723+0000] {processor.py:175} INFO - Processing /home/airflow/.local/lib/python3.7/site-packages/airflow/example_dags/example_short_circuit_decorator.py took 0.159 seconds
[2022-12-14T20:01:56.858+0000] {processor.py:153} INFO - Started process (PID=1736) to work on /home/airflow/.local/lib/python3.7/site-packages/airflow/example_dags/example_short_circuit_decorator.py
[2022-12-14T20:01:56.859+0000] {processor.py:743} INFO - Processing file /home/airflow/.local/lib/python3.7/site-packages/airflow/example_dags/example_short_circuit_decorator.py for tasks to queue
[2022-12-14T20:01:56.860+0000] {logging_mixin.py:137} INFO - [2022-12-14T20:01:56.860+0000] {dagbag.py:538} INFO - Filling up the DagBag from /home/airflow/.local/lib/python3.7/site-packages/airflow/example_dags/example_short_circuit_decorator.py
[2022-12-14T20:01:56.896+0000] {processor.py:753} INFO - DAG(s) dict_keys(['example_short_circuit_decorator']) retrieved from /home/airflow/.local/lib/python3.7/site-packages/airflow/example_dags/example_short_circuit_decorator.py
[2022-12-14T20:01:56.961+0000] {logging_mixin.py:137} INFO - [2022-12-14T20:01:56.961+0000] {dag.py:2676} INFO - Sync 1 DAGs
[2022-12-14T20:01:57.010+0000] {logging_mixin.py:137} INFO - [2022-12-14T20:01:57.009+0000] {dag.py:3427} INFO - Setting next_dagrun for example_short_circuit_decorator to 2022-12-13T20:01:57.009477+00:00, run_after=2022-12-14T20:01:57.009477+00:00
[2022-12-14T20:01:57.050+0000] {processor.py:175} INFO - Processing /home/airflow/.local/lib/python3.7/site-packages/airflow/example_dags/example_short_circuit_decorator.py took 0.196 seconds
[2022-12-14T20:02:27.257+0000] {processor.py:153} INFO - Started process (PID=1816) to work on /home/airflow/.local/lib/python3.7/site-packages/airflow/example_dags/example_short_circuit_decorator.py
[2022-12-14T20:02:27.258+0000] {processor.py:743} INFO - Processing file /home/airflow/.local/lib/python3.7/site-packages/airflow/example_dags/example_short_circuit_decorator.py for tasks to queue
[2022-12-14T20:02:27.259+0000] {logging_mixin.py:137} INFO - [2022-12-14T20:02:27.259+0000] {dagbag.py:538} INFO - Filling up the DagBag from /home/airflow/.local/lib/python3.7/site-packages/airflow/example_dags/example_short_circuit_decorator.py
[2022-12-14T20:02:27.307+0000] {processor.py:753} INFO - DAG(s) dict_keys(['example_short_circuit_decorator']) retrieved from /home/airflow/.local/lib/python3.7/site-packages/airflow/example_dags/example_short_circuit_decorator.py
[2022-12-14T20:02:27.376+0000] {logging_mixin.py:137} INFO - [2022-12-14T20:02:27.376+0000] {dag.py:2676} INFO - Sync 1 DAGs
[2022-12-14T20:02:27.453+0000] {logging_mixin.py:137} INFO - [2022-12-14T20:02:27.452+0000] {dag.py:3427} INFO - Setting next_dagrun for example_short_circuit_decorator to 2022-12-13T20:02:27.452513+00:00, run_after=2022-12-14T20:02:27.452513+00:00
[2022-12-14T20:02:27.498+0000] {processor.py:175} INFO - Processing /home/airflow/.local/lib/python3.7/site-packages/airflow/example_dags/example_short_circuit_decorator.py took 0.247 seconds
[2022-12-14T20:02:57.539+0000] {processor.py:153} INFO - Started process (PID=1895) to work on /home/airflow/.local/lib/python3.7/site-packages/airflow/example_dags/example_short_circuit_decorator.py
[2022-12-14T20:02:57.541+0000] {processor.py:743} INFO - Processing file /home/airflow/.local/lib/python3.7/site-packages/airflow/example_dags/example_short_circuit_decorator.py for tasks to queue
[2022-12-14T20:02:57.542+0000] {logging_mixin.py:137} INFO - [2022-12-14T20:02:57.542+0000] {dagbag.py:538} INFO - Filling up the DagBag from /home/airflow/.local/lib/python3.7/site-packages/airflow/example_dags/example_short_circuit_decorator.py
[2022-12-14T20:02:57.577+0000] {processor.py:753} INFO - DAG(s) dict_keys(['example_short_circuit_decorator']) retrieved from /home/airflow/.local/lib/python3.7/site-packages/airflow/example_dags/example_short_circuit_decorator.py
[2022-12-14T20:02:57.630+0000] {logging_mixin.py:137} INFO - [2022-12-14T20:02:57.630+0000] {dag.py:2676} INFO - Sync 1 DAGs
[2022-12-14T20:02:57.670+0000] {logging_mixin.py:137} INFO - [2022-12-14T20:02:57.670+0000] {dag.py:3427} INFO - Setting next_dagrun for example_short_circuit_decorator to 2022-12-13T20:02:57.670235+00:00, run_after=2022-12-14T20:02:57.670235+00:00
[2022-12-14T20:02:57.700+0000] {processor.py:175} INFO - Processing /home/airflow/.local/lib/python3.7/site-packages/airflow/example_dags/example_short_circuit_decorator.py took 0.165 seconds
[2022-12-14T20:03:27.968+0000] {processor.py:153} INFO - Started process (PID=1974) to work on /home/airflow/.local/lib/python3.7/site-packages/airflow/example_dags/example_short_circuit_decorator.py
[2022-12-14T20:03:27.970+0000] {processor.py:743} INFO - Processing file /home/airflow/.local/lib/python3.7/site-packages/airflow/example_dags/example_short_circuit_decorator.py for tasks to queue
[2022-12-14T20:03:27.972+0000] {logging_mixin.py:137} INFO - [2022-12-14T20:03:27.971+0000] {dagbag.py:538} INFO - Filling up the DagBag from /home/airflow/.local/lib/python3.7/site-packages/airflow/example_dags/example_short_circuit_decorator.py
[2022-12-14T20:03:28.009+0000] {processor.py:753} INFO - DAG(s) dict_keys(['example_short_circuit_decorator']) retrieved from /home/airflow/.local/lib/python3.7/site-packages/airflow/example_dags/example_short_circuit_decorator.py
[2022-12-14T20:03:28.069+0000] {logging_mixin.py:137} INFO - [2022-12-14T20:03:28.068+0000] {dag.py:2676} INFO - Sync 1 DAGs
[2022-12-14T20:03:28.111+0000] {logging_mixin.py:137} INFO - [2022-12-14T20:03:28.111+0000] {dag.py:3427} INFO - Setting next_dagrun for example_short_circuit_decorator to 2022-12-13T20:03:28.110868+00:00, run_after=2022-12-14T20:03:28.110868+00:00
[2022-12-14T20:03:28.141+0000] {processor.py:175} INFO - Processing /home/airflow/.local/lib/python3.7/site-packages/airflow/example_dags/example_short_circuit_decorator.py took 0.178 seconds
