[2022-12-14T19:52:11.492+0000] {processor.py:153} INFO - Started process (PID=109) to work on /home/airflow/.local/lib/python3.7/site-packages/airflow/example_dags/example_python_operator.py
[2022-12-14T19:52:11.493+0000] {processor.py:743} INFO - Processing file /home/airflow/.local/lib/python3.7/site-packages/airflow/example_dags/example_python_operator.py for tasks to queue
[2022-12-14T19:52:11.494+0000] {logging_mixin.py:137} INFO - [2022-12-14T19:52:11.494+0000] {dagbag.py:538} INFO - Filling up the DagBag from /home/airflow/.local/lib/python3.7/site-packages/airflow/example_dags/example_python_operator.py
[2022-12-14T19:52:11.565+0000] {logging_mixin.py:137} INFO - [2022-12-14T19:52:11.565+0000] {taskmixin.py:205} WARNING - Dependency <Task(_PythonDecoratedOperator): print_the_context>, log_sql_query already registered for DAG: example_python_operator
[2022-12-14T19:52:11.566+0000] {logging_mixin.py:137} INFO - [2022-12-14T19:52:11.565+0000] {taskmixin.py:205} WARNING - Dependency <Task(_PythonDecoratedOperator): log_sql_query>, print_the_context already registered for DAG: example_python_operator
[2022-12-14T19:52:11.567+0000] {logging_mixin.py:137} INFO - [2022-12-14T19:52:11.567+0000] {taskmixin.py:205} WARNING - Dependency <Task(_PythonDecoratedOperator): print_the_context>, log_sql_query already registered for DAG: example_python_operator
[2022-12-14T19:52:11.568+0000] {logging_mixin.py:137} INFO - [2022-12-14T19:52:11.568+0000] {taskmixin.py:205} WARNING - Dependency <Task(_PythonDecoratedOperator): log_sql_query>, print_the_context already registered for DAG: example_python_operator
[2022-12-14T19:52:11.570+0000] {logging_mixin.py:137} INFO - [2022-12-14T19:52:11.570+0000] {taskmixin.py:205} WARNING - Dependency <Task(_PythonDecoratedOperator): print_the_context>, log_sql_query already registered for DAG: example_python_operator
[2022-12-14T19:52:11.570+0000] {logging_mixin.py:137} INFO - [2022-12-14T19:52:11.570+0000] {taskmixin.py:205} WARNING - Dependency <Task(_PythonDecoratedOperator): log_sql_query>, print_the_context already registered for DAG: example_python_operator
[2022-12-14T19:52:11.572+0000] {logging_mixin.py:137} INFO - [2022-12-14T19:52:11.572+0000] {taskmixin.py:205} WARNING - Dependency <Task(_PythonDecoratedOperator): print_the_context>, log_sql_query already registered for DAG: example_python_operator
[2022-12-14T19:52:11.572+0000] {logging_mixin.py:137} INFO - [2022-12-14T19:52:11.572+0000] {taskmixin.py:205} WARNING - Dependency <Task(_PythonDecoratedOperator): log_sql_query>, print_the_context already registered for DAG: example_python_operator
[2022-12-14T19:52:11.605+0000] {processor.py:753} INFO - DAG(s) dict_keys(['example_python_operator']) retrieved from /home/airflow/.local/lib/python3.7/site-packages/airflow/example_dags/example_python_operator.py
[2022-12-14T19:52:11.648+0000] {logging_mixin.py:137} INFO - [2022-12-14T19:52:11.648+0000] {dag.py:2676} INFO - Sync 1 DAGs
[2022-12-14T19:52:11.757+0000] {logging_mixin.py:137} INFO - [2022-12-14T19:52:11.757+0000] {dag.py:3427} INFO - Setting next_dagrun for example_python_operator to None, run_after=None
[2022-12-14T19:52:11.814+0000] {processor.py:175} INFO - Processing /home/airflow/.local/lib/python3.7/site-packages/airflow/example_dags/example_python_operator.py took 0.327 seconds
[2022-12-14T19:52:41.859+0000] {processor.py:153} INFO - Started process (PID=189) to work on /home/airflow/.local/lib/python3.7/site-packages/airflow/example_dags/example_python_operator.py
[2022-12-14T19:52:41.860+0000] {processor.py:743} INFO - Processing file /home/airflow/.local/lib/python3.7/site-packages/airflow/example_dags/example_python_operator.py for tasks to queue
[2022-12-14T19:52:41.861+0000] {logging_mixin.py:137} INFO - [2022-12-14T19:52:41.861+0000] {dagbag.py:538} INFO - Filling up the DagBag from /home/airflow/.local/lib/python3.7/site-packages/airflow/example_dags/example_python_operator.py
[2022-12-14T19:52:41.884+0000] {logging_mixin.py:137} INFO - [2022-12-14T19:52:41.884+0000] {taskmixin.py:205} WARNING - Dependency <Task(_PythonDecoratedOperator): print_the_context>, log_sql_query already registered for DAG: example_python_operator
[2022-12-14T19:52:41.885+0000] {logging_mixin.py:137} INFO - [2022-12-14T19:52:41.885+0000] {taskmixin.py:205} WARNING - Dependency <Task(_PythonDecoratedOperator): log_sql_query>, print_the_context already registered for DAG: example_python_operator
[2022-12-14T19:52:41.886+0000] {logging_mixin.py:137} INFO - [2022-12-14T19:52:41.886+0000] {taskmixin.py:205} WARNING - Dependency <Task(_PythonDecoratedOperator): print_the_context>, log_sql_query already registered for DAG: example_python_operator
[2022-12-14T19:52:41.887+0000] {logging_mixin.py:137} INFO - [2022-12-14T19:52:41.887+0000] {taskmixin.py:205} WARNING - Dependency <Task(_PythonDecoratedOperator): log_sql_query>, print_the_context already registered for DAG: example_python_operator
[2022-12-14T19:52:41.888+0000] {logging_mixin.py:137} INFO - [2022-12-14T19:52:41.888+0000] {taskmixin.py:205} WARNING - Dependency <Task(_PythonDecoratedOperator): print_the_context>, log_sql_query already registered for DAG: example_python_operator
[2022-12-14T19:52:41.889+0000] {logging_mixin.py:137} INFO - [2022-12-14T19:52:41.888+0000] {taskmixin.py:205} WARNING - Dependency <Task(_PythonDecoratedOperator): log_sql_query>, print_the_context already registered for DAG: example_python_operator
[2022-12-14T19:52:41.890+0000] {logging_mixin.py:137} INFO - [2022-12-14T19:52:41.890+0000] {taskmixin.py:205} WARNING - Dependency <Task(_PythonDecoratedOperator): print_the_context>, log_sql_query already registered for DAG: example_python_operator
[2022-12-14T19:52:41.890+0000] {logging_mixin.py:137} INFO - [2022-12-14T19:52:41.890+0000] {taskmixin.py:205} WARNING - Dependency <Task(_PythonDecoratedOperator): log_sql_query>, print_the_context already registered for DAG: example_python_operator
[2022-12-14T19:52:41.900+0000] {processor.py:753} INFO - DAG(s) dict_keys(['example_python_operator']) retrieved from /home/airflow/.local/lib/python3.7/site-packages/airflow/example_dags/example_python_operator.py
[2022-12-14T19:52:42.018+0000] {logging_mixin.py:137} INFO - [2022-12-14T19:52:42.018+0000] {dag.py:2676} INFO - Sync 1 DAGs
[2022-12-14T19:52:42.058+0000] {logging_mixin.py:137} INFO - [2022-12-14T19:52:42.058+0000] {dag.py:3427} INFO - Setting next_dagrun for example_python_operator to None, run_after=None
[2022-12-14T19:52:42.087+0000] {processor.py:175} INFO - Processing /home/airflow/.local/lib/python3.7/site-packages/airflow/example_dags/example_python_operator.py took 0.232 seconds
[2022-12-14T19:53:12.582+0000] {processor.py:153} INFO - Started process (PID=269) to work on /home/airflow/.local/lib/python3.7/site-packages/airflow/example_dags/example_python_operator.py
[2022-12-14T19:53:12.583+0000] {processor.py:743} INFO - Processing file /home/airflow/.local/lib/python3.7/site-packages/airflow/example_dags/example_python_operator.py for tasks to queue
[2022-12-14T19:53:12.584+0000] {logging_mixin.py:137} INFO - [2022-12-14T19:53:12.584+0000] {dagbag.py:538} INFO - Filling up the DagBag from /home/airflow/.local/lib/python3.7/site-packages/airflow/example_dags/example_python_operator.py
[2022-12-14T19:53:12.608+0000] {logging_mixin.py:137} INFO - [2022-12-14T19:53:12.608+0000] {taskmixin.py:205} WARNING - Dependency <Task(_PythonDecoratedOperator): print_the_context>, log_sql_query already registered for DAG: example_python_operator
[2022-12-14T19:53:12.608+0000] {logging_mixin.py:137} INFO - [2022-12-14T19:53:12.608+0000] {taskmixin.py:205} WARNING - Dependency <Task(_PythonDecoratedOperator): log_sql_query>, print_the_context already registered for DAG: example_python_operator
[2022-12-14T19:53:12.610+0000] {logging_mixin.py:137} INFO - [2022-12-14T19:53:12.609+0000] {taskmixin.py:205} WARNING - Dependency <Task(_PythonDecoratedOperator): print_the_context>, log_sql_query already registered for DAG: example_python_operator
[2022-12-14T19:53:12.610+0000] {logging_mixin.py:137} INFO - [2022-12-14T19:53:12.610+0000] {taskmixin.py:205} WARNING - Dependency <Task(_PythonDecoratedOperator): log_sql_query>, print_the_context already registered for DAG: example_python_operator
[2022-12-14T19:53:12.611+0000] {logging_mixin.py:137} INFO - [2022-12-14T19:53:12.611+0000] {taskmixin.py:205} WARNING - Dependency <Task(_PythonDecoratedOperator): print_the_context>, log_sql_query already registered for DAG: example_python_operator
[2022-12-14T19:53:12.612+0000] {logging_mixin.py:137} INFO - [2022-12-14T19:53:12.612+0000] {taskmixin.py:205} WARNING - Dependency <Task(_PythonDecoratedOperator): log_sql_query>, print_the_context already registered for DAG: example_python_operator
[2022-12-14T19:53:12.613+0000] {logging_mixin.py:137} INFO - [2022-12-14T19:53:12.613+0000] {taskmixin.py:205} WARNING - Dependency <Task(_PythonDecoratedOperator): print_the_context>, log_sql_query already registered for DAG: example_python_operator
[2022-12-14T19:53:12.614+0000] {logging_mixin.py:137} INFO - [2022-12-14T19:53:12.614+0000] {taskmixin.py:205} WARNING - Dependency <Task(_PythonDecoratedOperator): log_sql_query>, print_the_context already registered for DAG: example_python_operator
[2022-12-14T19:53:12.624+0000] {processor.py:753} INFO - DAG(s) dict_keys(['example_python_operator']) retrieved from /home/airflow/.local/lib/python3.7/site-packages/airflow/example_dags/example_python_operator.py
[2022-12-14T19:53:12.690+0000] {logging_mixin.py:137} INFO - [2022-12-14T19:53:12.689+0000] {dag.py:2676} INFO - Sync 1 DAGs
[2022-12-14T19:53:12.730+0000] {logging_mixin.py:137} INFO - [2022-12-14T19:53:12.730+0000] {dag.py:3427} INFO - Setting next_dagrun for example_python_operator to None, run_after=None
[2022-12-14T19:53:12.756+0000] {processor.py:175} INFO - Processing /home/airflow/.local/lib/python3.7/site-packages/airflow/example_dags/example_python_operator.py took 0.178 seconds
[2022-12-14T19:53:42.896+0000] {processor.py:153} INFO - Started process (PID=349) to work on /home/airflow/.local/lib/python3.7/site-packages/airflow/example_dags/example_python_operator.py
[2022-12-14T19:53:42.897+0000] {processor.py:743} INFO - Processing file /home/airflow/.local/lib/python3.7/site-packages/airflow/example_dags/example_python_operator.py for tasks to queue
[2022-12-14T19:53:42.900+0000] {logging_mixin.py:137} INFO - [2022-12-14T19:53:42.899+0000] {dagbag.py:538} INFO - Filling up the DagBag from /home/airflow/.local/lib/python3.7/site-packages/airflow/example_dags/example_python_operator.py
[2022-12-14T19:53:42.948+0000] {logging_mixin.py:137} INFO - [2022-12-14T19:53:42.948+0000] {taskmixin.py:205} WARNING - Dependency <Task(_PythonDecoratedOperator): print_the_context>, log_sql_query already registered for DAG: example_python_operator
[2022-12-14T19:53:42.949+0000] {logging_mixin.py:137} INFO - [2022-12-14T19:53:42.949+0000] {taskmixin.py:205} WARNING - Dependency <Task(_PythonDecoratedOperator): log_sql_query>, print_the_context already registered for DAG: example_python_operator
[2022-12-14T19:53:42.953+0000] {logging_mixin.py:137} INFO - [2022-12-14T19:53:42.953+0000] {taskmixin.py:205} WARNING - Dependency <Task(_PythonDecoratedOperator): print_the_context>, log_sql_query already registered for DAG: example_python_operator
[2022-12-14T19:53:42.954+0000] {logging_mixin.py:137} INFO - [2022-12-14T19:53:42.954+0000] {taskmixin.py:205} WARNING - Dependency <Task(_PythonDecoratedOperator): log_sql_query>, print_the_context already registered for DAG: example_python_operator
[2022-12-14T19:53:42.957+0000] {logging_mixin.py:137} INFO - [2022-12-14T19:53:42.956+0000] {taskmixin.py:205} WARNING - Dependency <Task(_PythonDecoratedOperator): print_the_context>, log_sql_query already registered for DAG: example_python_operator
[2022-12-14T19:53:42.959+0000] {logging_mixin.py:137} INFO - [2022-12-14T19:53:42.957+0000] {taskmixin.py:205} WARNING - Dependency <Task(_PythonDecoratedOperator): log_sql_query>, print_the_context already registered for DAG: example_python_operator
[2022-12-14T19:53:42.961+0000] {logging_mixin.py:137} INFO - [2022-12-14T19:53:42.961+0000] {taskmixin.py:205} WARNING - Dependency <Task(_PythonDecoratedOperator): print_the_context>, log_sql_query already registered for DAG: example_python_operator
[2022-12-14T19:53:42.962+0000] {logging_mixin.py:137} INFO - [2022-12-14T19:53:42.962+0000] {taskmixin.py:205} WARNING - Dependency <Task(_PythonDecoratedOperator): log_sql_query>, print_the_context already registered for DAG: example_python_operator
[2022-12-14T19:53:42.980+0000] {processor.py:753} INFO - DAG(s) dict_keys(['example_python_operator']) retrieved from /home/airflow/.local/lib/python3.7/site-packages/airflow/example_dags/example_python_operator.py
[2022-12-14T19:53:43.077+0000] {logging_mixin.py:137} INFO - [2022-12-14T19:53:43.077+0000] {dag.py:2676} INFO - Sync 1 DAGs
[2022-12-14T19:53:43.128+0000] {logging_mixin.py:137} INFO - [2022-12-14T19:53:43.128+0000] {dag.py:3427} INFO - Setting next_dagrun for example_python_operator to None, run_after=None
[2022-12-14T19:53:43.157+0000] {processor.py:175} INFO - Processing /home/airflow/.local/lib/python3.7/site-packages/airflow/example_dags/example_python_operator.py took 0.266 seconds
[2022-12-14T19:54:13.675+0000] {processor.py:153} INFO - Started process (PID=438) to work on /home/airflow/.local/lib/python3.7/site-packages/airflow/example_dags/example_python_operator.py
[2022-12-14T19:54:13.676+0000] {processor.py:743} INFO - Processing file /home/airflow/.local/lib/python3.7/site-packages/airflow/example_dags/example_python_operator.py for tasks to queue
[2022-12-14T19:54:13.677+0000] {logging_mixin.py:137} INFO - [2022-12-14T19:54:13.677+0000] {dagbag.py:538} INFO - Filling up the DagBag from /home/airflow/.local/lib/python3.7/site-packages/airflow/example_dags/example_python_operator.py
[2022-12-14T19:54:13.702+0000] {logging_mixin.py:137} INFO - [2022-12-14T19:54:13.702+0000] {taskmixin.py:205} WARNING - Dependency <Task(_PythonDecoratedOperator): print_the_context>, log_sql_query already registered for DAG: example_python_operator
[2022-12-14T19:54:13.703+0000] {logging_mixin.py:137} INFO - [2022-12-14T19:54:13.702+0000] {taskmixin.py:205} WARNING - Dependency <Task(_PythonDecoratedOperator): log_sql_query>, print_the_context already registered for DAG: example_python_operator
[2022-12-14T19:54:13.704+0000] {logging_mixin.py:137} INFO - [2022-12-14T19:54:13.704+0000] {taskmixin.py:205} WARNING - Dependency <Task(_PythonDecoratedOperator): print_the_context>, log_sql_query already registered for DAG: example_python_operator
[2022-12-14T19:54:13.704+0000] {logging_mixin.py:137} INFO - [2022-12-14T19:54:13.704+0000] {taskmixin.py:205} WARNING - Dependency <Task(_PythonDecoratedOperator): log_sql_query>, print_the_context already registered for DAG: example_python_operator
[2022-12-14T19:54:13.705+0000] {logging_mixin.py:137} INFO - [2022-12-14T19:54:13.705+0000] {taskmixin.py:205} WARNING - Dependency <Task(_PythonDecoratedOperator): print_the_context>, log_sql_query already registered for DAG: example_python_operator
[2022-12-14T19:54:13.706+0000] {logging_mixin.py:137} INFO - [2022-12-14T19:54:13.706+0000] {taskmixin.py:205} WARNING - Dependency <Task(_PythonDecoratedOperator): log_sql_query>, print_the_context already registered for DAG: example_python_operator
[2022-12-14T19:54:13.707+0000] {logging_mixin.py:137} INFO - [2022-12-14T19:54:13.707+0000] {taskmixin.py:205} WARNING - Dependency <Task(_PythonDecoratedOperator): print_the_context>, log_sql_query already registered for DAG: example_python_operator
[2022-12-14T19:54:13.708+0000] {logging_mixin.py:137} INFO - [2022-12-14T19:54:13.708+0000] {taskmixin.py:205} WARNING - Dependency <Task(_PythonDecoratedOperator): log_sql_query>, print_the_context already registered for DAG: example_python_operator
[2022-12-14T19:54:13.717+0000] {processor.py:753} INFO - DAG(s) dict_keys(['example_python_operator']) retrieved from /home/airflow/.local/lib/python3.7/site-packages/airflow/example_dags/example_python_operator.py
[2022-12-14T19:54:13.773+0000] {logging_mixin.py:137} INFO - [2022-12-14T19:54:13.773+0000] {dag.py:2676} INFO - Sync 1 DAGs
[2022-12-14T19:54:13.811+0000] {logging_mixin.py:137} INFO - [2022-12-14T19:54:13.811+0000] {dag.py:3427} INFO - Setting next_dagrun for example_python_operator to None, run_after=None
[2022-12-14T19:54:13.837+0000] {processor.py:175} INFO - Processing /home/airflow/.local/lib/python3.7/site-packages/airflow/example_dags/example_python_operator.py took 0.167 seconds
[2022-12-14T19:54:44.106+0000] {processor.py:153} INFO - Started process (PID=529) to work on /home/airflow/.local/lib/python3.7/site-packages/airflow/example_dags/example_python_operator.py
[2022-12-14T19:54:44.120+0000] {processor.py:743} INFO - Processing file /home/airflow/.local/lib/python3.7/site-packages/airflow/example_dags/example_python_operator.py for tasks to queue
[2022-12-14T19:54:44.121+0000] {logging_mixin.py:137} INFO - [2022-12-14T19:54:44.121+0000] {dagbag.py:538} INFO - Filling up the DagBag from /home/airflow/.local/lib/python3.7/site-packages/airflow/example_dags/example_python_operator.py
[2022-12-14T19:54:44.153+0000] {logging_mixin.py:137} INFO - [2022-12-14T19:54:44.152+0000] {taskmixin.py:205} WARNING - Dependency <Task(_PythonDecoratedOperator): print_the_context>, log_sql_query already registered for DAG: example_python_operator
[2022-12-14T19:54:44.153+0000] {logging_mixin.py:137} INFO - [2022-12-14T19:54:44.153+0000] {taskmixin.py:205} WARNING - Dependency <Task(_PythonDecoratedOperator): log_sql_query>, print_the_context already registered for DAG: example_python_operator
[2022-12-14T19:54:44.155+0000] {logging_mixin.py:137} INFO - [2022-12-14T19:54:44.155+0000] {taskmixin.py:205} WARNING - Dependency <Task(_PythonDecoratedOperator): print_the_context>, log_sql_query already registered for DAG: example_python_operator
[2022-12-14T19:54:44.155+0000] {logging_mixin.py:137} INFO - [2022-12-14T19:54:44.155+0000] {taskmixin.py:205} WARNING - Dependency <Task(_PythonDecoratedOperator): log_sql_query>, print_the_context already registered for DAG: example_python_operator
[2022-12-14T19:54:44.157+0000] {logging_mixin.py:137} INFO - [2022-12-14T19:54:44.157+0000] {taskmixin.py:205} WARNING - Dependency <Task(_PythonDecoratedOperator): print_the_context>, log_sql_query already registered for DAG: example_python_operator
[2022-12-14T19:54:44.157+0000] {logging_mixin.py:137} INFO - [2022-12-14T19:54:44.157+0000] {taskmixin.py:205} WARNING - Dependency <Task(_PythonDecoratedOperator): log_sql_query>, print_the_context already registered for DAG: example_python_operator
[2022-12-14T19:54:44.159+0000] {logging_mixin.py:137} INFO - [2022-12-14T19:54:44.159+0000] {taskmixin.py:205} WARNING - Dependency <Task(_PythonDecoratedOperator): print_the_context>, log_sql_query already registered for DAG: example_python_operator
[2022-12-14T19:54:44.159+0000] {logging_mixin.py:137} INFO - [2022-12-14T19:54:44.159+0000] {taskmixin.py:205} WARNING - Dependency <Task(_PythonDecoratedOperator): log_sql_query>, print_the_context already registered for DAG: example_python_operator
[2022-12-14T19:54:44.171+0000] {processor.py:753} INFO - DAG(s) dict_keys(['example_python_operator']) retrieved from /home/airflow/.local/lib/python3.7/site-packages/airflow/example_dags/example_python_operator.py
[2022-12-14T19:54:44.242+0000] {logging_mixin.py:137} INFO - [2022-12-14T19:54:44.241+0000] {dag.py:2676} INFO - Sync 1 DAGs
[2022-12-14T19:54:44.287+0000] {logging_mixin.py:137} INFO - [2022-12-14T19:54:44.287+0000] {dag.py:3427} INFO - Setting next_dagrun for example_python_operator to None, run_after=None
[2022-12-14T19:54:44.320+0000] {processor.py:175} INFO - Processing /home/airflow/.local/lib/python3.7/site-packages/airflow/example_dags/example_python_operator.py took 0.219 seconds
[2022-12-14T19:55:14.633+0000] {processor.py:153} INFO - Started process (PID=609) to work on /home/airflow/.local/lib/python3.7/site-packages/airflow/example_dags/example_python_operator.py
[2022-12-14T19:55:14.634+0000] {processor.py:743} INFO - Processing file /home/airflow/.local/lib/python3.7/site-packages/airflow/example_dags/example_python_operator.py for tasks to queue
[2022-12-14T19:55:14.636+0000] {logging_mixin.py:137} INFO - [2022-12-14T19:55:14.636+0000] {dagbag.py:538} INFO - Filling up the DagBag from /home/airflow/.local/lib/python3.7/site-packages/airflow/example_dags/example_python_operator.py
[2022-12-14T19:55:14.666+0000] {logging_mixin.py:137} INFO - [2022-12-14T19:55:14.666+0000] {taskmixin.py:205} WARNING - Dependency <Task(_PythonDecoratedOperator): print_the_context>, log_sql_query already registered for DAG: example_python_operator
[2022-12-14T19:55:14.667+0000] {logging_mixin.py:137} INFO - [2022-12-14T19:55:14.666+0000] {taskmixin.py:205} WARNING - Dependency <Task(_PythonDecoratedOperator): log_sql_query>, print_the_context already registered for DAG: example_python_operator
[2022-12-14T19:55:14.668+0000] {logging_mixin.py:137} INFO - [2022-12-14T19:55:14.668+0000] {taskmixin.py:205} WARNING - Dependency <Task(_PythonDecoratedOperator): print_the_context>, log_sql_query already registered for DAG: example_python_operator
[2022-12-14T19:55:14.668+0000] {logging_mixin.py:137} INFO - [2022-12-14T19:55:14.668+0000] {taskmixin.py:205} WARNING - Dependency <Task(_PythonDecoratedOperator): log_sql_query>, print_the_context already registered for DAG: example_python_operator
[2022-12-14T19:55:14.670+0000] {logging_mixin.py:137} INFO - [2022-12-14T19:55:14.670+0000] {taskmixin.py:205} WARNING - Dependency <Task(_PythonDecoratedOperator): print_the_context>, log_sql_query already registered for DAG: example_python_operator
[2022-12-14T19:55:14.670+0000] {logging_mixin.py:137} INFO - [2022-12-14T19:55:14.670+0000] {taskmixin.py:205} WARNING - Dependency <Task(_PythonDecoratedOperator): log_sql_query>, print_the_context already registered for DAG: example_python_operator
[2022-12-14T19:55:14.672+0000] {logging_mixin.py:137} INFO - [2022-12-14T19:55:14.671+0000] {taskmixin.py:205} WARNING - Dependency <Task(_PythonDecoratedOperator): print_the_context>, log_sql_query already registered for DAG: example_python_operator
[2022-12-14T19:55:14.672+0000] {logging_mixin.py:137} INFO - [2022-12-14T19:55:14.672+0000] {taskmixin.py:205} WARNING - Dependency <Task(_PythonDecoratedOperator): log_sql_query>, print_the_context already registered for DAG: example_python_operator
[2022-12-14T19:55:14.683+0000] {processor.py:753} INFO - DAG(s) dict_keys(['example_python_operator']) retrieved from /home/airflow/.local/lib/python3.7/site-packages/airflow/example_dags/example_python_operator.py
[2022-12-14T19:55:14.749+0000] {logging_mixin.py:137} INFO - [2022-12-14T19:55:14.748+0000] {dag.py:2676} INFO - Sync 1 DAGs
[2022-12-14T19:55:14.795+0000] {logging_mixin.py:137} INFO - [2022-12-14T19:55:14.795+0000] {dag.py:3427} INFO - Setting next_dagrun for example_python_operator to None, run_after=None
[2022-12-14T19:55:14.832+0000] {processor.py:175} INFO - Processing /home/airflow/.local/lib/python3.7/site-packages/airflow/example_dags/example_python_operator.py took 0.205 seconds
[2022-12-14T19:55:45.297+0000] {processor.py:153} INFO - Started process (PID=689) to work on /home/airflow/.local/lib/python3.7/site-packages/airflow/example_dags/example_python_operator.py
[2022-12-14T19:55:45.298+0000] {processor.py:743} INFO - Processing file /home/airflow/.local/lib/python3.7/site-packages/airflow/example_dags/example_python_operator.py for tasks to queue
[2022-12-14T19:55:45.299+0000] {logging_mixin.py:137} INFO - [2022-12-14T19:55:45.299+0000] {dagbag.py:538} INFO - Filling up the DagBag from /home/airflow/.local/lib/python3.7/site-packages/airflow/example_dags/example_python_operator.py
[2022-12-14T19:55:45.327+0000] {logging_mixin.py:137} INFO - [2022-12-14T19:55:45.326+0000] {taskmixin.py:205} WARNING - Dependency <Task(_PythonDecoratedOperator): print_the_context>, log_sql_query already registered for DAG: example_python_operator
[2022-12-14T19:55:45.327+0000] {logging_mixin.py:137} INFO - [2022-12-14T19:55:45.327+0000] {taskmixin.py:205} WARNING - Dependency <Task(_PythonDecoratedOperator): log_sql_query>, print_the_context already registered for DAG: example_python_operator
[2022-12-14T19:55:45.329+0000] {logging_mixin.py:137} INFO - [2022-12-14T19:55:45.328+0000] {taskmixin.py:205} WARNING - Dependency <Task(_PythonDecoratedOperator): print_the_context>, log_sql_query already registered for DAG: example_python_operator
[2022-12-14T19:55:45.329+0000] {logging_mixin.py:137} INFO - [2022-12-14T19:55:45.329+0000] {taskmixin.py:205} WARNING - Dependency <Task(_PythonDecoratedOperator): log_sql_query>, print_the_context already registered for DAG: example_python_operator
[2022-12-14T19:55:45.331+0000] {logging_mixin.py:137} INFO - [2022-12-14T19:55:45.331+0000] {taskmixin.py:205} WARNING - Dependency <Task(_PythonDecoratedOperator): print_the_context>, log_sql_query already registered for DAG: example_python_operator
[2022-12-14T19:55:45.331+0000] {logging_mixin.py:137} INFO - [2022-12-14T19:55:45.331+0000] {taskmixin.py:205} WARNING - Dependency <Task(_PythonDecoratedOperator): log_sql_query>, print_the_context already registered for DAG: example_python_operator
[2022-12-14T19:55:45.333+0000] {logging_mixin.py:137} INFO - [2022-12-14T19:55:45.333+0000] {taskmixin.py:205} WARNING - Dependency <Task(_PythonDecoratedOperator): print_the_context>, log_sql_query already registered for DAG: example_python_operator
[2022-12-14T19:55:45.334+0000] {logging_mixin.py:137} INFO - [2022-12-14T19:55:45.333+0000] {taskmixin.py:205} WARNING - Dependency <Task(_PythonDecoratedOperator): log_sql_query>, print_the_context already registered for DAG: example_python_operator
[2022-12-14T19:55:45.345+0000] {processor.py:753} INFO - DAG(s) dict_keys(['example_python_operator']) retrieved from /home/airflow/.local/lib/python3.7/site-packages/airflow/example_dags/example_python_operator.py
[2022-12-14T19:55:45.410+0000] {logging_mixin.py:137} INFO - [2022-12-14T19:55:45.409+0000] {dag.py:2676} INFO - Sync 1 DAGs
[2022-12-14T19:55:45.457+0000] {logging_mixin.py:137} INFO - [2022-12-14T19:55:45.456+0000] {dag.py:3427} INFO - Setting next_dagrun for example_python_operator to None, run_after=None
[2022-12-14T19:55:45.490+0000] {processor.py:175} INFO - Processing /home/airflow/.local/lib/python3.7/site-packages/airflow/example_dags/example_python_operator.py took 0.197 seconds
[2022-12-14T19:56:21.546+0000] {processor.py:153} INFO - Started process (PID=789) to work on /home/airflow/.local/lib/python3.7/site-packages/airflow/example_dags/example_python_operator.py
[2022-12-14T19:56:21.548+0000] {processor.py:743} INFO - Processing file /home/airflow/.local/lib/python3.7/site-packages/airflow/example_dags/example_python_operator.py for tasks to queue
[2022-12-14T19:56:21.551+0000] {logging_mixin.py:137} INFO - [2022-12-14T19:56:21.550+0000] {dagbag.py:538} INFO - Filling up the DagBag from /home/airflow/.local/lib/python3.7/site-packages/airflow/example_dags/example_python_operator.py
[2022-12-14T19:56:21.609+0000] {logging_mixin.py:137} INFO - [2022-12-14T19:56:21.608+0000] {taskmixin.py:205} WARNING - Dependency <Task(_PythonDecoratedOperator): print_the_context>, log_sql_query already registered for DAG: example_python_operator
[2022-12-14T19:56:21.610+0000] {logging_mixin.py:137} INFO - [2022-12-14T19:56:21.609+0000] {taskmixin.py:205} WARNING - Dependency <Task(_PythonDecoratedOperator): log_sql_query>, print_the_context already registered for DAG: example_python_operator
[2022-12-14T19:56:21.612+0000] {logging_mixin.py:137} INFO - [2022-12-14T19:56:21.612+0000] {taskmixin.py:205} WARNING - Dependency <Task(_PythonDecoratedOperator): print_the_context>, log_sql_query already registered for DAG: example_python_operator
[2022-12-14T19:56:21.613+0000] {logging_mixin.py:137} INFO - [2022-12-14T19:56:21.612+0000] {taskmixin.py:205} WARNING - Dependency <Task(_PythonDecoratedOperator): log_sql_query>, print_the_context already registered for DAG: example_python_operator
[2022-12-14T19:56:21.615+0000] {logging_mixin.py:137} INFO - [2022-12-14T19:56:21.614+0000] {taskmixin.py:205} WARNING - Dependency <Task(_PythonDecoratedOperator): print_the_context>, log_sql_query already registered for DAG: example_python_operator
[2022-12-14T19:56:21.616+0000] {logging_mixin.py:137} INFO - [2022-12-14T19:56:21.615+0000] {taskmixin.py:205} WARNING - Dependency <Task(_PythonDecoratedOperator): log_sql_query>, print_the_context already registered for DAG: example_python_operator
[2022-12-14T19:56:21.618+0000] {logging_mixin.py:137} INFO - [2022-12-14T19:56:21.618+0000] {taskmixin.py:205} WARNING - Dependency <Task(_PythonDecoratedOperator): print_the_context>, log_sql_query already registered for DAG: example_python_operator
[2022-12-14T19:56:21.619+0000] {logging_mixin.py:137} INFO - [2022-12-14T19:56:21.619+0000] {taskmixin.py:205} WARNING - Dependency <Task(_PythonDecoratedOperator): log_sql_query>, print_the_context already registered for DAG: example_python_operator
[2022-12-14T19:56:21.639+0000] {processor.py:753} INFO - DAG(s) dict_keys(['example_python_operator']) retrieved from /home/airflow/.local/lib/python3.7/site-packages/airflow/example_dags/example_python_operator.py
[2022-12-14T19:56:21.725+0000] {logging_mixin.py:137} INFO - [2022-12-14T19:56:21.725+0000] {dag.py:2676} INFO - Sync 1 DAGs
[2022-12-14T19:56:21.837+0000] {logging_mixin.py:137} INFO - [2022-12-14T19:56:21.837+0000] {dag.py:3427} INFO - Setting next_dagrun for example_python_operator to None, run_after=None
[2022-12-14T19:56:21.932+0000] {processor.py:175} INFO - Processing /home/airflow/.local/lib/python3.7/site-packages/airflow/example_dags/example_python_operator.py took 0.397 seconds
[2022-12-14T19:56:52.292+0000] {processor.py:153} INFO - Started process (PID=889) to work on /home/airflow/.local/lib/python3.7/site-packages/airflow/example_dags/example_python_operator.py
[2022-12-14T19:56:52.293+0000] {processor.py:743} INFO - Processing file /home/airflow/.local/lib/python3.7/site-packages/airflow/example_dags/example_python_operator.py for tasks to queue
[2022-12-14T19:56:52.294+0000] {logging_mixin.py:137} INFO - [2022-12-14T19:56:52.294+0000] {dagbag.py:538} INFO - Filling up the DagBag from /home/airflow/.local/lib/python3.7/site-packages/airflow/example_dags/example_python_operator.py
[2022-12-14T19:56:52.333+0000] {logging_mixin.py:137} INFO - [2022-12-14T19:56:52.333+0000] {taskmixin.py:205} WARNING - Dependency <Task(_PythonDecoratedOperator): print_the_context>, log_sql_query already registered for DAG: example_python_operator
[2022-12-14T19:56:52.334+0000] {logging_mixin.py:137} INFO - [2022-12-14T19:56:52.334+0000] {taskmixin.py:205} WARNING - Dependency <Task(_PythonDecoratedOperator): log_sql_query>, print_the_context already registered for DAG: example_python_operator
[2022-12-14T19:56:52.335+0000] {logging_mixin.py:137} INFO - [2022-12-14T19:56:52.335+0000] {taskmixin.py:205} WARNING - Dependency <Task(_PythonDecoratedOperator): print_the_context>, log_sql_query already registered for DAG: example_python_operator
[2022-12-14T19:56:52.336+0000] {logging_mixin.py:137} INFO - [2022-12-14T19:56:52.336+0000] {taskmixin.py:205} WARNING - Dependency <Task(_PythonDecoratedOperator): log_sql_query>, print_the_context already registered for DAG: example_python_operator
[2022-12-14T19:56:52.337+0000] {logging_mixin.py:137} INFO - [2022-12-14T19:56:52.337+0000] {taskmixin.py:205} WARNING - Dependency <Task(_PythonDecoratedOperator): print_the_context>, log_sql_query already registered for DAG: example_python_operator
[2022-12-14T19:56:52.338+0000] {logging_mixin.py:137} INFO - [2022-12-14T19:56:52.338+0000] {taskmixin.py:205} WARNING - Dependency <Task(_PythonDecoratedOperator): log_sql_query>, print_the_context already registered for DAG: example_python_operator
[2022-12-14T19:56:52.339+0000] {logging_mixin.py:137} INFO - [2022-12-14T19:56:52.339+0000] {taskmixin.py:205} WARNING - Dependency <Task(_PythonDecoratedOperator): print_the_context>, log_sql_query already registered for DAG: example_python_operator
[2022-12-14T19:56:52.340+0000] {logging_mixin.py:137} INFO - [2022-12-14T19:56:52.340+0000] {taskmixin.py:205} WARNING - Dependency <Task(_PythonDecoratedOperator): log_sql_query>, print_the_context already registered for DAG: example_python_operator
[2022-12-14T19:56:52.350+0000] {processor.py:753} INFO - DAG(s) dict_keys(['example_python_operator']) retrieved from /home/airflow/.local/lib/python3.7/site-packages/airflow/example_dags/example_python_operator.py
[2022-12-14T19:56:52.461+0000] {logging_mixin.py:137} INFO - [2022-12-14T19:56:52.461+0000] {dag.py:2676} INFO - Sync 1 DAGs
[2022-12-14T19:56:52.497+0000] {logging_mixin.py:137} INFO - [2022-12-14T19:56:52.497+0000] {dag.py:3427} INFO - Setting next_dagrun for example_python_operator to None, run_after=None
[2022-12-14T19:56:52.529+0000] {processor.py:175} INFO - Processing /home/airflow/.local/lib/python3.7/site-packages/airflow/example_dags/example_python_operator.py took 0.241 seconds
[2022-12-14T19:57:22.858+0000] {processor.py:153} INFO - Started process (PID=980) to work on /home/airflow/.local/lib/python3.7/site-packages/airflow/example_dags/example_python_operator.py
[2022-12-14T19:57:22.860+0000] {processor.py:743} INFO - Processing file /home/airflow/.local/lib/python3.7/site-packages/airflow/example_dags/example_python_operator.py for tasks to queue
[2022-12-14T19:57:22.862+0000] {logging_mixin.py:137} INFO - [2022-12-14T19:57:22.862+0000] {dagbag.py:538} INFO - Filling up the DagBag from /home/airflow/.local/lib/python3.7/site-packages/airflow/example_dags/example_python_operator.py
[2022-12-14T19:57:22.897+0000] {logging_mixin.py:137} INFO - [2022-12-14T19:57:22.897+0000] {taskmixin.py:205} WARNING - Dependency <Task(_PythonDecoratedOperator): print_the_context>, log_sql_query already registered for DAG: example_python_operator
[2022-12-14T19:57:22.898+0000] {logging_mixin.py:137} INFO - [2022-12-14T19:57:22.897+0000] {taskmixin.py:205} WARNING - Dependency <Task(_PythonDecoratedOperator): log_sql_query>, print_the_context already registered for DAG: example_python_operator
[2022-12-14T19:57:22.899+0000] {logging_mixin.py:137} INFO - [2022-12-14T19:57:22.899+0000] {taskmixin.py:205} WARNING - Dependency <Task(_PythonDecoratedOperator): print_the_context>, log_sql_query already registered for DAG: example_python_operator
[2022-12-14T19:57:22.900+0000] {logging_mixin.py:137} INFO - [2022-12-14T19:57:22.900+0000] {taskmixin.py:205} WARNING - Dependency <Task(_PythonDecoratedOperator): log_sql_query>, print_the_context already registered for DAG: example_python_operator
[2022-12-14T19:57:22.901+0000] {logging_mixin.py:137} INFO - [2022-12-14T19:57:22.901+0000] {taskmixin.py:205} WARNING - Dependency <Task(_PythonDecoratedOperator): print_the_context>, log_sql_query already registered for DAG: example_python_operator
[2022-12-14T19:57:22.902+0000] {logging_mixin.py:137} INFO - [2022-12-14T19:57:22.902+0000] {taskmixin.py:205} WARNING - Dependency <Task(_PythonDecoratedOperator): log_sql_query>, print_the_context already registered for DAG: example_python_operator
[2022-12-14T19:57:22.904+0000] {logging_mixin.py:137} INFO - [2022-12-14T19:57:22.903+0000] {taskmixin.py:205} WARNING - Dependency <Task(_PythonDecoratedOperator): print_the_context>, log_sql_query already registered for DAG: example_python_operator
[2022-12-14T19:57:22.904+0000] {logging_mixin.py:137} INFO - [2022-12-14T19:57:22.904+0000] {taskmixin.py:205} WARNING - Dependency <Task(_PythonDecoratedOperator): log_sql_query>, print_the_context already registered for DAG: example_python_operator
[2022-12-14T19:57:22.919+0000] {processor.py:753} INFO - DAG(s) dict_keys(['example_python_operator']) retrieved from /home/airflow/.local/lib/python3.7/site-packages/airflow/example_dags/example_python_operator.py
[2022-12-14T19:57:22.993+0000] {logging_mixin.py:137} INFO - [2022-12-14T19:57:22.992+0000] {dag.py:2676} INFO - Sync 1 DAGs
[2022-12-14T19:57:23.041+0000] {logging_mixin.py:137} INFO - [2022-12-14T19:57:23.041+0000] {dag.py:3427} INFO - Setting next_dagrun for example_python_operator to None, run_after=None
[2022-12-14T19:57:23.080+0000] {processor.py:175} INFO - Processing /home/airflow/.local/lib/python3.7/site-packages/airflow/example_dags/example_python_operator.py took 0.228 seconds
[2022-12-14T19:57:53.864+0000] {processor.py:153} INFO - Started process (PID=1060) to work on /home/airflow/.local/lib/python3.7/site-packages/airflow/example_dags/example_python_operator.py
[2022-12-14T19:57:53.865+0000] {processor.py:743} INFO - Processing file /home/airflow/.local/lib/python3.7/site-packages/airflow/example_dags/example_python_operator.py for tasks to queue
[2022-12-14T19:57:53.867+0000] {logging_mixin.py:137} INFO - [2022-12-14T19:57:53.866+0000] {dagbag.py:538} INFO - Filling up the DagBag from /home/airflow/.local/lib/python3.7/site-packages/airflow/example_dags/example_python_operator.py
[2022-12-14T19:57:53.895+0000] {logging_mixin.py:137} INFO - [2022-12-14T19:57:53.895+0000] {taskmixin.py:205} WARNING - Dependency <Task(_PythonDecoratedOperator): print_the_context>, log_sql_query already registered for DAG: example_python_operator
[2022-12-14T19:57:53.896+0000] {logging_mixin.py:137} INFO - [2022-12-14T19:57:53.896+0000] {taskmixin.py:205} WARNING - Dependency <Task(_PythonDecoratedOperator): log_sql_query>, print_the_context already registered for DAG: example_python_operator
[2022-12-14T19:57:53.897+0000] {logging_mixin.py:137} INFO - [2022-12-14T19:57:53.897+0000] {taskmixin.py:205} WARNING - Dependency <Task(_PythonDecoratedOperator): print_the_context>, log_sql_query already registered for DAG: example_python_operator
[2022-12-14T19:57:53.898+0000] {logging_mixin.py:137} INFO - [2022-12-14T19:57:53.897+0000] {taskmixin.py:205} WARNING - Dependency <Task(_PythonDecoratedOperator): log_sql_query>, print_the_context already registered for DAG: example_python_operator
[2022-12-14T19:57:53.899+0000] {logging_mixin.py:137} INFO - [2022-12-14T19:57:53.899+0000] {taskmixin.py:205} WARNING - Dependency <Task(_PythonDecoratedOperator): print_the_context>, log_sql_query already registered for DAG: example_python_operator
[2022-12-14T19:57:53.899+0000] {logging_mixin.py:137} INFO - [2022-12-14T19:57:53.899+0000] {taskmixin.py:205} WARNING - Dependency <Task(_PythonDecoratedOperator): log_sql_query>, print_the_context already registered for DAG: example_python_operator
[2022-12-14T19:57:53.901+0000] {logging_mixin.py:137} INFO - [2022-12-14T19:57:53.900+0000] {taskmixin.py:205} WARNING - Dependency <Task(_PythonDecoratedOperator): print_the_context>, log_sql_query already registered for DAG: example_python_operator
[2022-12-14T19:57:53.901+0000] {logging_mixin.py:137} INFO - [2022-12-14T19:57:53.901+0000] {taskmixin.py:205} WARNING - Dependency <Task(_PythonDecoratedOperator): log_sql_query>, print_the_context already registered for DAG: example_python_operator
[2022-12-14T19:57:53.910+0000] {processor.py:753} INFO - DAG(s) dict_keys(['example_python_operator']) retrieved from /home/airflow/.local/lib/python3.7/site-packages/airflow/example_dags/example_python_operator.py
[2022-12-14T19:57:53.969+0000] {logging_mixin.py:137} INFO - [2022-12-14T19:57:53.969+0000] {dag.py:2676} INFO - Sync 1 DAGs
[2022-12-14T19:57:54.007+0000] {logging_mixin.py:137} INFO - [2022-12-14T19:57:54.007+0000] {dag.py:3427} INFO - Setting next_dagrun for example_python_operator to None, run_after=None
[2022-12-14T19:57:54.035+0000] {processor.py:175} INFO - Processing /home/airflow/.local/lib/python3.7/site-packages/airflow/example_dags/example_python_operator.py took 0.176 seconds
[2022-12-14T19:58:24.213+0000] {processor.py:153} INFO - Started process (PID=1140) to work on /home/airflow/.local/lib/python3.7/site-packages/airflow/example_dags/example_python_operator.py
[2022-12-14T19:58:24.214+0000] {processor.py:743} INFO - Processing file /home/airflow/.local/lib/python3.7/site-packages/airflow/example_dags/example_python_operator.py for tasks to queue
[2022-12-14T19:58:24.216+0000] {logging_mixin.py:137} INFO - [2022-12-14T19:58:24.216+0000] {dagbag.py:538} INFO - Filling up the DagBag from /home/airflow/.local/lib/python3.7/site-packages/airflow/example_dags/example_python_operator.py
[2022-12-14T19:58:24.278+0000] {logging_mixin.py:137} INFO - [2022-12-14T19:58:24.278+0000] {taskmixin.py:205} WARNING - Dependency <Task(_PythonDecoratedOperator): print_the_context>, log_sql_query already registered for DAG: example_python_operator
[2022-12-14T19:58:24.289+0000] {logging_mixin.py:137} INFO - [2022-12-14T19:58:24.287+0000] {taskmixin.py:205} WARNING - Dependency <Task(_PythonDecoratedOperator): log_sql_query>, print_the_context already registered for DAG: example_python_operator
[2022-12-14T19:58:24.292+0000] {logging_mixin.py:137} INFO - [2022-12-14T19:58:24.291+0000] {taskmixin.py:205} WARNING - Dependency <Task(_PythonDecoratedOperator): print_the_context>, log_sql_query already registered for DAG: example_python_operator
[2022-12-14T19:58:24.293+0000] {logging_mixin.py:137} INFO - [2022-12-14T19:58:24.293+0000] {taskmixin.py:205} WARNING - Dependency <Task(_PythonDecoratedOperator): log_sql_query>, print_the_context already registered for DAG: example_python_operator
[2022-12-14T19:58:24.296+0000] {logging_mixin.py:137} INFO - [2022-12-14T19:58:24.295+0000] {taskmixin.py:205} WARNING - Dependency <Task(_PythonDecoratedOperator): print_the_context>, log_sql_query already registered for DAG: example_python_operator
[2022-12-14T19:58:24.297+0000] {logging_mixin.py:137} INFO - [2022-12-14T19:58:24.296+0000] {taskmixin.py:205} WARNING - Dependency <Task(_PythonDecoratedOperator): log_sql_query>, print_the_context already registered for DAG: example_python_operator
[2022-12-14T19:58:24.299+0000] {logging_mixin.py:137} INFO - [2022-12-14T19:58:24.299+0000] {taskmixin.py:205} WARNING - Dependency <Task(_PythonDecoratedOperator): print_the_context>, log_sql_query already registered for DAG: example_python_operator
[2022-12-14T19:58:24.300+0000] {logging_mixin.py:137} INFO - [2022-12-14T19:58:24.299+0000] {taskmixin.py:205} WARNING - Dependency <Task(_PythonDecoratedOperator): log_sql_query>, print_the_context already registered for DAG: example_python_operator
[2022-12-14T19:58:24.319+0000] {processor.py:753} INFO - DAG(s) dict_keys(['example_python_operator']) retrieved from /home/airflow/.local/lib/python3.7/site-packages/airflow/example_dags/example_python_operator.py
[2022-12-14T19:58:24.393+0000] {logging_mixin.py:137} INFO - [2022-12-14T19:58:24.393+0000] {dag.py:2676} INFO - Sync 1 DAGs
[2022-12-14T19:58:24.429+0000] {logging_mixin.py:137} INFO - [2022-12-14T19:58:24.429+0000] {dag.py:3427} INFO - Setting next_dagrun for example_python_operator to None, run_after=None
[2022-12-14T19:58:24.460+0000] {processor.py:175} INFO - Processing /home/airflow/.local/lib/python3.7/site-packages/airflow/example_dags/example_python_operator.py took 0.253 seconds
[2022-12-14T19:58:54.659+0000] {processor.py:153} INFO - Started process (PID=1220) to work on /home/airflow/.local/lib/python3.7/site-packages/airflow/example_dags/example_python_operator.py
[2022-12-14T19:58:54.660+0000] {processor.py:743} INFO - Processing file /home/airflow/.local/lib/python3.7/site-packages/airflow/example_dags/example_python_operator.py for tasks to queue
[2022-12-14T19:58:54.662+0000] {logging_mixin.py:137} INFO - [2022-12-14T19:58:54.661+0000] {dagbag.py:538} INFO - Filling up the DagBag from /home/airflow/.local/lib/python3.7/site-packages/airflow/example_dags/example_python_operator.py
[2022-12-14T19:58:54.693+0000] {logging_mixin.py:137} INFO - [2022-12-14T19:58:54.693+0000] {taskmixin.py:205} WARNING - Dependency <Task(_PythonDecoratedOperator): print_the_context>, log_sql_query already registered for DAG: example_python_operator
[2022-12-14T19:58:54.694+0000] {logging_mixin.py:137} INFO - [2022-12-14T19:58:54.694+0000] {taskmixin.py:205} WARNING - Dependency <Task(_PythonDecoratedOperator): log_sql_query>, print_the_context already registered for DAG: example_python_operator
[2022-12-14T19:58:54.695+0000] {logging_mixin.py:137} INFO - [2022-12-14T19:58:54.695+0000] {taskmixin.py:205} WARNING - Dependency <Task(_PythonDecoratedOperator): print_the_context>, log_sql_query already registered for DAG: example_python_operator
[2022-12-14T19:58:54.696+0000] {logging_mixin.py:137} INFO - [2022-12-14T19:58:54.696+0000] {taskmixin.py:205} WARNING - Dependency <Task(_PythonDecoratedOperator): log_sql_query>, print_the_context already registered for DAG: example_python_operator
[2022-12-14T19:58:54.698+0000] {logging_mixin.py:137} INFO - [2022-12-14T19:58:54.697+0000] {taskmixin.py:205} WARNING - Dependency <Task(_PythonDecoratedOperator): print_the_context>, log_sql_query already registered for DAG: example_python_operator
[2022-12-14T19:58:54.698+0000] {logging_mixin.py:137} INFO - [2022-12-14T19:58:54.698+0000] {taskmixin.py:205} WARNING - Dependency <Task(_PythonDecoratedOperator): log_sql_query>, print_the_context already registered for DAG: example_python_operator
[2022-12-14T19:58:54.700+0000] {logging_mixin.py:137} INFO - [2022-12-14T19:58:54.700+0000] {taskmixin.py:205} WARNING - Dependency <Task(_PythonDecoratedOperator): print_the_context>, log_sql_query already registered for DAG: example_python_operator
[2022-12-14T19:58:54.700+0000] {logging_mixin.py:137} INFO - [2022-12-14T19:58:54.700+0000] {taskmixin.py:205} WARNING - Dependency <Task(_PythonDecoratedOperator): log_sql_query>, print_the_context already registered for DAG: example_python_operator
[2022-12-14T19:58:54.711+0000] {processor.py:753} INFO - DAG(s) dict_keys(['example_python_operator']) retrieved from /home/airflow/.local/lib/python3.7/site-packages/airflow/example_dags/example_python_operator.py
[2022-12-14T19:58:54.780+0000] {logging_mixin.py:137} INFO - [2022-12-14T19:58:54.779+0000] {dag.py:2676} INFO - Sync 1 DAGs
[2022-12-14T19:58:54.820+0000] {logging_mixin.py:137} INFO - [2022-12-14T19:58:54.820+0000] {dag.py:3427} INFO - Setting next_dagrun for example_python_operator to None, run_after=None
[2022-12-14T19:58:54.854+0000] {processor.py:175} INFO - Processing /home/airflow/.local/lib/python3.7/site-packages/airflow/example_dags/example_python_operator.py took 0.200 seconds
[2022-12-14T19:59:24.949+0000] {processor.py:153} INFO - Started process (PID=1309) to work on /home/airflow/.local/lib/python3.7/site-packages/airflow/example_dags/example_python_operator.py
[2022-12-14T19:59:24.951+0000] {processor.py:743} INFO - Processing file /home/airflow/.local/lib/python3.7/site-packages/airflow/example_dags/example_python_operator.py for tasks to queue
[2022-12-14T19:59:24.952+0000] {logging_mixin.py:137} INFO - [2022-12-14T19:59:24.951+0000] {dagbag.py:538} INFO - Filling up the DagBag from /home/airflow/.local/lib/python3.7/site-packages/airflow/example_dags/example_python_operator.py
[2022-12-14T19:59:24.976+0000] {logging_mixin.py:137} INFO - [2022-12-14T19:59:24.976+0000] {taskmixin.py:205} WARNING - Dependency <Task(_PythonDecoratedOperator): print_the_context>, log_sql_query already registered for DAG: example_python_operator
[2022-12-14T19:59:24.977+0000] {logging_mixin.py:137} INFO - [2022-12-14T19:59:24.977+0000] {taskmixin.py:205} WARNING - Dependency <Task(_PythonDecoratedOperator): log_sql_query>, print_the_context already registered for DAG: example_python_operator
[2022-12-14T19:59:24.978+0000] {logging_mixin.py:137} INFO - [2022-12-14T19:59:24.978+0000] {taskmixin.py:205} WARNING - Dependency <Task(_PythonDecoratedOperator): print_the_context>, log_sql_query already registered for DAG: example_python_operator
[2022-12-14T19:59:24.979+0000] {logging_mixin.py:137} INFO - [2022-12-14T19:59:24.978+0000] {taskmixin.py:205} WARNING - Dependency <Task(_PythonDecoratedOperator): log_sql_query>, print_the_context already registered for DAG: example_python_operator
[2022-12-14T19:59:24.980+0000] {logging_mixin.py:137} INFO - [2022-12-14T19:59:24.980+0000] {taskmixin.py:205} WARNING - Dependency <Task(_PythonDecoratedOperator): print_the_context>, log_sql_query already registered for DAG: example_python_operator
[2022-12-14T19:59:24.980+0000] {logging_mixin.py:137} INFO - [2022-12-14T19:59:24.980+0000] {taskmixin.py:205} WARNING - Dependency <Task(_PythonDecoratedOperator): log_sql_query>, print_the_context already registered for DAG: example_python_operator
[2022-12-14T19:59:24.981+0000] {logging_mixin.py:137} INFO - [2022-12-14T19:59:24.981+0000] {taskmixin.py:205} WARNING - Dependency <Task(_PythonDecoratedOperator): print_the_context>, log_sql_query already registered for DAG: example_python_operator
[2022-12-14T19:59:24.982+0000] {logging_mixin.py:137} INFO - [2022-12-14T19:59:24.982+0000] {taskmixin.py:205} WARNING - Dependency <Task(_PythonDecoratedOperator): log_sql_query>, print_the_context already registered for DAG: example_python_operator
[2022-12-14T19:59:24.992+0000] {processor.py:753} INFO - DAG(s) dict_keys(['example_python_operator']) retrieved from /home/airflow/.local/lib/python3.7/site-packages/airflow/example_dags/example_python_operator.py
[2022-12-14T19:59:25.047+0000] {logging_mixin.py:137} INFO - [2022-12-14T19:59:25.046+0000] {dag.py:2676} INFO - Sync 1 DAGs
[2022-12-14T19:59:25.092+0000] {logging_mixin.py:137} INFO - [2022-12-14T19:59:25.092+0000] {dag.py:3427} INFO - Setting next_dagrun for example_python_operator to None, run_after=None
[2022-12-14T19:59:25.126+0000] {processor.py:175} INFO - Processing /home/airflow/.local/lib/python3.7/site-packages/airflow/example_dags/example_python_operator.py took 0.181 seconds
[2022-12-14T19:59:56.125+0000] {processor.py:153} INFO - Started process (PID=1400) to work on /home/airflow/.local/lib/python3.7/site-packages/airflow/example_dags/example_python_operator.py
[2022-12-14T19:59:56.129+0000] {processor.py:743} INFO - Processing file /home/airflow/.local/lib/python3.7/site-packages/airflow/example_dags/example_python_operator.py for tasks to queue
[2022-12-14T19:59:56.131+0000] {logging_mixin.py:137} INFO - [2022-12-14T19:59:56.131+0000] {dagbag.py:538} INFO - Filling up the DagBag from /home/airflow/.local/lib/python3.7/site-packages/airflow/example_dags/example_python_operator.py
[2022-12-14T19:59:56.183+0000] {logging_mixin.py:137} INFO - [2022-12-14T19:59:56.183+0000] {taskmixin.py:205} WARNING - Dependency <Task(_PythonDecoratedOperator): print_the_context>, log_sql_query already registered for DAG: example_python_operator
[2022-12-14T19:59:56.184+0000] {logging_mixin.py:137} INFO - [2022-12-14T19:59:56.184+0000] {taskmixin.py:205} WARNING - Dependency <Task(_PythonDecoratedOperator): log_sql_query>, print_the_context already registered for DAG: example_python_operator
[2022-12-14T19:59:56.186+0000] {logging_mixin.py:137} INFO - [2022-12-14T19:59:56.186+0000] {taskmixin.py:205} WARNING - Dependency <Task(_PythonDecoratedOperator): print_the_context>, log_sql_query already registered for DAG: example_python_operator
[2022-12-14T19:59:56.187+0000] {logging_mixin.py:137} INFO - [2022-12-14T19:59:56.187+0000] {taskmixin.py:205} WARNING - Dependency <Task(_PythonDecoratedOperator): log_sql_query>, print_the_context already registered for DAG: example_python_operator
[2022-12-14T19:59:56.190+0000] {logging_mixin.py:137} INFO - [2022-12-14T19:59:56.189+0000] {taskmixin.py:205} WARNING - Dependency <Task(_PythonDecoratedOperator): print_the_context>, log_sql_query already registered for DAG: example_python_operator
[2022-12-14T19:59:56.191+0000] {logging_mixin.py:137} INFO - [2022-12-14T19:59:56.191+0000] {taskmixin.py:205} WARNING - Dependency <Task(_PythonDecoratedOperator): log_sql_query>, print_the_context already registered for DAG: example_python_operator
[2022-12-14T19:59:56.194+0000] {logging_mixin.py:137} INFO - [2022-12-14T19:59:56.194+0000] {taskmixin.py:205} WARNING - Dependency <Task(_PythonDecoratedOperator): print_the_context>, log_sql_query already registered for DAG: example_python_operator
[2022-12-14T19:59:56.195+0000] {logging_mixin.py:137} INFO - [2022-12-14T19:59:56.195+0000] {taskmixin.py:205} WARNING - Dependency <Task(_PythonDecoratedOperator): log_sql_query>, print_the_context already registered for DAG: example_python_operator
[2022-12-14T19:59:56.217+0000] {processor.py:753} INFO - DAG(s) dict_keys(['example_python_operator']) retrieved from /home/airflow/.local/lib/python3.7/site-packages/airflow/example_dags/example_python_operator.py
[2022-12-14T19:59:56.307+0000] {logging_mixin.py:137} INFO - [2022-12-14T19:59:56.307+0000] {dag.py:2676} INFO - Sync 1 DAGs
[2022-12-14T19:59:56.361+0000] {logging_mixin.py:137} INFO - [2022-12-14T19:59:56.360+0000] {dag.py:3427} INFO - Setting next_dagrun for example_python_operator to None, run_after=None
[2022-12-14T19:59:56.406+0000] {processor.py:175} INFO - Processing /home/airflow/.local/lib/python3.7/site-packages/airflow/example_dags/example_python_operator.py took 0.290 seconds
[2022-12-14T20:00:27.359+0000] {processor.py:153} INFO - Started process (PID=1480) to work on /home/airflow/.local/lib/python3.7/site-packages/airflow/example_dags/example_python_operator.py
[2022-12-14T20:00:27.361+0000] {processor.py:743} INFO - Processing file /home/airflow/.local/lib/python3.7/site-packages/airflow/example_dags/example_python_operator.py for tasks to queue
[2022-12-14T20:00:27.363+0000] {logging_mixin.py:137} INFO - [2022-12-14T20:00:27.363+0000] {dagbag.py:538} INFO - Filling up the DagBag from /home/airflow/.local/lib/python3.7/site-packages/airflow/example_dags/example_python_operator.py
[2022-12-14T20:00:27.395+0000] {logging_mixin.py:137} INFO - [2022-12-14T20:00:27.395+0000] {taskmixin.py:205} WARNING - Dependency <Task(_PythonDecoratedOperator): print_the_context>, log_sql_query already registered for DAG: example_python_operator
[2022-12-14T20:00:27.396+0000] {logging_mixin.py:137} INFO - [2022-12-14T20:00:27.396+0000] {taskmixin.py:205} WARNING - Dependency <Task(_PythonDecoratedOperator): log_sql_query>, print_the_context already registered for DAG: example_python_operator
[2022-12-14T20:00:27.397+0000] {logging_mixin.py:137} INFO - [2022-12-14T20:00:27.397+0000] {taskmixin.py:205} WARNING - Dependency <Task(_PythonDecoratedOperator): print_the_context>, log_sql_query already registered for DAG: example_python_operator
[2022-12-14T20:00:27.398+0000] {logging_mixin.py:137} INFO - [2022-12-14T20:00:27.397+0000] {taskmixin.py:205} WARNING - Dependency <Task(_PythonDecoratedOperator): log_sql_query>, print_the_context already registered for DAG: example_python_operator
[2022-12-14T20:00:27.399+0000] {logging_mixin.py:137} INFO - [2022-12-14T20:00:27.399+0000] {taskmixin.py:205} WARNING - Dependency <Task(_PythonDecoratedOperator): print_the_context>, log_sql_query already registered for DAG: example_python_operator
[2022-12-14T20:00:27.399+0000] {logging_mixin.py:137} INFO - [2022-12-14T20:00:27.399+0000] {taskmixin.py:205} WARNING - Dependency <Task(_PythonDecoratedOperator): log_sql_query>, print_the_context already registered for DAG: example_python_operator
[2022-12-14T20:00:27.401+0000] {logging_mixin.py:137} INFO - [2022-12-14T20:00:27.401+0000] {taskmixin.py:205} WARNING - Dependency <Task(_PythonDecoratedOperator): print_the_context>, log_sql_query already registered for DAG: example_python_operator
[2022-12-14T20:00:27.401+0000] {logging_mixin.py:137} INFO - [2022-12-14T20:00:27.401+0000] {taskmixin.py:205} WARNING - Dependency <Task(_PythonDecoratedOperator): log_sql_query>, print_the_context already registered for DAG: example_python_operator
[2022-12-14T20:00:27.411+0000] {processor.py:753} INFO - DAG(s) dict_keys(['example_python_operator']) retrieved from /home/airflow/.local/lib/python3.7/site-packages/airflow/example_dags/example_python_operator.py
[2022-12-14T20:00:27.469+0000] {logging_mixin.py:137} INFO - [2022-12-14T20:00:27.468+0000] {dag.py:2676} INFO - Sync 1 DAGs
[2022-12-14T20:00:27.505+0000] {logging_mixin.py:137} INFO - [2022-12-14T20:00:27.505+0000] {dag.py:3427} INFO - Setting next_dagrun for example_python_operator to None, run_after=None
[2022-12-14T20:00:27.530+0000] {processor.py:175} INFO - Processing /home/airflow/.local/lib/python3.7/site-packages/airflow/example_dags/example_python_operator.py took 0.178 seconds
[2022-12-14T20:00:57.837+0000] {processor.py:153} INFO - Started process (PID=1560) to work on /home/airflow/.local/lib/python3.7/site-packages/airflow/example_dags/example_python_operator.py
[2022-12-14T20:00:57.838+0000] {processor.py:743} INFO - Processing file /home/airflow/.local/lib/python3.7/site-packages/airflow/example_dags/example_python_operator.py for tasks to queue
[2022-12-14T20:00:57.839+0000] {logging_mixin.py:137} INFO - [2022-12-14T20:00:57.839+0000] {dagbag.py:538} INFO - Filling up the DagBag from /home/airflow/.local/lib/python3.7/site-packages/airflow/example_dags/example_python_operator.py
[2022-12-14T20:00:57.863+0000] {logging_mixin.py:137} INFO - [2022-12-14T20:00:57.863+0000] {taskmixin.py:205} WARNING - Dependency <Task(_PythonDecoratedOperator): print_the_context>, log_sql_query already registered for DAG: example_python_operator
[2022-12-14T20:00:57.864+0000] {logging_mixin.py:137} INFO - [2022-12-14T20:00:57.864+0000] {taskmixin.py:205} WARNING - Dependency <Task(_PythonDecoratedOperator): log_sql_query>, print_the_context already registered for DAG: example_python_operator
[2022-12-14T20:00:57.865+0000] {logging_mixin.py:137} INFO - [2022-12-14T20:00:57.865+0000] {taskmixin.py:205} WARNING - Dependency <Task(_PythonDecoratedOperator): print_the_context>, log_sql_query already registered for DAG: example_python_operator
[2022-12-14T20:00:57.865+0000] {logging_mixin.py:137} INFO - [2022-12-14T20:00:57.865+0000] {taskmixin.py:205} WARNING - Dependency <Task(_PythonDecoratedOperator): log_sql_query>, print_the_context already registered for DAG: example_python_operator
[2022-12-14T20:00:57.867+0000] {logging_mixin.py:137} INFO - [2022-12-14T20:00:57.866+0000] {taskmixin.py:205} WARNING - Dependency <Task(_PythonDecoratedOperator): print_the_context>, log_sql_query already registered for DAG: example_python_operator
[2022-12-14T20:00:57.867+0000] {logging_mixin.py:137} INFO - [2022-12-14T20:00:57.867+0000] {taskmixin.py:205} WARNING - Dependency <Task(_PythonDecoratedOperator): log_sql_query>, print_the_context already registered for DAG: example_python_operator
[2022-12-14T20:00:57.869+0000] {logging_mixin.py:137} INFO - [2022-12-14T20:00:57.869+0000] {taskmixin.py:205} WARNING - Dependency <Task(_PythonDecoratedOperator): print_the_context>, log_sql_query already registered for DAG: example_python_operator
[2022-12-14T20:00:57.870+0000] {logging_mixin.py:137} INFO - [2022-12-14T20:00:57.870+0000] {taskmixin.py:205} WARNING - Dependency <Task(_PythonDecoratedOperator): log_sql_query>, print_the_context already registered for DAG: example_python_operator
[2022-12-14T20:00:57.880+0000] {processor.py:753} INFO - DAG(s) dict_keys(['example_python_operator']) retrieved from /home/airflow/.local/lib/python3.7/site-packages/airflow/example_dags/example_python_operator.py
[2022-12-14T20:00:57.932+0000] {logging_mixin.py:137} INFO - [2022-12-14T20:00:57.932+0000] {dag.py:2676} INFO - Sync 1 DAGs
[2022-12-14T20:00:57.973+0000] {logging_mixin.py:137} INFO - [2022-12-14T20:00:57.973+0000] {dag.py:3427} INFO - Setting next_dagrun for example_python_operator to None, run_after=None
[2022-12-14T20:00:58.000+0000] {processor.py:175} INFO - Processing /home/airflow/.local/lib/python3.7/site-packages/airflow/example_dags/example_python_operator.py took 0.167 seconds
[2022-12-14T20:01:28.794+0000] {processor.py:153} INFO - Started process (PID=1649) to work on /home/airflow/.local/lib/python3.7/site-packages/airflow/example_dags/example_python_operator.py
[2022-12-14T20:01:28.798+0000] {processor.py:743} INFO - Processing file /home/airflow/.local/lib/python3.7/site-packages/airflow/example_dags/example_python_operator.py for tasks to queue
[2022-12-14T20:01:28.803+0000] {logging_mixin.py:137} INFO - [2022-12-14T20:01:28.802+0000] {dagbag.py:538} INFO - Filling up the DagBag from /home/airflow/.local/lib/python3.7/site-packages/airflow/example_dags/example_python_operator.py
[2022-12-14T20:01:28.846+0000] {logging_mixin.py:137} INFO - [2022-12-14T20:01:28.845+0000] {taskmixin.py:205} WARNING - Dependency <Task(_PythonDecoratedOperator): print_the_context>, log_sql_query already registered for DAG: example_python_operator
[2022-12-14T20:01:28.847+0000] {logging_mixin.py:137} INFO - [2022-12-14T20:01:28.847+0000] {taskmixin.py:205} WARNING - Dependency <Task(_PythonDecoratedOperator): log_sql_query>, print_the_context already registered for DAG: example_python_operator
[2022-12-14T20:01:28.849+0000] {logging_mixin.py:137} INFO - [2022-12-14T20:01:28.849+0000] {taskmixin.py:205} WARNING - Dependency <Task(_PythonDecoratedOperator): print_the_context>, log_sql_query already registered for DAG: example_python_operator
[2022-12-14T20:01:28.850+0000] {logging_mixin.py:137} INFO - [2022-12-14T20:01:28.850+0000] {taskmixin.py:205} WARNING - Dependency <Task(_PythonDecoratedOperator): log_sql_query>, print_the_context already registered for DAG: example_python_operator
[2022-12-14T20:01:28.852+0000] {logging_mixin.py:137} INFO - [2022-12-14T20:01:28.852+0000] {taskmixin.py:205} WARNING - Dependency <Task(_PythonDecoratedOperator): print_the_context>, log_sql_query already registered for DAG: example_python_operator
[2022-12-14T20:01:28.852+0000] {logging_mixin.py:137} INFO - [2022-12-14T20:01:28.852+0000] {taskmixin.py:205} WARNING - Dependency <Task(_PythonDecoratedOperator): log_sql_query>, print_the_context already registered for DAG: example_python_operator
[2022-12-14T20:01:28.854+0000] {logging_mixin.py:137} INFO - [2022-12-14T20:01:28.854+0000] {taskmixin.py:205} WARNING - Dependency <Task(_PythonDecoratedOperator): print_the_context>, log_sql_query already registered for DAG: example_python_operator
[2022-12-14T20:01:28.854+0000] {logging_mixin.py:137} INFO - [2022-12-14T20:01:28.854+0000] {taskmixin.py:205} WARNING - Dependency <Task(_PythonDecoratedOperator): log_sql_query>, print_the_context already registered for DAG: example_python_operator
[2022-12-14T20:01:28.872+0000] {processor.py:753} INFO - DAG(s) dict_keys(['example_python_operator']) retrieved from /home/airflow/.local/lib/python3.7/site-packages/airflow/example_dags/example_python_operator.py
[2022-12-14T20:01:28.939+0000] {logging_mixin.py:137} INFO - [2022-12-14T20:01:28.939+0000] {dag.py:2676} INFO - Sync 1 DAGs
[2022-12-14T20:01:28.986+0000] {logging_mixin.py:137} INFO - [2022-12-14T20:01:28.986+0000] {dag.py:3427} INFO - Setting next_dagrun for example_python_operator to None, run_after=None
[2022-12-14T20:01:29.022+0000] {processor.py:175} INFO - Processing /home/airflow/.local/lib/python3.7/site-packages/airflow/example_dags/example_python_operator.py took 0.235 seconds
[2022-12-14T20:01:59.265+0000] {processor.py:153} INFO - Started process (PID=1740) to work on /home/airflow/.local/lib/python3.7/site-packages/airflow/example_dags/example_python_operator.py
[2022-12-14T20:01:59.266+0000] {processor.py:743} INFO - Processing file /home/airflow/.local/lib/python3.7/site-packages/airflow/example_dags/example_python_operator.py for tasks to queue
[2022-12-14T20:01:59.268+0000] {logging_mixin.py:137} INFO - [2022-12-14T20:01:59.267+0000] {dagbag.py:538} INFO - Filling up the DagBag from /home/airflow/.local/lib/python3.7/site-packages/airflow/example_dags/example_python_operator.py
[2022-12-14T20:01:59.295+0000] {logging_mixin.py:137} INFO - [2022-12-14T20:01:59.294+0000] {taskmixin.py:205} WARNING - Dependency <Task(_PythonDecoratedOperator): print_the_context>, log_sql_query already registered for DAG: example_python_operator
[2022-12-14T20:01:59.296+0000] {logging_mixin.py:137} INFO - [2022-12-14T20:01:59.295+0000] {taskmixin.py:205} WARNING - Dependency <Task(_PythonDecoratedOperator): log_sql_query>, print_the_context already registered for DAG: example_python_operator
[2022-12-14T20:01:59.297+0000] {logging_mixin.py:137} INFO - [2022-12-14T20:01:59.297+0000] {taskmixin.py:205} WARNING - Dependency <Task(_PythonDecoratedOperator): print_the_context>, log_sql_query already registered for DAG: example_python_operator
[2022-12-14T20:01:59.298+0000] {logging_mixin.py:137} INFO - [2022-12-14T20:01:59.298+0000] {taskmixin.py:205} WARNING - Dependency <Task(_PythonDecoratedOperator): log_sql_query>, print_the_context already registered for DAG: example_python_operator
[2022-12-14T20:01:59.299+0000] {logging_mixin.py:137} INFO - [2022-12-14T20:01:59.299+0000] {taskmixin.py:205} WARNING - Dependency <Task(_PythonDecoratedOperator): print_the_context>, log_sql_query already registered for DAG: example_python_operator
[2022-12-14T20:01:59.300+0000] {logging_mixin.py:137} INFO - [2022-12-14T20:01:59.299+0000] {taskmixin.py:205} WARNING - Dependency <Task(_PythonDecoratedOperator): log_sql_query>, print_the_context already registered for DAG: example_python_operator
[2022-12-14T20:01:59.301+0000] {logging_mixin.py:137} INFO - [2022-12-14T20:01:59.301+0000] {taskmixin.py:205} WARNING - Dependency <Task(_PythonDecoratedOperator): print_the_context>, log_sql_query already registered for DAG: example_python_operator
[2022-12-14T20:01:59.302+0000] {logging_mixin.py:137} INFO - [2022-12-14T20:01:59.301+0000] {taskmixin.py:205} WARNING - Dependency <Task(_PythonDecoratedOperator): log_sql_query>, print_the_context already registered for DAG: example_python_operator
[2022-12-14T20:01:59.313+0000] {processor.py:753} INFO - DAG(s) dict_keys(['example_python_operator']) retrieved from /home/airflow/.local/lib/python3.7/site-packages/airflow/example_dags/example_python_operator.py
[2022-12-14T20:01:59.385+0000] {logging_mixin.py:137} INFO - [2022-12-14T20:01:59.385+0000] {dag.py:2676} INFO - Sync 1 DAGs
[2022-12-14T20:01:59.437+0000] {logging_mixin.py:137} INFO - [2022-12-14T20:01:59.437+0000] {dag.py:3427} INFO - Setting next_dagrun for example_python_operator to None, run_after=None
[2022-12-14T20:01:59.469+0000] {processor.py:175} INFO - Processing /home/airflow/.local/lib/python3.7/site-packages/airflow/example_dags/example_python_operator.py took 0.208 seconds
[2022-12-14T20:02:29.562+0000] {processor.py:153} INFO - Started process (PID=1820) to work on /home/airflow/.local/lib/python3.7/site-packages/airflow/example_dags/example_python_operator.py
[2022-12-14T20:02:29.563+0000] {processor.py:743} INFO - Processing file /home/airflow/.local/lib/python3.7/site-packages/airflow/example_dags/example_python_operator.py for tasks to queue
[2022-12-14T20:02:29.564+0000] {logging_mixin.py:137} INFO - [2022-12-14T20:02:29.564+0000] {dagbag.py:538} INFO - Filling up the DagBag from /home/airflow/.local/lib/python3.7/site-packages/airflow/example_dags/example_python_operator.py
[2022-12-14T20:02:29.592+0000] {logging_mixin.py:137} INFO - [2022-12-14T20:02:29.591+0000] {taskmixin.py:205} WARNING - Dependency <Task(_PythonDecoratedOperator): print_the_context>, log_sql_query already registered for DAG: example_python_operator
[2022-12-14T20:02:29.593+0000] {logging_mixin.py:137} INFO - [2022-12-14T20:02:29.592+0000] {taskmixin.py:205} WARNING - Dependency <Task(_PythonDecoratedOperator): log_sql_query>, print_the_context already registered for DAG: example_python_operator
[2022-12-14T20:02:29.594+0000] {logging_mixin.py:137} INFO - [2022-12-14T20:02:29.594+0000] {taskmixin.py:205} WARNING - Dependency <Task(_PythonDecoratedOperator): print_the_context>, log_sql_query already registered for DAG: example_python_operator
[2022-12-14T20:02:29.594+0000] {logging_mixin.py:137} INFO - [2022-12-14T20:02:29.594+0000] {taskmixin.py:205} WARNING - Dependency <Task(_PythonDecoratedOperator): log_sql_query>, print_the_context already registered for DAG: example_python_operator
[2022-12-14T20:02:29.596+0000] {logging_mixin.py:137} INFO - [2022-12-14T20:02:29.596+0000] {taskmixin.py:205} WARNING - Dependency <Task(_PythonDecoratedOperator): print_the_context>, log_sql_query already registered for DAG: example_python_operator
[2022-12-14T20:02:29.596+0000] {logging_mixin.py:137} INFO - [2022-12-14T20:02:29.596+0000] {taskmixin.py:205} WARNING - Dependency <Task(_PythonDecoratedOperator): log_sql_query>, print_the_context already registered for DAG: example_python_operator
[2022-12-14T20:02:29.598+0000] {logging_mixin.py:137} INFO - [2022-12-14T20:02:29.597+0000] {taskmixin.py:205} WARNING - Dependency <Task(_PythonDecoratedOperator): print_the_context>, log_sql_query already registered for DAG: example_python_operator
[2022-12-14T20:02:29.598+0000] {logging_mixin.py:137} INFO - [2022-12-14T20:02:29.598+0000] {taskmixin.py:205} WARNING - Dependency <Task(_PythonDecoratedOperator): log_sql_query>, print_the_context already registered for DAG: example_python_operator
[2022-12-14T20:02:29.609+0000] {processor.py:753} INFO - DAG(s) dict_keys(['example_python_operator']) retrieved from /home/airflow/.local/lib/python3.7/site-packages/airflow/example_dags/example_python_operator.py
[2022-12-14T20:02:29.675+0000] {logging_mixin.py:137} INFO - [2022-12-14T20:02:29.675+0000] {dag.py:2676} INFO - Sync 1 DAGs
[2022-12-14T20:02:29.721+0000] {logging_mixin.py:137} INFO - [2022-12-14T20:02:29.720+0000] {dag.py:3427} INFO - Setting next_dagrun for example_python_operator to None, run_after=None
[2022-12-14T20:02:29.754+0000] {processor.py:175} INFO - Processing /home/airflow/.local/lib/python3.7/site-packages/airflow/example_dags/example_python_operator.py took 0.196 seconds
[2022-12-14T20:03:00.138+0000] {processor.py:153} INFO - Started process (PID=1900) to work on /home/airflow/.local/lib/python3.7/site-packages/airflow/example_dags/example_python_operator.py
[2022-12-14T20:03:00.139+0000] {processor.py:743} INFO - Processing file /home/airflow/.local/lib/python3.7/site-packages/airflow/example_dags/example_python_operator.py for tasks to queue
[2022-12-14T20:03:00.140+0000] {logging_mixin.py:137} INFO - [2022-12-14T20:03:00.140+0000] {dagbag.py:538} INFO - Filling up the DagBag from /home/airflow/.local/lib/python3.7/site-packages/airflow/example_dags/example_python_operator.py
[2022-12-14T20:03:00.166+0000] {logging_mixin.py:137} INFO - [2022-12-14T20:03:00.166+0000] {taskmixin.py:205} WARNING - Dependency <Task(_PythonDecoratedOperator): print_the_context>, log_sql_query already registered for DAG: example_python_operator
[2022-12-14T20:03:00.167+0000] {logging_mixin.py:137} INFO - [2022-12-14T20:03:00.167+0000] {taskmixin.py:205} WARNING - Dependency <Task(_PythonDecoratedOperator): log_sql_query>, print_the_context already registered for DAG: example_python_operator
[2022-12-14T20:03:00.168+0000] {logging_mixin.py:137} INFO - [2022-12-14T20:03:00.168+0000] {taskmixin.py:205} WARNING - Dependency <Task(_PythonDecoratedOperator): print_the_context>, log_sql_query already registered for DAG: example_python_operator
[2022-12-14T20:03:00.169+0000] {logging_mixin.py:137} INFO - [2022-12-14T20:03:00.169+0000] {taskmixin.py:205} WARNING - Dependency <Task(_PythonDecoratedOperator): log_sql_query>, print_the_context already registered for DAG: example_python_operator
[2022-12-14T20:03:00.170+0000] {logging_mixin.py:137} INFO - [2022-12-14T20:03:00.170+0000] {taskmixin.py:205} WARNING - Dependency <Task(_PythonDecoratedOperator): print_the_context>, log_sql_query already registered for DAG: example_python_operator
[2022-12-14T20:03:00.170+0000] {logging_mixin.py:137} INFO - [2022-12-14T20:03:00.170+0000] {taskmixin.py:205} WARNING - Dependency <Task(_PythonDecoratedOperator): log_sql_query>, print_the_context already registered for DAG: example_python_operator
[2022-12-14T20:03:00.171+0000] {logging_mixin.py:137} INFO - [2022-12-14T20:03:00.171+0000] {taskmixin.py:205} WARNING - Dependency <Task(_PythonDecoratedOperator): print_the_context>, log_sql_query already registered for DAG: example_python_operator
[2022-12-14T20:03:00.172+0000] {logging_mixin.py:137} INFO - [2022-12-14T20:03:00.172+0000] {taskmixin.py:205} WARNING - Dependency <Task(_PythonDecoratedOperator): log_sql_query>, print_the_context already registered for DAG: example_python_operator
[2022-12-14T20:03:00.181+0000] {processor.py:753} INFO - DAG(s) dict_keys(['example_python_operator']) retrieved from /home/airflow/.local/lib/python3.7/site-packages/airflow/example_dags/example_python_operator.py
[2022-12-14T20:03:00.236+0000] {logging_mixin.py:137} INFO - [2022-12-14T20:03:00.236+0000] {dag.py:2676} INFO - Sync 1 DAGs
[2022-12-14T20:03:00.272+0000] {logging_mixin.py:137} INFO - [2022-12-14T20:03:00.272+0000] {dag.py:3427} INFO - Setting next_dagrun for example_python_operator to None, run_after=None
[2022-12-14T20:03:00.302+0000] {processor.py:175} INFO - Processing /home/airflow/.local/lib/python3.7/site-packages/airflow/example_dags/example_python_operator.py took 0.168 seconds
[2022-12-14T20:03:30.593+0000] {processor.py:153} INFO - Started process (PID=1987) to work on /home/airflow/.local/lib/python3.7/site-packages/airflow/example_dags/example_python_operator.py
[2022-12-14T20:03:30.594+0000] {processor.py:743} INFO - Processing file /home/airflow/.local/lib/python3.7/site-packages/airflow/example_dags/example_python_operator.py for tasks to queue
[2022-12-14T20:03:30.596+0000] {logging_mixin.py:137} INFO - [2022-12-14T20:03:30.595+0000] {dagbag.py:538} INFO - Filling up the DagBag from /home/airflow/.local/lib/python3.7/site-packages/airflow/example_dags/example_python_operator.py
[2022-12-14T20:03:30.627+0000] {logging_mixin.py:137} INFO - [2022-12-14T20:03:30.627+0000] {taskmixin.py:205} WARNING - Dependency <Task(_PythonDecoratedOperator): print_the_context>, log_sql_query already registered for DAG: example_python_operator
[2022-12-14T20:03:30.628+0000] {logging_mixin.py:137} INFO - [2022-12-14T20:03:30.628+0000] {taskmixin.py:205} WARNING - Dependency <Task(_PythonDecoratedOperator): log_sql_query>, print_the_context already registered for DAG: example_python_operator
[2022-12-14T20:03:30.630+0000] {logging_mixin.py:137} INFO - [2022-12-14T20:03:30.629+0000] {taskmixin.py:205} WARNING - Dependency <Task(_PythonDecoratedOperator): print_the_context>, log_sql_query already registered for DAG: example_python_operator
[2022-12-14T20:03:30.630+0000] {logging_mixin.py:137} INFO - [2022-12-14T20:03:30.630+0000] {taskmixin.py:205} WARNING - Dependency <Task(_PythonDecoratedOperator): log_sql_query>, print_the_context already registered for DAG: example_python_operator
[2022-12-14T20:03:30.631+0000] {logging_mixin.py:137} INFO - [2022-12-14T20:03:30.631+0000] {taskmixin.py:205} WARNING - Dependency <Task(_PythonDecoratedOperator): print_the_context>, log_sql_query already registered for DAG: example_python_operator
[2022-12-14T20:03:30.632+0000] {logging_mixin.py:137} INFO - [2022-12-14T20:03:30.632+0000] {taskmixin.py:205} WARNING - Dependency <Task(_PythonDecoratedOperator): log_sql_query>, print_the_context already registered for DAG: example_python_operator
[2022-12-14T20:03:30.633+0000] {logging_mixin.py:137} INFO - [2022-12-14T20:03:30.633+0000] {taskmixin.py:205} WARNING - Dependency <Task(_PythonDecoratedOperator): print_the_context>, log_sql_query already registered for DAG: example_python_operator
[2022-12-14T20:03:30.634+0000] {logging_mixin.py:137} INFO - [2022-12-14T20:03:30.633+0000] {taskmixin.py:205} WARNING - Dependency <Task(_PythonDecoratedOperator): log_sql_query>, print_the_context already registered for DAG: example_python_operator
[2022-12-14T20:03:30.645+0000] {processor.py:753} INFO - DAG(s) dict_keys(['example_python_operator']) retrieved from /home/airflow/.local/lib/python3.7/site-packages/airflow/example_dags/example_python_operator.py
[2022-12-14T20:03:30.708+0000] {logging_mixin.py:137} INFO - [2022-12-14T20:03:30.707+0000] {dag.py:2676} INFO - Sync 1 DAGs
[2022-12-14T20:03:30.763+0000] {logging_mixin.py:137} INFO - [2022-12-14T20:03:30.763+0000] {dag.py:3427} INFO - Setting next_dagrun for example_python_operator to None, run_after=None
[2022-12-14T20:03:30.816+0000] {processor.py:175} INFO - Processing /home/airflow/.local/lib/python3.7/site-packages/airflow/example_dags/example_python_operator.py took 0.227 seconds
