[2022-12-14T19:52:04.885+0000] {processor.py:153} INFO - Started process (PID=94) to work on /home/airflow/.local/lib/python3.7/site-packages/airflow/example_dags/example_branch_labels.py
[2022-12-14T19:52:04.888+0000] {processor.py:743} INFO - Processing file /home/airflow/.local/lib/python3.7/site-packages/airflow/example_dags/example_branch_labels.py for tasks to queue
[2022-12-14T19:52:04.891+0000] {logging_mixin.py:137} INFO - [2022-12-14T19:52:04.891+0000] {dagbag.py:538} INFO - Filling up the DagBag from /home/airflow/.local/lib/python3.7/site-packages/airflow/example_dags/example_branch_labels.py
[2022-12-14T19:52:04.930+0000] {processor.py:753} INFO - DAG(s) dict_keys(['example_branch_labels']) retrieved from /home/airflow/.local/lib/python3.7/site-packages/airflow/example_dags/example_branch_labels.py
[2022-12-14T19:52:05.024+0000] {logging_mixin.py:137} INFO - [2022-12-14T19:52:05.024+0000] {dag.py:2676} INFO - Sync 1 DAGs
[2022-12-14T19:52:05.088+0000] {logging_mixin.py:137} INFO - [2022-12-14T19:52:05.087+0000] {dag.py:3427} INFO - Setting next_dagrun for example_branch_labels to 2022-12-13T00:00:00+00:00, run_after=2022-12-14T00:00:00+00:00
[2022-12-14T19:52:05.129+0000] {processor.py:175} INFO - Processing /home/airflow/.local/lib/python3.7/site-packages/airflow/example_dags/example_branch_labels.py took 0.249 seconds
[2022-12-14T19:52:35.441+0000] {processor.py:153} INFO - Started process (PID=152) to work on /home/airflow/.local/lib/python3.7/site-packages/airflow/example_dags/example_branch_labels.py
[2022-12-14T19:52:35.443+0000] {processor.py:743} INFO - Processing file /home/airflow/.local/lib/python3.7/site-packages/airflow/example_dags/example_branch_labels.py for tasks to queue
[2022-12-14T19:52:35.444+0000] {logging_mixin.py:137} INFO - [2022-12-14T19:52:35.444+0000] {dagbag.py:538} INFO - Filling up the DagBag from /home/airflow/.local/lib/python3.7/site-packages/airflow/example_dags/example_branch_labels.py
[2022-12-14T19:52:35.475+0000] {processor.py:753} INFO - DAG(s) dict_keys(['example_branch_labels']) retrieved from /home/airflow/.local/lib/python3.7/site-packages/airflow/example_dags/example_branch_labels.py
[2022-12-14T19:52:35.591+0000] {logging_mixin.py:137} INFO - [2022-12-14T19:52:35.590+0000] {dag.py:2676} INFO - Sync 1 DAGs
[2022-12-14T19:52:35.685+0000] {logging_mixin.py:137} INFO - [2022-12-14T19:52:35.685+0000] {dag.py:3427} INFO - Setting next_dagrun for example_branch_labels to 2022-12-13T00:00:00+00:00, run_after=2022-12-14T00:00:00+00:00
[2022-12-14T19:52:35.718+0000] {processor.py:175} INFO - Processing /home/airflow/.local/lib/python3.7/site-packages/airflow/example_dags/example_branch_labels.py took 0.280 seconds
[2022-12-14T19:53:05.776+0000] {processor.py:153} INFO - Started process (PID=241) to work on /home/airflow/.local/lib/python3.7/site-packages/airflow/example_dags/example_branch_labels.py
[2022-12-14T19:53:05.777+0000] {processor.py:743} INFO - Processing file /home/airflow/.local/lib/python3.7/site-packages/airflow/example_dags/example_branch_labels.py for tasks to queue
[2022-12-14T19:53:05.779+0000] {logging_mixin.py:137} INFO - [2022-12-14T19:53:05.779+0000] {dagbag.py:538} INFO - Filling up the DagBag from /home/airflow/.local/lib/python3.7/site-packages/airflow/example_dags/example_branch_labels.py
[2022-12-14T19:53:05.807+0000] {processor.py:753} INFO - DAG(s) dict_keys(['example_branch_labels']) retrieved from /home/airflow/.local/lib/python3.7/site-packages/airflow/example_dags/example_branch_labels.py
[2022-12-14T19:53:05.881+0000] {logging_mixin.py:137} INFO - [2022-12-14T19:53:05.880+0000] {dag.py:2676} INFO - Sync 1 DAGs
[2022-12-14T19:53:05.951+0000] {logging_mixin.py:137} INFO - [2022-12-14T19:53:05.951+0000] {dag.py:3427} INFO - Setting next_dagrun for example_branch_labels to 2022-12-13T00:00:00+00:00, run_after=2022-12-14T00:00:00+00:00
[2022-12-14T19:53:05.995+0000] {processor.py:175} INFO - Processing /home/airflow/.local/lib/python3.7/site-packages/airflow/example_dags/example_branch_labels.py took 0.223 seconds
[2022-12-14T19:53:36.805+0000] {processor.py:153} INFO - Started process (PID=332) to work on /home/airflow/.local/lib/python3.7/site-packages/airflow/example_dags/example_branch_labels.py
[2022-12-14T19:53:36.807+0000] {processor.py:743} INFO - Processing file /home/airflow/.local/lib/python3.7/site-packages/airflow/example_dags/example_branch_labels.py for tasks to queue
[2022-12-14T19:53:36.809+0000] {logging_mixin.py:137} INFO - [2022-12-14T19:53:36.808+0000] {dagbag.py:538} INFO - Filling up the DagBag from /home/airflow/.local/lib/python3.7/site-packages/airflow/example_dags/example_branch_labels.py
[2022-12-14T19:53:36.839+0000] {processor.py:753} INFO - DAG(s) dict_keys(['example_branch_labels']) retrieved from /home/airflow/.local/lib/python3.7/site-packages/airflow/example_dags/example_branch_labels.py
[2022-12-14T19:53:36.898+0000] {logging_mixin.py:137} INFO - [2022-12-14T19:53:36.898+0000] {dag.py:2676} INFO - Sync 1 DAGs
[2022-12-14T19:53:36.936+0000] {logging_mixin.py:137} INFO - [2022-12-14T19:53:36.935+0000] {dag.py:3427} INFO - Setting next_dagrun for example_branch_labels to 2022-12-13T00:00:00+00:00, run_after=2022-12-14T00:00:00+00:00
[2022-12-14T19:53:36.962+0000] {processor.py:175} INFO - Processing /home/airflow/.local/lib/python3.7/site-packages/airflow/example_dags/example_branch_labels.py took 0.161 seconds
[2022-12-14T19:54:07.425+0000] {processor.py:153} INFO - Started process (PID=412) to work on /home/airflow/.local/lib/python3.7/site-packages/airflow/example_dags/example_branch_labels.py
[2022-12-14T19:54:07.426+0000] {processor.py:743} INFO - Processing file /home/airflow/.local/lib/python3.7/site-packages/airflow/example_dags/example_branch_labels.py for tasks to queue
[2022-12-14T19:54:07.427+0000] {logging_mixin.py:137} INFO - [2022-12-14T19:54:07.427+0000] {dagbag.py:538} INFO - Filling up the DagBag from /home/airflow/.local/lib/python3.7/site-packages/airflow/example_dags/example_branch_labels.py
[2022-12-14T19:54:07.448+0000] {processor.py:753} INFO - DAG(s) dict_keys(['example_branch_labels']) retrieved from /home/airflow/.local/lib/python3.7/site-packages/airflow/example_dags/example_branch_labels.py
[2022-12-14T19:54:07.497+0000] {logging_mixin.py:137} INFO - [2022-12-14T19:54:07.497+0000] {dag.py:2676} INFO - Sync 1 DAGs
[2022-12-14T19:54:07.536+0000] {logging_mixin.py:137} INFO - [2022-12-14T19:54:07.536+0000] {dag.py:3427} INFO - Setting next_dagrun for example_branch_labels to 2022-12-13T00:00:00+00:00, run_after=2022-12-14T00:00:00+00:00
[2022-12-14T19:54:07.567+0000] {processor.py:175} INFO - Processing /home/airflow/.local/lib/python3.7/site-packages/airflow/example_dags/example_branch_labels.py took 0.146 seconds
[2022-12-14T19:54:38.208+0000] {processor.py:153} INFO - Started process (PID=492) to work on /home/airflow/.local/lib/python3.7/site-packages/airflow/example_dags/example_branch_labels.py
[2022-12-14T19:54:38.209+0000] {processor.py:743} INFO - Processing file /home/airflow/.local/lib/python3.7/site-packages/airflow/example_dags/example_branch_labels.py for tasks to queue
[2022-12-14T19:54:38.211+0000] {logging_mixin.py:137} INFO - [2022-12-14T19:54:38.210+0000] {dagbag.py:538} INFO - Filling up the DagBag from /home/airflow/.local/lib/python3.7/site-packages/airflow/example_dags/example_branch_labels.py
[2022-12-14T19:54:38.231+0000] {processor.py:753} INFO - DAG(s) dict_keys(['example_branch_labels']) retrieved from /home/airflow/.local/lib/python3.7/site-packages/airflow/example_dags/example_branch_labels.py
[2022-12-14T19:54:38.283+0000] {logging_mixin.py:137} INFO - [2022-12-14T19:54:38.282+0000] {dag.py:2676} INFO - Sync 1 DAGs
[2022-12-14T19:54:38.328+0000] {logging_mixin.py:137} INFO - [2022-12-14T19:54:38.328+0000] {dag.py:3427} INFO - Setting next_dagrun for example_branch_labels to 2022-12-13T00:00:00+00:00, run_after=2022-12-14T00:00:00+00:00
[2022-12-14T19:54:38.357+0000] {processor.py:175} INFO - Processing /home/airflow/.local/lib/python3.7/site-packages/airflow/example_dags/example_branch_labels.py took 0.153 seconds
[2022-12-14T19:55:08.559+0000] {processor.py:153} INFO - Started process (PID=581) to work on /home/airflow/.local/lib/python3.7/site-packages/airflow/example_dags/example_branch_labels.py
[2022-12-14T19:55:08.560+0000] {processor.py:743} INFO - Processing file /home/airflow/.local/lib/python3.7/site-packages/airflow/example_dags/example_branch_labels.py for tasks to queue
[2022-12-14T19:55:08.562+0000] {logging_mixin.py:137} INFO - [2022-12-14T19:55:08.562+0000] {dagbag.py:538} INFO - Filling up the DagBag from /home/airflow/.local/lib/python3.7/site-packages/airflow/example_dags/example_branch_labels.py
[2022-12-14T19:55:08.589+0000] {processor.py:753} INFO - DAG(s) dict_keys(['example_branch_labels']) retrieved from /home/airflow/.local/lib/python3.7/site-packages/airflow/example_dags/example_branch_labels.py
[2022-12-14T19:55:08.660+0000] {logging_mixin.py:137} INFO - [2022-12-14T19:55:08.660+0000] {dag.py:2676} INFO - Sync 1 DAGs
[2022-12-14T19:55:08.701+0000] {logging_mixin.py:137} INFO - [2022-12-14T19:55:08.701+0000] {dag.py:3427} INFO - Setting next_dagrun for example_branch_labels to 2022-12-13T00:00:00+00:00, run_after=2022-12-14T00:00:00+00:00
[2022-12-14T19:55:08.740+0000] {processor.py:175} INFO - Processing /home/airflow/.local/lib/python3.7/site-packages/airflow/example_dags/example_branch_labels.py took 0.186 seconds
[2022-12-14T19:55:38.993+0000] {processor.py:153} INFO - Started process (PID=672) to work on /home/airflow/.local/lib/python3.7/site-packages/airflow/example_dags/example_branch_labels.py
[2022-12-14T19:55:38.994+0000] {processor.py:743} INFO - Processing file /home/airflow/.local/lib/python3.7/site-packages/airflow/example_dags/example_branch_labels.py for tasks to queue
[2022-12-14T19:55:38.996+0000] {logging_mixin.py:137} INFO - [2022-12-14T19:55:38.996+0000] {dagbag.py:538} INFO - Filling up the DagBag from /home/airflow/.local/lib/python3.7/site-packages/airflow/example_dags/example_branch_labels.py
[2022-12-14T19:55:39.021+0000] {processor.py:753} INFO - DAG(s) dict_keys(['example_branch_labels']) retrieved from /home/airflow/.local/lib/python3.7/site-packages/airflow/example_dags/example_branch_labels.py
[2022-12-14T19:55:39.078+0000] {logging_mixin.py:137} INFO - [2022-12-14T19:55:39.078+0000] {dag.py:2676} INFO - Sync 1 DAGs
[2022-12-14T19:55:39.125+0000] {logging_mixin.py:137} INFO - [2022-12-14T19:55:39.125+0000] {dag.py:3427} INFO - Setting next_dagrun for example_branch_labels to 2022-12-13T00:00:00+00:00, run_after=2022-12-14T00:00:00+00:00
[2022-12-14T19:55:39.182+0000] {processor.py:175} INFO - Processing /home/airflow/.local/lib/python3.7/site-packages/airflow/example_dags/example_branch_labels.py took 0.193 seconds
[2022-12-14T19:56:10.089+0000] {processor.py:153} INFO - Started process (PID=752) to work on /home/airflow/.local/lib/python3.7/site-packages/airflow/example_dags/example_branch_labels.py
[2022-12-14T19:56:10.091+0000] {processor.py:743} INFO - Processing file /home/airflow/.local/lib/python3.7/site-packages/airflow/example_dags/example_branch_labels.py for tasks to queue
[2022-12-14T19:56:10.092+0000] {logging_mixin.py:137} INFO - [2022-12-14T19:56:10.092+0000] {dagbag.py:538} INFO - Filling up the DagBag from /home/airflow/.local/lib/python3.7/site-packages/airflow/example_dags/example_branch_labels.py
[2022-12-14T19:56:10.115+0000] {processor.py:753} INFO - DAG(s) dict_keys(['example_branch_labels']) retrieved from /home/airflow/.local/lib/python3.7/site-packages/airflow/example_dags/example_branch_labels.py
[2022-12-14T19:56:10.155+0000] {logging_mixin.py:137} INFO - [2022-12-14T19:56:10.154+0000] {dag.py:2676} INFO - Sync 1 DAGs
[2022-12-14T19:56:10.211+0000] {logging_mixin.py:137} INFO - [2022-12-14T19:56:10.211+0000] {dag.py:3427} INFO - Setting next_dagrun for example_branch_labels to 2022-12-13T00:00:00+00:00, run_after=2022-12-14T00:00:00+00:00
[2022-12-14T19:56:10.243+0000] {processor.py:175} INFO - Processing /home/airflow/.local/lib/python3.7/site-packages/airflow/example_dags/example_branch_labels.py took 0.158 seconds
[2022-12-14T19:56:40.532+0000] {processor.py:153} INFO - Started process (PID=845) to work on /home/airflow/.local/lib/python3.7/site-packages/airflow/example_dags/example_branch_labels.py
[2022-12-14T19:56:40.534+0000] {processor.py:743} INFO - Processing file /home/airflow/.local/lib/python3.7/site-packages/airflow/example_dags/example_branch_labels.py for tasks to queue
[2022-12-14T19:56:40.536+0000] {logging_mixin.py:137} INFO - [2022-12-14T19:56:40.535+0000] {dagbag.py:538} INFO - Filling up the DagBag from /home/airflow/.local/lib/python3.7/site-packages/airflow/example_dags/example_branch_labels.py
[2022-12-14T19:56:40.562+0000] {processor.py:753} INFO - DAG(s) dict_keys(['example_branch_labels']) retrieved from /home/airflow/.local/lib/python3.7/site-packages/airflow/example_dags/example_branch_labels.py
[2022-12-14T19:56:40.631+0000] {logging_mixin.py:137} INFO - [2022-12-14T19:56:40.631+0000] {dag.py:2676} INFO - Sync 1 DAGs
[2022-12-14T19:56:40.680+0000] {logging_mixin.py:137} INFO - [2022-12-14T19:56:40.680+0000] {dag.py:3427} INFO - Setting next_dagrun for example_branch_labels to 2022-12-13T00:00:00+00:00, run_after=2022-12-14T00:00:00+00:00
[2022-12-14T19:56:40.709+0000] {processor.py:175} INFO - Processing /home/airflow/.local/lib/python3.7/site-packages/airflow/example_dags/example_branch_labels.py took 0.183 seconds
[2022-12-14T19:57:11.543+0000] {processor.py:153} INFO - Started process (PID=940) to work on /home/airflow/.local/lib/python3.7/site-packages/airflow/example_dags/example_branch_labels.py
[2022-12-14T19:57:11.544+0000] {processor.py:743} INFO - Processing file /home/airflow/.local/lib/python3.7/site-packages/airflow/example_dags/example_branch_labels.py for tasks to queue
[2022-12-14T19:57:11.545+0000] {logging_mixin.py:137} INFO - [2022-12-14T19:57:11.545+0000] {dagbag.py:538} INFO - Filling up the DagBag from /home/airflow/.local/lib/python3.7/site-packages/airflow/example_dags/example_branch_labels.py
[2022-12-14T19:57:11.567+0000] {processor.py:753} INFO - DAG(s) dict_keys(['example_branch_labels']) retrieved from /home/airflow/.local/lib/python3.7/site-packages/airflow/example_dags/example_branch_labels.py
[2022-12-14T19:57:11.627+0000] {logging_mixin.py:137} INFO - [2022-12-14T19:57:11.627+0000] {dag.py:2676} INFO - Sync 1 DAGs
[2022-12-14T19:57:11.675+0000] {logging_mixin.py:137} INFO - [2022-12-14T19:57:11.675+0000] {dag.py:3427} INFO - Setting next_dagrun for example_branch_labels to 2022-12-13T00:00:00+00:00, run_after=2022-12-14T00:00:00+00:00
[2022-12-14T19:57:11.705+0000] {processor.py:175} INFO - Processing /home/airflow/.local/lib/python3.7/site-packages/airflow/example_dags/example_branch_labels.py took 0.166 seconds
[2022-12-14T19:57:42.486+0000] {processor.py:153} INFO - Started process (PID=1023) to work on /home/airflow/.local/lib/python3.7/site-packages/airflow/example_dags/example_branch_labels.py
[2022-12-14T19:57:42.488+0000] {processor.py:743} INFO - Processing file /home/airflow/.local/lib/python3.7/site-packages/airflow/example_dags/example_branch_labels.py for tasks to queue
[2022-12-14T19:57:42.489+0000] {logging_mixin.py:137} INFO - [2022-12-14T19:57:42.489+0000] {dagbag.py:538} INFO - Filling up the DagBag from /home/airflow/.local/lib/python3.7/site-packages/airflow/example_dags/example_branch_labels.py
[2022-12-14T19:57:42.513+0000] {processor.py:753} INFO - DAG(s) dict_keys(['example_branch_labels']) retrieved from /home/airflow/.local/lib/python3.7/site-packages/airflow/example_dags/example_branch_labels.py
[2022-12-14T19:57:42.566+0000] {logging_mixin.py:137} INFO - [2022-12-14T19:57:42.565+0000] {dag.py:2676} INFO - Sync 1 DAGs
[2022-12-14T19:57:42.610+0000] {logging_mixin.py:137} INFO - [2022-12-14T19:57:42.609+0000] {dag.py:3427} INFO - Setting next_dagrun for example_branch_labels to 2022-12-13T00:00:00+00:00, run_after=2022-12-14T00:00:00+00:00
[2022-12-14T19:57:42.641+0000] {processor.py:175} INFO - Processing /home/airflow/.local/lib/python3.7/site-packages/airflow/example_dags/example_branch_labels.py took 0.161 seconds
[2022-12-14T19:58:13.088+0000] {processor.py:153} INFO - Started process (PID=1103) to work on /home/airflow/.local/lib/python3.7/site-packages/airflow/example_dags/example_branch_labels.py
[2022-12-14T19:58:13.089+0000] {processor.py:743} INFO - Processing file /home/airflow/.local/lib/python3.7/site-packages/airflow/example_dags/example_branch_labels.py for tasks to queue
[2022-12-14T19:58:13.090+0000] {logging_mixin.py:137} INFO - [2022-12-14T19:58:13.090+0000] {dagbag.py:538} INFO - Filling up the DagBag from /home/airflow/.local/lib/python3.7/site-packages/airflow/example_dags/example_branch_labels.py
[2022-12-14T19:58:13.110+0000] {processor.py:753} INFO - DAG(s) dict_keys(['example_branch_labels']) retrieved from /home/airflow/.local/lib/python3.7/site-packages/airflow/example_dags/example_branch_labels.py
[2022-12-14T19:58:13.164+0000] {logging_mixin.py:137} INFO - [2022-12-14T19:58:13.164+0000] {dag.py:2676} INFO - Sync 1 DAGs
[2022-12-14T19:58:13.206+0000] {logging_mixin.py:137} INFO - [2022-12-14T19:58:13.205+0000] {dag.py:3427} INFO - Setting next_dagrun for example_branch_labels to 2022-12-13T00:00:00+00:00, run_after=2022-12-14T00:00:00+00:00
[2022-12-14T19:58:13.238+0000] {processor.py:175} INFO - Processing /home/airflow/.local/lib/python3.7/site-packages/airflow/example_dags/example_branch_labels.py took 0.154 seconds
[2022-12-14T19:58:43.883+0000] {processor.py:153} INFO - Started process (PID=1192) to work on /home/airflow/.local/lib/python3.7/site-packages/airflow/example_dags/example_branch_labels.py
[2022-12-14T19:58:43.884+0000] {processor.py:743} INFO - Processing file /home/airflow/.local/lib/python3.7/site-packages/airflow/example_dags/example_branch_labels.py for tasks to queue
[2022-12-14T19:58:43.885+0000] {logging_mixin.py:137} INFO - [2022-12-14T19:58:43.885+0000] {dagbag.py:538} INFO - Filling up the DagBag from /home/airflow/.local/lib/python3.7/site-packages/airflow/example_dags/example_branch_labels.py
[2022-12-14T19:58:43.907+0000] {processor.py:753} INFO - DAG(s) dict_keys(['example_branch_labels']) retrieved from /home/airflow/.local/lib/python3.7/site-packages/airflow/example_dags/example_branch_labels.py
[2022-12-14T19:58:43.969+0000] {logging_mixin.py:137} INFO - [2022-12-14T19:58:43.969+0000] {dag.py:2676} INFO - Sync 1 DAGs
[2022-12-14T19:58:44.092+0000] {logging_mixin.py:137} INFO - [2022-12-14T19:58:44.091+0000] {dag.py:3427} INFO - Setting next_dagrun for example_branch_labels to 2022-12-13T00:00:00+00:00, run_after=2022-12-14T00:00:00+00:00
[2022-12-14T19:58:44.132+0000] {processor.py:175} INFO - Processing /home/airflow/.local/lib/python3.7/site-packages/airflow/example_dags/example_branch_labels.py took 0.254 seconds
[2022-12-14T19:59:14.249+0000] {processor.py:153} INFO - Started process (PID=1283) to work on /home/airflow/.local/lib/python3.7/site-packages/airflow/example_dags/example_branch_labels.py
[2022-12-14T19:59:14.251+0000] {processor.py:743} INFO - Processing file /home/airflow/.local/lib/python3.7/site-packages/airflow/example_dags/example_branch_labels.py for tasks to queue
[2022-12-14T19:59:14.253+0000] {logging_mixin.py:137} INFO - [2022-12-14T19:59:14.252+0000] {dagbag.py:538} INFO - Filling up the DagBag from /home/airflow/.local/lib/python3.7/site-packages/airflow/example_dags/example_branch_labels.py
[2022-12-14T19:59:14.298+0000] {processor.py:753} INFO - DAG(s) dict_keys(['example_branch_labels']) retrieved from /home/airflow/.local/lib/python3.7/site-packages/airflow/example_dags/example_branch_labels.py
[2022-12-14T19:59:14.373+0000] {logging_mixin.py:137} INFO - [2022-12-14T19:59:14.373+0000] {dag.py:2676} INFO - Sync 1 DAGs
[2022-12-14T19:59:14.429+0000] {logging_mixin.py:137} INFO - [2022-12-14T19:59:14.429+0000] {dag.py:3427} INFO - Setting next_dagrun for example_branch_labels to 2022-12-13T00:00:00+00:00, run_after=2022-12-14T00:00:00+00:00
[2022-12-14T19:59:14.465+0000] {processor.py:175} INFO - Processing /home/airflow/.local/lib/python3.7/site-packages/airflow/example_dags/example_branch_labels.py took 0.221 seconds
[2022-12-14T19:59:45.216+0000] {processor.py:153} INFO - Started process (PID=1363) to work on /home/airflow/.local/lib/python3.7/site-packages/airflow/example_dags/example_branch_labels.py
[2022-12-14T19:59:45.217+0000] {processor.py:743} INFO - Processing file /home/airflow/.local/lib/python3.7/site-packages/airflow/example_dags/example_branch_labels.py for tasks to queue
[2022-12-14T19:59:45.218+0000] {logging_mixin.py:137} INFO - [2022-12-14T19:59:45.218+0000] {dagbag.py:538} INFO - Filling up the DagBag from /home/airflow/.local/lib/python3.7/site-packages/airflow/example_dags/example_branch_labels.py
[2022-12-14T19:59:45.237+0000] {processor.py:753} INFO - DAG(s) dict_keys(['example_branch_labels']) retrieved from /home/airflow/.local/lib/python3.7/site-packages/airflow/example_dags/example_branch_labels.py
[2022-12-14T19:59:45.293+0000] {logging_mixin.py:137} INFO - [2022-12-14T19:59:45.292+0000] {dag.py:2676} INFO - Sync 1 DAGs
[2022-12-14T19:59:45.344+0000] {logging_mixin.py:137} INFO - [2022-12-14T19:59:45.344+0000] {dag.py:3427} INFO - Setting next_dagrun for example_branch_labels to 2022-12-13T00:00:00+00:00, run_after=2022-12-14T00:00:00+00:00
[2022-12-14T19:59:45.382+0000] {processor.py:175} INFO - Processing /home/airflow/.local/lib/python3.7/site-packages/airflow/example_dags/example_branch_labels.py took 0.170 seconds
[2022-12-14T20:00:15.647+0000] {processor.py:153} INFO - Started process (PID=1443) to work on /home/airflow/.local/lib/python3.7/site-packages/airflow/example_dags/example_branch_labels.py
[2022-12-14T20:00:15.648+0000] {processor.py:743} INFO - Processing file /home/airflow/.local/lib/python3.7/site-packages/airflow/example_dags/example_branch_labels.py for tasks to queue
[2022-12-14T20:00:15.649+0000] {logging_mixin.py:137} INFO - [2022-12-14T20:00:15.649+0000] {dagbag.py:538} INFO - Filling up the DagBag from /home/airflow/.local/lib/python3.7/site-packages/airflow/example_dags/example_branch_labels.py
[2022-12-14T20:00:15.669+0000] {processor.py:753} INFO - DAG(s) dict_keys(['example_branch_labels']) retrieved from /home/airflow/.local/lib/python3.7/site-packages/airflow/example_dags/example_branch_labels.py
[2022-12-14T20:00:15.720+0000] {logging_mixin.py:137} INFO - [2022-12-14T20:00:15.719+0000] {dag.py:2676} INFO - Sync 1 DAGs
[2022-12-14T20:00:15.763+0000] {logging_mixin.py:137} INFO - [2022-12-14T20:00:15.763+0000] {dag.py:3427} INFO - Setting next_dagrun for example_branch_labels to 2022-12-13T00:00:00+00:00, run_after=2022-12-14T00:00:00+00:00
[2022-12-14T20:00:15.797+0000] {processor.py:175} INFO - Processing /home/airflow/.local/lib/python3.7/site-packages/airflow/example_dags/example_branch_labels.py took 0.154 seconds
[2022-12-14T20:00:46.428+0000] {processor.py:153} INFO - Started process (PID=1523) to work on /home/airflow/.local/lib/python3.7/site-packages/airflow/example_dags/example_branch_labels.py
[2022-12-14T20:00:46.429+0000] {processor.py:743} INFO - Processing file /home/airflow/.local/lib/python3.7/site-packages/airflow/example_dags/example_branch_labels.py for tasks to queue
[2022-12-14T20:00:46.430+0000] {logging_mixin.py:137} INFO - [2022-12-14T20:00:46.430+0000] {dagbag.py:538} INFO - Filling up the DagBag from /home/airflow/.local/lib/python3.7/site-packages/airflow/example_dags/example_branch_labels.py
[2022-12-14T20:00:46.450+0000] {processor.py:753} INFO - DAG(s) dict_keys(['example_branch_labels']) retrieved from /home/airflow/.local/lib/python3.7/site-packages/airflow/example_dags/example_branch_labels.py
[2022-12-14T20:00:46.508+0000] {logging_mixin.py:137} INFO - [2022-12-14T20:00:46.508+0000] {dag.py:2676} INFO - Sync 1 DAGs
[2022-12-14T20:00:46.570+0000] {logging_mixin.py:137} INFO - [2022-12-14T20:00:46.570+0000] {dag.py:3427} INFO - Setting next_dagrun for example_branch_labels to 2022-12-13T00:00:00+00:00, run_after=2022-12-14T00:00:00+00:00
[2022-12-14T20:00:46.607+0000] {processor.py:175} INFO - Processing /home/airflow/.local/lib/python3.7/site-packages/airflow/example_dags/example_branch_labels.py took 0.183 seconds
[2022-12-14T20:01:17.231+0000] {processor.py:153} INFO - Started process (PID=1623) to work on /home/airflow/.local/lib/python3.7/site-packages/airflow/example_dags/example_branch_labels.py
[2022-12-14T20:01:17.232+0000] {processor.py:743} INFO - Processing file /home/airflow/.local/lib/python3.7/site-packages/airflow/example_dags/example_branch_labels.py for tasks to queue
[2022-12-14T20:01:17.233+0000] {logging_mixin.py:137} INFO - [2022-12-14T20:01:17.233+0000] {dagbag.py:538} INFO - Filling up the DagBag from /home/airflow/.local/lib/python3.7/site-packages/airflow/example_dags/example_branch_labels.py
[2022-12-14T20:01:17.261+0000] {processor.py:753} INFO - DAG(s) dict_keys(['example_branch_labels']) retrieved from /home/airflow/.local/lib/python3.7/site-packages/airflow/example_dags/example_branch_labels.py
[2022-12-14T20:01:17.323+0000] {logging_mixin.py:137} INFO - [2022-12-14T20:01:17.322+0000] {dag.py:2676} INFO - Sync 1 DAGs
[2022-12-14T20:01:17.392+0000] {logging_mixin.py:137} INFO - [2022-12-14T20:01:17.391+0000] {dag.py:3427} INFO - Setting next_dagrun for example_branch_labels to 2022-12-13T00:00:00+00:00, run_after=2022-12-14T00:00:00+00:00
[2022-12-14T20:01:17.432+0000] {processor.py:175} INFO - Processing /home/airflow/.local/lib/python3.7/site-packages/airflow/example_dags/example_branch_labels.py took 0.206 seconds
[2022-12-14T20:01:47.507+0000] {processor.py:153} INFO - Started process (PID=1703) to work on /home/airflow/.local/lib/python3.7/site-packages/airflow/example_dags/example_branch_labels.py
[2022-12-14T20:01:47.508+0000] {processor.py:743} INFO - Processing file /home/airflow/.local/lib/python3.7/site-packages/airflow/example_dags/example_branch_labels.py for tasks to queue
[2022-12-14T20:01:47.510+0000] {logging_mixin.py:137} INFO - [2022-12-14T20:01:47.510+0000] {dagbag.py:538} INFO - Filling up the DagBag from /home/airflow/.local/lib/python3.7/site-packages/airflow/example_dags/example_branch_labels.py
[2022-12-14T20:01:47.532+0000] {processor.py:753} INFO - DAG(s) dict_keys(['example_branch_labels']) retrieved from /home/airflow/.local/lib/python3.7/site-packages/airflow/example_dags/example_branch_labels.py
[2022-12-14T20:01:47.589+0000] {logging_mixin.py:137} INFO - [2022-12-14T20:01:47.589+0000] {dag.py:2676} INFO - Sync 1 DAGs
[2022-12-14T20:01:47.629+0000] {logging_mixin.py:137} INFO - [2022-12-14T20:01:47.629+0000] {dag.py:3427} INFO - Setting next_dagrun for example_branch_labels to 2022-12-13T00:00:00+00:00, run_after=2022-12-14T00:00:00+00:00
[2022-12-14T20:01:47.656+0000] {processor.py:175} INFO - Processing /home/airflow/.local/lib/python3.7/site-packages/airflow/example_dags/example_branch_labels.py took 0.154 seconds
[2022-12-14T20:02:18.021+0000] {processor.py:153} INFO - Started process (PID=1783) to work on /home/airflow/.local/lib/python3.7/site-packages/airflow/example_dags/example_branch_labels.py
[2022-12-14T20:02:18.023+0000] {processor.py:743} INFO - Processing file /home/airflow/.local/lib/python3.7/site-packages/airflow/example_dags/example_branch_labels.py for tasks to queue
[2022-12-14T20:02:18.024+0000] {logging_mixin.py:137} INFO - [2022-12-14T20:02:18.024+0000] {dagbag.py:538} INFO - Filling up the DagBag from /home/airflow/.local/lib/python3.7/site-packages/airflow/example_dags/example_branch_labels.py
[2022-12-14T20:02:18.049+0000] {processor.py:753} INFO - DAG(s) dict_keys(['example_branch_labels']) retrieved from /home/airflow/.local/lib/python3.7/site-packages/airflow/example_dags/example_branch_labels.py
[2022-12-14T20:02:18.108+0000] {logging_mixin.py:137} INFO - [2022-12-14T20:02:18.108+0000] {dag.py:2676} INFO - Sync 1 DAGs
[2022-12-14T20:02:18.155+0000] {logging_mixin.py:137} INFO - [2022-12-14T20:02:18.155+0000] {dag.py:3427} INFO - Setting next_dagrun for example_branch_labels to 2022-12-13T00:00:00+00:00, run_after=2022-12-14T00:00:00+00:00
[2022-12-14T20:02:18.186+0000] {processor.py:175} INFO - Processing /home/airflow/.local/lib/python3.7/site-packages/airflow/example_dags/example_branch_labels.py took 0.169 seconds
[2022-12-14T20:02:49.122+0000] {processor.py:153} INFO - Started process (PID=1863) to work on /home/airflow/.local/lib/python3.7/site-packages/airflow/example_dags/example_branch_labels.py
[2022-12-14T20:02:49.123+0000] {processor.py:743} INFO - Processing file /home/airflow/.local/lib/python3.7/site-packages/airflow/example_dags/example_branch_labels.py for tasks to queue
[2022-12-14T20:02:49.124+0000] {logging_mixin.py:137} INFO - [2022-12-14T20:02:49.124+0000] {dagbag.py:538} INFO - Filling up the DagBag from /home/airflow/.local/lib/python3.7/site-packages/airflow/example_dags/example_branch_labels.py
[2022-12-14T20:02:49.145+0000] {processor.py:753} INFO - DAG(s) dict_keys(['example_branch_labels']) retrieved from /home/airflow/.local/lib/python3.7/site-packages/airflow/example_dags/example_branch_labels.py
[2022-12-14T20:02:49.202+0000] {logging_mixin.py:137} INFO - [2022-12-14T20:02:49.202+0000] {dag.py:2676} INFO - Sync 1 DAGs
[2022-12-14T20:02:49.243+0000] {logging_mixin.py:137} INFO - [2022-12-14T20:02:49.243+0000] {dag.py:3427} INFO - Setting next_dagrun for example_branch_labels to 2022-12-13T00:00:00+00:00, run_after=2022-12-14T00:00:00+00:00
[2022-12-14T20:02:49.272+0000] {processor.py:175} INFO - Processing /home/airflow/.local/lib/python3.7/site-packages/airflow/example_dags/example_branch_labels.py took 0.156 seconds
[2022-12-14T20:03:19.868+0000] {processor.py:153} INFO - Started process (PID=1963) to work on /home/airflow/.local/lib/python3.7/site-packages/airflow/example_dags/example_branch_labels.py
[2022-12-14T20:03:19.870+0000] {processor.py:743} INFO - Processing file /home/airflow/.local/lib/python3.7/site-packages/airflow/example_dags/example_branch_labels.py for tasks to queue
[2022-12-14T20:03:19.871+0000] {logging_mixin.py:137} INFO - [2022-12-14T20:03:19.871+0000] {dagbag.py:538} INFO - Filling up the DagBag from /home/airflow/.local/lib/python3.7/site-packages/airflow/example_dags/example_branch_labels.py
[2022-12-14T20:03:19.893+0000] {processor.py:753} INFO - DAG(s) dict_keys(['example_branch_labels']) retrieved from /home/airflow/.local/lib/python3.7/site-packages/airflow/example_dags/example_branch_labels.py
[2022-12-14T20:03:19.958+0000] {logging_mixin.py:137} INFO - [2022-12-14T20:03:19.957+0000] {dag.py:2676} INFO - Sync 1 DAGs
[2022-12-14T20:03:20.006+0000] {logging_mixin.py:137} INFO - [2022-12-14T20:03:20.006+0000] {dag.py:3427} INFO - Setting next_dagrun for example_branch_labels to 2022-12-13T00:00:00+00:00, run_after=2022-12-14T00:00:00+00:00
[2022-12-14T20:03:20.047+0000] {processor.py:175} INFO - Processing /home/airflow/.local/lib/python3.7/site-packages/airflow/example_dags/example_branch_labels.py took 0.184 seconds
