[2022-12-14T19:52:12.698+0000] {processor.py:153} INFO - Started process (PID=115) to work on /home/airflow/.local/lib/python3.7/site-packages/airflow/example_dags/example_branch_datetime_operator.py
[2022-12-14T19:52:12.700+0000] {processor.py:743} INFO - Processing file /home/airflow/.local/lib/python3.7/site-packages/airflow/example_dags/example_branch_datetime_operator.py for tasks to queue
[2022-12-14T19:52:12.702+0000] {logging_mixin.py:137} INFO - [2022-12-14T19:52:12.701+0000] {dagbag.py:538} INFO - Filling up the DagBag from /home/airflow/.local/lib/python3.7/site-packages/airflow/example_dags/example_branch_datetime_operator.py
[2022-12-14T19:52:12.746+0000] {processor.py:753} INFO - DAG(s) dict_keys(['example_branch_datetime_operator_2', 'example_branch_datetime_operator', 'example_branch_datetime_operator_3']) retrieved from /home/airflow/.local/lib/python3.7/site-packages/airflow/example_dags/example_branch_datetime_operator.py
[2022-12-14T19:52:12.838+0000] {logging_mixin.py:137} INFO - [2022-12-14T19:52:12.838+0000] {dag.py:2676} INFO - Sync 3 DAGs
[2022-12-14T19:52:12.923+0000] {logging_mixin.py:137} INFO - [2022-12-14T19:52:12.923+0000] {dag.py:3427} INFO - Setting next_dagrun for example_branch_datetime_operator to 2022-12-13T00:00:00+00:00, run_after=2022-12-14T00:00:00+00:00
[2022-12-14T19:52:12.939+0000] {logging_mixin.py:137} INFO - [2022-12-14T19:52:12.938+0000] {dag.py:3427} INFO - Setting next_dagrun for example_branch_datetime_operator_2 to 2022-12-13T00:00:00+00:00, run_after=2022-12-14T00:00:00+00:00
[2022-12-14T19:52:12.948+0000] {logging_mixin.py:137} INFO - [2022-12-14T19:52:12.948+0000] {dag.py:3427} INFO - Setting next_dagrun for example_branch_datetime_operator_3 to 2022-12-13T00:00:00+00:00, run_after=2022-12-14T00:00:00+00:00
[2022-12-14T19:52:12.985+0000] {processor.py:175} INFO - Processing /home/airflow/.local/lib/python3.7/site-packages/airflow/example_dags/example_branch_datetime_operator.py took 0.293 seconds
[2022-12-14T19:52:43.589+0000] {processor.py:153} INFO - Started process (PID=195) to work on /home/airflow/.local/lib/python3.7/site-packages/airflow/example_dags/example_branch_datetime_operator.py
[2022-12-14T19:52:43.590+0000] {processor.py:743} INFO - Processing file /home/airflow/.local/lib/python3.7/site-packages/airflow/example_dags/example_branch_datetime_operator.py for tasks to queue
[2022-12-14T19:52:43.592+0000] {logging_mixin.py:137} INFO - [2022-12-14T19:52:43.591+0000] {dagbag.py:538} INFO - Filling up the DagBag from /home/airflow/.local/lib/python3.7/site-packages/airflow/example_dags/example_branch_datetime_operator.py
[2022-12-14T19:52:43.627+0000] {processor.py:753} INFO - DAG(s) dict_keys(['example_branch_datetime_operator', 'example_branch_datetime_operator_3', 'example_branch_datetime_operator_2']) retrieved from /home/airflow/.local/lib/python3.7/site-packages/airflow/example_dags/example_branch_datetime_operator.py
[2022-12-14T19:52:43.707+0000] {logging_mixin.py:137} INFO - [2022-12-14T19:52:43.707+0000] {dag.py:2676} INFO - Sync 3 DAGs
[2022-12-14T19:52:43.751+0000] {logging_mixin.py:137} INFO - [2022-12-14T19:52:43.751+0000] {dag.py:3427} INFO - Setting next_dagrun for example_branch_datetime_operator to 2022-12-13T00:00:00+00:00, run_after=2022-12-14T00:00:00+00:00
[2022-12-14T19:52:43.759+0000] {logging_mixin.py:137} INFO - [2022-12-14T19:52:43.758+0000] {dag.py:3427} INFO - Setting next_dagrun for example_branch_datetime_operator_2 to 2022-12-13T00:00:00+00:00, run_after=2022-12-14T00:00:00+00:00
[2022-12-14T19:52:43.763+0000] {logging_mixin.py:137} INFO - [2022-12-14T19:52:43.762+0000] {dag.py:3427} INFO - Setting next_dagrun for example_branch_datetime_operator_3 to 2022-12-13T00:00:00+00:00, run_after=2022-12-14T00:00:00+00:00
[2022-12-14T19:52:43.786+0000] {processor.py:175} INFO - Processing /home/airflow/.local/lib/python3.7/site-packages/airflow/example_dags/example_branch_datetime_operator.py took 0.203 seconds
[2022-12-14T19:53:14.200+0000] {processor.py:153} INFO - Started process (PID=275) to work on /home/airflow/.local/lib/python3.7/site-packages/airflow/example_dags/example_branch_datetime_operator.py
[2022-12-14T19:53:14.201+0000] {processor.py:743} INFO - Processing file /home/airflow/.local/lib/python3.7/site-packages/airflow/example_dags/example_branch_datetime_operator.py for tasks to queue
[2022-12-14T19:53:14.203+0000] {logging_mixin.py:137} INFO - [2022-12-14T19:53:14.202+0000] {dagbag.py:538} INFO - Filling up the DagBag from /home/airflow/.local/lib/python3.7/site-packages/airflow/example_dags/example_branch_datetime_operator.py
[2022-12-14T19:53:14.228+0000] {processor.py:753} INFO - DAG(s) dict_keys(['example_branch_datetime_operator_3', 'example_branch_datetime_operator_2', 'example_branch_datetime_operator']) retrieved from /home/airflow/.local/lib/python3.7/site-packages/airflow/example_dags/example_branch_datetime_operator.py
[2022-12-14T19:53:14.289+0000] {logging_mixin.py:137} INFO - [2022-12-14T19:53:14.289+0000] {dag.py:2676} INFO - Sync 3 DAGs
[2022-12-14T19:53:14.337+0000] {logging_mixin.py:137} INFO - [2022-12-14T19:53:14.337+0000] {dag.py:3427} INFO - Setting next_dagrun for example_branch_datetime_operator to 2022-12-13T00:00:00+00:00, run_after=2022-12-14T00:00:00+00:00
[2022-12-14T19:53:14.347+0000] {logging_mixin.py:137} INFO - [2022-12-14T19:53:14.346+0000] {dag.py:3427} INFO - Setting next_dagrun for example_branch_datetime_operator_2 to 2022-12-13T00:00:00+00:00, run_after=2022-12-14T00:00:00+00:00
[2022-12-14T19:53:14.351+0000] {logging_mixin.py:137} INFO - [2022-12-14T19:53:14.351+0000] {dag.py:3427} INFO - Setting next_dagrun for example_branch_datetime_operator_3 to 2022-12-13T00:00:00+00:00, run_after=2022-12-14T00:00:00+00:00
[2022-12-14T19:53:14.384+0000] {processor.py:175} INFO - Processing /home/airflow/.local/lib/python3.7/site-packages/airflow/example_dags/example_branch_datetime_operator.py took 0.188 seconds
[2022-12-14T19:53:45.073+0000] {processor.py:153} INFO - Started process (PID=355) to work on /home/airflow/.local/lib/python3.7/site-packages/airflow/example_dags/example_branch_datetime_operator.py
[2022-12-14T19:53:45.077+0000] {processor.py:743} INFO - Processing file /home/airflow/.local/lib/python3.7/site-packages/airflow/example_dags/example_branch_datetime_operator.py for tasks to queue
[2022-12-14T19:53:45.082+0000] {logging_mixin.py:137} INFO - [2022-12-14T19:53:45.081+0000] {dagbag.py:538} INFO - Filling up the DagBag from /home/airflow/.local/lib/python3.7/site-packages/airflow/example_dags/example_branch_datetime_operator.py
[2022-12-14T19:53:45.126+0000] {processor.py:753} INFO - DAG(s) dict_keys(['example_branch_datetime_operator_2', 'example_branch_datetime_operator', 'example_branch_datetime_operator_3']) retrieved from /home/airflow/.local/lib/python3.7/site-packages/airflow/example_dags/example_branch_datetime_operator.py
[2022-12-14T19:53:45.219+0000] {logging_mixin.py:137} INFO - [2022-12-14T19:53:45.219+0000] {dag.py:2676} INFO - Sync 3 DAGs
[2022-12-14T19:53:45.284+0000] {logging_mixin.py:137} INFO - [2022-12-14T19:53:45.284+0000] {dag.py:3427} INFO - Setting next_dagrun for example_branch_datetime_operator to 2022-12-13T00:00:00+00:00, run_after=2022-12-14T00:00:00+00:00
[2022-12-14T19:53:45.296+0000] {logging_mixin.py:137} INFO - [2022-12-14T19:53:45.296+0000] {dag.py:3427} INFO - Setting next_dagrun for example_branch_datetime_operator_2 to 2022-12-13T00:00:00+00:00, run_after=2022-12-14T00:00:00+00:00
[2022-12-14T19:53:45.302+0000] {logging_mixin.py:137} INFO - [2022-12-14T19:53:45.302+0000] {dag.py:3427} INFO - Setting next_dagrun for example_branch_datetime_operator_3 to 2022-12-13T00:00:00+00:00, run_after=2022-12-14T00:00:00+00:00
[2022-12-14T19:53:45.337+0000] {processor.py:175} INFO - Processing /home/airflow/.local/lib/python3.7/site-packages/airflow/example_dags/example_branch_datetime_operator.py took 0.273 seconds
[2022-12-14T19:54:16.291+0000] {processor.py:153} INFO - Started process (PID=455) to work on /home/airflow/.local/lib/python3.7/site-packages/airflow/example_dags/example_branch_datetime_operator.py
[2022-12-14T19:54:16.292+0000] {processor.py:743} INFO - Processing file /home/airflow/.local/lib/python3.7/site-packages/airflow/example_dags/example_branch_datetime_operator.py for tasks to queue
[2022-12-14T19:54:16.293+0000] {logging_mixin.py:137} INFO - [2022-12-14T19:54:16.293+0000] {dagbag.py:538} INFO - Filling up the DagBag from /home/airflow/.local/lib/python3.7/site-packages/airflow/example_dags/example_branch_datetime_operator.py
[2022-12-14T19:54:16.315+0000] {processor.py:753} INFO - DAG(s) dict_keys(['example_branch_datetime_operator_3', 'example_branch_datetime_operator', 'example_branch_datetime_operator_2']) retrieved from /home/airflow/.local/lib/python3.7/site-packages/airflow/example_dags/example_branch_datetime_operator.py
[2022-12-14T19:54:16.372+0000] {logging_mixin.py:137} INFO - [2022-12-14T19:54:16.371+0000] {dag.py:2676} INFO - Sync 3 DAGs
[2022-12-14T19:54:16.411+0000] {logging_mixin.py:137} INFO - [2022-12-14T19:54:16.411+0000] {dag.py:3427} INFO - Setting next_dagrun for example_branch_datetime_operator to 2022-12-13T00:00:00+00:00, run_after=2022-12-14T00:00:00+00:00
[2022-12-14T19:54:16.418+0000] {logging_mixin.py:137} INFO - [2022-12-14T19:54:16.418+0000] {dag.py:3427} INFO - Setting next_dagrun for example_branch_datetime_operator_2 to 2022-12-13T00:00:00+00:00, run_after=2022-12-14T00:00:00+00:00
[2022-12-14T19:54:16.422+0000] {logging_mixin.py:137} INFO - [2022-12-14T19:54:16.422+0000] {dag.py:3427} INFO - Setting next_dagrun for example_branch_datetime_operator_3 to 2022-12-13T00:00:00+00:00, run_after=2022-12-14T00:00:00+00:00
[2022-12-14T19:54:16.446+0000] {processor.py:175} INFO - Processing /home/airflow/.local/lib/python3.7/site-packages/airflow/example_dags/example_branch_datetime_operator.py took 0.159 seconds
[2022-12-14T19:54:46.825+0000] {processor.py:153} INFO - Started process (PID=535) to work on /home/airflow/.local/lib/python3.7/site-packages/airflow/example_dags/example_branch_datetime_operator.py
[2022-12-14T19:54:46.827+0000] {processor.py:743} INFO - Processing file /home/airflow/.local/lib/python3.7/site-packages/airflow/example_dags/example_branch_datetime_operator.py for tasks to queue
[2022-12-14T19:54:46.828+0000] {logging_mixin.py:137} INFO - [2022-12-14T19:54:46.828+0000] {dagbag.py:538} INFO - Filling up the DagBag from /home/airflow/.local/lib/python3.7/site-packages/airflow/example_dags/example_branch_datetime_operator.py
[2022-12-14T19:54:46.855+0000] {processor.py:753} INFO - DAG(s) dict_keys(['example_branch_datetime_operator', 'example_branch_datetime_operator_2', 'example_branch_datetime_operator_3']) retrieved from /home/airflow/.local/lib/python3.7/site-packages/airflow/example_dags/example_branch_datetime_operator.py
[2022-12-14T19:54:46.919+0000] {logging_mixin.py:137} INFO - [2022-12-14T19:54:46.919+0000] {dag.py:2676} INFO - Sync 3 DAGs
[2022-12-14T19:54:46.958+0000] {logging_mixin.py:137} INFO - [2022-12-14T19:54:46.958+0000] {dag.py:3427} INFO - Setting next_dagrun for example_branch_datetime_operator to 2022-12-13T00:00:00+00:00, run_after=2022-12-14T00:00:00+00:00
[2022-12-14T19:54:46.966+0000] {logging_mixin.py:137} INFO - [2022-12-14T19:54:46.965+0000] {dag.py:3427} INFO - Setting next_dagrun for example_branch_datetime_operator_2 to 2022-12-13T00:00:00+00:00, run_after=2022-12-14T00:00:00+00:00
[2022-12-14T19:54:46.970+0000] {logging_mixin.py:137} INFO - [2022-12-14T19:54:46.970+0000] {dag.py:3427} INFO - Setting next_dagrun for example_branch_datetime_operator_3 to 2022-12-13T00:00:00+00:00, run_after=2022-12-14T00:00:00+00:00
[2022-12-14T19:54:46.994+0000] {processor.py:175} INFO - Processing /home/airflow/.local/lib/python3.7/site-packages/airflow/example_dags/example_branch_datetime_operator.py took 0.175 seconds
[2022-12-14T19:55:17.281+0000] {processor.py:153} INFO - Started process (PID=615) to work on /home/airflow/.local/lib/python3.7/site-packages/airflow/example_dags/example_branch_datetime_operator.py
[2022-12-14T19:55:17.282+0000] {processor.py:743} INFO - Processing file /home/airflow/.local/lib/python3.7/site-packages/airflow/example_dags/example_branch_datetime_operator.py for tasks to queue
[2022-12-14T19:55:17.283+0000] {logging_mixin.py:137} INFO - [2022-12-14T19:55:17.283+0000] {dagbag.py:538} INFO - Filling up the DagBag from /home/airflow/.local/lib/python3.7/site-packages/airflow/example_dags/example_branch_datetime_operator.py
[2022-12-14T19:55:17.308+0000] {processor.py:753} INFO - DAG(s) dict_keys(['example_branch_datetime_operator_2', 'example_branch_datetime_operator', 'example_branch_datetime_operator_3']) retrieved from /home/airflow/.local/lib/python3.7/site-packages/airflow/example_dags/example_branch_datetime_operator.py
[2022-12-14T19:55:17.366+0000] {logging_mixin.py:137} INFO - [2022-12-14T19:55:17.366+0000] {dag.py:2676} INFO - Sync 3 DAGs
[2022-12-14T19:55:17.407+0000] {logging_mixin.py:137} INFO - [2022-12-14T19:55:17.407+0000] {dag.py:3427} INFO - Setting next_dagrun for example_branch_datetime_operator to 2022-12-13T00:00:00+00:00, run_after=2022-12-14T00:00:00+00:00
[2022-12-14T19:55:17.414+0000] {logging_mixin.py:137} INFO - [2022-12-14T19:55:17.414+0000] {dag.py:3427} INFO - Setting next_dagrun for example_branch_datetime_operator_2 to 2022-12-13T00:00:00+00:00, run_after=2022-12-14T00:00:00+00:00
[2022-12-14T19:55:17.419+0000] {logging_mixin.py:137} INFO - [2022-12-14T19:55:17.419+0000] {dag.py:3427} INFO - Setting next_dagrun for example_branch_datetime_operator_3 to 2022-12-13T00:00:00+00:00, run_after=2022-12-14T00:00:00+00:00
[2022-12-14T19:55:17.448+0000] {processor.py:175} INFO - Processing /home/airflow/.local/lib/python3.7/site-packages/airflow/example_dags/example_branch_datetime_operator.py took 0.171 seconds
[2022-12-14T19:55:47.893+0000] {processor.py:153} INFO - Started process (PID=695) to work on /home/airflow/.local/lib/python3.7/site-packages/airflow/example_dags/example_branch_datetime_operator.py
[2022-12-14T19:55:47.895+0000] {processor.py:743} INFO - Processing file /home/airflow/.local/lib/python3.7/site-packages/airflow/example_dags/example_branch_datetime_operator.py for tasks to queue
[2022-12-14T19:55:47.896+0000] {logging_mixin.py:137} INFO - [2022-12-14T19:55:47.895+0000] {dagbag.py:538} INFO - Filling up the DagBag from /home/airflow/.local/lib/python3.7/site-packages/airflow/example_dags/example_branch_datetime_operator.py
[2022-12-14T19:55:47.928+0000] {processor.py:753} INFO - DAG(s) dict_keys(['example_branch_datetime_operator', 'example_branch_datetime_operator_2', 'example_branch_datetime_operator_3']) retrieved from /home/airflow/.local/lib/python3.7/site-packages/airflow/example_dags/example_branch_datetime_operator.py
[2022-12-14T19:55:47.988+0000] {logging_mixin.py:137} INFO - [2022-12-14T19:55:47.988+0000] {dag.py:2676} INFO - Sync 3 DAGs
[2022-12-14T19:55:48.032+0000] {logging_mixin.py:137} INFO - [2022-12-14T19:55:48.032+0000] {dag.py:3427} INFO - Setting next_dagrun for example_branch_datetime_operator to 2022-12-13T00:00:00+00:00, run_after=2022-12-14T00:00:00+00:00
[2022-12-14T19:55:48.040+0000] {logging_mixin.py:137} INFO - [2022-12-14T19:55:48.040+0000] {dag.py:3427} INFO - Setting next_dagrun for example_branch_datetime_operator_2 to 2022-12-13T00:00:00+00:00, run_after=2022-12-14T00:00:00+00:00
[2022-12-14T19:55:48.044+0000] {logging_mixin.py:137} INFO - [2022-12-14T19:55:48.043+0000] {dag.py:3427} INFO - Setting next_dagrun for example_branch_datetime_operator_3 to 2022-12-13T00:00:00+00:00, run_after=2022-12-14T00:00:00+00:00
[2022-12-14T19:55:48.068+0000] {processor.py:175} INFO - Processing /home/airflow/.local/lib/python3.7/site-packages/airflow/example_dags/example_branch_datetime_operator.py took 0.178 seconds
[2022-12-14T19:56:22.973+0000] {processor.py:153} INFO - Started process (PID=797) to work on /home/airflow/.local/lib/python3.7/site-packages/airflow/example_dags/example_branch_datetime_operator.py
[2022-12-14T19:56:22.976+0000] {processor.py:743} INFO - Processing file /home/airflow/.local/lib/python3.7/site-packages/airflow/example_dags/example_branch_datetime_operator.py for tasks to queue
[2022-12-14T19:56:22.978+0000] {logging_mixin.py:137} INFO - [2022-12-14T19:56:22.977+0000] {dagbag.py:538} INFO - Filling up the DagBag from /home/airflow/.local/lib/python3.7/site-packages/airflow/example_dags/example_branch_datetime_operator.py
[2022-12-14T19:56:23.022+0000] {processor.py:753} INFO - DAG(s) dict_keys(['example_branch_datetime_operator_3', 'example_branch_datetime_operator', 'example_branch_datetime_operator_2']) retrieved from /home/airflow/.local/lib/python3.7/site-packages/airflow/example_dags/example_branch_datetime_operator.py
[2022-12-14T19:56:23.075+0000] {logging_mixin.py:137} INFO - [2022-12-14T19:56:23.074+0000] {dag.py:2676} INFO - Sync 3 DAGs
[2022-12-14T19:56:23.129+0000] {logging_mixin.py:137} INFO - [2022-12-14T19:56:23.128+0000] {dag.py:3427} INFO - Setting next_dagrun for example_branch_datetime_operator to 2022-12-13T00:00:00+00:00, run_after=2022-12-14T00:00:00+00:00
[2022-12-14T19:56:23.141+0000] {logging_mixin.py:137} INFO - [2022-12-14T19:56:23.141+0000] {dag.py:3427} INFO - Setting next_dagrun for example_branch_datetime_operator_2 to 2022-12-13T00:00:00+00:00, run_after=2022-12-14T00:00:00+00:00
[2022-12-14T19:56:23.148+0000] {logging_mixin.py:137} INFO - [2022-12-14T19:56:23.148+0000] {dag.py:3427} INFO - Setting next_dagrun for example_branch_datetime_operator_3 to 2022-12-13T00:00:00+00:00, run_after=2022-12-14T00:00:00+00:00
[2022-12-14T19:56:23.185+0000] {processor.py:175} INFO - Processing /home/airflow/.local/lib/python3.7/site-packages/airflow/example_dags/example_branch_datetime_operator.py took 0.219 seconds
[2022-12-14T19:56:53.951+0000] {processor.py:153} INFO - Started process (PID=895) to work on /home/airflow/.local/lib/python3.7/site-packages/airflow/example_dags/example_branch_datetime_operator.py
[2022-12-14T19:56:53.953+0000] {processor.py:743} INFO - Processing file /home/airflow/.local/lib/python3.7/site-packages/airflow/example_dags/example_branch_datetime_operator.py for tasks to queue
[2022-12-14T19:56:53.954+0000] {logging_mixin.py:137} INFO - [2022-12-14T19:56:53.954+0000] {dagbag.py:538} INFO - Filling up the DagBag from /home/airflow/.local/lib/python3.7/site-packages/airflow/example_dags/example_branch_datetime_operator.py
[2022-12-14T19:56:53.982+0000] {processor.py:753} INFO - DAG(s) dict_keys(['example_branch_datetime_operator_3', 'example_branch_datetime_operator', 'example_branch_datetime_operator_2']) retrieved from /home/airflow/.local/lib/python3.7/site-packages/airflow/example_dags/example_branch_datetime_operator.py
[2022-12-14T19:56:54.058+0000] {logging_mixin.py:137} INFO - [2022-12-14T19:56:54.058+0000] {dag.py:2676} INFO - Sync 3 DAGs
[2022-12-14T19:56:54.103+0000] {logging_mixin.py:137} INFO - [2022-12-14T19:56:54.103+0000] {dag.py:3427} INFO - Setting next_dagrun for example_branch_datetime_operator to 2022-12-13T00:00:00+00:00, run_after=2022-12-14T00:00:00+00:00
[2022-12-14T19:56:54.113+0000] {logging_mixin.py:137} INFO - [2022-12-14T19:56:54.113+0000] {dag.py:3427} INFO - Setting next_dagrun for example_branch_datetime_operator_2 to 2022-12-13T00:00:00+00:00, run_after=2022-12-14T00:00:00+00:00
[2022-12-14T19:56:54.122+0000] {logging_mixin.py:137} INFO - [2022-12-14T19:56:54.122+0000] {dag.py:3427} INFO - Setting next_dagrun for example_branch_datetime_operator_3 to 2022-12-13T00:00:00+00:00, run_after=2022-12-14T00:00:00+00:00
[2022-12-14T19:56:54.154+0000] {processor.py:175} INFO - Processing /home/airflow/.local/lib/python3.7/site-packages/airflow/example_dags/example_branch_datetime_operator.py took 0.207 seconds
[2022-12-14T19:57:24.404+0000] {processor.py:153} INFO - Started process (PID=986) to work on /home/airflow/.local/lib/python3.7/site-packages/airflow/example_dags/example_branch_datetime_operator.py
[2022-12-14T19:57:24.405+0000] {processor.py:743} INFO - Processing file /home/airflow/.local/lib/python3.7/site-packages/airflow/example_dags/example_branch_datetime_operator.py for tasks to queue
[2022-12-14T19:57:24.407+0000] {logging_mixin.py:137} INFO - [2022-12-14T19:57:24.407+0000] {dagbag.py:538} INFO - Filling up the DagBag from /home/airflow/.local/lib/python3.7/site-packages/airflow/example_dags/example_branch_datetime_operator.py
[2022-12-14T19:57:24.439+0000] {processor.py:753} INFO - DAG(s) dict_keys(['example_branch_datetime_operator', 'example_branch_datetime_operator_2', 'example_branch_datetime_operator_3']) retrieved from /home/airflow/.local/lib/python3.7/site-packages/airflow/example_dags/example_branch_datetime_operator.py
[2022-12-14T19:57:24.531+0000] {logging_mixin.py:137} INFO - [2022-12-14T19:57:24.531+0000] {dag.py:2676} INFO - Sync 3 DAGs
[2022-12-14T19:57:24.588+0000] {logging_mixin.py:137} INFO - [2022-12-14T19:57:24.587+0000] {dag.py:3427} INFO - Setting next_dagrun for example_branch_datetime_operator to 2022-12-13T00:00:00+00:00, run_after=2022-12-14T00:00:00+00:00
[2022-12-14T19:57:24.596+0000] {logging_mixin.py:137} INFO - [2022-12-14T19:57:24.596+0000] {dag.py:3427} INFO - Setting next_dagrun for example_branch_datetime_operator_2 to 2022-12-13T00:00:00+00:00, run_after=2022-12-14T00:00:00+00:00
[2022-12-14T19:57:24.601+0000] {logging_mixin.py:137} INFO - [2022-12-14T19:57:24.601+0000] {dag.py:3427} INFO - Setting next_dagrun for example_branch_datetime_operator_3 to 2022-12-13T00:00:00+00:00, run_after=2022-12-14T00:00:00+00:00
[2022-12-14T19:57:24.631+0000] {processor.py:175} INFO - Processing /home/airflow/.local/lib/python3.7/site-packages/airflow/example_dags/example_branch_datetime_operator.py took 0.232 seconds
[2022-12-14T19:57:55.544+0000] {processor.py:153} INFO - Started process (PID=1066) to work on /home/airflow/.local/lib/python3.7/site-packages/airflow/example_dags/example_branch_datetime_operator.py
[2022-12-14T19:57:55.546+0000] {processor.py:743} INFO - Processing file /home/airflow/.local/lib/python3.7/site-packages/airflow/example_dags/example_branch_datetime_operator.py for tasks to queue
[2022-12-14T19:57:55.547+0000] {logging_mixin.py:137} INFO - [2022-12-14T19:57:55.547+0000] {dagbag.py:538} INFO - Filling up the DagBag from /home/airflow/.local/lib/python3.7/site-packages/airflow/example_dags/example_branch_datetime_operator.py
[2022-12-14T19:57:55.573+0000] {processor.py:753} INFO - DAG(s) dict_keys(['example_branch_datetime_operator', 'example_branch_datetime_operator_2', 'example_branch_datetime_operator_3']) retrieved from /home/airflow/.local/lib/python3.7/site-packages/airflow/example_dags/example_branch_datetime_operator.py
[2022-12-14T19:57:55.639+0000] {logging_mixin.py:137} INFO - [2022-12-14T19:57:55.639+0000] {dag.py:2676} INFO - Sync 3 DAGs
[2022-12-14T19:57:55.680+0000] {logging_mixin.py:137} INFO - [2022-12-14T19:57:55.680+0000] {dag.py:3427} INFO - Setting next_dagrun for example_branch_datetime_operator to 2022-12-13T00:00:00+00:00, run_after=2022-12-14T00:00:00+00:00
[2022-12-14T19:57:55.688+0000] {logging_mixin.py:137} INFO - [2022-12-14T19:57:55.688+0000] {dag.py:3427} INFO - Setting next_dagrun for example_branch_datetime_operator_2 to 2022-12-13T00:00:00+00:00, run_after=2022-12-14T00:00:00+00:00
[2022-12-14T19:57:55.692+0000] {logging_mixin.py:137} INFO - [2022-12-14T19:57:55.692+0000] {dag.py:3427} INFO - Setting next_dagrun for example_branch_datetime_operator_3 to 2022-12-13T00:00:00+00:00, run_after=2022-12-14T00:00:00+00:00
[2022-12-14T19:57:55.719+0000] {processor.py:175} INFO - Processing /home/airflow/.local/lib/python3.7/site-packages/airflow/example_dags/example_branch_datetime_operator.py took 0.180 seconds
[2022-12-14T19:58:25.817+0000] {processor.py:153} INFO - Started process (PID=1146) to work on /home/airflow/.local/lib/python3.7/site-packages/airflow/example_dags/example_branch_datetime_operator.py
[2022-12-14T19:58:25.819+0000] {processor.py:743} INFO - Processing file /home/airflow/.local/lib/python3.7/site-packages/airflow/example_dags/example_branch_datetime_operator.py for tasks to queue
[2022-12-14T19:58:25.820+0000] {logging_mixin.py:137} INFO - [2022-12-14T19:58:25.820+0000] {dagbag.py:538} INFO - Filling up the DagBag from /home/airflow/.local/lib/python3.7/site-packages/airflow/example_dags/example_branch_datetime_operator.py
[2022-12-14T19:58:25.851+0000] {processor.py:753} INFO - DAG(s) dict_keys(['example_branch_datetime_operator_3', 'example_branch_datetime_operator', 'example_branch_datetime_operator_2']) retrieved from /home/airflow/.local/lib/python3.7/site-packages/airflow/example_dags/example_branch_datetime_operator.py
[2022-12-14T19:58:25.917+0000] {logging_mixin.py:137} INFO - [2022-12-14T19:58:25.916+0000] {dag.py:2676} INFO - Sync 3 DAGs
[2022-12-14T19:58:25.961+0000] {logging_mixin.py:137} INFO - [2022-12-14T19:58:25.961+0000] {dag.py:3427} INFO - Setting next_dagrun for example_branch_datetime_operator to 2022-12-13T00:00:00+00:00, run_after=2022-12-14T00:00:00+00:00
[2022-12-14T19:58:25.968+0000] {logging_mixin.py:137} INFO - [2022-12-14T19:58:25.968+0000] {dag.py:3427} INFO - Setting next_dagrun for example_branch_datetime_operator_2 to 2022-12-13T00:00:00+00:00, run_after=2022-12-14T00:00:00+00:00
[2022-12-14T19:58:25.972+0000] {logging_mixin.py:137} INFO - [2022-12-14T19:58:25.972+0000] {dag.py:3427} INFO - Setting next_dagrun for example_branch_datetime_operator_3 to 2022-12-13T00:00:00+00:00, run_after=2022-12-14T00:00:00+00:00
[2022-12-14T19:58:26.003+0000] {processor.py:175} INFO - Processing /home/airflow/.local/lib/python3.7/site-packages/airflow/example_dags/example_branch_datetime_operator.py took 0.192 seconds
[2022-12-14T19:58:56.170+0000] {processor.py:153} INFO - Started process (PID=1233) to work on /home/airflow/.local/lib/python3.7/site-packages/airflow/example_dags/example_branch_datetime_operator.py
[2022-12-14T19:58:56.172+0000] {processor.py:743} INFO - Processing file /home/airflow/.local/lib/python3.7/site-packages/airflow/example_dags/example_branch_datetime_operator.py for tasks to queue
[2022-12-14T19:58:56.173+0000] {logging_mixin.py:137} INFO - [2022-12-14T19:58:56.173+0000] {dagbag.py:538} INFO - Filling up the DagBag from /home/airflow/.local/lib/python3.7/site-packages/airflow/example_dags/example_branch_datetime_operator.py
[2022-12-14T19:58:56.201+0000] {processor.py:753} INFO - DAG(s) dict_keys(['example_branch_datetime_operator', 'example_branch_datetime_operator_3', 'example_branch_datetime_operator_2']) retrieved from /home/airflow/.local/lib/python3.7/site-packages/airflow/example_dags/example_branch_datetime_operator.py
[2022-12-14T19:58:56.271+0000] {logging_mixin.py:137} INFO - [2022-12-14T19:58:56.271+0000] {dag.py:2676} INFO - Sync 3 DAGs
[2022-12-14T19:58:56.325+0000] {logging_mixin.py:137} INFO - [2022-12-14T19:58:56.325+0000] {dag.py:3427} INFO - Setting next_dagrun for example_branch_datetime_operator to 2022-12-13T00:00:00+00:00, run_after=2022-12-14T00:00:00+00:00
[2022-12-14T19:58:56.333+0000] {logging_mixin.py:137} INFO - [2022-12-14T19:58:56.333+0000] {dag.py:3427} INFO - Setting next_dagrun for example_branch_datetime_operator_2 to 2022-12-13T00:00:00+00:00, run_after=2022-12-14T00:00:00+00:00
[2022-12-14T19:58:56.338+0000] {logging_mixin.py:137} INFO - [2022-12-14T19:58:56.338+0000] {dag.py:3427} INFO - Setting next_dagrun for example_branch_datetime_operator_3 to 2022-12-13T00:00:00+00:00, run_after=2022-12-14T00:00:00+00:00
[2022-12-14T19:58:56.365+0000] {processor.py:175} INFO - Processing /home/airflow/.local/lib/python3.7/site-packages/airflow/example_dags/example_branch_datetime_operator.py took 0.198 seconds
[2022-12-14T19:59:26.556+0000] {processor.py:153} INFO - Started process (PID=1326) to work on /home/airflow/.local/lib/python3.7/site-packages/airflow/example_dags/example_branch_datetime_operator.py
[2022-12-14T19:59:26.557+0000] {processor.py:743} INFO - Processing file /home/airflow/.local/lib/python3.7/site-packages/airflow/example_dags/example_branch_datetime_operator.py for tasks to queue
[2022-12-14T19:59:26.559+0000] {logging_mixin.py:137} INFO - [2022-12-14T19:59:26.559+0000] {dagbag.py:538} INFO - Filling up the DagBag from /home/airflow/.local/lib/python3.7/site-packages/airflow/example_dags/example_branch_datetime_operator.py
[2022-12-14T19:59:26.591+0000] {processor.py:753} INFO - DAG(s) dict_keys(['example_branch_datetime_operator', 'example_branch_datetime_operator_2', 'example_branch_datetime_operator_3']) retrieved from /home/airflow/.local/lib/python3.7/site-packages/airflow/example_dags/example_branch_datetime_operator.py
[2022-12-14T19:59:26.696+0000] {logging_mixin.py:137} INFO - [2022-12-14T19:59:26.696+0000] {dag.py:2676} INFO - Sync 3 DAGs
[2022-12-14T19:59:26.756+0000] {logging_mixin.py:137} INFO - [2022-12-14T19:59:26.756+0000] {dag.py:3427} INFO - Setting next_dagrun for example_branch_datetime_operator to 2022-12-13T00:00:00+00:00, run_after=2022-12-14T00:00:00+00:00
[2022-12-14T19:59:26.767+0000] {logging_mixin.py:137} INFO - [2022-12-14T19:59:26.767+0000] {dag.py:3427} INFO - Setting next_dagrun for example_branch_datetime_operator_2 to 2022-12-13T00:00:00+00:00, run_after=2022-12-14T00:00:00+00:00
[2022-12-14T19:59:26.774+0000] {logging_mixin.py:137} INFO - [2022-12-14T19:59:26.773+0000] {dag.py:3427} INFO - Setting next_dagrun for example_branch_datetime_operator_3 to 2022-12-13T00:00:00+00:00, run_after=2022-12-14T00:00:00+00:00
[2022-12-14T19:59:26.813+0000] {processor.py:175} INFO - Processing /home/airflow/.local/lib/python3.7/site-packages/airflow/example_dags/example_branch_datetime_operator.py took 0.264 seconds
[2022-12-14T19:59:56.894+0000] {processor.py:153} INFO - Started process (PID=1406) to work on /home/airflow/.local/lib/python3.7/site-packages/airflow/example_dags/example_branch_datetime_operator.py
[2022-12-14T19:59:56.895+0000] {processor.py:743} INFO - Processing file /home/airflow/.local/lib/python3.7/site-packages/airflow/example_dags/example_branch_datetime_operator.py for tasks to queue
[2022-12-14T19:59:56.896+0000] {logging_mixin.py:137} INFO - [2022-12-14T19:59:56.896+0000] {dagbag.py:538} INFO - Filling up the DagBag from /home/airflow/.local/lib/python3.7/site-packages/airflow/example_dags/example_branch_datetime_operator.py
[2022-12-14T19:59:56.923+0000] {processor.py:753} INFO - DAG(s) dict_keys(['example_branch_datetime_operator_2', 'example_branch_datetime_operator_3', 'example_branch_datetime_operator']) retrieved from /home/airflow/.local/lib/python3.7/site-packages/airflow/example_dags/example_branch_datetime_operator.py
[2022-12-14T19:59:56.999+0000] {logging_mixin.py:137} INFO - [2022-12-14T19:59:56.999+0000] {dag.py:2676} INFO - Sync 3 DAGs
[2022-12-14T19:59:57.051+0000] {logging_mixin.py:137} INFO - [2022-12-14T19:59:57.050+0000] {dag.py:3427} INFO - Setting next_dagrun for example_branch_datetime_operator to 2022-12-13T00:00:00+00:00, run_after=2022-12-14T00:00:00+00:00
[2022-12-14T19:59:57.059+0000] {logging_mixin.py:137} INFO - [2022-12-14T19:59:57.058+0000] {dag.py:3427} INFO - Setting next_dagrun for example_branch_datetime_operator_2 to 2022-12-13T00:00:00+00:00, run_after=2022-12-14T00:00:00+00:00
[2022-12-14T19:59:57.063+0000] {logging_mixin.py:137} INFO - [2022-12-14T19:59:57.063+0000] {dag.py:3427} INFO - Setting next_dagrun for example_branch_datetime_operator_3 to 2022-12-13T00:00:00+00:00, run_after=2022-12-14T00:00:00+00:00
[2022-12-14T19:59:57.089+0000] {processor.py:175} INFO - Processing /home/airflow/.local/lib/python3.7/site-packages/airflow/example_dags/example_branch_datetime_operator.py took 0.201 seconds
[2022-12-14T20:00:27.963+0000] {processor.py:153} INFO - Started process (PID=1486) to work on /home/airflow/.local/lib/python3.7/site-packages/airflow/example_dags/example_branch_datetime_operator.py
[2022-12-14T20:00:27.964+0000] {processor.py:743} INFO - Processing file /home/airflow/.local/lib/python3.7/site-packages/airflow/example_dags/example_branch_datetime_operator.py for tasks to queue
[2022-12-14T20:00:27.966+0000] {logging_mixin.py:137} INFO - [2022-12-14T20:00:27.965+0000] {dagbag.py:538} INFO - Filling up the DagBag from /home/airflow/.local/lib/python3.7/site-packages/airflow/example_dags/example_branch_datetime_operator.py
[2022-12-14T20:00:27.991+0000] {processor.py:753} INFO - DAG(s) dict_keys(['example_branch_datetime_operator_3', 'example_branch_datetime_operator_2', 'example_branch_datetime_operator']) retrieved from /home/airflow/.local/lib/python3.7/site-packages/airflow/example_dags/example_branch_datetime_operator.py
[2022-12-14T20:00:28.052+0000] {logging_mixin.py:137} INFO - [2022-12-14T20:00:28.051+0000] {dag.py:2676} INFO - Sync 3 DAGs
[2022-12-14T20:00:28.093+0000] {logging_mixin.py:137} INFO - [2022-12-14T20:00:28.093+0000] {dag.py:3427} INFO - Setting next_dagrun for example_branch_datetime_operator to 2022-12-13T00:00:00+00:00, run_after=2022-12-14T00:00:00+00:00
[2022-12-14T20:00:28.100+0000] {logging_mixin.py:137} INFO - [2022-12-14T20:00:28.100+0000] {dag.py:3427} INFO - Setting next_dagrun for example_branch_datetime_operator_2 to 2022-12-13T00:00:00+00:00, run_after=2022-12-14T00:00:00+00:00
[2022-12-14T20:00:28.105+0000] {logging_mixin.py:137} INFO - [2022-12-14T20:00:28.104+0000] {dag.py:3427} INFO - Setting next_dagrun for example_branch_datetime_operator_3 to 2022-12-13T00:00:00+00:00, run_after=2022-12-14T00:00:00+00:00
[2022-12-14T20:00:28.131+0000] {processor.py:175} INFO - Processing /home/airflow/.local/lib/python3.7/site-packages/airflow/example_dags/example_branch_datetime_operator.py took 0.173 seconds
[2022-12-14T20:00:58.426+0000] {processor.py:153} INFO - Started process (PID=1566) to work on /home/airflow/.local/lib/python3.7/site-packages/airflow/example_dags/example_branch_datetime_operator.py
[2022-12-14T20:00:58.427+0000] {processor.py:743} INFO - Processing file /home/airflow/.local/lib/python3.7/site-packages/airflow/example_dags/example_branch_datetime_operator.py for tasks to queue
[2022-12-14T20:00:58.428+0000] {logging_mixin.py:137} INFO - [2022-12-14T20:00:58.428+0000] {dagbag.py:538} INFO - Filling up the DagBag from /home/airflow/.local/lib/python3.7/site-packages/airflow/example_dags/example_branch_datetime_operator.py
[2022-12-14T20:00:58.460+0000] {processor.py:753} INFO - DAG(s) dict_keys(['example_branch_datetime_operator_2', 'example_branch_datetime_operator_3', 'example_branch_datetime_operator']) retrieved from /home/airflow/.local/lib/python3.7/site-packages/airflow/example_dags/example_branch_datetime_operator.py
[2022-12-14T20:00:58.529+0000] {logging_mixin.py:137} INFO - [2022-12-14T20:00:58.529+0000] {dag.py:2676} INFO - Sync 3 DAGs
[2022-12-14T20:00:58.574+0000] {logging_mixin.py:137} INFO - [2022-12-14T20:00:58.574+0000] {dag.py:3427} INFO - Setting next_dagrun for example_branch_datetime_operator to 2022-12-13T00:00:00+00:00, run_after=2022-12-14T00:00:00+00:00
[2022-12-14T20:00:58.582+0000] {logging_mixin.py:137} INFO - [2022-12-14T20:00:58.582+0000] {dag.py:3427} INFO - Setting next_dagrun for example_branch_datetime_operator_2 to 2022-12-13T00:00:00+00:00, run_after=2022-12-14T00:00:00+00:00
[2022-12-14T20:00:58.586+0000] {logging_mixin.py:137} INFO - [2022-12-14T20:00:58.586+0000] {dag.py:3427} INFO - Setting next_dagrun for example_branch_datetime_operator_3 to 2022-12-13T00:00:00+00:00, run_after=2022-12-14T00:00:00+00:00
[2022-12-14T20:00:58.617+0000] {processor.py:175} INFO - Processing /home/airflow/.local/lib/python3.7/site-packages/airflow/example_dags/example_branch_datetime_operator.py took 0.197 seconds
[2022-12-14T20:01:29.568+0000] {processor.py:153} INFO - Started process (PID=1666) to work on /home/airflow/.local/lib/python3.7/site-packages/airflow/example_dags/example_branch_datetime_operator.py
[2022-12-14T20:01:29.570+0000] {processor.py:743} INFO - Processing file /home/airflow/.local/lib/python3.7/site-packages/airflow/example_dags/example_branch_datetime_operator.py for tasks to queue
[2022-12-14T20:01:29.571+0000] {logging_mixin.py:137} INFO - [2022-12-14T20:01:29.571+0000] {dagbag.py:538} INFO - Filling up the DagBag from /home/airflow/.local/lib/python3.7/site-packages/airflow/example_dags/example_branch_datetime_operator.py
[2022-12-14T20:01:29.609+0000] {processor.py:753} INFO - DAG(s) dict_keys(['example_branch_datetime_operator', 'example_branch_datetime_operator_2', 'example_branch_datetime_operator_3']) retrieved from /home/airflow/.local/lib/python3.7/site-packages/airflow/example_dags/example_branch_datetime_operator.py
[2022-12-14T20:01:29.704+0000] {logging_mixin.py:137} INFO - [2022-12-14T20:01:29.704+0000] {dag.py:2676} INFO - Sync 3 DAGs
[2022-12-14T20:01:29.765+0000] {logging_mixin.py:137} INFO - [2022-12-14T20:01:29.764+0000] {dag.py:3427} INFO - Setting next_dagrun for example_branch_datetime_operator to 2022-12-13T00:00:00+00:00, run_after=2022-12-14T00:00:00+00:00
[2022-12-14T20:01:29.774+0000] {logging_mixin.py:137} INFO - [2022-12-14T20:01:29.774+0000] {dag.py:3427} INFO - Setting next_dagrun for example_branch_datetime_operator_2 to 2022-12-13T00:00:00+00:00, run_after=2022-12-14T00:00:00+00:00
[2022-12-14T20:01:29.783+0000] {logging_mixin.py:137} INFO - [2022-12-14T20:01:29.783+0000] {dag.py:3427} INFO - Setting next_dagrun for example_branch_datetime_operator_3 to 2022-12-13T00:00:00+00:00, run_after=2022-12-14T00:00:00+00:00
[2022-12-14T20:01:29.810+0000] {processor.py:175} INFO - Processing /home/airflow/.local/lib/python3.7/site-packages/airflow/example_dags/example_branch_datetime_operator.py took 0.249 seconds
[2022-12-14T20:01:59.933+0000] {processor.py:153} INFO - Started process (PID=1746) to work on /home/airflow/.local/lib/python3.7/site-packages/airflow/example_dags/example_branch_datetime_operator.py
[2022-12-14T20:01:59.935+0000] {processor.py:743} INFO - Processing file /home/airflow/.local/lib/python3.7/site-packages/airflow/example_dags/example_branch_datetime_operator.py for tasks to queue
[2022-12-14T20:01:59.937+0000] {logging_mixin.py:137} INFO - [2022-12-14T20:01:59.937+0000] {dagbag.py:538} INFO - Filling up the DagBag from /home/airflow/.local/lib/python3.7/site-packages/airflow/example_dags/example_branch_datetime_operator.py
[2022-12-14T20:01:59.974+0000] {processor.py:753} INFO - DAG(s) dict_keys(['example_branch_datetime_operator_2', 'example_branch_datetime_operator_3', 'example_branch_datetime_operator']) retrieved from /home/airflow/.local/lib/python3.7/site-packages/airflow/example_dags/example_branch_datetime_operator.py
[2022-12-14T20:02:00.049+0000] {logging_mixin.py:137} INFO - [2022-12-14T20:02:00.049+0000] {dag.py:2676} INFO - Sync 3 DAGs
[2022-12-14T20:02:00.094+0000] {logging_mixin.py:137} INFO - [2022-12-14T20:02:00.094+0000] {dag.py:3427} INFO - Setting next_dagrun for example_branch_datetime_operator to 2022-12-13T00:00:00+00:00, run_after=2022-12-14T00:00:00+00:00
[2022-12-14T20:02:00.106+0000] {logging_mixin.py:137} INFO - [2022-12-14T20:02:00.106+0000] {dag.py:3427} INFO - Setting next_dagrun for example_branch_datetime_operator_2 to 2022-12-13T00:00:00+00:00, run_after=2022-12-14T00:00:00+00:00
[2022-12-14T20:02:00.110+0000] {logging_mixin.py:137} INFO - [2022-12-14T20:02:00.110+0000] {dag.py:3427} INFO - Setting next_dagrun for example_branch_datetime_operator_3 to 2022-12-13T00:00:00+00:00, run_after=2022-12-14T00:00:00+00:00
[2022-12-14T20:02:00.136+0000] {processor.py:175} INFO - Processing /home/airflow/.local/lib/python3.7/site-packages/airflow/example_dags/example_branch_datetime_operator.py took 0.209 seconds
[2022-12-14T20:02:30.363+0000] {processor.py:153} INFO - Started process (PID=1826) to work on /home/airflow/.local/lib/python3.7/site-packages/airflow/example_dags/example_branch_datetime_operator.py
[2022-12-14T20:02:30.365+0000] {processor.py:743} INFO - Processing file /home/airflow/.local/lib/python3.7/site-packages/airflow/example_dags/example_branch_datetime_operator.py for tasks to queue
[2022-12-14T20:02:30.367+0000] {logging_mixin.py:137} INFO - [2022-12-14T20:02:30.366+0000] {dagbag.py:538} INFO - Filling up the DagBag from /home/airflow/.local/lib/python3.7/site-packages/airflow/example_dags/example_branch_datetime_operator.py
[2022-12-14T20:02:30.394+0000] {processor.py:753} INFO - DAG(s) dict_keys(['example_branch_datetime_operator', 'example_branch_datetime_operator_3', 'example_branch_datetime_operator_2']) retrieved from /home/airflow/.local/lib/python3.7/site-packages/airflow/example_dags/example_branch_datetime_operator.py
[2022-12-14T20:02:30.461+0000] {logging_mixin.py:137} INFO - [2022-12-14T20:02:30.461+0000] {dag.py:2676} INFO - Sync 3 DAGs
[2022-12-14T20:02:30.501+0000] {logging_mixin.py:137} INFO - [2022-12-14T20:02:30.501+0000] {dag.py:3427} INFO - Setting next_dagrun for example_branch_datetime_operator to 2022-12-13T00:00:00+00:00, run_after=2022-12-14T00:00:00+00:00
[2022-12-14T20:02:30.508+0000] {logging_mixin.py:137} INFO - [2022-12-14T20:02:30.508+0000] {dag.py:3427} INFO - Setting next_dagrun for example_branch_datetime_operator_2 to 2022-12-13T00:00:00+00:00, run_after=2022-12-14T00:00:00+00:00
[2022-12-14T20:02:30.512+0000] {logging_mixin.py:137} INFO - [2022-12-14T20:02:30.512+0000] {dag.py:3427} INFO - Setting next_dagrun for example_branch_datetime_operator_3 to 2022-12-13T00:00:00+00:00, run_after=2022-12-14T00:00:00+00:00
[2022-12-14T20:02:30.537+0000] {processor.py:175} INFO - Processing /home/airflow/.local/lib/python3.7/site-packages/airflow/example_dags/example_branch_datetime_operator.py took 0.179 seconds
[2022-12-14T20:03:00.905+0000] {processor.py:153} INFO - Started process (PID=1906) to work on /home/airflow/.local/lib/python3.7/site-packages/airflow/example_dags/example_branch_datetime_operator.py
[2022-12-14T20:03:00.907+0000] {processor.py:743} INFO - Processing file /home/airflow/.local/lib/python3.7/site-packages/airflow/example_dags/example_branch_datetime_operator.py for tasks to queue
[2022-12-14T20:03:00.908+0000] {logging_mixin.py:137} INFO - [2022-12-14T20:03:00.908+0000] {dagbag.py:538} INFO - Filling up the DagBag from /home/airflow/.local/lib/python3.7/site-packages/airflow/example_dags/example_branch_datetime_operator.py
[2022-12-14T20:03:00.938+0000] {processor.py:753} INFO - DAG(s) dict_keys(['example_branch_datetime_operator_3', 'example_branch_datetime_operator', 'example_branch_datetime_operator_2']) retrieved from /home/airflow/.local/lib/python3.7/site-packages/airflow/example_dags/example_branch_datetime_operator.py
[2022-12-14T20:03:01.013+0000] {logging_mixin.py:137} INFO - [2022-12-14T20:03:01.013+0000] {dag.py:2676} INFO - Sync 3 DAGs
[2022-12-14T20:03:01.056+0000] {logging_mixin.py:137} INFO - [2022-12-14T20:03:01.055+0000] {dag.py:3427} INFO - Setting next_dagrun for example_branch_datetime_operator to 2022-12-13T00:00:00+00:00, run_after=2022-12-14T00:00:00+00:00
[2022-12-14T20:03:01.063+0000] {logging_mixin.py:137} INFO - [2022-12-14T20:03:01.063+0000] {dag.py:3427} INFO - Setting next_dagrun for example_branch_datetime_operator_2 to 2022-12-13T00:00:00+00:00, run_after=2022-12-14T00:00:00+00:00
[2022-12-14T20:03:01.068+0000] {logging_mixin.py:137} INFO - [2022-12-14T20:03:01.068+0000] {dag.py:3427} INFO - Setting next_dagrun for example_branch_datetime_operator_3 to 2022-12-13T00:00:00+00:00, run_after=2022-12-14T00:00:00+00:00
[2022-12-14T20:03:01.097+0000] {processor.py:175} INFO - Processing /home/airflow/.local/lib/python3.7/site-packages/airflow/example_dags/example_branch_datetime_operator.py took 0.196 seconds
[2022-12-14T20:03:31.338+0000] {processor.py:153} INFO - Started process (PID=1995) to work on /home/airflow/.local/lib/python3.7/site-packages/airflow/example_dags/example_branch_datetime_operator.py
[2022-12-14T20:03:31.340+0000] {processor.py:743} INFO - Processing file /home/airflow/.local/lib/python3.7/site-packages/airflow/example_dags/example_branch_datetime_operator.py for tasks to queue
[2022-12-14T20:03:31.341+0000] {logging_mixin.py:137} INFO - [2022-12-14T20:03:31.341+0000] {dagbag.py:538} INFO - Filling up the DagBag from /home/airflow/.local/lib/python3.7/site-packages/airflow/example_dags/example_branch_datetime_operator.py
[2022-12-14T20:03:31.374+0000] {processor.py:753} INFO - DAG(s) dict_keys(['example_branch_datetime_operator_2', 'example_branch_datetime_operator', 'example_branch_datetime_operator_3']) retrieved from /home/airflow/.local/lib/python3.7/site-packages/airflow/example_dags/example_branch_datetime_operator.py
[2022-12-14T20:03:31.462+0000] {logging_mixin.py:137} INFO - [2022-12-14T20:03:31.462+0000] {dag.py:2676} INFO - Sync 3 DAGs
[2022-12-14T20:03:31.526+0000] {logging_mixin.py:137} INFO - [2022-12-14T20:03:31.526+0000] {dag.py:3427} INFO - Setting next_dagrun for example_branch_datetime_operator to 2022-12-13T00:00:00+00:00, run_after=2022-12-14T00:00:00+00:00
[2022-12-14T20:03:31.538+0000] {logging_mixin.py:137} INFO - [2022-12-14T20:03:31.537+0000] {dag.py:3427} INFO - Setting next_dagrun for example_branch_datetime_operator_2 to 2022-12-13T00:00:00+00:00, run_after=2022-12-14T00:00:00+00:00
[2022-12-14T20:03:31.544+0000] {logging_mixin.py:137} INFO - [2022-12-14T20:03:31.544+0000] {dag.py:3427} INFO - Setting next_dagrun for example_branch_datetime_operator_3 to 2022-12-13T00:00:00+00:00, run_after=2022-12-14T00:00:00+00:00
[2022-12-14T20:03:31.581+0000] {processor.py:175} INFO - Processing /home/airflow/.local/lib/python3.7/site-packages/airflow/example_dags/example_branch_datetime_operator.py took 0.249 seconds
