[2022-12-14T19:52:11.645+0000] {processor.py:153} INFO - Started process (PID=110) to work on /home/airflow/.local/lib/python3.7/site-packages/airflow/example_dags/example_sla_dag.py
[2022-12-14T19:52:11.648+0000] {processor.py:743} INFO - Processing file /home/airflow/.local/lib/python3.7/site-packages/airflow/example_dags/example_sla_dag.py for tasks to queue
[2022-12-14T19:52:11.649+0000] {logging_mixin.py:137} INFO - [2022-12-14T19:52:11.649+0000] {dagbag.py:538} INFO - Filling up the DagBag from /home/airflow/.local/lib/python3.7/site-packages/airflow/example_dags/example_sla_dag.py
[2022-12-14T19:52:11.774+0000] {processor.py:753} INFO - DAG(s) dict_keys(['example_sla_dag']) retrieved from /home/airflow/.local/lib/python3.7/site-packages/airflow/example_dags/example_sla_dag.py
[2022-12-14T19:52:11.865+0000] {logging_mixin.py:137} INFO - [2022-12-14T19:52:11.864+0000] {dag.py:2676} INFO - Sync 1 DAGs
[2022-12-14T19:52:11.961+0000] {logging_mixin.py:137} INFO - [2022-12-14T19:52:11.961+0000] {dag.py:3427} INFO - Setting next_dagrun for example_sla_dag to 2022-12-14T19:50:00+00:00, run_after=2022-12-14T19:52:00+00:00
[2022-12-14T19:52:12.021+0000] {processor.py:175} INFO - Processing /home/airflow/.local/lib/python3.7/site-packages/airflow/example_dags/example_sla_dag.py took 0.380 seconds
[2022-12-14T19:52:42.121+0000] {processor.py:153} INFO - Started process (PID=190) to work on /home/airflow/.local/lib/python3.7/site-packages/airflow/example_dags/example_sla_dag.py
[2022-12-14T19:52:42.122+0000] {processor.py:743} INFO - Processing file /home/airflow/.local/lib/python3.7/site-packages/airflow/example_dags/example_sla_dag.py for tasks to queue
[2022-12-14T19:52:42.123+0000] {logging_mixin.py:137} INFO - [2022-12-14T19:52:42.123+0000] {dagbag.py:538} INFO - Filling up the DagBag from /home/airflow/.local/lib/python3.7/site-packages/airflow/example_dags/example_sla_dag.py
[2022-12-14T19:52:42.152+0000] {processor.py:753} INFO - DAG(s) dict_keys(['example_sla_dag']) retrieved from /home/airflow/.local/lib/python3.7/site-packages/airflow/example_dags/example_sla_dag.py
[2022-12-14T19:52:42.202+0000] {logging_mixin.py:137} INFO - [2022-12-14T19:52:42.202+0000] {dag.py:2676} INFO - Sync 1 DAGs
[2022-12-14T19:52:42.244+0000] {logging_mixin.py:137} INFO - [2022-12-14T19:52:42.244+0000] {dag.py:3427} INFO - Setting next_dagrun for example_sla_dag to 2022-12-14T19:50:00+00:00, run_after=2022-12-14T19:52:00+00:00
[2022-12-14T19:52:42.269+0000] {processor.py:175} INFO - Processing /home/airflow/.local/lib/python3.7/site-packages/airflow/example_dags/example_sla_dag.py took 0.153 seconds
[2022-12-14T19:53:12.794+0000] {processor.py:153} INFO - Started process (PID=270) to work on /home/airflow/.local/lib/python3.7/site-packages/airflow/example_dags/example_sla_dag.py
[2022-12-14T19:53:12.796+0000] {processor.py:743} INFO - Processing file /home/airflow/.local/lib/python3.7/site-packages/airflow/example_dags/example_sla_dag.py for tasks to queue
[2022-12-14T19:53:12.797+0000] {logging_mixin.py:137} INFO - [2022-12-14T19:53:12.797+0000] {dagbag.py:538} INFO - Filling up the DagBag from /home/airflow/.local/lib/python3.7/site-packages/airflow/example_dags/example_sla_dag.py
[2022-12-14T19:53:12.839+0000] {processor.py:753} INFO - DAG(s) dict_keys(['example_sla_dag']) retrieved from /home/airflow/.local/lib/python3.7/site-packages/airflow/example_dags/example_sla_dag.py
[2022-12-14T19:53:12.902+0000] {logging_mixin.py:137} INFO - [2022-12-14T19:53:12.901+0000] {dag.py:2676} INFO - Sync 1 DAGs
[2022-12-14T19:53:12.954+0000] {logging_mixin.py:137} INFO - [2022-12-14T19:53:12.954+0000] {dag.py:3427} INFO - Setting next_dagrun for example_sla_dag to 2022-12-14T19:50:00+00:00, run_after=2022-12-14T19:52:00+00:00
[2022-12-14T19:53:12.996+0000] {processor.py:175} INFO - Processing /home/airflow/.local/lib/python3.7/site-packages/airflow/example_dags/example_sla_dag.py took 0.206 seconds
[2022-12-14T19:53:43.191+0000] {processor.py:153} INFO - Started process (PID=350) to work on /home/airflow/.local/lib/python3.7/site-packages/airflow/example_dags/example_sla_dag.py
[2022-12-14T19:53:43.192+0000] {processor.py:743} INFO - Processing file /home/airflow/.local/lib/python3.7/site-packages/airflow/example_dags/example_sla_dag.py for tasks to queue
[2022-12-14T19:53:43.193+0000] {logging_mixin.py:137} INFO - [2022-12-14T19:53:43.193+0000] {dagbag.py:538} INFO - Filling up the DagBag from /home/airflow/.local/lib/python3.7/site-packages/airflow/example_dags/example_sla_dag.py
[2022-12-14T19:53:43.228+0000] {processor.py:753} INFO - DAG(s) dict_keys(['example_sla_dag']) retrieved from /home/airflow/.local/lib/python3.7/site-packages/airflow/example_dags/example_sla_dag.py
[2022-12-14T19:53:43.275+0000] {logging_mixin.py:137} INFO - [2022-12-14T19:53:43.275+0000] {dag.py:2676} INFO - Sync 1 DAGs
[2022-12-14T19:53:43.315+0000] {logging_mixin.py:137} INFO - [2022-12-14T19:53:43.315+0000] {dag.py:3427} INFO - Setting next_dagrun for example_sla_dag to 2022-12-14T19:50:00+00:00, run_after=2022-12-14T19:52:00+00:00
[2022-12-14T19:53:43.341+0000] {processor.py:175} INFO - Processing /home/airflow/.local/lib/python3.7/site-packages/airflow/example_dags/example_sla_dag.py took 0.154 seconds
[2022-12-14T19:54:13.873+0000] {processor.py:153} INFO - Started process (PID=439) to work on /home/airflow/.local/lib/python3.7/site-packages/airflow/example_dags/example_sla_dag.py
[2022-12-14T19:54:13.874+0000] {processor.py:743} INFO - Processing file /home/airflow/.local/lib/python3.7/site-packages/airflow/example_dags/example_sla_dag.py for tasks to queue
[2022-12-14T19:54:13.875+0000] {logging_mixin.py:137} INFO - [2022-12-14T19:54:13.875+0000] {dagbag.py:538} INFO - Filling up the DagBag from /home/airflow/.local/lib/python3.7/site-packages/airflow/example_dags/example_sla_dag.py
[2022-12-14T19:54:13.907+0000] {processor.py:753} INFO - DAG(s) dict_keys(['example_sla_dag']) retrieved from /home/airflow/.local/lib/python3.7/site-packages/airflow/example_dags/example_sla_dag.py
[2022-12-14T19:54:13.955+0000] {logging_mixin.py:137} INFO - [2022-12-14T19:54:13.955+0000] {dag.py:2676} INFO - Sync 1 DAGs
[2022-12-14T19:54:13.994+0000] {logging_mixin.py:137} INFO - [2022-12-14T19:54:13.994+0000] {dag.py:3427} INFO - Setting next_dagrun for example_sla_dag to 2022-12-14T19:52:00+00:00, run_after=2022-12-14T19:54:00+00:00
[2022-12-14T19:54:14.020+0000] {processor.py:175} INFO - Processing /home/airflow/.local/lib/python3.7/site-packages/airflow/example_dags/example_sla_dag.py took 0.151 seconds
[2022-12-14T19:54:44.262+0000] {processor.py:153} INFO - Started process (PID=530) to work on /home/airflow/.local/lib/python3.7/site-packages/airflow/example_dags/example_sla_dag.py
[2022-12-14T19:54:44.263+0000] {processor.py:743} INFO - Processing file /home/airflow/.local/lib/python3.7/site-packages/airflow/example_dags/example_sla_dag.py for tasks to queue
[2022-12-14T19:54:44.265+0000] {logging_mixin.py:137} INFO - [2022-12-14T19:54:44.264+0000] {dagbag.py:538} INFO - Filling up the DagBag from /home/airflow/.local/lib/python3.7/site-packages/airflow/example_dags/example_sla_dag.py
[2022-12-14T19:54:44.300+0000] {processor.py:753} INFO - DAG(s) dict_keys(['example_sla_dag']) retrieved from /home/airflow/.local/lib/python3.7/site-packages/airflow/example_dags/example_sla_dag.py
[2022-12-14T19:54:44.356+0000] {logging_mixin.py:137} INFO - [2022-12-14T19:54:44.356+0000] {dag.py:2676} INFO - Sync 1 DAGs
[2022-12-14T19:54:44.399+0000] {logging_mixin.py:137} INFO - [2022-12-14T19:54:44.399+0000] {dag.py:3427} INFO - Setting next_dagrun for example_sla_dag to 2022-12-14T19:52:00+00:00, run_after=2022-12-14T19:54:00+00:00
[2022-12-14T19:54:44.426+0000] {processor.py:175} INFO - Processing /home/airflow/.local/lib/python3.7/site-packages/airflow/example_dags/example_sla_dag.py took 0.169 seconds
[2022-12-14T19:55:14.672+0000] {processor.py:153} INFO - Started process (PID=610) to work on /home/airflow/.local/lib/python3.7/site-packages/airflow/example_dags/example_sla_dag.py
[2022-12-14T19:55:14.674+0000] {processor.py:743} INFO - Processing file /home/airflow/.local/lib/python3.7/site-packages/airflow/example_dags/example_sla_dag.py for tasks to queue
[2022-12-14T19:55:14.675+0000] {logging_mixin.py:137} INFO - [2022-12-14T19:55:14.675+0000] {dagbag.py:538} INFO - Filling up the DagBag from /home/airflow/.local/lib/python3.7/site-packages/airflow/example_dags/example_sla_dag.py
[2022-12-14T19:55:14.710+0000] {processor.py:753} INFO - DAG(s) dict_keys(['example_sla_dag']) retrieved from /home/airflow/.local/lib/python3.7/site-packages/airflow/example_dags/example_sla_dag.py
[2022-12-14T19:55:14.772+0000] {logging_mixin.py:137} INFO - [2022-12-14T19:55:14.772+0000] {dag.py:2676} INFO - Sync 1 DAGs
[2022-12-14T19:55:14.831+0000] {logging_mixin.py:137} INFO - [2022-12-14T19:55:14.830+0000] {dag.py:3427} INFO - Setting next_dagrun for example_sla_dag to 2022-12-14T19:52:00+00:00, run_after=2022-12-14T19:54:00+00:00
[2022-12-14T19:55:14.863+0000] {processor.py:175} INFO - Processing /home/airflow/.local/lib/python3.7/site-packages/airflow/example_dags/example_sla_dag.py took 0.196 seconds
[2022-12-14T19:55:45.459+0000] {processor.py:153} INFO - Started process (PID=690) to work on /home/airflow/.local/lib/python3.7/site-packages/airflow/example_dags/example_sla_dag.py
[2022-12-14T19:55:45.460+0000] {processor.py:743} INFO - Processing file /home/airflow/.local/lib/python3.7/site-packages/airflow/example_dags/example_sla_dag.py for tasks to queue
[2022-12-14T19:55:45.461+0000] {logging_mixin.py:137} INFO - [2022-12-14T19:55:45.461+0000] {dagbag.py:538} INFO - Filling up the DagBag from /home/airflow/.local/lib/python3.7/site-packages/airflow/example_dags/example_sla_dag.py
[2022-12-14T19:55:45.500+0000] {processor.py:753} INFO - DAG(s) dict_keys(['example_sla_dag']) retrieved from /home/airflow/.local/lib/python3.7/site-packages/airflow/example_dags/example_sla_dag.py
[2022-12-14T19:55:45.558+0000] {logging_mixin.py:137} INFO - [2022-12-14T19:55:45.558+0000] {dag.py:2676} INFO - Sync 1 DAGs
[2022-12-14T19:55:45.603+0000] {logging_mixin.py:137} INFO - [2022-12-14T19:55:45.603+0000] {dag.py:3427} INFO - Setting next_dagrun for example_sla_dag to 2022-12-14T19:52:00+00:00, run_after=2022-12-14T19:54:00+00:00
[2022-12-14T19:55:45.631+0000] {processor.py:175} INFO - Processing /home/airflow/.local/lib/python3.7/site-packages/airflow/example_dags/example_sla_dag.py took 0.176 seconds
[2022-12-14T19:56:22.038+0000] {processor.py:153} INFO - Started process (PID=792) to work on /home/airflow/.local/lib/python3.7/site-packages/airflow/example_dags/example_sla_dag.py
[2022-12-14T19:56:22.040+0000] {processor.py:743} INFO - Processing file /home/airflow/.local/lib/python3.7/site-packages/airflow/example_dags/example_sla_dag.py for tasks to queue
[2022-12-14T19:56:22.041+0000] {logging_mixin.py:137} INFO - [2022-12-14T19:56:22.041+0000] {dagbag.py:538} INFO - Filling up the DagBag from /home/airflow/.local/lib/python3.7/site-packages/airflow/example_dags/example_sla_dag.py
[2022-12-14T19:56:22.100+0000] {processor.py:753} INFO - DAG(s) dict_keys(['example_sla_dag']) retrieved from /home/airflow/.local/lib/python3.7/site-packages/airflow/example_dags/example_sla_dag.py
[2022-12-14T19:56:22.161+0000] {logging_mixin.py:137} INFO - [2022-12-14T19:56:22.161+0000] {dag.py:2676} INFO - Sync 1 DAGs
[2022-12-14T19:56:22.221+0000] {logging_mixin.py:137} INFO - [2022-12-14T19:56:22.220+0000] {dag.py:3427} INFO - Setting next_dagrun for example_sla_dag to 2022-12-14T19:54:00+00:00, run_after=2022-12-14T19:56:00+00:00
[2022-12-14T19:56:22.258+0000] {processor.py:175} INFO - Processing /home/airflow/.local/lib/python3.7/site-packages/airflow/example_dags/example_sla_dag.py took 0.225 seconds
[2022-12-14T19:56:52.432+0000] {processor.py:153} INFO - Started process (PID=890) to work on /home/airflow/.local/lib/python3.7/site-packages/airflow/example_dags/example_sla_dag.py
[2022-12-14T19:56:52.433+0000] {processor.py:743} INFO - Processing file /home/airflow/.local/lib/python3.7/site-packages/airflow/example_dags/example_sla_dag.py for tasks to queue
[2022-12-14T19:56:52.434+0000] {logging_mixin.py:137} INFO - [2022-12-14T19:56:52.434+0000] {dagbag.py:538} INFO - Filling up the DagBag from /home/airflow/.local/lib/python3.7/site-packages/airflow/example_dags/example_sla_dag.py
[2022-12-14T19:56:52.466+0000] {processor.py:753} INFO - DAG(s) dict_keys(['example_sla_dag']) retrieved from /home/airflow/.local/lib/python3.7/site-packages/airflow/example_dags/example_sla_dag.py
[2022-12-14T19:56:52.515+0000] {logging_mixin.py:137} INFO - [2022-12-14T19:56:52.514+0000] {dag.py:2676} INFO - Sync 1 DAGs
[2022-12-14T19:56:52.557+0000] {logging_mixin.py:137} INFO - [2022-12-14T19:56:52.557+0000] {dag.py:3427} INFO - Setting next_dagrun for example_sla_dag to 2022-12-14T19:54:00+00:00, run_after=2022-12-14T19:56:00+00:00
[2022-12-14T19:56:52.585+0000] {processor.py:175} INFO - Processing /home/airflow/.local/lib/python3.7/site-packages/airflow/example_dags/example_sla_dag.py took 0.157 seconds
[2022-12-14T19:57:23.125+0000] {processor.py:153} INFO - Started process (PID=981) to work on /home/airflow/.local/lib/python3.7/site-packages/airflow/example_dags/example_sla_dag.py
[2022-12-14T19:57:23.127+0000] {processor.py:743} INFO - Processing file /home/airflow/.local/lib/python3.7/site-packages/airflow/example_dags/example_sla_dag.py for tasks to queue
[2022-12-14T19:57:23.128+0000] {logging_mixin.py:137} INFO - [2022-12-14T19:57:23.128+0000] {dagbag.py:538} INFO - Filling up the DagBag from /home/airflow/.local/lib/python3.7/site-packages/airflow/example_dags/example_sla_dag.py
[2022-12-14T19:57:23.173+0000] {processor.py:753} INFO - DAG(s) dict_keys(['example_sla_dag']) retrieved from /home/airflow/.local/lib/python3.7/site-packages/airflow/example_dags/example_sla_dag.py
[2022-12-14T19:57:23.241+0000] {logging_mixin.py:137} INFO - [2022-12-14T19:57:23.241+0000] {dag.py:2676} INFO - Sync 1 DAGs
[2022-12-14T19:57:23.309+0000] {logging_mixin.py:137} INFO - [2022-12-14T19:57:23.308+0000] {dag.py:3427} INFO - Setting next_dagrun for example_sla_dag to 2022-12-14T19:54:00+00:00, run_after=2022-12-14T19:56:00+00:00
[2022-12-14T19:57:23.350+0000] {processor.py:175} INFO - Processing /home/airflow/.local/lib/python3.7/site-packages/airflow/example_dags/example_sla_dag.py took 0.230 seconds
[2022-12-14T19:57:53.864+0000] {processor.py:153} INFO - Started process (PID=1061) to work on /home/airflow/.local/lib/python3.7/site-packages/airflow/example_dags/example_sla_dag.py
[2022-12-14T19:57:53.865+0000] {processor.py:743} INFO - Processing file /home/airflow/.local/lib/python3.7/site-packages/airflow/example_dags/example_sla_dag.py for tasks to queue
[2022-12-14T19:57:53.867+0000] {logging_mixin.py:137} INFO - [2022-12-14T19:57:53.866+0000] {dagbag.py:538} INFO - Filling up the DagBag from /home/airflow/.local/lib/python3.7/site-packages/airflow/example_dags/example_sla_dag.py
[2022-12-14T19:57:53.903+0000] {processor.py:753} INFO - DAG(s) dict_keys(['example_sla_dag']) retrieved from /home/airflow/.local/lib/python3.7/site-packages/airflow/example_dags/example_sla_dag.py
[2022-12-14T19:57:53.958+0000] {logging_mixin.py:137} INFO - [2022-12-14T19:57:53.958+0000] {dag.py:2676} INFO - Sync 1 DAGs
[2022-12-14T19:57:54.006+0000] {logging_mixin.py:137} INFO - [2022-12-14T19:57:54.006+0000] {dag.py:3427} INFO - Setting next_dagrun for example_sla_dag to 2022-12-14T19:54:00+00:00, run_after=2022-12-14T19:56:00+00:00
[2022-12-14T19:57:54.034+0000] {processor.py:175} INFO - Processing /home/airflow/.local/lib/python3.7/site-packages/airflow/example_dags/example_sla_dag.py took 0.174 seconds
[2022-12-14T19:58:24.214+0000] {processor.py:153} INFO - Started process (PID=1141) to work on /home/airflow/.local/lib/python3.7/site-packages/airflow/example_dags/example_sla_dag.py
[2022-12-14T19:58:24.215+0000] {processor.py:743} INFO - Processing file /home/airflow/.local/lib/python3.7/site-packages/airflow/example_dags/example_sla_dag.py for tasks to queue
[2022-12-14T19:58:24.218+0000] {logging_mixin.py:137} INFO - [2022-12-14T19:58:24.218+0000] {dagbag.py:538} INFO - Filling up the DagBag from /home/airflow/.local/lib/python3.7/site-packages/airflow/example_dags/example_sla_dag.py
[2022-12-14T19:58:24.287+0000] {processor.py:753} INFO - DAG(s) dict_keys(['example_sla_dag']) retrieved from /home/airflow/.local/lib/python3.7/site-packages/airflow/example_dags/example_sla_dag.py
[2022-12-14T19:58:24.376+0000] {logging_mixin.py:137} INFO - [2022-12-14T19:58:24.376+0000] {dag.py:2676} INFO - Sync 1 DAGs
[2022-12-14T19:58:24.419+0000] {logging_mixin.py:137} INFO - [2022-12-14T19:58:24.419+0000] {dag.py:3427} INFO - Setting next_dagrun for example_sla_dag to 2022-12-14T19:56:00+00:00, run_after=2022-12-14T19:58:00+00:00
[2022-12-14T19:58:24.450+0000] {processor.py:175} INFO - Processing /home/airflow/.local/lib/python3.7/site-packages/airflow/example_dags/example_sla_dag.py took 0.243 seconds
[2022-12-14T19:58:54.659+0000] {processor.py:153} INFO - Started process (PID=1221) to work on /home/airflow/.local/lib/python3.7/site-packages/airflow/example_dags/example_sla_dag.py
[2022-12-14T19:58:54.661+0000] {processor.py:743} INFO - Processing file /home/airflow/.local/lib/python3.7/site-packages/airflow/example_dags/example_sla_dag.py for tasks to queue
[2022-12-14T19:58:54.662+0000] {logging_mixin.py:137} INFO - [2022-12-14T19:58:54.662+0000] {dagbag.py:538} INFO - Filling up the DagBag from /home/airflow/.local/lib/python3.7/site-packages/airflow/example_dags/example_sla_dag.py
[2022-12-14T19:58:54.700+0000] {processor.py:753} INFO - DAG(s) dict_keys(['example_sla_dag']) retrieved from /home/airflow/.local/lib/python3.7/site-packages/airflow/example_dags/example_sla_dag.py
[2022-12-14T19:58:54.758+0000] {logging_mixin.py:137} INFO - [2022-12-14T19:58:54.758+0000] {dag.py:2676} INFO - Sync 1 DAGs
[2022-12-14T19:58:54.802+0000] {logging_mixin.py:137} INFO - [2022-12-14T19:58:54.802+0000] {dag.py:3427} INFO - Setting next_dagrun for example_sla_dag to 2022-12-14T19:56:00+00:00, run_after=2022-12-14T19:58:00+00:00
[2022-12-14T19:58:54.830+0000] {processor.py:175} INFO - Processing /home/airflow/.local/lib/python3.7/site-packages/airflow/example_dags/example_sla_dag.py took 0.176 seconds
[2022-12-14T19:59:24.949+0000] {processor.py:153} INFO - Started process (PID=1310) to work on /home/airflow/.local/lib/python3.7/site-packages/airflow/example_dags/example_sla_dag.py
[2022-12-14T19:59:24.951+0000] {processor.py:743} INFO - Processing file /home/airflow/.local/lib/python3.7/site-packages/airflow/example_dags/example_sla_dag.py for tasks to queue
[2022-12-14T19:59:24.952+0000] {logging_mixin.py:137} INFO - [2022-12-14T19:59:24.951+0000] {dagbag.py:538} INFO - Filling up the DagBag from /home/airflow/.local/lib/python3.7/site-packages/airflow/example_dags/example_sla_dag.py
[2022-12-14T19:59:24.984+0000] {processor.py:753} INFO - DAG(s) dict_keys(['example_sla_dag']) retrieved from /home/airflow/.local/lib/python3.7/site-packages/airflow/example_dags/example_sla_dag.py
[2022-12-14T19:59:25.040+0000] {logging_mixin.py:137} INFO - [2022-12-14T19:59:25.040+0000] {dag.py:2676} INFO - Sync 1 DAGs
[2022-12-14T19:59:25.085+0000] {logging_mixin.py:137} INFO - [2022-12-14T19:59:25.085+0000] {dag.py:3427} INFO - Setting next_dagrun for example_sla_dag to 2022-12-14T19:56:00+00:00, run_after=2022-12-14T19:58:00+00:00
[2022-12-14T19:59:25.121+0000] {processor.py:175} INFO - Processing /home/airflow/.local/lib/python3.7/site-packages/airflow/example_dags/example_sla_dag.py took 0.175 seconds
[2022-12-14T19:59:56.125+0000] {processor.py:153} INFO - Started process (PID=1401) to work on /home/airflow/.local/lib/python3.7/site-packages/airflow/example_dags/example_sla_dag.py
[2022-12-14T19:59:56.127+0000] {processor.py:743} INFO - Processing file /home/airflow/.local/lib/python3.7/site-packages/airflow/example_dags/example_sla_dag.py for tasks to queue
[2022-12-14T19:59:56.129+0000] {logging_mixin.py:137} INFO - [2022-12-14T19:59:56.129+0000] {dagbag.py:538} INFO - Filling up the DagBag from /home/airflow/.local/lib/python3.7/site-packages/airflow/example_dags/example_sla_dag.py
[2022-12-14T19:59:56.190+0000] {processor.py:753} INFO - DAG(s) dict_keys(['example_sla_dag']) retrieved from /home/airflow/.local/lib/python3.7/site-packages/airflow/example_dags/example_sla_dag.py
[2022-12-14T19:59:56.278+0000] {logging_mixin.py:137} INFO - [2022-12-14T19:59:56.278+0000] {dag.py:2676} INFO - Sync 1 DAGs
[2022-12-14T19:59:56.350+0000] {logging_mixin.py:137} INFO - [2022-12-14T19:59:56.349+0000] {dag.py:3427} INFO - Setting next_dagrun for example_sla_dag to 2022-12-14T19:56:00+00:00, run_after=2022-12-14T19:58:00+00:00
[2022-12-14T19:59:56.391+0000] {processor.py:175} INFO - Processing /home/airflow/.local/lib/python3.7/site-packages/airflow/example_dags/example_sla_dag.py took 0.273 seconds
[2022-12-14T20:00:27.361+0000] {processor.py:153} INFO - Started process (PID=1481) to work on /home/airflow/.local/lib/python3.7/site-packages/airflow/example_dags/example_sla_dag.py
[2022-12-14T20:00:27.363+0000] {processor.py:743} INFO - Processing file /home/airflow/.local/lib/python3.7/site-packages/airflow/example_dags/example_sla_dag.py for tasks to queue
[2022-12-14T20:00:27.364+0000] {logging_mixin.py:137} INFO - [2022-12-14T20:00:27.364+0000] {dagbag.py:538} INFO - Filling up the DagBag from /home/airflow/.local/lib/python3.7/site-packages/airflow/example_dags/example_sla_dag.py
[2022-12-14T20:00:27.404+0000] {processor.py:753} INFO - DAG(s) dict_keys(['example_sla_dag']) retrieved from /home/airflow/.local/lib/python3.7/site-packages/airflow/example_dags/example_sla_dag.py
[2022-12-14T20:00:27.456+0000] {logging_mixin.py:137} INFO - [2022-12-14T20:00:27.456+0000] {dag.py:2676} INFO - Sync 1 DAGs
[2022-12-14T20:00:27.499+0000] {logging_mixin.py:137} INFO - [2022-12-14T20:00:27.499+0000] {dag.py:3427} INFO - Setting next_dagrun for example_sla_dag to 2022-12-14T19:58:00+00:00, run_after=2022-12-14T20:00:00+00:00
[2022-12-14T20:00:27.526+0000] {processor.py:175} INFO - Processing /home/airflow/.local/lib/python3.7/site-packages/airflow/example_dags/example_sla_dag.py took 0.174 seconds
[2022-12-14T20:00:57.837+0000] {processor.py:153} INFO - Started process (PID=1561) to work on /home/airflow/.local/lib/python3.7/site-packages/airflow/example_dags/example_sla_dag.py
[2022-12-14T20:00:57.838+0000] {processor.py:743} INFO - Processing file /home/airflow/.local/lib/python3.7/site-packages/airflow/example_dags/example_sla_dag.py for tasks to queue
[2022-12-14T20:00:57.839+0000] {logging_mixin.py:137} INFO - [2022-12-14T20:00:57.839+0000] {dagbag.py:538} INFO - Filling up the DagBag from /home/airflow/.local/lib/python3.7/site-packages/airflow/example_dags/example_sla_dag.py
[2022-12-14T20:00:57.875+0000] {processor.py:753} INFO - DAG(s) dict_keys(['example_sla_dag']) retrieved from /home/airflow/.local/lib/python3.7/site-packages/airflow/example_dags/example_sla_dag.py
[2022-12-14T20:00:57.924+0000] {logging_mixin.py:137} INFO - [2022-12-14T20:00:57.924+0000] {dag.py:2676} INFO - Sync 1 DAGs
[2022-12-14T20:00:57.972+0000] {logging_mixin.py:137} INFO - [2022-12-14T20:00:57.972+0000] {dag.py:3427} INFO - Setting next_dagrun for example_sla_dag to 2022-12-14T19:58:00+00:00, run_after=2022-12-14T20:00:00+00:00
[2022-12-14T20:00:58.000+0000] {processor.py:175} INFO - Processing /home/airflow/.local/lib/python3.7/site-packages/airflow/example_dags/example_sla_dag.py took 0.167 seconds
[2022-12-14T20:01:28.796+0000] {processor.py:153} INFO - Started process (PID=1650) to work on /home/airflow/.local/lib/python3.7/site-packages/airflow/example_dags/example_sla_dag.py
[2022-12-14T20:01:28.798+0000] {processor.py:743} INFO - Processing file /home/airflow/.local/lib/python3.7/site-packages/airflow/example_dags/example_sla_dag.py for tasks to queue
[2022-12-14T20:01:28.800+0000] {logging_mixin.py:137} INFO - [2022-12-14T20:01:28.799+0000] {dagbag.py:538} INFO - Filling up the DagBag from /home/airflow/.local/lib/python3.7/site-packages/airflow/example_dags/example_sla_dag.py
[2022-12-14T20:01:28.855+0000] {processor.py:753} INFO - DAG(s) dict_keys(['example_sla_dag']) retrieved from /home/airflow/.local/lib/python3.7/site-packages/airflow/example_dags/example_sla_dag.py
[2022-12-14T20:01:28.919+0000] {logging_mixin.py:137} INFO - [2022-12-14T20:01:28.919+0000] {dag.py:2676} INFO - Sync 1 DAGs
[2022-12-14T20:01:28.976+0000] {logging_mixin.py:137} INFO - [2022-12-14T20:01:28.975+0000] {dag.py:3427} INFO - Setting next_dagrun for example_sla_dag to 2022-12-14T19:58:00+00:00, run_after=2022-12-14T20:00:00+00:00
[2022-12-14T20:01:29.012+0000] {processor.py:175} INFO - Processing /home/airflow/.local/lib/python3.7/site-packages/airflow/example_dags/example_sla_dag.py took 0.224 seconds
[2022-12-14T20:01:59.265+0000] {processor.py:153} INFO - Started process (PID=1741) to work on /home/airflow/.local/lib/python3.7/site-packages/airflow/example_dags/example_sla_dag.py
[2022-12-14T20:01:59.266+0000] {processor.py:743} INFO - Processing file /home/airflow/.local/lib/python3.7/site-packages/airflow/example_dags/example_sla_dag.py for tasks to queue
[2022-12-14T20:01:59.268+0000] {logging_mixin.py:137} INFO - [2022-12-14T20:01:59.267+0000] {dagbag.py:538} INFO - Filling up the DagBag from /home/airflow/.local/lib/python3.7/site-packages/airflow/example_dags/example_sla_dag.py
[2022-12-14T20:01:59.304+0000] {processor.py:753} INFO - DAG(s) dict_keys(['example_sla_dag']) retrieved from /home/airflow/.local/lib/python3.7/site-packages/airflow/example_dags/example_sla_dag.py
[2022-12-14T20:01:59.369+0000] {logging_mixin.py:137} INFO - [2022-12-14T20:01:59.369+0000] {dag.py:2676} INFO - Sync 1 DAGs
[2022-12-14T20:01:59.432+0000] {logging_mixin.py:137} INFO - [2022-12-14T20:01:59.432+0000] {dag.py:3427} INFO - Setting next_dagrun for example_sla_dag to 2022-12-14T19:58:00+00:00, run_after=2022-12-14T20:00:00+00:00
[2022-12-14T20:01:59.463+0000] {processor.py:175} INFO - Processing /home/airflow/.local/lib/python3.7/site-packages/airflow/example_dags/example_sla_dag.py took 0.201 seconds
[2022-12-14T20:02:29.562+0000] {processor.py:153} INFO - Started process (PID=1821) to work on /home/airflow/.local/lib/python3.7/site-packages/airflow/example_dags/example_sla_dag.py
[2022-12-14T20:02:29.563+0000] {processor.py:743} INFO - Processing file /home/airflow/.local/lib/python3.7/site-packages/airflow/example_dags/example_sla_dag.py for tasks to queue
[2022-12-14T20:02:29.564+0000] {logging_mixin.py:137} INFO - [2022-12-14T20:02:29.564+0000] {dagbag.py:538} INFO - Filling up the DagBag from /home/airflow/.local/lib/python3.7/site-packages/airflow/example_dags/example_sla_dag.py
[2022-12-14T20:02:29.600+0000] {processor.py:753} INFO - DAG(s) dict_keys(['example_sla_dag']) retrieved from /home/airflow/.local/lib/python3.7/site-packages/airflow/example_dags/example_sla_dag.py
[2022-12-14T20:02:29.660+0000] {logging_mixin.py:137} INFO - [2022-12-14T20:02:29.660+0000] {dag.py:2676} INFO - Sync 1 DAGs
[2022-12-14T20:02:29.720+0000] {logging_mixin.py:137} INFO - [2022-12-14T20:02:29.719+0000] {dag.py:3427} INFO - Setting next_dagrun for example_sla_dag to 2022-12-14T20:00:00+00:00, run_after=2022-12-14T20:02:00+00:00
[2022-12-14T20:02:29.754+0000] {processor.py:175} INFO - Processing /home/airflow/.local/lib/python3.7/site-packages/airflow/example_dags/example_sla_dag.py took 0.197 seconds
[2022-12-14T20:03:00.138+0000] {processor.py:153} INFO - Started process (PID=1901) to work on /home/airflow/.local/lib/python3.7/site-packages/airflow/example_dags/example_sla_dag.py
[2022-12-14T20:03:00.139+0000] {processor.py:743} INFO - Processing file /home/airflow/.local/lib/python3.7/site-packages/airflow/example_dags/example_sla_dag.py for tasks to queue
[2022-12-14T20:03:00.140+0000] {logging_mixin.py:137} INFO - [2022-12-14T20:03:00.140+0000] {dagbag.py:538} INFO - Filling up the DagBag from /home/airflow/.local/lib/python3.7/site-packages/airflow/example_dags/example_sla_dag.py
[2022-12-14T20:03:00.174+0000] {processor.py:753} INFO - DAG(s) dict_keys(['example_sla_dag']) retrieved from /home/airflow/.local/lib/python3.7/site-packages/airflow/example_dags/example_sla_dag.py
[2022-12-14T20:03:00.225+0000] {logging_mixin.py:137} INFO - [2022-12-14T20:03:00.224+0000] {dag.py:2676} INFO - Sync 1 DAGs
[2022-12-14T20:03:00.267+0000] {logging_mixin.py:137} INFO - [2022-12-14T20:03:00.266+0000] {dag.py:3427} INFO - Setting next_dagrun for example_sla_dag to 2022-12-14T20:00:00+00:00, run_after=2022-12-14T20:02:00+00:00
[2022-12-14T20:03:00.301+0000] {processor.py:175} INFO - Processing /home/airflow/.local/lib/python3.7/site-packages/airflow/example_dags/example_sla_dag.py took 0.167 seconds
[2022-12-14T20:03:30.593+0000] {processor.py:153} INFO - Started process (PID=1988) to work on /home/airflow/.local/lib/python3.7/site-packages/airflow/example_dags/example_sla_dag.py
[2022-12-14T20:03:30.594+0000] {processor.py:743} INFO - Processing file /home/airflow/.local/lib/python3.7/site-packages/airflow/example_dags/example_sla_dag.py for tasks to queue
[2022-12-14T20:03:30.595+0000] {logging_mixin.py:137} INFO - [2022-12-14T20:03:30.595+0000] {dagbag.py:538} INFO - Filling up the DagBag from /home/airflow/.local/lib/python3.7/site-packages/airflow/example_dags/example_sla_dag.py
[2022-12-14T20:03:30.638+0000] {processor.py:753} INFO - DAG(s) dict_keys(['example_sla_dag']) retrieved from /home/airflow/.local/lib/python3.7/site-packages/airflow/example_dags/example_sla_dag.py
[2022-12-14T20:03:30.696+0000] {logging_mixin.py:137} INFO - [2022-12-14T20:03:30.695+0000] {dag.py:2676} INFO - Sync 1 DAGs
[2022-12-14T20:03:30.754+0000] {logging_mixin.py:137} INFO - [2022-12-14T20:03:30.754+0000] {dag.py:3427} INFO - Setting next_dagrun for example_sla_dag to 2022-12-14T20:00:00+00:00, run_after=2022-12-14T20:02:00+00:00
[2022-12-14T20:03:30.799+0000] {processor.py:175} INFO - Processing /home/airflow/.local/lib/python3.7/site-packages/airflow/example_dags/example_sla_dag.py took 0.210 seconds
