[2022-12-14T19:52:07.422+0000] {processor.py:153} INFO - Started process (PID=98) to work on /home/airflow/.local/lib/python3.7/site-packages/airflow/example_dags/example_datasets.py
[2022-12-14T19:52:07.424+0000] {processor.py:743} INFO - Processing file /home/airflow/.local/lib/python3.7/site-packages/airflow/example_dags/example_datasets.py for tasks to queue
[2022-12-14T19:52:07.426+0000] {logging_mixin.py:137} INFO - [2022-12-14T19:52:07.425+0000] {dagbag.py:538} INFO - Filling up the DagBag from /home/airflow/.local/lib/python3.7/site-packages/airflow/example_dags/example_datasets.py
[2022-12-14T19:52:07.475+0000] {processor.py:753} INFO - DAG(s) dict_keys(['dataset_produces_2', 'dataset_consumes_unknown_never_scheduled', 'dataset_consumes_1', 'dataset_consumes_1_never_scheduled', 'dataset_produces_1', 'dataset_consumes_1_and_2']) retrieved from /home/airflow/.local/lib/python3.7/site-packages/airflow/example_dags/example_datasets.py
[2022-12-14T19:52:07.809+0000] {logging_mixin.py:137} INFO - [2022-12-14T19:52:07.808+0000] {dag.py:2676} INFO - Sync 6 DAGs
[2022-12-14T19:52:07.868+0000] {logging_mixin.py:137} INFO - [2022-12-14T19:52:07.868+0000] {dag.py:3427} INFO - Setting next_dagrun for dataset_consumes_1 to None, run_after=None
[2022-12-14T19:52:07.873+0000] {logging_mixin.py:137} INFO - [2022-12-14T19:52:07.872+0000] {dag.py:3427} INFO - Setting next_dagrun for dataset_consumes_1_and_2 to None, run_after=None
[2022-12-14T19:52:07.875+0000] {logging_mixin.py:137} INFO - [2022-12-14T19:52:07.875+0000] {dag.py:3427} INFO - Setting next_dagrun for dataset_consumes_1_never_scheduled to None, run_after=None
[2022-12-14T19:52:07.877+0000] {logging_mixin.py:137} INFO - [2022-12-14T19:52:07.877+0000] {dag.py:3427} INFO - Setting next_dagrun for dataset_consumes_unknown_never_scheduled to None, run_after=None
[2022-12-14T19:52:07.882+0000] {logging_mixin.py:137} INFO - [2022-12-14T19:52:07.882+0000] {dag.py:3427} INFO - Setting next_dagrun for dataset_produces_1 to 2022-12-13T00:00:00+00:00, run_after=2022-12-14T00:00:00+00:00
[2022-12-14T19:52:07.885+0000] {logging_mixin.py:137} INFO - [2022-12-14T19:52:07.884+0000] {dag.py:3427} INFO - Setting next_dagrun for dataset_produces_2 to None, run_after=None
[2022-12-14T19:52:08.931+0000] {processor.py:175} INFO - Processing /home/airflow/.local/lib/python3.7/site-packages/airflow/example_dags/example_datasets.py took 1.518 seconds
[2022-12-14T19:52:39.250+0000] {processor.py:153} INFO - Started process (PID=178) to work on /home/airflow/.local/lib/python3.7/site-packages/airflow/example_dags/example_datasets.py
[2022-12-14T19:52:39.252+0000] {processor.py:743} INFO - Processing file /home/airflow/.local/lib/python3.7/site-packages/airflow/example_dags/example_datasets.py for tasks to queue
[2022-12-14T19:52:39.253+0000] {logging_mixin.py:137} INFO - [2022-12-14T19:52:39.253+0000] {dagbag.py:538} INFO - Filling up the DagBag from /home/airflow/.local/lib/python3.7/site-packages/airflow/example_dags/example_datasets.py
[2022-12-14T19:52:39.291+0000] {processor.py:753} INFO - DAG(s) dict_keys(['dataset_consumes_1', 'dataset_consumes_1_and_2', 'dataset_consumes_1_never_scheduled', 'dataset_consumes_unknown_never_scheduled', 'dataset_produces_2', 'dataset_produces_1']) retrieved from /home/airflow/.local/lib/python3.7/site-packages/airflow/example_dags/example_datasets.py
[2022-12-14T19:52:39.458+0000] {logging_mixin.py:137} INFO - [2022-12-14T19:52:39.458+0000] {dag.py:2676} INFO - Sync 6 DAGs
[2022-12-14T19:52:39.536+0000] {logging_mixin.py:137} INFO - [2022-12-14T19:52:39.536+0000] {dag.py:3427} INFO - Setting next_dagrun for dataset_consumes_1 to None, run_after=None
[2022-12-14T19:52:39.549+0000] {logging_mixin.py:137} INFO - [2022-12-14T19:52:39.548+0000] {dag.py:3427} INFO - Setting next_dagrun for dataset_consumes_1_and_2 to None, run_after=None
[2022-12-14T19:52:39.553+0000] {logging_mixin.py:137} INFO - [2022-12-14T19:52:39.552+0000] {dag.py:3427} INFO - Setting next_dagrun for dataset_consumes_1_never_scheduled to None, run_after=None
[2022-12-14T19:52:39.556+0000] {logging_mixin.py:137} INFO - [2022-12-14T19:52:39.556+0000] {dag.py:3427} INFO - Setting next_dagrun for dataset_consumes_unknown_never_scheduled to None, run_after=None
[2022-12-14T19:52:39.565+0000] {logging_mixin.py:137} INFO - [2022-12-14T19:52:39.565+0000] {dag.py:3427} INFO - Setting next_dagrun for dataset_produces_1 to 2022-12-13T00:00:00+00:00, run_after=2022-12-14T00:00:00+00:00
[2022-12-14T19:52:39.570+0000] {logging_mixin.py:137} INFO - [2022-12-14T19:52:39.569+0000] {dag.py:3427} INFO - Setting next_dagrun for dataset_produces_2 to None, run_after=None
[2022-12-14T19:52:39.669+0000] {processor.py:175} INFO - Processing /home/airflow/.local/lib/python3.7/site-packages/airflow/example_dags/example_datasets.py took 0.425 seconds
[2022-12-14T19:53:10.054+0000] {processor.py:153} INFO - Started process (PID=258) to work on /home/airflow/.local/lib/python3.7/site-packages/airflow/example_dags/example_datasets.py
[2022-12-14T19:53:10.055+0000] {processor.py:743} INFO - Processing file /home/airflow/.local/lib/python3.7/site-packages/airflow/example_dags/example_datasets.py for tasks to queue
[2022-12-14T19:53:10.056+0000] {logging_mixin.py:137} INFO - [2022-12-14T19:53:10.056+0000] {dagbag.py:538} INFO - Filling up the DagBag from /home/airflow/.local/lib/python3.7/site-packages/airflow/example_dags/example_datasets.py
[2022-12-14T19:53:10.078+0000] {processor.py:753} INFO - DAG(s) dict_keys(['dataset_produces_1', 'dataset_consumes_unknown_never_scheduled', 'dataset_consumes_1', 'dataset_consumes_1_never_scheduled', 'dataset_consumes_1_and_2', 'dataset_produces_2']) retrieved from /home/airflow/.local/lib/python3.7/site-packages/airflow/example_dags/example_datasets.py
[2022-12-14T19:53:10.150+0000] {logging_mixin.py:137} INFO - [2022-12-14T19:53:10.150+0000] {dag.py:2676} INFO - Sync 6 DAGs
[2022-12-14T19:53:10.186+0000] {logging_mixin.py:137} INFO - [2022-12-14T19:53:10.186+0000] {dag.py:3427} INFO - Setting next_dagrun for dataset_consumes_1 to None, run_after=None
[2022-12-14T19:53:10.191+0000] {logging_mixin.py:137} INFO - [2022-12-14T19:53:10.191+0000] {dag.py:3427} INFO - Setting next_dagrun for dataset_consumes_1_and_2 to None, run_after=None
[2022-12-14T19:53:10.193+0000] {logging_mixin.py:137} INFO - [2022-12-14T19:53:10.193+0000] {dag.py:3427} INFO - Setting next_dagrun for dataset_consumes_1_never_scheduled to None, run_after=None
[2022-12-14T19:53:10.194+0000] {logging_mixin.py:137} INFO - [2022-12-14T19:53:10.194+0000] {dag.py:3427} INFO - Setting next_dagrun for dataset_consumes_unknown_never_scheduled to None, run_after=None
[2022-12-14T19:53:10.200+0000] {logging_mixin.py:137} INFO - [2022-12-14T19:53:10.200+0000] {dag.py:3427} INFO - Setting next_dagrun for dataset_produces_1 to 2022-12-13T00:00:00+00:00, run_after=2022-12-14T00:00:00+00:00
[2022-12-14T19:53:10.202+0000] {logging_mixin.py:137} INFO - [2022-12-14T19:53:10.202+0000] {dag.py:3427} INFO - Setting next_dagrun for dataset_produces_2 to None, run_after=None
[2022-12-14T19:53:10.247+0000] {processor.py:175} INFO - Processing /home/airflow/.local/lib/python3.7/site-packages/airflow/example_dags/example_datasets.py took 0.196 seconds
[2022-12-14T19:53:40.622+0000] {processor.py:153} INFO - Started process (PID=338) to work on /home/airflow/.local/lib/python3.7/site-packages/airflow/example_dags/example_datasets.py
[2022-12-14T19:53:40.623+0000] {processor.py:743} INFO - Processing file /home/airflow/.local/lib/python3.7/site-packages/airflow/example_dags/example_datasets.py for tasks to queue
[2022-12-14T19:53:40.624+0000] {logging_mixin.py:137} INFO - [2022-12-14T19:53:40.624+0000] {dagbag.py:538} INFO - Filling up the DagBag from /home/airflow/.local/lib/python3.7/site-packages/airflow/example_dags/example_datasets.py
[2022-12-14T19:53:40.648+0000] {processor.py:753} INFO - DAG(s) dict_keys(['dataset_produces_2', 'dataset_consumes_unknown_never_scheduled', 'dataset_consumes_1_never_scheduled', 'dataset_consumes_1', 'dataset_consumes_1_and_2', 'dataset_produces_1']) retrieved from /home/airflow/.local/lib/python3.7/site-packages/airflow/example_dags/example_datasets.py
[2022-12-14T19:53:40.719+0000] {logging_mixin.py:137} INFO - [2022-12-14T19:53:40.719+0000] {dag.py:2676} INFO - Sync 6 DAGs
[2022-12-14T19:53:40.756+0000] {logging_mixin.py:137} INFO - [2022-12-14T19:53:40.756+0000] {dag.py:3427} INFO - Setting next_dagrun for dataset_consumes_1 to None, run_after=None
[2022-12-14T19:53:40.761+0000] {logging_mixin.py:137} INFO - [2022-12-14T19:53:40.761+0000] {dag.py:3427} INFO - Setting next_dagrun for dataset_consumes_1_and_2 to None, run_after=None
[2022-12-14T19:53:40.763+0000] {logging_mixin.py:137} INFO - [2022-12-14T19:53:40.763+0000] {dag.py:3427} INFO - Setting next_dagrun for dataset_consumes_1_never_scheduled to None, run_after=None
[2022-12-14T19:53:40.765+0000] {logging_mixin.py:137} INFO - [2022-12-14T19:53:40.764+0000] {dag.py:3427} INFO - Setting next_dagrun for dataset_consumes_unknown_never_scheduled to None, run_after=None
[2022-12-14T19:53:40.769+0000] {logging_mixin.py:137} INFO - [2022-12-14T19:53:40.768+0000] {dag.py:3427} INFO - Setting next_dagrun for dataset_produces_1 to 2022-12-13T00:00:00+00:00, run_after=2022-12-14T00:00:00+00:00
[2022-12-14T19:53:40.770+0000] {logging_mixin.py:137} INFO - [2022-12-14T19:53:40.770+0000] {dag.py:3427} INFO - Setting next_dagrun for dataset_produces_2 to None, run_after=None
[2022-12-14T19:53:40.820+0000] {processor.py:175} INFO - Processing /home/airflow/.local/lib/python3.7/site-packages/airflow/example_dags/example_datasets.py took 0.202 seconds
[2022-12-14T19:54:10.934+0000] {processor.py:153} INFO - Started process (PID=418) to work on /home/airflow/.local/lib/python3.7/site-packages/airflow/example_dags/example_datasets.py
[2022-12-14T19:54:10.935+0000] {processor.py:743} INFO - Processing file /home/airflow/.local/lib/python3.7/site-packages/airflow/example_dags/example_datasets.py for tasks to queue
[2022-12-14T19:54:10.936+0000] {logging_mixin.py:137} INFO - [2022-12-14T19:54:10.936+0000] {dagbag.py:538} INFO - Filling up the DagBag from /home/airflow/.local/lib/python3.7/site-packages/airflow/example_dags/example_datasets.py
[2022-12-14T19:54:10.965+0000] {processor.py:753} INFO - DAG(s) dict_keys(['dataset_consumes_1', 'dataset_consumes_unknown_never_scheduled', 'dataset_consumes_1_and_2', 'dataset_produces_1', 'dataset_consumes_1_never_scheduled', 'dataset_produces_2']) retrieved from /home/airflow/.local/lib/python3.7/site-packages/airflow/example_dags/example_datasets.py
[2022-12-14T19:54:11.098+0000] {logging_mixin.py:137} INFO - [2022-12-14T19:54:11.098+0000] {dag.py:2676} INFO - Sync 6 DAGs
[2022-12-14T19:54:11.145+0000] {logging_mixin.py:137} INFO - [2022-12-14T19:54:11.145+0000] {dag.py:3427} INFO - Setting next_dagrun for dataset_consumes_1 to None, run_after=None
[2022-12-14T19:54:11.151+0000] {logging_mixin.py:137} INFO - [2022-12-14T19:54:11.151+0000] {dag.py:3427} INFO - Setting next_dagrun for dataset_consumes_1_and_2 to None, run_after=None
[2022-12-14T19:54:11.153+0000] {logging_mixin.py:137} INFO - [2022-12-14T19:54:11.153+0000] {dag.py:3427} INFO - Setting next_dagrun for dataset_consumes_1_never_scheduled to None, run_after=None
[2022-12-14T19:54:11.155+0000] {logging_mixin.py:137} INFO - [2022-12-14T19:54:11.155+0000] {dag.py:3427} INFO - Setting next_dagrun for dataset_consumes_unknown_never_scheduled to None, run_after=None
[2022-12-14T19:54:11.159+0000] {logging_mixin.py:137} INFO - [2022-12-14T19:54:11.159+0000] {dag.py:3427} INFO - Setting next_dagrun for dataset_produces_1 to 2022-12-13T00:00:00+00:00, run_after=2022-12-14T00:00:00+00:00
[2022-12-14T19:54:11.162+0000] {logging_mixin.py:137} INFO - [2022-12-14T19:54:11.162+0000] {dag.py:3427} INFO - Setting next_dagrun for dataset_produces_2 to None, run_after=None
[2022-12-14T19:54:11.216+0000] {processor.py:175} INFO - Processing /home/airflow/.local/lib/python3.7/site-packages/airflow/example_dags/example_datasets.py took 0.288 seconds
[2022-12-14T19:54:41.801+0000] {processor.py:153} INFO - Started process (PID=518) to work on /home/airflow/.local/lib/python3.7/site-packages/airflow/example_dags/example_datasets.py
[2022-12-14T19:54:41.803+0000] {processor.py:743} INFO - Processing file /home/airflow/.local/lib/python3.7/site-packages/airflow/example_dags/example_datasets.py for tasks to queue
[2022-12-14T19:54:41.804+0000] {logging_mixin.py:137} INFO - [2022-12-14T19:54:41.804+0000] {dagbag.py:538} INFO - Filling up the DagBag from /home/airflow/.local/lib/python3.7/site-packages/airflow/example_dags/example_datasets.py
[2022-12-14T19:54:41.829+0000] {processor.py:753} INFO - DAG(s) dict_keys(['dataset_produces_2', 'dataset_consumes_1_and_2', 'dataset_consumes_1', 'dataset_consumes_unknown_never_scheduled', 'dataset_consumes_1_never_scheduled', 'dataset_produces_1']) retrieved from /home/airflow/.local/lib/python3.7/site-packages/airflow/example_dags/example_datasets.py
[2022-12-14T19:54:41.923+0000] {logging_mixin.py:137} INFO - [2022-12-14T19:54:41.923+0000] {dag.py:2676} INFO - Sync 6 DAGs
[2022-12-14T19:54:41.975+0000] {logging_mixin.py:137} INFO - [2022-12-14T19:54:41.974+0000] {dag.py:3427} INFO - Setting next_dagrun for dataset_consumes_1 to None, run_after=None
[2022-12-14T19:54:41.981+0000] {logging_mixin.py:137} INFO - [2022-12-14T19:54:41.981+0000] {dag.py:3427} INFO - Setting next_dagrun for dataset_consumes_1_and_2 to None, run_after=None
[2022-12-14T19:54:41.984+0000] {logging_mixin.py:137} INFO - [2022-12-14T19:54:41.984+0000] {dag.py:3427} INFO - Setting next_dagrun for dataset_consumes_1_never_scheduled to None, run_after=None
[2022-12-14T19:54:41.987+0000] {logging_mixin.py:137} INFO - [2022-12-14T19:54:41.986+0000] {dag.py:3427} INFO - Setting next_dagrun for dataset_consumes_unknown_never_scheduled to None, run_after=None
[2022-12-14T19:54:41.991+0000] {logging_mixin.py:137} INFO - [2022-12-14T19:54:41.991+0000] {dag.py:3427} INFO - Setting next_dagrun for dataset_produces_1 to 2022-12-13T00:00:00+00:00, run_after=2022-12-14T00:00:00+00:00
[2022-12-14T19:54:41.993+0000] {logging_mixin.py:137} INFO - [2022-12-14T19:54:41.993+0000] {dag.py:3427} INFO - Setting next_dagrun for dataset_produces_2 to None, run_after=None
[2022-12-14T19:54:42.054+0000] {processor.py:175} INFO - Processing /home/airflow/.local/lib/python3.7/site-packages/airflow/example_dags/example_datasets.py took 0.257 seconds
[2022-12-14T19:55:13.080+0000] {processor.py:153} INFO - Started process (PID=597) to work on /home/airflow/.local/lib/python3.7/site-packages/airflow/example_dags/example_datasets.py
[2022-12-14T19:55:13.082+0000] {processor.py:743} INFO - Processing file /home/airflow/.local/lib/python3.7/site-packages/airflow/example_dags/example_datasets.py for tasks to queue
[2022-12-14T19:55:13.083+0000] {logging_mixin.py:137} INFO - [2022-12-14T19:55:13.083+0000] {dagbag.py:538} INFO - Filling up the DagBag from /home/airflow/.local/lib/python3.7/site-packages/airflow/example_dags/example_datasets.py
[2022-12-14T19:55:13.118+0000] {processor.py:753} INFO - DAG(s) dict_keys(['dataset_consumes_1_never_scheduled', 'dataset_produces_1', 'dataset_consumes_1_and_2', 'dataset_consumes_1', 'dataset_consumes_unknown_never_scheduled', 'dataset_produces_2']) retrieved from /home/airflow/.local/lib/python3.7/site-packages/airflow/example_dags/example_datasets.py
[2022-12-14T19:55:13.212+0000] {logging_mixin.py:137} INFO - [2022-12-14T19:55:13.212+0000] {dag.py:2676} INFO - Sync 6 DAGs
[2022-12-14T19:55:13.263+0000] {logging_mixin.py:137} INFO - [2022-12-14T19:55:13.262+0000] {dag.py:3427} INFO - Setting next_dagrun for dataset_consumes_1 to None, run_after=None
[2022-12-14T19:55:13.268+0000] {logging_mixin.py:137} INFO - [2022-12-14T19:55:13.268+0000] {dag.py:3427} INFO - Setting next_dagrun for dataset_consumes_1_and_2 to None, run_after=None
[2022-12-14T19:55:13.270+0000] {logging_mixin.py:137} INFO - [2022-12-14T19:55:13.270+0000] {dag.py:3427} INFO - Setting next_dagrun for dataset_consumes_1_never_scheduled to None, run_after=None
[2022-12-14T19:55:13.272+0000] {logging_mixin.py:137} INFO - [2022-12-14T19:55:13.272+0000] {dag.py:3427} INFO - Setting next_dagrun for dataset_consumes_unknown_never_scheduled to None, run_after=None
[2022-12-14T19:55:13.280+0000] {logging_mixin.py:137} INFO - [2022-12-14T19:55:13.279+0000] {dag.py:3427} INFO - Setting next_dagrun for dataset_produces_1 to 2022-12-13T00:00:00+00:00, run_after=2022-12-14T00:00:00+00:00
[2022-12-14T19:55:13.282+0000] {logging_mixin.py:137} INFO - [2022-12-14T19:55:13.282+0000] {dag.py:3427} INFO - Setting next_dagrun for dataset_produces_2 to None, run_after=None
[2022-12-14T19:55:13.360+0000] {processor.py:175} INFO - Processing /home/airflow/.local/lib/python3.7/site-packages/airflow/example_dags/example_datasets.py took 0.285 seconds
[2022-12-14T19:55:43.569+0000] {processor.py:153} INFO - Started process (PID=676) to work on /home/airflow/.local/lib/python3.7/site-packages/airflow/example_dags/example_datasets.py
[2022-12-14T19:55:43.570+0000] {processor.py:743} INFO - Processing file /home/airflow/.local/lib/python3.7/site-packages/airflow/example_dags/example_datasets.py for tasks to queue
[2022-12-14T19:55:43.571+0000] {logging_mixin.py:137} INFO - [2022-12-14T19:55:43.571+0000] {dagbag.py:538} INFO - Filling up the DagBag from /home/airflow/.local/lib/python3.7/site-packages/airflow/example_dags/example_datasets.py
[2022-12-14T19:55:43.597+0000] {processor.py:753} INFO - DAG(s) dict_keys(['dataset_consumes_1_and_2', 'dataset_consumes_1_never_scheduled', 'dataset_produces_2', 'dataset_produces_1', 'dataset_consumes_unknown_never_scheduled', 'dataset_consumes_1']) retrieved from /home/airflow/.local/lib/python3.7/site-packages/airflow/example_dags/example_datasets.py
[2022-12-14T19:55:43.673+0000] {logging_mixin.py:137} INFO - [2022-12-14T19:55:43.673+0000] {dag.py:2676} INFO - Sync 6 DAGs
[2022-12-14T19:55:43.719+0000] {logging_mixin.py:137} INFO - [2022-12-14T19:55:43.719+0000] {dag.py:3427} INFO - Setting next_dagrun for dataset_consumes_1 to None, run_after=None
[2022-12-14T19:55:43.724+0000] {logging_mixin.py:137} INFO - [2022-12-14T19:55:43.724+0000] {dag.py:3427} INFO - Setting next_dagrun for dataset_consumes_1_and_2 to None, run_after=None
[2022-12-14T19:55:43.726+0000] {logging_mixin.py:137} INFO - [2022-12-14T19:55:43.725+0000] {dag.py:3427} INFO - Setting next_dagrun for dataset_consumes_1_never_scheduled to None, run_after=None
[2022-12-14T19:55:43.727+0000] {logging_mixin.py:137} INFO - [2022-12-14T19:55:43.727+0000] {dag.py:3427} INFO - Setting next_dagrun for dataset_consumes_unknown_never_scheduled to None, run_after=None
[2022-12-14T19:55:43.731+0000] {logging_mixin.py:137} INFO - [2022-12-14T19:55:43.731+0000] {dag.py:3427} INFO - Setting next_dagrun for dataset_produces_1 to 2022-12-13T00:00:00+00:00, run_after=2022-12-14T00:00:00+00:00
[2022-12-14T19:55:43.733+0000] {logging_mixin.py:137} INFO - [2022-12-14T19:55:43.733+0000] {dag.py:3427} INFO - Setting next_dagrun for dataset_produces_2 to None, run_after=None
[2022-12-14T19:55:43.779+0000] {processor.py:175} INFO - Processing /home/airflow/.local/lib/python3.7/site-packages/airflow/example_dags/example_datasets.py took 0.216 seconds
[2022-12-14T19:56:14.070+0000] {processor.py:153} INFO - Started process (PID=756) to work on /home/airflow/.local/lib/python3.7/site-packages/airflow/example_dags/example_datasets.py
[2022-12-14T19:56:14.072+0000] {processor.py:743} INFO - Processing file /home/airflow/.local/lib/python3.7/site-packages/airflow/example_dags/example_datasets.py for tasks to queue
[2022-12-14T19:56:14.074+0000] {logging_mixin.py:137} INFO - [2022-12-14T19:56:14.074+0000] {dagbag.py:538} INFO - Filling up the DagBag from /home/airflow/.local/lib/python3.7/site-packages/airflow/example_dags/example_datasets.py
[2022-12-14T19:56:14.130+0000] {processor.py:753} INFO - DAG(s) dict_keys(['dataset_consumes_1', 'dataset_produces_2', 'dataset_consumes_unknown_never_scheduled', 'dataset_consumes_1_and_2', 'dataset_produces_1', 'dataset_consumes_1_never_scheduled']) retrieved from /home/airflow/.local/lib/python3.7/site-packages/airflow/example_dags/example_datasets.py
[2022-12-14T19:56:14.231+0000] {logging_mixin.py:137} INFO - [2022-12-14T19:56:14.230+0000] {dag.py:2676} INFO - Sync 6 DAGs
[2022-12-14T19:56:14.354+0000] {logging_mixin.py:137} INFO - [2022-12-14T19:56:14.354+0000] {dag.py:3427} INFO - Setting next_dagrun for dataset_consumes_1 to None, run_after=None
[2022-12-14T19:56:14.371+0000] {logging_mixin.py:137} INFO - [2022-12-14T19:56:14.370+0000] {dag.py:3427} INFO - Setting next_dagrun for dataset_consumes_1_and_2 to None, run_after=None
[2022-12-14T19:56:14.374+0000] {logging_mixin.py:137} INFO - [2022-12-14T19:56:14.374+0000] {dag.py:3427} INFO - Setting next_dagrun for dataset_consumes_1_never_scheduled to None, run_after=None
[2022-12-14T19:56:14.385+0000] {logging_mixin.py:137} INFO - [2022-12-14T19:56:14.384+0000] {dag.py:3427} INFO - Setting next_dagrun for dataset_consumes_unknown_never_scheduled to None, run_after=None
[2022-12-14T19:56:14.397+0000] {logging_mixin.py:137} INFO - [2022-12-14T19:56:14.396+0000] {dag.py:3427} INFO - Setting next_dagrun for dataset_produces_1 to 2022-12-13T00:00:00+00:00, run_after=2022-12-14T00:00:00+00:00
[2022-12-14T19:56:14.407+0000] {logging_mixin.py:137} INFO - [2022-12-14T19:56:14.407+0000] {dag.py:3427} INFO - Setting next_dagrun for dataset_produces_2 to None, run_after=None
[2022-12-14T19:56:14.558+0000] {processor.py:175} INFO - Processing /home/airflow/.local/lib/python3.7/site-packages/airflow/example_dags/example_datasets.py took 0.494 seconds
[2022-12-14T19:56:44.715+0000] {processor.py:153} INFO - Started process (PID=852) to work on /home/airflow/.local/lib/python3.7/site-packages/airflow/example_dags/example_datasets.py
[2022-12-14T19:56:44.717+0000] {processor.py:743} INFO - Processing file /home/airflow/.local/lib/python3.7/site-packages/airflow/example_dags/example_datasets.py for tasks to queue
[2022-12-14T19:56:44.718+0000] {logging_mixin.py:137} INFO - [2022-12-14T19:56:44.718+0000] {dagbag.py:538} INFO - Filling up the DagBag from /home/airflow/.local/lib/python3.7/site-packages/airflow/example_dags/example_datasets.py
[2022-12-14T19:56:44.742+0000] {processor.py:753} INFO - DAG(s) dict_keys(['dataset_consumes_1_never_scheduled', 'dataset_consumes_unknown_never_scheduled', 'dataset_produces_1', 'dataset_consumes_1', 'dataset_consumes_1_and_2', 'dataset_produces_2']) retrieved from /home/airflow/.local/lib/python3.7/site-packages/airflow/example_dags/example_datasets.py
[2022-12-14T19:56:44.868+0000] {logging_mixin.py:137} INFO - [2022-12-14T19:56:44.868+0000] {dag.py:2676} INFO - Sync 6 DAGs
[2022-12-14T19:56:44.901+0000] {logging_mixin.py:137} INFO - [2022-12-14T19:56:44.900+0000] {dag.py:3427} INFO - Setting next_dagrun for dataset_consumes_1 to None, run_after=None
[2022-12-14T19:56:44.904+0000] {logging_mixin.py:137} INFO - [2022-12-14T19:56:44.904+0000] {dag.py:3427} INFO - Setting next_dagrun for dataset_consumes_1_and_2 to None, run_after=None
[2022-12-14T19:56:44.906+0000] {logging_mixin.py:137} INFO - [2022-12-14T19:56:44.906+0000] {dag.py:3427} INFO - Setting next_dagrun for dataset_consumes_1_never_scheduled to None, run_after=None
[2022-12-14T19:56:44.908+0000] {logging_mixin.py:137} INFO - [2022-12-14T19:56:44.908+0000] {dag.py:3427} INFO - Setting next_dagrun for dataset_consumes_unknown_never_scheduled to None, run_after=None
[2022-12-14T19:56:44.912+0000] {logging_mixin.py:137} INFO - [2022-12-14T19:56:44.912+0000] {dag.py:3427} INFO - Setting next_dagrun for dataset_produces_1 to 2022-12-13T00:00:00+00:00, run_after=2022-12-14T00:00:00+00:00
[2022-12-14T19:56:44.915+0000] {logging_mixin.py:137} INFO - [2022-12-14T19:56:44.915+0000] {dag.py:3427} INFO - Setting next_dagrun for dataset_produces_2 to None, run_after=None
[2022-12-14T19:56:44.963+0000] {processor.py:175} INFO - Processing /home/airflow/.local/lib/python3.7/site-packages/airflow/example_dags/example_datasets.py took 0.251 seconds
[2022-12-14T19:57:15.021+0000] {processor.py:153} INFO - Started process (PID=946) to work on /home/airflow/.local/lib/python3.7/site-packages/airflow/example_dags/example_datasets.py
[2022-12-14T19:57:15.022+0000] {processor.py:743} INFO - Processing file /home/airflow/.local/lib/python3.7/site-packages/airflow/example_dags/example_datasets.py for tasks to queue
[2022-12-14T19:57:15.023+0000] {logging_mixin.py:137} INFO - [2022-12-14T19:57:15.023+0000] {dagbag.py:538} INFO - Filling up the DagBag from /home/airflow/.local/lib/python3.7/site-packages/airflow/example_dags/example_datasets.py
[2022-12-14T19:57:15.051+0000] {processor.py:753} INFO - DAG(s) dict_keys(['dataset_consumes_unknown_never_scheduled', 'dataset_consumes_1_and_2', 'dataset_produces_1', 'dataset_consumes_1_never_scheduled', 'dataset_produces_2', 'dataset_consumes_1']) retrieved from /home/airflow/.local/lib/python3.7/site-packages/airflow/example_dags/example_datasets.py
[2022-12-14T19:57:15.126+0000] {logging_mixin.py:137} INFO - [2022-12-14T19:57:15.126+0000] {dag.py:2676} INFO - Sync 6 DAGs
[2022-12-14T19:57:15.163+0000] {logging_mixin.py:137} INFO - [2022-12-14T19:57:15.163+0000] {dag.py:3427} INFO - Setting next_dagrun for dataset_consumes_1 to None, run_after=None
[2022-12-14T19:57:15.168+0000] {logging_mixin.py:137} INFO - [2022-12-14T19:57:15.168+0000] {dag.py:3427} INFO - Setting next_dagrun for dataset_consumes_1_and_2 to None, run_after=None
[2022-12-14T19:57:15.170+0000] {logging_mixin.py:137} INFO - [2022-12-14T19:57:15.169+0000] {dag.py:3427} INFO - Setting next_dagrun for dataset_consumes_1_never_scheduled to None, run_after=None
[2022-12-14T19:57:15.171+0000] {logging_mixin.py:137} INFO - [2022-12-14T19:57:15.171+0000] {dag.py:3427} INFO - Setting next_dagrun for dataset_consumes_unknown_never_scheduled to None, run_after=None
[2022-12-14T19:57:15.175+0000] {logging_mixin.py:137} INFO - [2022-12-14T19:57:15.175+0000] {dag.py:3427} INFO - Setting next_dagrun for dataset_produces_1 to 2022-12-13T00:00:00+00:00, run_after=2022-12-14T00:00:00+00:00
[2022-12-14T19:57:15.178+0000] {logging_mixin.py:137} INFO - [2022-12-14T19:57:15.178+0000] {dag.py:3427} INFO - Setting next_dagrun for dataset_produces_2 to None, run_after=None
[2022-12-14T19:57:15.242+0000] {processor.py:175} INFO - Processing /home/airflow/.local/lib/python3.7/site-packages/airflow/example_dags/example_datasets.py took 0.225 seconds
[2022-12-14T19:57:45.928+0000] {processor.py:153} INFO - Started process (PID=1036) to work on /home/airflow/.local/lib/python3.7/site-packages/airflow/example_dags/example_datasets.py
[2022-12-14T19:57:45.929+0000] {processor.py:743} INFO - Processing file /home/airflow/.local/lib/python3.7/site-packages/airflow/example_dags/example_datasets.py for tasks to queue
[2022-12-14T19:57:45.931+0000] {logging_mixin.py:137} INFO - [2022-12-14T19:57:45.930+0000] {dagbag.py:538} INFO - Filling up the DagBag from /home/airflow/.local/lib/python3.7/site-packages/airflow/example_dags/example_datasets.py
[2022-12-14T19:57:45.956+0000] {processor.py:753} INFO - DAG(s) dict_keys(['dataset_consumes_1_and_2', 'dataset_consumes_1', 'dataset_consumes_1_never_scheduled', 'dataset_produces_1', 'dataset_consumes_unknown_never_scheduled', 'dataset_produces_2']) retrieved from /home/airflow/.local/lib/python3.7/site-packages/airflow/example_dags/example_datasets.py
[2022-12-14T19:57:46.046+0000] {logging_mixin.py:137} INFO - [2022-12-14T19:57:46.045+0000] {dag.py:2676} INFO - Sync 6 DAGs
[2022-12-14T19:57:46.113+0000] {logging_mixin.py:137} INFO - [2022-12-14T19:57:46.113+0000] {dag.py:3427} INFO - Setting next_dagrun for dataset_consumes_1 to None, run_after=None
[2022-12-14T19:57:46.129+0000] {logging_mixin.py:137} INFO - [2022-12-14T19:57:46.128+0000] {dag.py:3427} INFO - Setting next_dagrun for dataset_consumes_1_and_2 to None, run_after=None
[2022-12-14T19:57:46.135+0000] {logging_mixin.py:137} INFO - [2022-12-14T19:57:46.134+0000] {dag.py:3427} INFO - Setting next_dagrun for dataset_consumes_1_never_scheduled to None, run_after=None
[2022-12-14T19:57:46.137+0000] {logging_mixin.py:137} INFO - [2022-12-14T19:57:46.136+0000] {dag.py:3427} INFO - Setting next_dagrun for dataset_consumes_unknown_never_scheduled to None, run_after=None
[2022-12-14T19:57:46.144+0000] {logging_mixin.py:137} INFO - [2022-12-14T19:57:46.143+0000] {dag.py:3427} INFO - Setting next_dagrun for dataset_produces_1 to 2022-12-13T00:00:00+00:00, run_after=2022-12-14T00:00:00+00:00
[2022-12-14T19:57:46.152+0000] {logging_mixin.py:137} INFO - [2022-12-14T19:57:46.146+0000] {dag.py:3427} INFO - Setting next_dagrun for dataset_produces_2 to None, run_after=None
[2022-12-14T19:57:46.220+0000] {processor.py:175} INFO - Processing /home/airflow/.local/lib/python3.7/site-packages/airflow/example_dags/example_datasets.py took 0.297 seconds
[2022-12-14T19:58:16.555+0000] {processor.py:153} INFO - Started process (PID=1116) to work on /home/airflow/.local/lib/python3.7/site-packages/airflow/example_dags/example_datasets.py
[2022-12-14T19:58:16.556+0000] {processor.py:743} INFO - Processing file /home/airflow/.local/lib/python3.7/site-packages/airflow/example_dags/example_datasets.py for tasks to queue
[2022-12-14T19:58:16.558+0000] {logging_mixin.py:137} INFO - [2022-12-14T19:58:16.558+0000] {dagbag.py:538} INFO - Filling up the DagBag from /home/airflow/.local/lib/python3.7/site-packages/airflow/example_dags/example_datasets.py
[2022-12-14T19:58:16.583+0000] {processor.py:753} INFO - DAG(s) dict_keys(['dataset_consumes_1', 'dataset_consumes_unknown_never_scheduled', 'dataset_produces_1', 'dataset_consumes_1_and_2', 'dataset_consumes_1_never_scheduled', 'dataset_produces_2']) retrieved from /home/airflow/.local/lib/python3.7/site-packages/airflow/example_dags/example_datasets.py
[2022-12-14T19:58:16.664+0000] {logging_mixin.py:137} INFO - [2022-12-14T19:58:16.664+0000] {dag.py:2676} INFO - Sync 6 DAGs
[2022-12-14T19:58:16.710+0000] {logging_mixin.py:137} INFO - [2022-12-14T19:58:16.710+0000] {dag.py:3427} INFO - Setting next_dagrun for dataset_consumes_1 to None, run_after=None
[2022-12-14T19:58:16.716+0000] {logging_mixin.py:137} INFO - [2022-12-14T19:58:16.716+0000] {dag.py:3427} INFO - Setting next_dagrun for dataset_consumes_1_and_2 to None, run_after=None
[2022-12-14T19:58:16.718+0000] {logging_mixin.py:137} INFO - [2022-12-14T19:58:16.718+0000] {dag.py:3427} INFO - Setting next_dagrun for dataset_consumes_1_never_scheduled to None, run_after=None
[2022-12-14T19:58:16.721+0000] {logging_mixin.py:137} INFO - [2022-12-14T19:58:16.721+0000] {dag.py:3427} INFO - Setting next_dagrun for dataset_consumes_unknown_never_scheduled to None, run_after=None
[2022-12-14T19:58:16.726+0000] {logging_mixin.py:137} INFO - [2022-12-14T19:58:16.725+0000] {dag.py:3427} INFO - Setting next_dagrun for dataset_produces_1 to 2022-12-13T00:00:00+00:00, run_after=2022-12-14T00:00:00+00:00
[2022-12-14T19:58:16.728+0000] {logging_mixin.py:137} INFO - [2022-12-14T19:58:16.728+0000] {dag.py:3427} INFO - Setting next_dagrun for dataset_produces_2 to None, run_after=None
[2022-12-14T19:58:16.782+0000] {processor.py:175} INFO - Processing /home/airflow/.local/lib/python3.7/site-packages/airflow/example_dags/example_datasets.py took 0.231 seconds
[2022-12-14T19:58:47.260+0000] {processor.py:153} INFO - Started process (PID=1207) to work on /home/airflow/.local/lib/python3.7/site-packages/airflow/example_dags/example_datasets.py
[2022-12-14T19:58:47.261+0000] {processor.py:743} INFO - Processing file /home/airflow/.local/lib/python3.7/site-packages/airflow/example_dags/example_datasets.py for tasks to queue
[2022-12-14T19:58:47.263+0000] {logging_mixin.py:137} INFO - [2022-12-14T19:58:47.262+0000] {dagbag.py:538} INFO - Filling up the DagBag from /home/airflow/.local/lib/python3.7/site-packages/airflow/example_dags/example_datasets.py
[2022-12-14T19:58:47.288+0000] {processor.py:753} INFO - DAG(s) dict_keys(['dataset_consumes_unknown_never_scheduled', 'dataset_consumes_1_never_scheduled', 'dataset_consumes_1', 'dataset_consumes_1_and_2', 'dataset_produces_1', 'dataset_produces_2']) retrieved from /home/airflow/.local/lib/python3.7/site-packages/airflow/example_dags/example_datasets.py
[2022-12-14T19:58:47.367+0000] {logging_mixin.py:137} INFO - [2022-12-14T19:58:47.367+0000] {dag.py:2676} INFO - Sync 6 DAGs
[2022-12-14T19:58:47.411+0000] {logging_mixin.py:137} INFO - [2022-12-14T19:58:47.411+0000] {dag.py:3427} INFO - Setting next_dagrun for dataset_consumes_1 to None, run_after=None
[2022-12-14T19:58:47.418+0000] {logging_mixin.py:137} INFO - [2022-12-14T19:58:47.418+0000] {dag.py:3427} INFO - Setting next_dagrun for dataset_consumes_1_and_2 to None, run_after=None
[2022-12-14T19:58:47.420+0000] {logging_mixin.py:137} INFO - [2022-12-14T19:58:47.420+0000] {dag.py:3427} INFO - Setting next_dagrun for dataset_consumes_1_never_scheduled to None, run_after=None
[2022-12-14T19:58:47.422+0000] {logging_mixin.py:137} INFO - [2022-12-14T19:58:47.422+0000] {dag.py:3427} INFO - Setting next_dagrun for dataset_consumes_unknown_never_scheduled to None, run_after=None
[2022-12-14T19:58:47.427+0000] {logging_mixin.py:137} INFO - [2022-12-14T19:58:47.426+0000] {dag.py:3427} INFO - Setting next_dagrun for dataset_produces_1 to 2022-12-13T00:00:00+00:00, run_after=2022-12-14T00:00:00+00:00
[2022-12-14T19:58:47.429+0000] {logging_mixin.py:137} INFO - [2022-12-14T19:58:47.429+0000] {dag.py:3427} INFO - Setting next_dagrun for dataset_produces_2 to None, run_after=None
[2022-12-14T19:58:47.486+0000] {processor.py:175} INFO - Processing /home/airflow/.local/lib/python3.7/site-packages/airflow/example_dags/example_datasets.py took 0.231 seconds
[2022-12-14T19:59:17.734+0000] {processor.py:153} INFO - Started process (PID=1287) to work on /home/airflow/.local/lib/python3.7/site-packages/airflow/example_dags/example_datasets.py
[2022-12-14T19:59:17.735+0000] {processor.py:743} INFO - Processing file /home/airflow/.local/lib/python3.7/site-packages/airflow/example_dags/example_datasets.py for tasks to queue
[2022-12-14T19:59:17.737+0000] {logging_mixin.py:137} INFO - [2022-12-14T19:59:17.736+0000] {dagbag.py:538} INFO - Filling up the DagBag from /home/airflow/.local/lib/python3.7/site-packages/airflow/example_dags/example_datasets.py
[2022-12-14T19:59:17.759+0000] {processor.py:753} INFO - DAG(s) dict_keys(['dataset_consumes_1_and_2', 'dataset_produces_2', 'dataset_produces_1', 'dataset_consumes_1_never_scheduled', 'dataset_consumes_1', 'dataset_consumes_unknown_never_scheduled']) retrieved from /home/airflow/.local/lib/python3.7/site-packages/airflow/example_dags/example_datasets.py
[2022-12-14T19:59:17.838+0000] {logging_mixin.py:137} INFO - [2022-12-14T19:59:17.838+0000] {dag.py:2676} INFO - Sync 6 DAGs
[2022-12-14T19:59:17.876+0000] {logging_mixin.py:137} INFO - [2022-12-14T19:59:17.876+0000] {dag.py:3427} INFO - Setting next_dagrun for dataset_consumes_1 to None, run_after=None
[2022-12-14T19:59:17.882+0000] {logging_mixin.py:137} INFO - [2022-12-14T19:59:17.882+0000] {dag.py:3427} INFO - Setting next_dagrun for dataset_consumes_1_and_2 to None, run_after=None
[2022-12-14T19:59:17.884+0000] {logging_mixin.py:137} INFO - [2022-12-14T19:59:17.884+0000] {dag.py:3427} INFO - Setting next_dagrun for dataset_consumes_1_never_scheduled to None, run_after=None
[2022-12-14T19:59:17.887+0000] {logging_mixin.py:137} INFO - [2022-12-14T19:59:17.887+0000] {dag.py:3427} INFO - Setting next_dagrun for dataset_consumes_unknown_never_scheduled to None, run_after=None
[2022-12-14T19:59:17.892+0000] {logging_mixin.py:137} INFO - [2022-12-14T19:59:17.891+0000] {dag.py:3427} INFO - Setting next_dagrun for dataset_produces_1 to 2022-12-13T00:00:00+00:00, run_after=2022-12-14T00:00:00+00:00
[2022-12-14T19:59:17.894+0000] {logging_mixin.py:137} INFO - [2022-12-14T19:59:17.894+0000] {dag.py:3427} INFO - Setting next_dagrun for dataset_produces_2 to None, run_after=None
[2022-12-14T19:59:17.952+0000] {processor.py:175} INFO - Processing /home/airflow/.local/lib/python3.7/site-packages/airflow/example_dags/example_datasets.py took 0.223 seconds
[2022-12-14T19:59:48.640+0000] {processor.py:153} INFO - Started process (PID=1367) to work on /home/airflow/.local/lib/python3.7/site-packages/airflow/example_dags/example_datasets.py
[2022-12-14T19:59:48.641+0000] {processor.py:743} INFO - Processing file /home/airflow/.local/lib/python3.7/site-packages/airflow/example_dags/example_datasets.py for tasks to queue
[2022-12-14T19:59:48.642+0000] {logging_mixin.py:137} INFO - [2022-12-14T19:59:48.642+0000] {dagbag.py:538} INFO - Filling up the DagBag from /home/airflow/.local/lib/python3.7/site-packages/airflow/example_dags/example_datasets.py
[2022-12-14T19:59:48.665+0000] {processor.py:753} INFO - DAG(s) dict_keys(['dataset_consumes_unknown_never_scheduled', 'dataset_consumes_1_and_2', 'dataset_produces_1', 'dataset_consumes_1', 'dataset_consumes_1_never_scheduled', 'dataset_produces_2']) retrieved from /home/airflow/.local/lib/python3.7/site-packages/airflow/example_dags/example_datasets.py
[2022-12-14T19:59:48.738+0000] {logging_mixin.py:137} INFO - [2022-12-14T19:59:48.738+0000] {dag.py:2676} INFO - Sync 6 DAGs
[2022-12-14T19:59:48.777+0000] {logging_mixin.py:137} INFO - [2022-12-14T19:59:48.776+0000] {dag.py:3427} INFO - Setting next_dagrun for dataset_consumes_1 to None, run_after=None
[2022-12-14T19:59:48.783+0000] {logging_mixin.py:137} INFO - [2022-12-14T19:59:48.783+0000] {dag.py:3427} INFO - Setting next_dagrun for dataset_consumes_1_and_2 to None, run_after=None
[2022-12-14T19:59:48.785+0000] {logging_mixin.py:137} INFO - [2022-12-14T19:59:48.785+0000] {dag.py:3427} INFO - Setting next_dagrun for dataset_consumes_1_never_scheduled to None, run_after=None
[2022-12-14T19:59:48.787+0000] {logging_mixin.py:137} INFO - [2022-12-14T19:59:48.787+0000] {dag.py:3427} INFO - Setting next_dagrun for dataset_consumes_unknown_never_scheduled to None, run_after=None
[2022-12-14T19:59:48.791+0000] {logging_mixin.py:137} INFO - [2022-12-14T19:59:48.791+0000] {dag.py:3427} INFO - Setting next_dagrun for dataset_produces_1 to 2022-12-13T00:00:00+00:00, run_after=2022-12-14T00:00:00+00:00
[2022-12-14T19:59:48.793+0000] {logging_mixin.py:137} INFO - [2022-12-14T19:59:48.793+0000] {dag.py:3427} INFO - Setting next_dagrun for dataset_produces_2 to None, run_after=None
[2022-12-14T19:59:48.847+0000] {processor.py:175} INFO - Processing /home/airflow/.local/lib/python3.7/site-packages/airflow/example_dags/example_datasets.py took 0.211 seconds
[2022-12-14T20:00:19.109+0000] {processor.py:153} INFO - Started process (PID=1447) to work on /home/airflow/.local/lib/python3.7/site-packages/airflow/example_dags/example_datasets.py
[2022-12-14T20:00:19.111+0000] {processor.py:743} INFO - Processing file /home/airflow/.local/lib/python3.7/site-packages/airflow/example_dags/example_datasets.py for tasks to queue
[2022-12-14T20:00:19.113+0000] {logging_mixin.py:137} INFO - [2022-12-14T20:00:19.113+0000] {dagbag.py:538} INFO - Filling up the DagBag from /home/airflow/.local/lib/python3.7/site-packages/airflow/example_dags/example_datasets.py
[2022-12-14T20:00:19.143+0000] {processor.py:753} INFO - DAG(s) dict_keys(['dataset_consumes_1_and_2', 'dataset_consumes_1_never_scheduled', 'dataset_consumes_unknown_never_scheduled', 'dataset_consumes_1', 'dataset_produces_1', 'dataset_produces_2']) retrieved from /home/airflow/.local/lib/python3.7/site-packages/airflow/example_dags/example_datasets.py
[2022-12-14T20:00:19.277+0000] {logging_mixin.py:137} INFO - [2022-12-14T20:00:19.276+0000] {dag.py:2676} INFO - Sync 6 DAGs
[2022-12-14T20:00:19.338+0000] {logging_mixin.py:137} INFO - [2022-12-14T20:00:19.338+0000] {dag.py:3427} INFO - Setting next_dagrun for dataset_consumes_1 to None, run_after=None
[2022-12-14T20:00:19.344+0000] {logging_mixin.py:137} INFO - [2022-12-14T20:00:19.344+0000] {dag.py:3427} INFO - Setting next_dagrun for dataset_consumes_1_and_2 to None, run_after=None
[2022-12-14T20:00:19.347+0000] {logging_mixin.py:137} INFO - [2022-12-14T20:00:19.347+0000] {dag.py:3427} INFO - Setting next_dagrun for dataset_consumes_1_never_scheduled to None, run_after=None
[2022-12-14T20:00:19.350+0000] {logging_mixin.py:137} INFO - [2022-12-14T20:00:19.350+0000] {dag.py:3427} INFO - Setting next_dagrun for dataset_consumes_unknown_never_scheduled to None, run_after=None
[2022-12-14T20:00:19.356+0000] {logging_mixin.py:137} INFO - [2022-12-14T20:00:19.355+0000] {dag.py:3427} INFO - Setting next_dagrun for dataset_produces_1 to 2022-12-13T00:00:00+00:00, run_after=2022-12-14T00:00:00+00:00
[2022-12-14T20:00:19.358+0000] {logging_mixin.py:137} INFO - [2022-12-14T20:00:19.358+0000] {dag.py:3427} INFO - Setting next_dagrun for dataset_produces_2 to None, run_after=None
[2022-12-14T20:00:19.422+0000] {processor.py:175} INFO - Processing /home/airflow/.local/lib/python3.7/site-packages/airflow/example_dags/example_datasets.py took 0.319 seconds
[2022-12-14T20:00:49.934+0000] {processor.py:153} INFO - Started process (PID=1547) to work on /home/airflow/.local/lib/python3.7/site-packages/airflow/example_dags/example_datasets.py
[2022-12-14T20:00:49.935+0000] {processor.py:743} INFO - Processing file /home/airflow/.local/lib/python3.7/site-packages/airflow/example_dags/example_datasets.py for tasks to queue
[2022-12-14T20:00:49.937+0000] {logging_mixin.py:137} INFO - [2022-12-14T20:00:49.937+0000] {dagbag.py:538} INFO - Filling up the DagBag from /home/airflow/.local/lib/python3.7/site-packages/airflow/example_dags/example_datasets.py
[2022-12-14T20:00:49.965+0000] {processor.py:753} INFO - DAG(s) dict_keys(['dataset_produces_2', 'dataset_consumes_1_never_scheduled', 'dataset_consumes_1_and_2', 'dataset_consumes_1', 'dataset_consumes_unknown_never_scheduled', 'dataset_produces_1']) retrieved from /home/airflow/.local/lib/python3.7/site-packages/airflow/example_dags/example_datasets.py
[2022-12-14T20:00:50.069+0000] {logging_mixin.py:137} INFO - [2022-12-14T20:00:50.069+0000] {dag.py:2676} INFO - Sync 6 DAGs
[2022-12-14T20:00:50.124+0000] {logging_mixin.py:137} INFO - [2022-12-14T20:00:50.124+0000] {dag.py:3427} INFO - Setting next_dagrun for dataset_consumes_1 to None, run_after=None
[2022-12-14T20:00:50.131+0000] {logging_mixin.py:137} INFO - [2022-12-14T20:00:50.131+0000] {dag.py:3427} INFO - Setting next_dagrun for dataset_consumes_1_and_2 to None, run_after=None
[2022-12-14T20:00:50.134+0000] {logging_mixin.py:137} INFO - [2022-12-14T20:00:50.134+0000] {dag.py:3427} INFO - Setting next_dagrun for dataset_consumes_1_never_scheduled to None, run_after=None
[2022-12-14T20:00:50.137+0000] {logging_mixin.py:137} INFO - [2022-12-14T20:00:50.137+0000] {dag.py:3427} INFO - Setting next_dagrun for dataset_consumes_unknown_never_scheduled to None, run_after=None
[2022-12-14T20:00:50.143+0000] {logging_mixin.py:137} INFO - [2022-12-14T20:00:50.143+0000] {dag.py:3427} INFO - Setting next_dagrun for dataset_produces_1 to 2022-12-13T00:00:00+00:00, run_after=2022-12-14T00:00:00+00:00
[2022-12-14T20:00:50.146+0000] {logging_mixin.py:137} INFO - [2022-12-14T20:00:50.146+0000] {dag.py:3427} INFO - Setting next_dagrun for dataset_produces_2 to None, run_after=None
[2022-12-14T20:00:50.208+0000] {processor.py:175} INFO - Processing /home/airflow/.local/lib/python3.7/site-packages/airflow/example_dags/example_datasets.py took 0.279 seconds
[2022-12-14T20:01:20.726+0000] {processor.py:153} INFO - Started process (PID=1627) to work on /home/airflow/.local/lib/python3.7/site-packages/airflow/example_dags/example_datasets.py
[2022-12-14T20:01:20.728+0000] {processor.py:743} INFO - Processing file /home/airflow/.local/lib/python3.7/site-packages/airflow/example_dags/example_datasets.py for tasks to queue
[2022-12-14T20:01:20.729+0000] {logging_mixin.py:137} INFO - [2022-12-14T20:01:20.729+0000] {dagbag.py:538} INFO - Filling up the DagBag from /home/airflow/.local/lib/python3.7/site-packages/airflow/example_dags/example_datasets.py
[2022-12-14T20:01:20.755+0000] {processor.py:753} INFO - DAG(s) dict_keys(['dataset_produces_1', 'dataset_consumes_1_and_2', 'dataset_consumes_1_never_scheduled', 'dataset_consumes_unknown_never_scheduled', 'dataset_produces_2', 'dataset_consumes_1']) retrieved from /home/airflow/.local/lib/python3.7/site-packages/airflow/example_dags/example_datasets.py
[2022-12-14T20:01:20.835+0000] {logging_mixin.py:137} INFO - [2022-12-14T20:01:20.835+0000] {dag.py:2676} INFO - Sync 6 DAGs
[2022-12-14T20:01:20.874+0000] {logging_mixin.py:137} INFO - [2022-12-14T20:01:20.874+0000] {dag.py:3427} INFO - Setting next_dagrun for dataset_consumes_1 to None, run_after=None
[2022-12-14T20:01:20.881+0000] {logging_mixin.py:137} INFO - [2022-12-14T20:01:20.880+0000] {dag.py:3427} INFO - Setting next_dagrun for dataset_consumes_1_and_2 to None, run_after=None
[2022-12-14T20:01:20.883+0000] {logging_mixin.py:137} INFO - [2022-12-14T20:01:20.883+0000] {dag.py:3427} INFO - Setting next_dagrun for dataset_consumes_1_never_scheduled to None, run_after=None
[2022-12-14T20:01:20.885+0000] {logging_mixin.py:137} INFO - [2022-12-14T20:01:20.885+0000] {dag.py:3427} INFO - Setting next_dagrun for dataset_consumes_unknown_never_scheduled to None, run_after=None
[2022-12-14T20:01:20.889+0000] {logging_mixin.py:137} INFO - [2022-12-14T20:01:20.889+0000] {dag.py:3427} INFO - Setting next_dagrun for dataset_produces_1 to 2022-12-13T00:00:00+00:00, run_after=2022-12-14T00:00:00+00:00
[2022-12-14T20:01:20.892+0000] {logging_mixin.py:137} INFO - [2022-12-14T20:01:20.892+0000] {dag.py:3427} INFO - Setting next_dagrun for dataset_produces_2 to None, run_after=None
[2022-12-14T20:01:20.951+0000] {processor.py:175} INFO - Processing /home/airflow/.local/lib/python3.7/site-packages/airflow/example_dags/example_datasets.py took 0.231 seconds
[2022-12-14T20:01:51.128+0000] {processor.py:153} INFO - Started process (PID=1708) to work on /home/airflow/.local/lib/python3.7/site-packages/airflow/example_dags/example_datasets.py
[2022-12-14T20:01:51.130+0000] {processor.py:743} INFO - Processing file /home/airflow/.local/lib/python3.7/site-packages/airflow/example_dags/example_datasets.py for tasks to queue
[2022-12-14T20:01:51.131+0000] {logging_mixin.py:137} INFO - [2022-12-14T20:01:51.131+0000] {dagbag.py:538} INFO - Filling up the DagBag from /home/airflow/.local/lib/python3.7/site-packages/airflow/example_dags/example_datasets.py
[2022-12-14T20:01:51.172+0000] {processor.py:753} INFO - DAG(s) dict_keys(['dataset_consumes_1_never_scheduled', 'dataset_produces_1', 'dataset_consumes_1_and_2', 'dataset_consumes_1', 'dataset_produces_2', 'dataset_consumes_unknown_never_scheduled']) retrieved from /home/airflow/.local/lib/python3.7/site-packages/airflow/example_dags/example_datasets.py
[2022-12-14T20:01:51.308+0000] {logging_mixin.py:137} INFO - [2022-12-14T20:01:51.308+0000] {dag.py:2676} INFO - Sync 6 DAGs
[2022-12-14T20:01:51.366+0000] {logging_mixin.py:137} INFO - [2022-12-14T20:01:51.365+0000] {dag.py:3427} INFO - Setting next_dagrun for dataset_consumes_1 to None, run_after=None
[2022-12-14T20:01:51.372+0000] {logging_mixin.py:137} INFO - [2022-12-14T20:01:51.372+0000] {dag.py:3427} INFO - Setting next_dagrun for dataset_consumes_1_and_2 to None, run_after=None
[2022-12-14T20:01:51.374+0000] {logging_mixin.py:137} INFO - [2022-12-14T20:01:51.374+0000] {dag.py:3427} INFO - Setting next_dagrun for dataset_consumes_1_never_scheduled to None, run_after=None
[2022-12-14T20:01:51.376+0000] {logging_mixin.py:137} INFO - [2022-12-14T20:01:51.376+0000] {dag.py:3427} INFO - Setting next_dagrun for dataset_consumes_unknown_never_scheduled to None, run_after=None
[2022-12-14T20:01:51.380+0000] {logging_mixin.py:137} INFO - [2022-12-14T20:01:51.380+0000] {dag.py:3427} INFO - Setting next_dagrun for dataset_produces_1 to 2022-12-13T00:00:00+00:00, run_after=2022-12-14T00:00:00+00:00
[2022-12-14T20:01:51.382+0000] {logging_mixin.py:137} INFO - [2022-12-14T20:01:51.382+0000] {dag.py:3427} INFO - Setting next_dagrun for dataset_produces_2 to None, run_after=None
[2022-12-14T20:01:51.433+0000] {processor.py:175} INFO - Processing /home/airflow/.local/lib/python3.7/site-packages/airflow/example_dags/example_datasets.py took 0.311 seconds
[2022-12-14T20:02:21.630+0000] {processor.py:153} INFO - Started process (PID=1788) to work on /home/airflow/.local/lib/python3.7/site-packages/airflow/example_dags/example_datasets.py
[2022-12-14T20:02:21.632+0000] {processor.py:743} INFO - Processing file /home/airflow/.local/lib/python3.7/site-packages/airflow/example_dags/example_datasets.py for tasks to queue
[2022-12-14T20:02:21.634+0000] {logging_mixin.py:137} INFO - [2022-12-14T20:02:21.633+0000] {dagbag.py:538} INFO - Filling up the DagBag from /home/airflow/.local/lib/python3.7/site-packages/airflow/example_dags/example_datasets.py
[2022-12-14T20:02:21.658+0000] {processor.py:753} INFO - DAG(s) dict_keys(['dataset_produces_2', 'dataset_consumes_1_never_scheduled', 'dataset_consumes_1_and_2', 'dataset_consumes_1', 'dataset_produces_1', 'dataset_consumes_unknown_never_scheduled']) retrieved from /home/airflow/.local/lib/python3.7/site-packages/airflow/example_dags/example_datasets.py
[2022-12-14T20:02:21.748+0000] {logging_mixin.py:137} INFO - [2022-12-14T20:02:21.748+0000] {dag.py:2676} INFO - Sync 6 DAGs
[2022-12-14T20:02:21.796+0000] {logging_mixin.py:137} INFO - [2022-12-14T20:02:21.796+0000] {dag.py:3427} INFO - Setting next_dagrun for dataset_consumes_1 to None, run_after=None
[2022-12-14T20:02:21.802+0000] {logging_mixin.py:137} INFO - [2022-12-14T20:02:21.801+0000] {dag.py:3427} INFO - Setting next_dagrun for dataset_consumes_1_and_2 to None, run_after=None
[2022-12-14T20:02:21.804+0000] {logging_mixin.py:137} INFO - [2022-12-14T20:02:21.804+0000] {dag.py:3427} INFO - Setting next_dagrun for dataset_consumes_1_never_scheduled to None, run_after=None
[2022-12-14T20:02:21.806+0000] {logging_mixin.py:137} INFO - [2022-12-14T20:02:21.806+0000] {dag.py:3427} INFO - Setting next_dagrun for dataset_consumes_unknown_never_scheduled to None, run_after=None
[2022-12-14T20:02:21.812+0000] {logging_mixin.py:137} INFO - [2022-12-14T20:02:21.811+0000] {dag.py:3427} INFO - Setting next_dagrun for dataset_produces_1 to 2022-12-13T00:00:00+00:00, run_after=2022-12-14T00:00:00+00:00
[2022-12-14T20:02:21.814+0000] {logging_mixin.py:137} INFO - [2022-12-14T20:02:21.814+0000] {dag.py:3427} INFO - Setting next_dagrun for dataset_produces_2 to None, run_after=None
[2022-12-14T20:02:21.868+0000] {processor.py:175} INFO - Processing /home/airflow/.local/lib/python3.7/site-packages/airflow/example_dags/example_datasets.py took 0.242 seconds
[2022-12-14T20:02:51.936+0000] {processor.py:153} INFO - Started process (PID=1888) to work on /home/airflow/.local/lib/python3.7/site-packages/airflow/example_dags/example_datasets.py
[2022-12-14T20:02:51.938+0000] {processor.py:743} INFO - Processing file /home/airflow/.local/lib/python3.7/site-packages/airflow/example_dags/example_datasets.py for tasks to queue
[2022-12-14T20:02:51.940+0000] {logging_mixin.py:137} INFO - [2022-12-14T20:02:51.939+0000] {dagbag.py:538} INFO - Filling up the DagBag from /home/airflow/.local/lib/python3.7/site-packages/airflow/example_dags/example_datasets.py
[2022-12-14T20:02:51.975+0000] {processor.py:753} INFO - DAG(s) dict_keys(['dataset_consumes_1_never_scheduled', 'dataset_consumes_1', 'dataset_produces_2', 'dataset_produces_1', 'dataset_consumes_1_and_2', 'dataset_consumes_unknown_never_scheduled']) retrieved from /home/airflow/.local/lib/python3.7/site-packages/airflow/example_dags/example_datasets.py
[2022-12-14T20:02:52.085+0000] {logging_mixin.py:137} INFO - [2022-12-14T20:02:52.085+0000] {dag.py:2676} INFO - Sync 6 DAGs
[2022-12-14T20:02:52.139+0000] {logging_mixin.py:137} INFO - [2022-12-14T20:02:52.139+0000] {dag.py:3427} INFO - Setting next_dagrun for dataset_consumes_1 to None, run_after=None
[2022-12-14T20:02:52.144+0000] {logging_mixin.py:137} INFO - [2022-12-14T20:02:52.144+0000] {dag.py:3427} INFO - Setting next_dagrun for dataset_consumes_1_and_2 to None, run_after=None
[2022-12-14T20:02:52.147+0000] {logging_mixin.py:137} INFO - [2022-12-14T20:02:52.147+0000] {dag.py:3427} INFO - Setting next_dagrun for dataset_consumes_1_never_scheduled to None, run_after=None
[2022-12-14T20:02:52.150+0000] {logging_mixin.py:137} INFO - [2022-12-14T20:02:52.150+0000] {dag.py:3427} INFO - Setting next_dagrun for dataset_consumes_unknown_never_scheduled to None, run_after=None
[2022-12-14T20:02:52.155+0000] {logging_mixin.py:137} INFO - [2022-12-14T20:02:52.154+0000] {dag.py:3427} INFO - Setting next_dagrun for dataset_produces_1 to 2022-12-13T00:00:00+00:00, run_after=2022-12-14T00:00:00+00:00
[2022-12-14T20:02:52.157+0000] {logging_mixin.py:137} INFO - [2022-12-14T20:02:52.157+0000] {dag.py:3427} INFO - Setting next_dagrun for dataset_produces_2 to None, run_after=None
[2022-12-14T20:02:52.216+0000] {processor.py:175} INFO - Processing /home/airflow/.local/lib/python3.7/site-packages/airflow/example_dags/example_datasets.py took 0.285 seconds
[2022-12-14T20:03:22.433+0000] {processor.py:153} INFO - Started process (PID=1967) to work on /home/airflow/.local/lib/python3.7/site-packages/airflow/example_dags/example_datasets.py
[2022-12-14T20:03:22.434+0000] {processor.py:743} INFO - Processing file /home/airflow/.local/lib/python3.7/site-packages/airflow/example_dags/example_datasets.py for tasks to queue
[2022-12-14T20:03:22.436+0000] {logging_mixin.py:137} INFO - [2022-12-14T20:03:22.435+0000] {dagbag.py:538} INFO - Filling up the DagBag from /home/airflow/.local/lib/python3.7/site-packages/airflow/example_dags/example_datasets.py
[2022-12-14T20:03:22.461+0000] {processor.py:753} INFO - DAG(s) dict_keys(['dataset_consumes_unknown_never_scheduled', 'dataset_produces_2', 'dataset_produces_1', 'dataset_consumes_1', 'dataset_consumes_1_never_scheduled', 'dataset_consumes_1_and_2']) retrieved from /home/airflow/.local/lib/python3.7/site-packages/airflow/example_dags/example_datasets.py
[2022-12-14T20:03:22.544+0000] {logging_mixin.py:137} INFO - [2022-12-14T20:03:22.544+0000] {dag.py:2676} INFO - Sync 6 DAGs
[2022-12-14T20:03:22.586+0000] {logging_mixin.py:137} INFO - [2022-12-14T20:03:22.586+0000] {dag.py:3427} INFO - Setting next_dagrun for dataset_consumes_1 to None, run_after=None
[2022-12-14T20:03:22.592+0000] {logging_mixin.py:137} INFO - [2022-12-14T20:03:22.592+0000] {dag.py:3427} INFO - Setting next_dagrun for dataset_consumes_1_and_2 to None, run_after=None
[2022-12-14T20:03:22.595+0000] {logging_mixin.py:137} INFO - [2022-12-14T20:03:22.594+0000] {dag.py:3427} INFO - Setting next_dagrun for dataset_consumes_1_never_scheduled to None, run_after=None
[2022-12-14T20:03:22.597+0000] {logging_mixin.py:137} INFO - [2022-12-14T20:03:22.597+0000] {dag.py:3427} INFO - Setting next_dagrun for dataset_consumes_unknown_never_scheduled to None, run_after=None
[2022-12-14T20:03:22.605+0000] {logging_mixin.py:137} INFO - [2022-12-14T20:03:22.604+0000] {dag.py:3427} INFO - Setting next_dagrun for dataset_produces_1 to 2022-12-13T00:00:00+00:00, run_after=2022-12-14T00:00:00+00:00
[2022-12-14T20:03:22.607+0000] {logging_mixin.py:137} INFO - [2022-12-14T20:03:22.607+0000] {dag.py:3427} INFO - Setting next_dagrun for dataset_produces_2 to None, run_after=None
[2022-12-14T20:03:22.668+0000] {processor.py:175} INFO - Processing /home/airflow/.local/lib/python3.7/site-packages/airflow/example_dags/example_datasets.py took 0.239 seconds
