[2022-12-14T19:52:09.554+0000] {processor.py:153} INFO - Started process (PID=101) to work on /home/airflow/.local/lib/python3.7/site-packages/airflow/example_dags/example_sensors.py
[2022-12-14T19:52:09.555+0000] {processor.py:743} INFO - Processing file /home/airflow/.local/lib/python3.7/site-packages/airflow/example_dags/example_sensors.py for tasks to queue
[2022-12-14T19:52:09.557+0000] {logging_mixin.py:137} INFO - [2022-12-14T19:52:09.557+0000] {dagbag.py:538} INFO - Filling up the DagBag from /home/airflow/.local/lib/python3.7/site-packages/airflow/example_dags/example_sensors.py
[2022-12-14T19:52:09.685+0000] {processor.py:753} INFO - DAG(s) dict_keys(['example_sensors']) retrieved from /home/airflow/.local/lib/python3.7/site-packages/airflow/example_dags/example_sensors.py
[2022-12-14T19:52:09.835+0000] {logging_mixin.py:137} INFO - [2022-12-14T19:52:09.835+0000] {dag.py:2676} INFO - Sync 1 DAGs
[2022-12-14T19:52:10.228+0000] {logging_mixin.py:137} INFO - [2022-12-14T19:52:10.227+0000] {dag.py:3427} INFO - Setting next_dagrun for example_sensors to None, run_after=None
[2022-12-14T19:52:10.285+0000] {processor.py:175} INFO - Processing /home/airflow/.local/lib/python3.7/site-packages/airflow/example_dags/example_sensors.py took 0.764 seconds
[2022-12-14T19:52:40.743+0000] {processor.py:153} INFO - Started process (PID=181) to work on /home/airflow/.local/lib/python3.7/site-packages/airflow/example_dags/example_sensors.py
[2022-12-14T19:52:40.745+0000] {processor.py:743} INFO - Processing file /home/airflow/.local/lib/python3.7/site-packages/airflow/example_dags/example_sensors.py for tasks to queue
[2022-12-14T19:52:40.745+0000] {logging_mixin.py:137} INFO - [2022-12-14T19:52:40.745+0000] {dagbag.py:538} INFO - Filling up the DagBag from /home/airflow/.local/lib/python3.7/site-packages/airflow/example_dags/example_sensors.py
[2022-12-14T19:52:40.771+0000] {processor.py:753} INFO - DAG(s) dict_keys(['example_sensors']) retrieved from /home/airflow/.local/lib/python3.7/site-packages/airflow/example_dags/example_sensors.py
[2022-12-14T19:52:40.831+0000] {logging_mixin.py:137} INFO - [2022-12-14T19:52:40.831+0000] {dag.py:2676} INFO - Sync 1 DAGs
[2022-12-14T19:52:40.873+0000] {logging_mixin.py:137} INFO - [2022-12-14T19:52:40.873+0000] {dag.py:3427} INFO - Setting next_dagrun for example_sensors to None, run_after=None
[2022-12-14T19:52:40.903+0000] {processor.py:175} INFO - Processing /home/airflow/.local/lib/python3.7/site-packages/airflow/example_dags/example_sensors.py took 0.164 seconds
[2022-12-14T19:53:11.491+0000] {processor.py:153} INFO - Started process (PID=261) to work on /home/airflow/.local/lib/python3.7/site-packages/airflow/example_dags/example_sensors.py
[2022-12-14T19:53:11.492+0000] {processor.py:743} INFO - Processing file /home/airflow/.local/lib/python3.7/site-packages/airflow/example_dags/example_sensors.py for tasks to queue
[2022-12-14T19:53:11.493+0000] {logging_mixin.py:137} INFO - [2022-12-14T19:53:11.493+0000] {dagbag.py:538} INFO - Filling up the DagBag from /home/airflow/.local/lib/python3.7/site-packages/airflow/example_dags/example_sensors.py
[2022-12-14T19:53:11.523+0000] {processor.py:753} INFO - DAG(s) dict_keys(['example_sensors']) retrieved from /home/airflow/.local/lib/python3.7/site-packages/airflow/example_dags/example_sensors.py
[2022-12-14T19:53:11.607+0000] {logging_mixin.py:137} INFO - [2022-12-14T19:53:11.607+0000] {dag.py:2676} INFO - Sync 1 DAGs
[2022-12-14T19:53:11.654+0000] {logging_mixin.py:137} INFO - [2022-12-14T19:53:11.654+0000] {dag.py:3427} INFO - Setting next_dagrun for example_sensors to None, run_after=None
[2022-12-14T19:53:11.689+0000] {processor.py:175} INFO - Processing /home/airflow/.local/lib/python3.7/site-packages/airflow/example_dags/example_sensors.py took 0.201 seconds
[2022-12-14T19:53:41.885+0000] {processor.py:153} INFO - Started process (PID=341) to work on /home/airflow/.local/lib/python3.7/site-packages/airflow/example_dags/example_sensors.py
[2022-12-14T19:53:41.886+0000] {processor.py:743} INFO - Processing file /home/airflow/.local/lib/python3.7/site-packages/airflow/example_dags/example_sensors.py for tasks to queue
[2022-12-14T19:53:41.887+0000] {logging_mixin.py:137} INFO - [2022-12-14T19:53:41.887+0000] {dagbag.py:538} INFO - Filling up the DagBag from /home/airflow/.local/lib/python3.7/site-packages/airflow/example_dags/example_sensors.py
[2022-12-14T19:53:41.913+0000] {processor.py:753} INFO - DAG(s) dict_keys(['example_sensors']) retrieved from /home/airflow/.local/lib/python3.7/site-packages/airflow/example_dags/example_sensors.py
[2022-12-14T19:53:41.964+0000] {logging_mixin.py:137} INFO - [2022-12-14T19:53:41.963+0000] {dag.py:2676} INFO - Sync 1 DAGs
[2022-12-14T19:53:41.998+0000] {logging_mixin.py:137} INFO - [2022-12-14T19:53:41.998+0000] {dag.py:3427} INFO - Setting next_dagrun for example_sensors to None, run_after=None
[2022-12-14T19:53:42.031+0000] {processor.py:175} INFO - Processing /home/airflow/.local/lib/python3.7/site-packages/airflow/example_dags/example_sensors.py took 0.150 seconds
[2022-12-14T19:54:12.586+0000] {processor.py:153} INFO - Started process (PID=421) to work on /home/airflow/.local/lib/python3.7/site-packages/airflow/example_dags/example_sensors.py
[2022-12-14T19:54:12.587+0000] {processor.py:743} INFO - Processing file /home/airflow/.local/lib/python3.7/site-packages/airflow/example_dags/example_sensors.py for tasks to queue
[2022-12-14T19:54:12.588+0000] {logging_mixin.py:137} INFO - [2022-12-14T19:54:12.588+0000] {dagbag.py:538} INFO - Filling up the DagBag from /home/airflow/.local/lib/python3.7/site-packages/airflow/example_dags/example_sensors.py
[2022-12-14T19:54:12.615+0000] {processor.py:753} INFO - DAG(s) dict_keys(['example_sensors']) retrieved from /home/airflow/.local/lib/python3.7/site-packages/airflow/example_dags/example_sensors.py
[2022-12-14T19:54:12.685+0000] {logging_mixin.py:137} INFO - [2022-12-14T19:54:12.685+0000] {dag.py:2676} INFO - Sync 1 DAGs
[2022-12-14T19:54:12.724+0000] {logging_mixin.py:137} INFO - [2022-12-14T19:54:12.723+0000] {dag.py:3427} INFO - Setting next_dagrun for example_sensors to None, run_after=None
[2022-12-14T19:54:12.764+0000] {processor.py:175} INFO - Processing /home/airflow/.local/lib/python3.7/site-packages/airflow/example_dags/example_sensors.py took 0.181 seconds
[2022-12-14T19:54:43.128+0000] {processor.py:153} INFO - Started process (PID=521) to work on /home/airflow/.local/lib/python3.7/site-packages/airflow/example_dags/example_sensors.py
[2022-12-14T19:54:43.130+0000] {processor.py:743} INFO - Processing file /home/airflow/.local/lib/python3.7/site-packages/airflow/example_dags/example_sensors.py for tasks to queue
[2022-12-14T19:54:43.131+0000] {logging_mixin.py:137} INFO - [2022-12-14T19:54:43.131+0000] {dagbag.py:538} INFO - Filling up the DagBag from /home/airflow/.local/lib/python3.7/site-packages/airflow/example_dags/example_sensors.py
[2022-12-14T19:54:43.165+0000] {processor.py:753} INFO - DAG(s) dict_keys(['example_sensors']) retrieved from /home/airflow/.local/lib/python3.7/site-packages/airflow/example_dags/example_sensors.py
[2022-12-14T19:54:43.247+0000] {logging_mixin.py:137} INFO - [2022-12-14T19:54:43.247+0000] {dag.py:2676} INFO - Sync 1 DAGs
[2022-12-14T19:54:43.315+0000] {logging_mixin.py:137} INFO - [2022-12-14T19:54:43.315+0000] {dag.py:3427} INFO - Setting next_dagrun for example_sensors to None, run_after=None
[2022-12-14T19:54:43.354+0000] {processor.py:175} INFO - Processing /home/airflow/.local/lib/python3.7/site-packages/airflow/example_dags/example_sensors.py took 0.232 seconds
[2022-12-14T19:55:13.852+0000] {processor.py:153} INFO - Started process (PID=601) to work on /home/airflow/.local/lib/python3.7/site-packages/airflow/example_dags/example_sensors.py
[2022-12-14T19:55:13.854+0000] {processor.py:743} INFO - Processing file /home/airflow/.local/lib/python3.7/site-packages/airflow/example_dags/example_sensors.py for tasks to queue
[2022-12-14T19:55:13.855+0000] {logging_mixin.py:137} INFO - [2022-12-14T19:55:13.855+0000] {dagbag.py:538} INFO - Filling up the DagBag from /home/airflow/.local/lib/python3.7/site-packages/airflow/example_dags/example_sensors.py
[2022-12-14T19:55:13.897+0000] {processor.py:753} INFO - DAG(s) dict_keys(['example_sensors']) retrieved from /home/airflow/.local/lib/python3.7/site-packages/airflow/example_dags/example_sensors.py
[2022-12-14T19:55:13.959+0000] {logging_mixin.py:137} INFO - [2022-12-14T19:55:13.959+0000] {dag.py:2676} INFO - Sync 1 DAGs
[2022-12-14T19:55:13.996+0000] {logging_mixin.py:137} INFO - [2022-12-14T19:55:13.996+0000] {dag.py:3427} INFO - Setting next_dagrun for example_sensors to None, run_after=None
[2022-12-14T19:55:14.027+0000] {processor.py:175} INFO - Processing /home/airflow/.local/lib/python3.7/site-packages/airflow/example_dags/example_sensors.py took 0.179 seconds
[2022-12-14T19:55:44.227+0000] {processor.py:153} INFO - Started process (PID=681) to work on /home/airflow/.local/lib/python3.7/site-packages/airflow/example_dags/example_sensors.py
[2022-12-14T19:55:44.228+0000] {processor.py:743} INFO - Processing file /home/airflow/.local/lib/python3.7/site-packages/airflow/example_dags/example_sensors.py for tasks to queue
[2022-12-14T19:55:44.230+0000] {logging_mixin.py:137} INFO - [2022-12-14T19:55:44.229+0000] {dagbag.py:538} INFO - Filling up the DagBag from /home/airflow/.local/lib/python3.7/site-packages/airflow/example_dags/example_sensors.py
[2022-12-14T19:55:44.256+0000] {processor.py:753} INFO - DAG(s) dict_keys(['example_sensors']) retrieved from /home/airflow/.local/lib/python3.7/site-packages/airflow/example_dags/example_sensors.py
[2022-12-14T19:55:44.310+0000] {logging_mixin.py:137} INFO - [2022-12-14T19:55:44.309+0000] {dag.py:2676} INFO - Sync 1 DAGs
[2022-12-14T19:55:44.352+0000] {logging_mixin.py:137} INFO - [2022-12-14T19:55:44.351+0000] {dag.py:3427} INFO - Setting next_dagrun for example_sensors to None, run_after=None
[2022-12-14T19:55:44.385+0000] {processor.py:175} INFO - Processing /home/airflow/.local/lib/python3.7/site-packages/airflow/example_dags/example_sensors.py took 0.161 seconds
[2022-12-14T19:56:15.036+0000] {processor.py:153} INFO - Started process (PID=759) to work on /home/airflow/.local/lib/python3.7/site-packages/airflow/example_dags/example_sensors.py
[2022-12-14T19:56:15.041+0000] {processor.py:743} INFO - Processing file /home/airflow/.local/lib/python3.7/site-packages/airflow/example_dags/example_sensors.py for tasks to queue
[2022-12-14T19:56:15.044+0000] {logging_mixin.py:137} INFO - [2022-12-14T19:56:15.043+0000] {dagbag.py:538} INFO - Filling up the DagBag from /home/airflow/.local/lib/python3.7/site-packages/airflow/example_dags/example_sensors.py
[2022-12-14T19:56:15.095+0000] {processor.py:753} INFO - DAG(s) dict_keys(['example_sensors']) retrieved from /home/airflow/.local/lib/python3.7/site-packages/airflow/example_dags/example_sensors.py
[2022-12-14T19:56:15.180+0000] {logging_mixin.py:137} INFO - [2022-12-14T19:56:15.179+0000] {dag.py:2676} INFO - Sync 1 DAGs
[2022-12-14T19:56:15.285+0000] {logging_mixin.py:137} INFO - [2022-12-14T19:56:15.284+0000] {dag.py:3427} INFO - Setting next_dagrun for example_sensors to None, run_after=None
[2022-12-14T19:56:16.536+0000] {processor.py:175} INFO - Processing /home/airflow/.local/lib/python3.7/site-packages/airflow/example_dags/example_sensors.py took 1.506 seconds
[2022-12-14T19:56:46.845+0000] {processor.py:153} INFO - Started process (PID=857) to work on /home/airflow/.local/lib/python3.7/site-packages/airflow/example_dags/example_sensors.py
[2022-12-14T19:56:46.848+0000] {processor.py:743} INFO - Processing file /home/airflow/.local/lib/python3.7/site-packages/airflow/example_dags/example_sensors.py for tasks to queue
[2022-12-14T19:56:46.849+0000] {logging_mixin.py:137} INFO - [2022-12-14T19:56:46.849+0000] {dagbag.py:538} INFO - Filling up the DagBag from /home/airflow/.local/lib/python3.7/site-packages/airflow/example_dags/example_sensors.py
[2022-12-14T19:56:46.877+0000] {processor.py:753} INFO - DAG(s) dict_keys(['example_sensors']) retrieved from /home/airflow/.local/lib/python3.7/site-packages/airflow/example_dags/example_sensors.py
[2022-12-14T19:56:46.929+0000] {logging_mixin.py:137} INFO - [2022-12-14T19:56:46.929+0000] {dag.py:2676} INFO - Sync 1 DAGs
[2022-12-14T19:56:46.965+0000] {logging_mixin.py:137} INFO - [2022-12-14T19:56:46.965+0000] {dag.py:3427} INFO - Setting next_dagrun for example_sensors to None, run_after=None
[2022-12-14T19:56:46.993+0000] {processor.py:175} INFO - Processing /home/airflow/.local/lib/python3.7/site-packages/airflow/example_dags/example_sensors.py took 0.153 seconds
[2022-12-14T19:57:17.599+0000] {processor.py:153} INFO - Started process (PID=960) to work on /home/airflow/.local/lib/python3.7/site-packages/airflow/example_dags/example_sensors.py
[2022-12-14T19:57:17.600+0000] {processor.py:743} INFO - Processing file /home/airflow/.local/lib/python3.7/site-packages/airflow/example_dags/example_sensors.py for tasks to queue
[2022-12-14T19:57:17.601+0000] {logging_mixin.py:137} INFO - [2022-12-14T19:57:17.601+0000] {dagbag.py:538} INFO - Filling up the DagBag from /home/airflow/.local/lib/python3.7/site-packages/airflow/example_dags/example_sensors.py
[2022-12-14T19:57:17.634+0000] {processor.py:753} INFO - DAG(s) dict_keys(['example_sensors']) retrieved from /home/airflow/.local/lib/python3.7/site-packages/airflow/example_dags/example_sensors.py
[2022-12-14T19:57:17.702+0000] {logging_mixin.py:137} INFO - [2022-12-14T19:57:17.702+0000] {dag.py:2676} INFO - Sync 1 DAGs
[2022-12-14T19:57:17.756+0000] {logging_mixin.py:137} INFO - [2022-12-14T19:57:17.756+0000] {dag.py:3427} INFO - Setting next_dagrun for example_sensors to None, run_after=None
[2022-12-14T19:57:17.840+0000] {processor.py:175} INFO - Processing /home/airflow/.local/lib/python3.7/site-packages/airflow/example_dags/example_sensors.py took 0.246 seconds
[2022-12-14T19:57:48.278+0000] {processor.py:153} INFO - Started process (PID=1050) to work on /home/airflow/.local/lib/python3.7/site-packages/airflow/example_dags/example_sensors.py
[2022-12-14T19:57:48.280+0000] {processor.py:743} INFO - Processing file /home/airflow/.local/lib/python3.7/site-packages/airflow/example_dags/example_sensors.py for tasks to queue
[2022-12-14T19:57:48.281+0000] {logging_mixin.py:137} INFO - [2022-12-14T19:57:48.281+0000] {dagbag.py:538} INFO - Filling up the DagBag from /home/airflow/.local/lib/python3.7/site-packages/airflow/example_dags/example_sensors.py
[2022-12-14T19:57:48.315+0000] {processor.py:753} INFO - DAG(s) dict_keys(['example_sensors']) retrieved from /home/airflow/.local/lib/python3.7/site-packages/airflow/example_dags/example_sensors.py
[2022-12-14T19:57:48.379+0000] {logging_mixin.py:137} INFO - [2022-12-14T19:57:48.378+0000] {dag.py:2676} INFO - Sync 1 DAGs
[2022-12-14T19:57:48.429+0000] {logging_mixin.py:137} INFO - [2022-12-14T19:57:48.428+0000] {dag.py:3427} INFO - Setting next_dagrun for example_sensors to None, run_after=None
[2022-12-14T19:57:48.468+0000] {processor.py:175} INFO - Processing /home/airflow/.local/lib/python3.7/site-packages/airflow/example_dags/example_sensors.py took 0.196 seconds
[2022-12-14T19:58:18.842+0000] {processor.py:153} INFO - Started process (PID=1130) to work on /home/airflow/.local/lib/python3.7/site-packages/airflow/example_dags/example_sensors.py
[2022-12-14T19:58:18.843+0000] {processor.py:743} INFO - Processing file /home/airflow/.local/lib/python3.7/site-packages/airflow/example_dags/example_sensors.py for tasks to queue
[2022-12-14T19:58:18.845+0000] {logging_mixin.py:137} INFO - [2022-12-14T19:58:18.844+0000] {dagbag.py:538} INFO - Filling up the DagBag from /home/airflow/.local/lib/python3.7/site-packages/airflow/example_dags/example_sensors.py
[2022-12-14T19:58:18.888+0000] {processor.py:753} INFO - DAG(s) dict_keys(['example_sensors']) retrieved from /home/airflow/.local/lib/python3.7/site-packages/airflow/example_dags/example_sensors.py
[2022-12-14T19:58:18.951+0000] {logging_mixin.py:137} INFO - [2022-12-14T19:58:18.951+0000] {dag.py:2676} INFO - Sync 1 DAGs
[2022-12-14T19:58:18.988+0000] {logging_mixin.py:137} INFO - [2022-12-14T19:58:18.988+0000] {dag.py:3427} INFO - Setting next_dagrun for example_sensors to None, run_after=None
[2022-12-14T19:58:19.020+0000] {processor.py:175} INFO - Processing /home/airflow/.local/lib/python3.7/site-packages/airflow/example_dags/example_sensors.py took 0.183 seconds
[2022-12-14T19:58:49.540+0000] {processor.py:153} INFO - Started process (PID=1210) to work on /home/airflow/.local/lib/python3.7/site-packages/airflow/example_dags/example_sensors.py
[2022-12-14T19:58:49.541+0000] {processor.py:743} INFO - Processing file /home/airflow/.local/lib/python3.7/site-packages/airflow/example_dags/example_sensors.py for tasks to queue
[2022-12-14T19:58:49.542+0000] {logging_mixin.py:137} INFO - [2022-12-14T19:58:49.542+0000] {dagbag.py:538} INFO - Filling up the DagBag from /home/airflow/.local/lib/python3.7/site-packages/airflow/example_dags/example_sensors.py
[2022-12-14T19:58:49.578+0000] {processor.py:753} INFO - DAG(s) dict_keys(['example_sensors']) retrieved from /home/airflow/.local/lib/python3.7/site-packages/airflow/example_dags/example_sensors.py
[2022-12-14T19:58:49.652+0000] {logging_mixin.py:137} INFO - [2022-12-14T19:58:49.652+0000] {dag.py:2676} INFO - Sync 1 DAGs
[2022-12-14T19:58:49.712+0000] {logging_mixin.py:137} INFO - [2022-12-14T19:58:49.711+0000] {dag.py:3427} INFO - Setting next_dagrun for example_sensors to None, run_after=None
[2022-12-14T19:58:49.759+0000] {processor.py:175} INFO - Processing /home/airflow/.local/lib/python3.7/site-packages/airflow/example_dags/example_sensors.py took 0.223 seconds
[2022-12-14T19:59:20.003+0000] {processor.py:153} INFO - Started process (PID=1290) to work on /home/airflow/.local/lib/python3.7/site-packages/airflow/example_dags/example_sensors.py
[2022-12-14T19:59:20.005+0000] {processor.py:743} INFO - Processing file /home/airflow/.local/lib/python3.7/site-packages/airflow/example_dags/example_sensors.py for tasks to queue
[2022-12-14T19:59:20.006+0000] {logging_mixin.py:137} INFO - [2022-12-14T19:59:20.005+0000] {dagbag.py:538} INFO - Filling up the DagBag from /home/airflow/.local/lib/python3.7/site-packages/airflow/example_dags/example_sensors.py
[2022-12-14T19:59:20.032+0000] {processor.py:753} INFO - DAG(s) dict_keys(['example_sensors']) retrieved from /home/airflow/.local/lib/python3.7/site-packages/airflow/example_dags/example_sensors.py
[2022-12-14T19:59:20.083+0000] {logging_mixin.py:137} INFO - [2022-12-14T19:59:20.083+0000] {dag.py:2676} INFO - Sync 1 DAGs
[2022-12-14T19:59:20.121+0000] {logging_mixin.py:137} INFO - [2022-12-14T19:59:20.121+0000] {dag.py:3427} INFO - Setting next_dagrun for example_sensors to None, run_after=None
[2022-12-14T19:59:20.154+0000] {processor.py:175} INFO - Processing /home/airflow/.local/lib/python3.7/site-packages/airflow/example_dags/example_sensors.py took 0.155 seconds
[2022-12-14T19:59:50.896+0000] {processor.py:153} INFO - Started process (PID=1370) to work on /home/airflow/.local/lib/python3.7/site-packages/airflow/example_dags/example_sensors.py
[2022-12-14T19:59:50.897+0000] {processor.py:743} INFO - Processing file /home/airflow/.local/lib/python3.7/site-packages/airflow/example_dags/example_sensors.py for tasks to queue
[2022-12-14T19:59:50.899+0000] {logging_mixin.py:137} INFO - [2022-12-14T19:59:50.899+0000] {dagbag.py:538} INFO - Filling up the DagBag from /home/airflow/.local/lib/python3.7/site-packages/airflow/example_dags/example_sensors.py
[2022-12-14T19:59:50.927+0000] {processor.py:753} INFO - DAG(s) dict_keys(['example_sensors']) retrieved from /home/airflow/.local/lib/python3.7/site-packages/airflow/example_dags/example_sensors.py
[2022-12-14T19:59:50.980+0000] {logging_mixin.py:137} INFO - [2022-12-14T19:59:50.980+0000] {dag.py:2676} INFO - Sync 1 DAGs
[2022-12-14T19:59:51.017+0000] {logging_mixin.py:137} INFO - [2022-12-14T19:59:51.017+0000] {dag.py:3427} INFO - Setting next_dagrun for example_sensors to None, run_after=None
[2022-12-14T19:59:51.045+0000] {processor.py:175} INFO - Processing /home/airflow/.local/lib/python3.7/site-packages/airflow/example_dags/example_sensors.py took 0.153 seconds
[2022-12-14T20:00:21.470+0000] {processor.py:153} INFO - Started process (PID=1459) to work on /home/airflow/.local/lib/python3.7/site-packages/airflow/example_dags/example_sensors.py
[2022-12-14T20:00:21.471+0000] {processor.py:743} INFO - Processing file /home/airflow/.local/lib/python3.7/site-packages/airflow/example_dags/example_sensors.py for tasks to queue
[2022-12-14T20:00:21.472+0000] {logging_mixin.py:137} INFO - [2022-12-14T20:00:21.472+0000] {dagbag.py:538} INFO - Filling up the DagBag from /home/airflow/.local/lib/python3.7/site-packages/airflow/example_dags/example_sensors.py
[2022-12-14T20:00:21.503+0000] {processor.py:753} INFO - DAG(s) dict_keys(['example_sensors']) retrieved from /home/airflow/.local/lib/python3.7/site-packages/airflow/example_dags/example_sensors.py
[2022-12-14T20:00:21.580+0000] {logging_mixin.py:137} INFO - [2022-12-14T20:00:21.580+0000] {dag.py:2676} INFO - Sync 1 DAGs
[2022-12-14T20:00:21.630+0000] {logging_mixin.py:137} INFO - [2022-12-14T20:00:21.630+0000] {dag.py:3427} INFO - Setting next_dagrun for example_sensors to None, run_after=None
[2022-12-14T20:00:21.660+0000] {processor.py:175} INFO - Processing /home/airflow/.local/lib/python3.7/site-packages/airflow/example_dags/example_sensors.py took 0.194 seconds
[2022-12-14T20:00:52.260+0000] {processor.py:153} INFO - Started process (PID=1550) to work on /home/airflow/.local/lib/python3.7/site-packages/airflow/example_dags/example_sensors.py
[2022-12-14T20:00:52.261+0000] {processor.py:743} INFO - Processing file /home/airflow/.local/lib/python3.7/site-packages/airflow/example_dags/example_sensors.py for tasks to queue
[2022-12-14T20:00:52.262+0000] {logging_mixin.py:137} INFO - [2022-12-14T20:00:52.262+0000] {dagbag.py:538} INFO - Filling up the DagBag from /home/airflow/.local/lib/python3.7/site-packages/airflow/example_dags/example_sensors.py
[2022-12-14T20:00:52.288+0000] {processor.py:753} INFO - DAG(s) dict_keys(['example_sensors']) retrieved from /home/airflow/.local/lib/python3.7/site-packages/airflow/example_dags/example_sensors.py
[2022-12-14T20:00:52.341+0000] {logging_mixin.py:137} INFO - [2022-12-14T20:00:52.341+0000] {dag.py:2676} INFO - Sync 1 DAGs
[2022-12-14T20:00:52.376+0000] {logging_mixin.py:137} INFO - [2022-12-14T20:00:52.375+0000] {dag.py:3427} INFO - Setting next_dagrun for example_sensors to None, run_after=None
[2022-12-14T20:00:52.401+0000] {processor.py:175} INFO - Processing /home/airflow/.local/lib/python3.7/site-packages/airflow/example_dags/example_sensors.py took 0.145 seconds
[2022-12-14T20:01:22.998+0000] {processor.py:153} INFO - Started process (PID=1630) to work on /home/airflow/.local/lib/python3.7/site-packages/airflow/example_dags/example_sensors.py
[2022-12-14T20:01:22.999+0000] {processor.py:743} INFO - Processing file /home/airflow/.local/lib/python3.7/site-packages/airflow/example_dags/example_sensors.py for tasks to queue
[2022-12-14T20:01:23.001+0000] {logging_mixin.py:137} INFO - [2022-12-14T20:01:23.001+0000] {dagbag.py:538} INFO - Filling up the DagBag from /home/airflow/.local/lib/python3.7/site-packages/airflow/example_dags/example_sensors.py
[2022-12-14T20:01:23.035+0000] {processor.py:753} INFO - DAG(s) dict_keys(['example_sensors']) retrieved from /home/airflow/.local/lib/python3.7/site-packages/airflow/example_dags/example_sensors.py
[2022-12-14T20:01:23.096+0000] {logging_mixin.py:137} INFO - [2022-12-14T20:01:23.096+0000] {dag.py:2676} INFO - Sync 1 DAGs
[2022-12-14T20:01:23.135+0000] {logging_mixin.py:137} INFO - [2022-12-14T20:01:23.135+0000] {dag.py:3427} INFO - Setting next_dagrun for example_sensors to None, run_after=None
[2022-12-14T20:01:23.163+0000] {processor.py:175} INFO - Processing /home/airflow/.local/lib/python3.7/site-packages/airflow/example_dags/example_sensors.py took 0.169 seconds
[2022-12-14T20:01:53.287+0000] {processor.py:153} INFO - Started process (PID=1710) to work on /home/airflow/.local/lib/python3.7/site-packages/airflow/example_dags/example_sensors.py
[2022-12-14T20:01:53.288+0000] {processor.py:743} INFO - Processing file /home/airflow/.local/lib/python3.7/site-packages/airflow/example_dags/example_sensors.py for tasks to queue
[2022-12-14T20:01:53.290+0000] {logging_mixin.py:137} INFO - [2022-12-14T20:01:53.290+0000] {dagbag.py:538} INFO - Filling up the DagBag from /home/airflow/.local/lib/python3.7/site-packages/airflow/example_dags/example_sensors.py
[2022-12-14T20:01:53.333+0000] {processor.py:753} INFO - DAG(s) dict_keys(['example_sensors']) retrieved from /home/airflow/.local/lib/python3.7/site-packages/airflow/example_dags/example_sensors.py
[2022-12-14T20:01:53.396+0000] {logging_mixin.py:137} INFO - [2022-12-14T20:01:53.396+0000] {dag.py:2676} INFO - Sync 1 DAGs
[2022-12-14T20:01:53.442+0000] {logging_mixin.py:137} INFO - [2022-12-14T20:01:53.442+0000] {dag.py:3427} INFO - Setting next_dagrun for example_sensors to None, run_after=None
[2022-12-14T20:01:53.476+0000] {processor.py:175} INFO - Processing /home/airflow/.local/lib/python3.7/site-packages/airflow/example_dags/example_sensors.py took 0.194 seconds
[2022-12-14T20:02:23.963+0000] {processor.py:153} INFO - Started process (PID=1810) to work on /home/airflow/.local/lib/python3.7/site-packages/airflow/example_dags/example_sensors.py
[2022-12-14T20:02:23.964+0000] {processor.py:743} INFO - Processing file /home/airflow/.local/lib/python3.7/site-packages/airflow/example_dags/example_sensors.py for tasks to queue
[2022-12-14T20:02:23.967+0000] {logging_mixin.py:137} INFO - [2022-12-14T20:02:23.967+0000] {dagbag.py:538} INFO - Filling up the DagBag from /home/airflow/.local/lib/python3.7/site-packages/airflow/example_dags/example_sensors.py
[2022-12-14T20:02:24.014+0000] {processor.py:753} INFO - DAG(s) dict_keys(['example_sensors']) retrieved from /home/airflow/.local/lib/python3.7/site-packages/airflow/example_dags/example_sensors.py
[2022-12-14T20:02:24.082+0000] {logging_mixin.py:137} INFO - [2022-12-14T20:02:24.082+0000] {dag.py:2676} INFO - Sync 1 DAGs
[2022-12-14T20:02:24.123+0000] {logging_mixin.py:137} INFO - [2022-12-14T20:02:24.123+0000] {dag.py:3427} INFO - Setting next_dagrun for example_sensors to None, run_after=None
[2022-12-14T20:02:24.156+0000] {processor.py:175} INFO - Processing /home/airflow/.local/lib/python3.7/site-packages/airflow/example_dags/example_sensors.py took 0.206 seconds
[2022-12-14T20:02:54.299+0000] {processor.py:153} INFO - Started process (PID=1890) to work on /home/airflow/.local/lib/python3.7/site-packages/airflow/example_dags/example_sensors.py
[2022-12-14T20:02:54.300+0000] {processor.py:743} INFO - Processing file /home/airflow/.local/lib/python3.7/site-packages/airflow/example_dags/example_sensors.py for tasks to queue
[2022-12-14T20:02:54.301+0000] {logging_mixin.py:137} INFO - [2022-12-14T20:02:54.301+0000] {dagbag.py:538} INFO - Filling up the DagBag from /home/airflow/.local/lib/python3.7/site-packages/airflow/example_dags/example_sensors.py
[2022-12-14T20:02:54.334+0000] {processor.py:753} INFO - DAG(s) dict_keys(['example_sensors']) retrieved from /home/airflow/.local/lib/python3.7/site-packages/airflow/example_dags/example_sensors.py
[2022-12-14T20:02:54.395+0000] {logging_mixin.py:137} INFO - [2022-12-14T20:02:54.395+0000] {dag.py:2676} INFO - Sync 1 DAGs
[2022-12-14T20:02:54.441+0000] {logging_mixin.py:137} INFO - [2022-12-14T20:02:54.441+0000] {dag.py:3427} INFO - Setting next_dagrun for example_sensors to None, run_after=None
[2022-12-14T20:02:54.468+0000] {processor.py:175} INFO - Processing /home/airflow/.local/lib/python3.7/site-packages/airflow/example_dags/example_sensors.py took 0.173 seconds
[2022-12-14T20:03:24.741+0000] {processor.py:153} INFO - Started process (PID=1970) to work on /home/airflow/.local/lib/python3.7/site-packages/airflow/example_dags/example_sensors.py
[2022-12-14T20:03:24.742+0000] {processor.py:743} INFO - Processing file /home/airflow/.local/lib/python3.7/site-packages/airflow/example_dags/example_sensors.py for tasks to queue
[2022-12-14T20:03:24.743+0000] {logging_mixin.py:137} INFO - [2022-12-14T20:03:24.743+0000] {dagbag.py:538} INFO - Filling up the DagBag from /home/airflow/.local/lib/python3.7/site-packages/airflow/example_dags/example_sensors.py
[2022-12-14T20:03:24.777+0000] {processor.py:753} INFO - DAG(s) dict_keys(['example_sensors']) retrieved from /home/airflow/.local/lib/python3.7/site-packages/airflow/example_dags/example_sensors.py
[2022-12-14T20:03:24.841+0000] {logging_mixin.py:137} INFO - [2022-12-14T20:03:24.840+0000] {dag.py:2676} INFO - Sync 1 DAGs
[2022-12-14T20:03:24.879+0000] {logging_mixin.py:137} INFO - [2022-12-14T20:03:24.879+0000] {dag.py:3427} INFO - Setting next_dagrun for example_sensors to None, run_after=None
[2022-12-14T20:03:24.913+0000] {processor.py:175} INFO - Processing /home/airflow/.local/lib/python3.7/site-packages/airflow/example_dags/example_sensors.py took 0.178 seconds
