[2022-12-14T19:52:13.604+0000] {processor.py:153} INFO - Started process (PID=120) to work on /home/airflow/.local/lib/python3.7/site-packages/airflow/example_dags/example_latest_only_with_trigger.py
[2022-12-14T19:52:13.605+0000] {processor.py:743} INFO - Processing file /home/airflow/.local/lib/python3.7/site-packages/airflow/example_dags/example_latest_only_with_trigger.py for tasks to queue
[2022-12-14T19:52:13.607+0000] {logging_mixin.py:137} INFO - [2022-12-14T19:52:13.607+0000] {dagbag.py:538} INFO - Filling up the DagBag from /home/airflow/.local/lib/python3.7/site-packages/airflow/example_dags/example_latest_only_with_trigger.py
[2022-12-14T19:52:13.657+0000] {processor.py:753} INFO - DAG(s) dict_keys(['latest_only_with_trigger']) retrieved from /home/airflow/.local/lib/python3.7/site-packages/airflow/example_dags/example_latest_only_with_trigger.py
[2022-12-14T19:52:13.926+0000] {logging_mixin.py:137} INFO - [2022-12-14T19:52:13.926+0000] {dag.py:2676} INFO - Sync 1 DAGs
[2022-12-14T19:52:14.049+0000] {logging_mixin.py:137} INFO - [2022-12-14T19:52:14.049+0000] {dag.py:3427} INFO - Setting next_dagrun for latest_only_with_trigger to 2022-12-14T15:52:14.048615+00:00, run_after=2022-12-14T19:52:14.048615+00:00
[2022-12-14T19:52:14.130+0000] {processor.py:175} INFO - Processing /home/airflow/.local/lib/python3.7/site-packages/airflow/example_dags/example_latest_only_with_trigger.py took 0.533 seconds
[2022-12-14T19:52:44.233+0000] {processor.py:153} INFO - Started process (PID=200) to work on /home/airflow/.local/lib/python3.7/site-packages/airflow/example_dags/example_latest_only_with_trigger.py
[2022-12-14T19:52:44.235+0000] {processor.py:743} INFO - Processing file /home/airflow/.local/lib/python3.7/site-packages/airflow/example_dags/example_latest_only_with_trigger.py for tasks to queue
[2022-12-14T19:52:44.236+0000] {logging_mixin.py:137} INFO - [2022-12-14T19:52:44.236+0000] {dagbag.py:538} INFO - Filling up the DagBag from /home/airflow/.local/lib/python3.7/site-packages/airflow/example_dags/example_latest_only_with_trigger.py
[2022-12-14T19:52:44.258+0000] {processor.py:753} INFO - DAG(s) dict_keys(['latest_only_with_trigger']) retrieved from /home/airflow/.local/lib/python3.7/site-packages/airflow/example_dags/example_latest_only_with_trigger.py
[2022-12-14T19:52:44.318+0000] {logging_mixin.py:137} INFO - [2022-12-14T19:52:44.317+0000] {dag.py:2676} INFO - Sync 1 DAGs
[2022-12-14T19:52:44.360+0000] {logging_mixin.py:137} INFO - [2022-12-14T19:52:44.359+0000] {dag.py:3427} INFO - Setting next_dagrun for latest_only_with_trigger to 2022-12-14T15:52:44.359627+00:00, run_after=2022-12-14T19:52:44.359627+00:00
[2022-12-14T19:52:44.391+0000] {processor.py:175} INFO - Processing /home/airflow/.local/lib/python3.7/site-packages/airflow/example_dags/example_latest_only_with_trigger.py took 0.164 seconds
[2022-12-14T19:53:14.717+0000] {processor.py:153} INFO - Started process (PID=280) to work on /home/airflow/.local/lib/python3.7/site-packages/airflow/example_dags/example_latest_only_with_trigger.py
[2022-12-14T19:53:14.718+0000] {processor.py:743} INFO - Processing file /home/airflow/.local/lib/python3.7/site-packages/airflow/example_dags/example_latest_only_with_trigger.py for tasks to queue
[2022-12-14T19:53:14.720+0000] {logging_mixin.py:137} INFO - [2022-12-14T19:53:14.719+0000] {dagbag.py:538} INFO - Filling up the DagBag from /home/airflow/.local/lib/python3.7/site-packages/airflow/example_dags/example_latest_only_with_trigger.py
[2022-12-14T19:53:14.747+0000] {processor.py:753} INFO - DAG(s) dict_keys(['latest_only_with_trigger']) retrieved from /home/airflow/.local/lib/python3.7/site-packages/airflow/example_dags/example_latest_only_with_trigger.py
[2022-12-14T19:53:14.818+0000] {logging_mixin.py:137} INFO - [2022-12-14T19:53:14.817+0000] {dag.py:2676} INFO - Sync 1 DAGs
[2022-12-14T19:53:14.861+0000] {logging_mixin.py:137} INFO - [2022-12-14T19:53:14.861+0000] {dag.py:3427} INFO - Setting next_dagrun for latest_only_with_trigger to 2022-12-14T15:53:14.861145+00:00, run_after=2022-12-14T19:53:14.861145+00:00
[2022-12-14T19:53:14.891+0000] {processor.py:175} INFO - Processing /home/airflow/.local/lib/python3.7/site-packages/airflow/example_dags/example_latest_only_with_trigger.py took 0.179 seconds
[2022-12-14T19:53:45.856+0000] {processor.py:153} INFO - Started process (PID=360) to work on /home/airflow/.local/lib/python3.7/site-packages/airflow/example_dags/example_latest_only_with_trigger.py
[2022-12-14T19:53:45.858+0000] {processor.py:743} INFO - Processing file /home/airflow/.local/lib/python3.7/site-packages/airflow/example_dags/example_latest_only_with_trigger.py for tasks to queue
[2022-12-14T19:53:45.859+0000] {logging_mixin.py:137} INFO - [2022-12-14T19:53:45.859+0000] {dagbag.py:538} INFO - Filling up the DagBag from /home/airflow/.local/lib/python3.7/site-packages/airflow/example_dags/example_latest_only_with_trigger.py
[2022-12-14T19:53:45.887+0000] {processor.py:753} INFO - DAG(s) dict_keys(['latest_only_with_trigger']) retrieved from /home/airflow/.local/lib/python3.7/site-packages/airflow/example_dags/example_latest_only_with_trigger.py
[2022-12-14T19:53:45.948+0000] {logging_mixin.py:137} INFO - [2022-12-14T19:53:45.948+0000] {dag.py:2676} INFO - Sync 1 DAGs
[2022-12-14T19:53:45.993+0000] {logging_mixin.py:137} INFO - [2022-12-14T19:53:45.992+0000] {dag.py:3427} INFO - Setting next_dagrun for latest_only_with_trigger to 2022-12-14T15:53:45.992525+00:00, run_after=2022-12-14T19:53:45.992525+00:00
[2022-12-14T19:53:46.034+0000] {processor.py:175} INFO - Processing /home/airflow/.local/lib/python3.7/site-packages/airflow/example_dags/example_latest_only_with_trigger.py took 0.184 seconds
[2022-12-14T19:54:16.918+0000] {processor.py:153} INFO - Started process (PID=460) to work on /home/airflow/.local/lib/python3.7/site-packages/airflow/example_dags/example_latest_only_with_trigger.py
[2022-12-14T19:54:16.920+0000] {processor.py:743} INFO - Processing file /home/airflow/.local/lib/python3.7/site-packages/airflow/example_dags/example_latest_only_with_trigger.py for tasks to queue
[2022-12-14T19:54:16.922+0000] {logging_mixin.py:137} INFO - [2022-12-14T19:54:16.922+0000] {dagbag.py:538} INFO - Filling up the DagBag from /home/airflow/.local/lib/python3.7/site-packages/airflow/example_dags/example_latest_only_with_trigger.py
[2022-12-14T19:54:16.947+0000] {processor.py:753} INFO - DAG(s) dict_keys(['latest_only_with_trigger']) retrieved from /home/airflow/.local/lib/python3.7/site-packages/airflow/example_dags/example_latest_only_with_trigger.py
[2022-12-14T19:54:17.007+0000] {logging_mixin.py:137} INFO - [2022-12-14T19:54:17.006+0000] {dag.py:2676} INFO - Sync 1 DAGs
[2022-12-14T19:54:17.049+0000] {logging_mixin.py:137} INFO - [2022-12-14T19:54:17.049+0000] {dag.py:3427} INFO - Setting next_dagrun for latest_only_with_trigger to 2022-12-14T15:54:17.049417+00:00, run_after=2022-12-14T19:54:17.049417+00:00
[2022-12-14T19:54:17.079+0000] {processor.py:175} INFO - Processing /home/airflow/.local/lib/python3.7/site-packages/airflow/example_dags/example_latest_only_with_trigger.py took 0.165 seconds
[2022-12-14T19:54:47.460+0000] {processor.py:153} INFO - Started process (PID=540) to work on /home/airflow/.local/lib/python3.7/site-packages/airflow/example_dags/example_latest_only_with_trigger.py
[2022-12-14T19:54:47.461+0000] {processor.py:743} INFO - Processing file /home/airflow/.local/lib/python3.7/site-packages/airflow/example_dags/example_latest_only_with_trigger.py for tasks to queue
[2022-12-14T19:54:47.462+0000] {logging_mixin.py:137} INFO - [2022-12-14T19:54:47.462+0000] {dagbag.py:538} INFO - Filling up the DagBag from /home/airflow/.local/lib/python3.7/site-packages/airflow/example_dags/example_latest_only_with_trigger.py
[2022-12-14T19:54:47.489+0000] {processor.py:753} INFO - DAG(s) dict_keys(['latest_only_with_trigger']) retrieved from /home/airflow/.local/lib/python3.7/site-packages/airflow/example_dags/example_latest_only_with_trigger.py
[2022-12-14T19:54:47.547+0000] {logging_mixin.py:137} INFO - [2022-12-14T19:54:47.547+0000] {dag.py:2676} INFO - Sync 1 DAGs
[2022-12-14T19:54:47.602+0000] {logging_mixin.py:137} INFO - [2022-12-14T19:54:47.602+0000] {dag.py:3427} INFO - Setting next_dagrun for latest_only_with_trigger to 2022-12-14T15:54:47.601805+00:00, run_after=2022-12-14T19:54:47.601805+00:00
[2022-12-14T19:54:47.638+0000] {processor.py:175} INFO - Processing /home/airflow/.local/lib/python3.7/site-packages/airflow/example_dags/example_latest_only_with_trigger.py took 0.184 seconds
[2022-12-14T19:55:17.828+0000] {processor.py:153} INFO - Started process (PID=620) to work on /home/airflow/.local/lib/python3.7/site-packages/airflow/example_dags/example_latest_only_with_trigger.py
[2022-12-14T19:55:17.829+0000] {processor.py:743} INFO - Processing file /home/airflow/.local/lib/python3.7/site-packages/airflow/example_dags/example_latest_only_with_trigger.py for tasks to queue
[2022-12-14T19:55:17.830+0000] {logging_mixin.py:137} INFO - [2022-12-14T19:55:17.830+0000] {dagbag.py:538} INFO - Filling up the DagBag from /home/airflow/.local/lib/python3.7/site-packages/airflow/example_dags/example_latest_only_with_trigger.py
[2022-12-14T19:55:17.850+0000] {processor.py:753} INFO - DAG(s) dict_keys(['latest_only_with_trigger']) retrieved from /home/airflow/.local/lib/python3.7/site-packages/airflow/example_dags/example_latest_only_with_trigger.py
[2022-12-14T19:55:17.900+0000] {logging_mixin.py:137} INFO - [2022-12-14T19:55:17.900+0000] {dag.py:2676} INFO - Sync 1 DAGs
[2022-12-14T19:55:17.938+0000] {logging_mixin.py:137} INFO - [2022-12-14T19:55:17.938+0000] {dag.py:3427} INFO - Setting next_dagrun for latest_only_with_trigger to 2022-12-14T15:55:17.938072+00:00, run_after=2022-12-14T19:55:17.938072+00:00
[2022-12-14T19:55:17.969+0000] {processor.py:175} INFO - Processing /home/airflow/.local/lib/python3.7/site-packages/airflow/example_dags/example_latest_only_with_trigger.py took 0.147 seconds
[2022-12-14T19:55:48.616+0000] {processor.py:153} INFO - Started process (PID=707) to work on /home/airflow/.local/lib/python3.7/site-packages/airflow/example_dags/example_latest_only_with_trigger.py
[2022-12-14T19:55:48.619+0000] {processor.py:743} INFO - Processing file /home/airflow/.local/lib/python3.7/site-packages/airflow/example_dags/example_latest_only_with_trigger.py for tasks to queue
[2022-12-14T19:55:48.621+0000] {logging_mixin.py:137} INFO - [2022-12-14T19:55:48.620+0000] {dagbag.py:538} INFO - Filling up the DagBag from /home/airflow/.local/lib/python3.7/site-packages/airflow/example_dags/example_latest_only_with_trigger.py
[2022-12-14T19:55:48.662+0000] {processor.py:753} INFO - DAG(s) dict_keys(['latest_only_with_trigger']) retrieved from /home/airflow/.local/lib/python3.7/site-packages/airflow/example_dags/example_latest_only_with_trigger.py
[2022-12-14T19:55:48.744+0000] {logging_mixin.py:137} INFO - [2022-12-14T19:55:48.744+0000] {dag.py:2676} INFO - Sync 1 DAGs
[2022-12-14T19:55:48.797+0000] {logging_mixin.py:137} INFO - [2022-12-14T19:55:48.797+0000] {dag.py:3427} INFO - Setting next_dagrun for latest_only_with_trigger to 2022-12-14T15:55:48.796907+00:00, run_after=2022-12-14T19:55:48.796907+00:00
[2022-12-14T19:55:48.831+0000] {processor.py:175} INFO - Processing /home/airflow/.local/lib/python3.7/site-packages/airflow/example_dags/example_latest_only_with_trigger.py took 0.223 seconds
[2022-12-14T19:56:23.791+0000] {processor.py:153} INFO - Started process (PID=802) to work on /home/airflow/.local/lib/python3.7/site-packages/airflow/example_dags/example_latest_only_with_trigger.py
[2022-12-14T19:56:23.793+0000] {processor.py:743} INFO - Processing file /home/airflow/.local/lib/python3.7/site-packages/airflow/example_dags/example_latest_only_with_trigger.py for tasks to queue
[2022-12-14T19:56:23.795+0000] {logging_mixin.py:137} INFO - [2022-12-14T19:56:23.795+0000] {dagbag.py:538} INFO - Filling up the DagBag from /home/airflow/.local/lib/python3.7/site-packages/airflow/example_dags/example_latest_only_with_trigger.py
[2022-12-14T19:56:23.844+0000] {processor.py:753} INFO - DAG(s) dict_keys(['latest_only_with_trigger']) retrieved from /home/airflow/.local/lib/python3.7/site-packages/airflow/example_dags/example_latest_only_with_trigger.py
[2022-12-14T19:56:23.893+0000] {logging_mixin.py:137} INFO - [2022-12-14T19:56:23.893+0000] {dag.py:2676} INFO - Sync 1 DAGs
[2022-12-14T19:56:23.941+0000] {logging_mixin.py:137} INFO - [2022-12-14T19:56:23.941+0000] {dag.py:3427} INFO - Setting next_dagrun for latest_only_with_trigger to 2022-12-14T15:56:23.940606+00:00, run_after=2022-12-14T19:56:23.940606+00:00
[2022-12-14T19:56:23.972+0000] {processor.py:175} INFO - Processing /home/airflow/.local/lib/python3.7/site-packages/airflow/example_dags/example_latest_only_with_trigger.py took 0.189 seconds
[2022-12-14T19:56:54.572+0000] {processor.py:153} INFO - Started process (PID=900) to work on /home/airflow/.local/lib/python3.7/site-packages/airflow/example_dags/example_latest_only_with_trigger.py
[2022-12-14T19:56:54.573+0000] {processor.py:743} INFO - Processing file /home/airflow/.local/lib/python3.7/site-packages/airflow/example_dags/example_latest_only_with_trigger.py for tasks to queue
[2022-12-14T19:56:54.574+0000] {logging_mixin.py:137} INFO - [2022-12-14T19:56:54.574+0000] {dagbag.py:538} INFO - Filling up the DagBag from /home/airflow/.local/lib/python3.7/site-packages/airflow/example_dags/example_latest_only_with_trigger.py
[2022-12-14T19:56:54.594+0000] {processor.py:753} INFO - DAG(s) dict_keys(['latest_only_with_trigger']) retrieved from /home/airflow/.local/lib/python3.7/site-packages/airflow/example_dags/example_latest_only_with_trigger.py
[2022-12-14T19:56:54.653+0000] {logging_mixin.py:137} INFO - [2022-12-14T19:56:54.653+0000] {dag.py:2676} INFO - Sync 1 DAGs
[2022-12-14T19:56:54.705+0000] {logging_mixin.py:137} INFO - [2022-12-14T19:56:54.705+0000] {dag.py:3427} INFO - Setting next_dagrun for latest_only_with_trigger to 2022-12-14T15:56:54.704778+00:00, run_after=2022-12-14T19:56:54.704778+00:00
[2022-12-14T19:56:54.736+0000] {processor.py:175} INFO - Processing /home/airflow/.local/lib/python3.7/site-packages/airflow/example_dags/example_latest_only_with_trigger.py took 0.168 seconds
[2022-12-14T19:57:25.126+0000] {processor.py:153} INFO - Started process (PID=991) to work on /home/airflow/.local/lib/python3.7/site-packages/airflow/example_dags/example_latest_only_with_trigger.py
[2022-12-14T19:57:25.128+0000] {processor.py:743} INFO - Processing file /home/airflow/.local/lib/python3.7/site-packages/airflow/example_dags/example_latest_only_with_trigger.py for tasks to queue
[2022-12-14T19:57:25.130+0000] {logging_mixin.py:137} INFO - [2022-12-14T19:57:25.130+0000] {dagbag.py:538} INFO - Filling up the DagBag from /home/airflow/.local/lib/python3.7/site-packages/airflow/example_dags/example_latest_only_with_trigger.py
[2022-12-14T19:57:25.155+0000] {processor.py:753} INFO - DAG(s) dict_keys(['latest_only_with_trigger']) retrieved from /home/airflow/.local/lib/python3.7/site-packages/airflow/example_dags/example_latest_only_with_trigger.py
[2022-12-14T19:57:25.215+0000] {logging_mixin.py:137} INFO - [2022-12-14T19:57:25.215+0000] {dag.py:2676} INFO - Sync 1 DAGs
[2022-12-14T19:57:25.262+0000] {logging_mixin.py:137} INFO - [2022-12-14T19:57:25.262+0000] {dag.py:3427} INFO - Setting next_dagrun for latest_only_with_trigger to 2022-12-14T15:57:25.262062+00:00, run_after=2022-12-14T19:57:25.262062+00:00
[2022-12-14T19:57:25.304+0000] {processor.py:175} INFO - Processing /home/airflow/.local/lib/python3.7/site-packages/airflow/example_dags/example_latest_only_with_trigger.py took 0.183 seconds
[2022-12-14T19:57:56.160+0000] {processor.py:153} INFO - Started process (PID=1071) to work on /home/airflow/.local/lib/python3.7/site-packages/airflow/example_dags/example_latest_only_with_trigger.py
[2022-12-14T19:57:56.161+0000] {processor.py:743} INFO - Processing file /home/airflow/.local/lib/python3.7/site-packages/airflow/example_dags/example_latest_only_with_trigger.py for tasks to queue
[2022-12-14T19:57:56.163+0000] {logging_mixin.py:137} INFO - [2022-12-14T19:57:56.163+0000] {dagbag.py:538} INFO - Filling up the DagBag from /home/airflow/.local/lib/python3.7/site-packages/airflow/example_dags/example_latest_only_with_trigger.py
[2022-12-14T19:57:56.184+0000] {processor.py:753} INFO - DAG(s) dict_keys(['latest_only_with_trigger']) retrieved from /home/airflow/.local/lib/python3.7/site-packages/airflow/example_dags/example_latest_only_with_trigger.py
[2022-12-14T19:57:56.237+0000] {logging_mixin.py:137} INFO - [2022-12-14T19:57:56.237+0000] {dag.py:2676} INFO - Sync 1 DAGs
[2022-12-14T19:57:56.275+0000] {logging_mixin.py:137} INFO - [2022-12-14T19:57:56.274+0000] {dag.py:3427} INFO - Setting next_dagrun for latest_only_with_trigger to 2022-12-14T15:57:56.274548+00:00, run_after=2022-12-14T19:57:56.274548+00:00
[2022-12-14T19:57:56.303+0000] {processor.py:175} INFO - Processing /home/airflow/.local/lib/python3.7/site-packages/airflow/example_dags/example_latest_only_with_trigger.py took 0.148 seconds
[2022-12-14T19:58:26.647+0000] {processor.py:153} INFO - Started process (PID=1151) to work on /home/airflow/.local/lib/python3.7/site-packages/airflow/example_dags/example_latest_only_with_trigger.py
[2022-12-14T19:58:26.648+0000] {processor.py:743} INFO - Processing file /home/airflow/.local/lib/python3.7/site-packages/airflow/example_dags/example_latest_only_with_trigger.py for tasks to queue
[2022-12-14T19:58:26.649+0000] {logging_mixin.py:137} INFO - [2022-12-14T19:58:26.649+0000] {dagbag.py:538} INFO - Filling up the DagBag from /home/airflow/.local/lib/python3.7/site-packages/airflow/example_dags/example_latest_only_with_trigger.py
[2022-12-14T19:58:26.672+0000] {processor.py:753} INFO - DAG(s) dict_keys(['latest_only_with_trigger']) retrieved from /home/airflow/.local/lib/python3.7/site-packages/airflow/example_dags/example_latest_only_with_trigger.py
[2022-12-14T19:58:26.730+0000] {logging_mixin.py:137} INFO - [2022-12-14T19:58:26.730+0000] {dag.py:2676} INFO - Sync 1 DAGs
[2022-12-14T19:58:26.775+0000] {logging_mixin.py:137} INFO - [2022-12-14T19:58:26.775+0000] {dag.py:3427} INFO - Setting next_dagrun for latest_only_with_trigger to 2022-12-14T15:58:26.774940+00:00, run_after=2022-12-14T19:58:26.774940+00:00
[2022-12-14T19:58:26.805+0000] {processor.py:175} INFO - Processing /home/airflow/.local/lib/python3.7/site-packages/airflow/example_dags/example_latest_only_with_trigger.py took 0.163 seconds
[2022-12-14T19:58:57.090+0000] {processor.py:153} INFO - Started process (PID=1240) to work on /home/airflow/.local/lib/python3.7/site-packages/airflow/example_dags/example_latest_only_with_trigger.py
[2022-12-14T19:58:57.092+0000] {processor.py:743} INFO - Processing file /home/airflow/.local/lib/python3.7/site-packages/airflow/example_dags/example_latest_only_with_trigger.py for tasks to queue
[2022-12-14T19:58:57.095+0000] {logging_mixin.py:137} INFO - [2022-12-14T19:58:57.095+0000] {dagbag.py:538} INFO - Filling up the DagBag from /home/airflow/.local/lib/python3.7/site-packages/airflow/example_dags/example_latest_only_with_trigger.py
[2022-12-14T19:58:57.137+0000] {processor.py:753} INFO - DAG(s) dict_keys(['latest_only_with_trigger']) retrieved from /home/airflow/.local/lib/python3.7/site-packages/airflow/example_dags/example_latest_only_with_trigger.py
[2022-12-14T19:58:57.212+0000] {logging_mixin.py:137} INFO - [2022-12-14T19:58:57.212+0000] {dag.py:2676} INFO - Sync 1 DAGs
[2022-12-14T19:58:57.253+0000] {logging_mixin.py:137} INFO - [2022-12-14T19:58:57.252+0000] {dag.py:3427} INFO - Setting next_dagrun for latest_only_with_trigger to 2022-12-14T15:58:57.252675+00:00, run_after=2022-12-14T19:58:57.252675+00:00
[2022-12-14T19:58:57.288+0000] {processor.py:175} INFO - Processing /home/airflow/.local/lib/python3.7/site-packages/airflow/example_dags/example_latest_only_with_trigger.py took 0.204 seconds
[2022-12-14T19:59:27.611+0000] {processor.py:153} INFO - Started process (PID=1331) to work on /home/airflow/.local/lib/python3.7/site-packages/airflow/example_dags/example_latest_only_with_trigger.py
[2022-12-14T19:59:27.612+0000] {processor.py:743} INFO - Processing file /home/airflow/.local/lib/python3.7/site-packages/airflow/example_dags/example_latest_only_with_trigger.py for tasks to queue
[2022-12-14T19:59:27.614+0000] {logging_mixin.py:137} INFO - [2022-12-14T19:59:27.613+0000] {dagbag.py:538} INFO - Filling up the DagBag from /home/airflow/.local/lib/python3.7/site-packages/airflow/example_dags/example_latest_only_with_trigger.py
[2022-12-14T19:59:27.646+0000] {processor.py:753} INFO - DAG(s) dict_keys(['latest_only_with_trigger']) retrieved from /home/airflow/.local/lib/python3.7/site-packages/airflow/example_dags/example_latest_only_with_trigger.py
[2022-12-14T19:59:27.716+0000] {logging_mixin.py:137} INFO - [2022-12-14T19:59:27.715+0000] {dag.py:2676} INFO - Sync 1 DAGs
[2022-12-14T19:59:27.769+0000] {logging_mixin.py:137} INFO - [2022-12-14T19:59:27.769+0000] {dag.py:3427} INFO - Setting next_dagrun for latest_only_with_trigger to 2022-12-14T15:59:27.768531+00:00, run_after=2022-12-14T19:59:27.768531+00:00
[2022-12-14T19:59:27.807+0000] {processor.py:175} INFO - Processing /home/airflow/.local/lib/python3.7/site-packages/airflow/example_dags/example_latest_only_with_trigger.py took 0.213 seconds
[2022-12-14T19:59:58.544+0000] {processor.py:153} INFO - Started process (PID=1411) to work on /home/airflow/.local/lib/python3.7/site-packages/airflow/example_dags/example_latest_only_with_trigger.py
[2022-12-14T19:59:58.546+0000] {processor.py:743} INFO - Processing file /home/airflow/.local/lib/python3.7/site-packages/airflow/example_dags/example_latest_only_with_trigger.py for tasks to queue
[2022-12-14T19:59:58.548+0000] {logging_mixin.py:137} INFO - [2022-12-14T19:59:58.547+0000] {dagbag.py:538} INFO - Filling up the DagBag from /home/airflow/.local/lib/python3.7/site-packages/airflow/example_dags/example_latest_only_with_trigger.py
[2022-12-14T19:59:58.571+0000] {processor.py:753} INFO - DAG(s) dict_keys(['latest_only_with_trigger']) retrieved from /home/airflow/.local/lib/python3.7/site-packages/airflow/example_dags/example_latest_only_with_trigger.py
[2022-12-14T19:59:58.626+0000] {logging_mixin.py:137} INFO - [2022-12-14T19:59:58.625+0000] {dag.py:2676} INFO - Sync 1 DAGs
[2022-12-14T19:59:58.666+0000] {logging_mixin.py:137} INFO - [2022-12-14T19:59:58.665+0000] {dag.py:3427} INFO - Setting next_dagrun for latest_only_with_trigger to 2022-12-14T15:59:58.665483+00:00, run_after=2022-12-14T19:59:58.665483+00:00
[2022-12-14T19:59:58.694+0000] {processor.py:175} INFO - Processing /home/airflow/.local/lib/python3.7/site-packages/airflow/example_dags/example_latest_only_with_trigger.py took 0.155 seconds
[2022-12-14T20:00:29.382+0000] {processor.py:153} INFO - Started process (PID=1491) to work on /home/airflow/.local/lib/python3.7/site-packages/airflow/example_dags/example_latest_only_with_trigger.py
[2022-12-14T20:00:29.383+0000] {processor.py:743} INFO - Processing file /home/airflow/.local/lib/python3.7/site-packages/airflow/example_dags/example_latest_only_with_trigger.py for tasks to queue
[2022-12-14T20:00:29.385+0000] {logging_mixin.py:137} INFO - [2022-12-14T20:00:29.385+0000] {dagbag.py:538} INFO - Filling up the DagBag from /home/airflow/.local/lib/python3.7/site-packages/airflow/example_dags/example_latest_only_with_trigger.py
[2022-12-14T20:00:29.410+0000] {processor.py:753} INFO - DAG(s) dict_keys(['latest_only_with_trigger']) retrieved from /home/airflow/.local/lib/python3.7/site-packages/airflow/example_dags/example_latest_only_with_trigger.py
[2022-12-14T20:00:29.465+0000] {logging_mixin.py:137} INFO - [2022-12-14T20:00:29.465+0000] {dag.py:2676} INFO - Sync 1 DAGs
[2022-12-14T20:00:29.505+0000] {logging_mixin.py:137} INFO - [2022-12-14T20:00:29.504+0000] {dag.py:3427} INFO - Setting next_dagrun for latest_only_with_trigger to 2022-12-14T16:00:29.504533+00:00, run_after=2022-12-14T20:00:29.504533+00:00
[2022-12-14T20:00:29.534+0000] {processor.py:175} INFO - Processing /home/airflow/.local/lib/python3.7/site-packages/airflow/example_dags/example_latest_only_with_trigger.py took 0.159 seconds
[2022-12-14T20:01:00.036+0000] {processor.py:153} INFO - Started process (PID=1571) to work on /home/airflow/.local/lib/python3.7/site-packages/airflow/example_dags/example_latest_only_with_trigger.py
[2022-12-14T20:01:00.038+0000] {processor.py:743} INFO - Processing file /home/airflow/.local/lib/python3.7/site-packages/airflow/example_dags/example_latest_only_with_trigger.py for tasks to queue
[2022-12-14T20:01:00.039+0000] {logging_mixin.py:137} INFO - [2022-12-14T20:01:00.039+0000] {dagbag.py:538} INFO - Filling up the DagBag from /home/airflow/.local/lib/python3.7/site-packages/airflow/example_dags/example_latest_only_with_trigger.py
[2022-12-14T20:01:00.059+0000] {processor.py:753} INFO - DAG(s) dict_keys(['latest_only_with_trigger']) retrieved from /home/airflow/.local/lib/python3.7/site-packages/airflow/example_dags/example_latest_only_with_trigger.py
[2022-12-14T20:01:00.122+0000] {logging_mixin.py:137} INFO - [2022-12-14T20:01:00.122+0000] {dag.py:2676} INFO - Sync 1 DAGs
[2022-12-14T20:01:00.162+0000] {logging_mixin.py:137} INFO - [2022-12-14T20:01:00.162+0000] {dag.py:3427} INFO - Setting next_dagrun for latest_only_with_trigger to 2022-12-14T16:01:00.162164+00:00, run_after=2022-12-14T20:01:00.162164+00:00
[2022-12-14T20:01:00.191+0000] {processor.py:175} INFO - Processing /home/airflow/.local/lib/python3.7/site-packages/airflow/example_dags/example_latest_only_with_trigger.py took 0.161 seconds
[2022-12-14T20:01:30.237+0000] {processor.py:153} INFO - Started process (PID=1671) to work on /home/airflow/.local/lib/python3.7/site-packages/airflow/example_dags/example_latest_only_with_trigger.py
[2022-12-14T20:01:30.238+0000] {processor.py:743} INFO - Processing file /home/airflow/.local/lib/python3.7/site-packages/airflow/example_dags/example_latest_only_with_trigger.py for tasks to queue
[2022-12-14T20:01:30.239+0000] {logging_mixin.py:137} INFO - [2022-12-14T20:01:30.239+0000] {dagbag.py:538} INFO - Filling up the DagBag from /home/airflow/.local/lib/python3.7/site-packages/airflow/example_dags/example_latest_only_with_trigger.py
[2022-12-14T20:01:30.262+0000] {processor.py:753} INFO - DAG(s) dict_keys(['latest_only_with_trigger']) retrieved from /home/airflow/.local/lib/python3.7/site-packages/airflow/example_dags/example_latest_only_with_trigger.py
[2022-12-14T20:01:30.343+0000] {logging_mixin.py:137} INFO - [2022-12-14T20:01:30.343+0000] {dag.py:2676} INFO - Sync 1 DAGs
[2022-12-14T20:01:30.385+0000] {logging_mixin.py:137} INFO - [2022-12-14T20:01:30.385+0000] {dag.py:3427} INFO - Setting next_dagrun for latest_only_with_trigger to 2022-12-14T16:01:30.385311+00:00, run_after=2022-12-14T20:01:30.385311+00:00
[2022-12-14T20:01:30.418+0000] {processor.py:175} INFO - Processing /home/airflow/.local/lib/python3.7/site-packages/airflow/example_dags/example_latest_only_with_trigger.py took 0.186 seconds
[2022-12-14T20:02:01.417+0000] {processor.py:153} INFO - Started process (PID=1751) to work on /home/airflow/.local/lib/python3.7/site-packages/airflow/example_dags/example_latest_only_with_trigger.py
[2022-12-14T20:02:01.418+0000] {processor.py:743} INFO - Processing file /home/airflow/.local/lib/python3.7/site-packages/airflow/example_dags/example_latest_only_with_trigger.py for tasks to queue
[2022-12-14T20:02:01.420+0000] {logging_mixin.py:137} INFO - [2022-12-14T20:02:01.419+0000] {dagbag.py:538} INFO - Filling up the DagBag from /home/airflow/.local/lib/python3.7/site-packages/airflow/example_dags/example_latest_only_with_trigger.py
[2022-12-14T20:02:01.451+0000] {processor.py:753} INFO - DAG(s) dict_keys(['latest_only_with_trigger']) retrieved from /home/airflow/.local/lib/python3.7/site-packages/airflow/example_dags/example_latest_only_with_trigger.py
[2022-12-14T20:02:01.543+0000] {logging_mixin.py:137} INFO - [2022-12-14T20:02:01.542+0000] {dag.py:2676} INFO - Sync 1 DAGs
[2022-12-14T20:02:01.623+0000] {logging_mixin.py:137} INFO - [2022-12-14T20:02:01.623+0000] {dag.py:3427} INFO - Setting next_dagrun for latest_only_with_trigger to 2022-12-14T16:02:01.622971+00:00, run_after=2022-12-14T20:02:01.622971+00:00
[2022-12-14T20:02:01.692+0000] {processor.py:175} INFO - Processing /home/airflow/.local/lib/python3.7/site-packages/airflow/example_dags/example_latest_only_with_trigger.py took 0.281 seconds
[2022-12-14T20:02:31.840+0000] {processor.py:153} INFO - Started process (PID=1831) to work on /home/airflow/.local/lib/python3.7/site-packages/airflow/example_dags/example_latest_only_with_trigger.py
[2022-12-14T20:02:31.842+0000] {processor.py:743} INFO - Processing file /home/airflow/.local/lib/python3.7/site-packages/airflow/example_dags/example_latest_only_with_trigger.py for tasks to queue
[2022-12-14T20:02:31.843+0000] {logging_mixin.py:137} INFO - [2022-12-14T20:02:31.843+0000] {dagbag.py:538} INFO - Filling up the DagBag from /home/airflow/.local/lib/python3.7/site-packages/airflow/example_dags/example_latest_only_with_trigger.py
[2022-12-14T20:02:31.868+0000] {processor.py:753} INFO - DAG(s) dict_keys(['latest_only_with_trigger']) retrieved from /home/airflow/.local/lib/python3.7/site-packages/airflow/example_dags/example_latest_only_with_trigger.py
[2022-12-14T20:02:31.928+0000] {logging_mixin.py:137} INFO - [2022-12-14T20:02:31.927+0000] {dag.py:2676} INFO - Sync 1 DAGs
[2022-12-14T20:02:31.970+0000] {logging_mixin.py:137} INFO - [2022-12-14T20:02:31.969+0000] {dag.py:3427} INFO - Setting next_dagrun for latest_only_with_trigger to 2022-12-14T16:02:31.969475+00:00, run_after=2022-12-14T20:02:31.969475+00:00
[2022-12-14T20:02:32.002+0000] {processor.py:175} INFO - Processing /home/airflow/.local/lib/python3.7/site-packages/airflow/example_dags/example_latest_only_with_trigger.py took 0.168 seconds
[2022-12-14T20:03:02.352+0000] {processor.py:153} INFO - Started process (PID=1911) to work on /home/airflow/.local/lib/python3.7/site-packages/airflow/example_dags/example_latest_only_with_trigger.py
[2022-12-14T20:03:02.353+0000] {processor.py:743} INFO - Processing file /home/airflow/.local/lib/python3.7/site-packages/airflow/example_dags/example_latest_only_with_trigger.py for tasks to queue
[2022-12-14T20:03:02.354+0000] {logging_mixin.py:137} INFO - [2022-12-14T20:03:02.354+0000] {dagbag.py:538} INFO - Filling up the DagBag from /home/airflow/.local/lib/python3.7/site-packages/airflow/example_dags/example_latest_only_with_trigger.py
[2022-12-14T20:03:02.375+0000] {processor.py:753} INFO - DAG(s) dict_keys(['latest_only_with_trigger']) retrieved from /home/airflow/.local/lib/python3.7/site-packages/airflow/example_dags/example_latest_only_with_trigger.py
[2022-12-14T20:03:02.430+0000] {logging_mixin.py:137} INFO - [2022-12-14T20:03:02.430+0000] {dag.py:2676} INFO - Sync 1 DAGs
[2022-12-14T20:03:02.477+0000] {logging_mixin.py:137} INFO - [2022-12-14T20:03:02.477+0000] {dag.py:3427} INFO - Setting next_dagrun for latest_only_with_trigger to 2022-12-14T16:03:02.476935+00:00, run_after=2022-12-14T20:03:02.476935+00:00
[2022-12-14T20:03:02.514+0000] {processor.py:175} INFO - Processing /home/airflow/.local/lib/python3.7/site-packages/airflow/example_dags/example_latest_only_with_trigger.py took 0.166 seconds
[2022-12-14T20:03:32.956+0000] {processor.py:153} INFO - Started process (PID=2011) to work on /home/airflow/.local/lib/python3.7/site-packages/airflow/example_dags/example_latest_only_with_trigger.py
[2022-12-14T20:03:32.958+0000] {processor.py:743} INFO - Processing file /home/airflow/.local/lib/python3.7/site-packages/airflow/example_dags/example_latest_only_with_trigger.py for tasks to queue
[2022-12-14T20:03:32.959+0000] {logging_mixin.py:137} INFO - [2022-12-14T20:03:32.959+0000] {dagbag.py:538} INFO - Filling up the DagBag from /home/airflow/.local/lib/python3.7/site-packages/airflow/example_dags/example_latest_only_with_trigger.py
[2022-12-14T20:03:32.992+0000] {processor.py:753} INFO - DAG(s) dict_keys(['latest_only_with_trigger']) retrieved from /home/airflow/.local/lib/python3.7/site-packages/airflow/example_dags/example_latest_only_with_trigger.py
[2022-12-14T20:03:33.064+0000] {logging_mixin.py:137} INFO - [2022-12-14T20:03:33.064+0000] {dag.py:2676} INFO - Sync 1 DAGs
[2022-12-14T20:03:33.115+0000] {logging_mixin.py:137} INFO - [2022-12-14T20:03:33.115+0000] {dag.py:3427} INFO - Setting next_dagrun for latest_only_with_trigger to 2022-12-14T16:03:33.115007+00:00, run_after=2022-12-14T20:03:33.115007+00:00
[2022-12-14T20:03:33.148+0000] {processor.py:175} INFO - Processing /home/airflow/.local/lib/python3.7/site-packages/airflow/example_dags/example_latest_only_with_trigger.py took 0.196 seconds
