[2022-12-14T19:52:05.949+0000] {processor.py:153} INFO - Started process (PID=96) to work on /home/airflow/.local/lib/python3.7/site-packages/airflow/example_dags/example_dag_decorator.py
[2022-12-14T19:52:05.951+0000] {processor.py:743} INFO - Processing file /home/airflow/.local/lib/python3.7/site-packages/airflow/example_dags/example_dag_decorator.py for tasks to queue
[2022-12-14T19:52:05.953+0000] {logging_mixin.py:137} INFO - [2022-12-14T19:52:05.953+0000] {dagbag.py:538} INFO - Filling up the DagBag from /home/airflow/.local/lib/python3.7/site-packages/airflow/example_dags/example_dag_decorator.py
[2022-12-14T19:52:05.991+0000] {logging_mixin.py:137} INFO - [2022-12-14T19:52:05.990+0000] {taskmixin.py:205} WARNING - Dependency <Task(_PythonDecoratedOperator): prepare_email>, send_email already registered for DAG: example_dag_decorator
[2022-12-14T19:52:05.992+0000] {logging_mixin.py:137} INFO - [2022-12-14T19:52:05.991+0000] {taskmixin.py:205} WARNING - Dependency <Task(EmailOperator): send_email>, prepare_email already registered for DAG: example_dag_decorator
[2022-12-14T19:52:06.037+0000] {processor.py:753} INFO - DAG(s) dict_keys(['example_dag_decorator']) retrieved from /home/airflow/.local/lib/python3.7/site-packages/airflow/example_dags/example_dag_decorator.py
[2022-12-14T19:52:06.804+0000] {logging_mixin.py:137} INFO - [2022-12-14T19:52:06.804+0000] {dag.py:2676} INFO - Sync 1 DAGs
[2022-12-14T19:52:07.188+0000] {logging_mixin.py:137} INFO - [2022-12-14T19:52:07.188+0000] {dag.py:3427} INFO - Setting next_dagrun for example_dag_decorator to None, run_after=None
[2022-12-14T19:52:08.901+0000] {processor.py:175} INFO - Processing /home/airflow/.local/lib/python3.7/site-packages/airflow/example_dags/example_dag_decorator.py took 2.960 seconds
[2022-12-14T19:52:39.250+0000] {processor.py:153} INFO - Started process (PID=177) to work on /home/airflow/.local/lib/python3.7/site-packages/airflow/example_dags/example_dag_decorator.py
[2022-12-14T19:52:39.252+0000] {processor.py:743} INFO - Processing file /home/airflow/.local/lib/python3.7/site-packages/airflow/example_dags/example_dag_decorator.py for tasks to queue
[2022-12-14T19:52:39.253+0000] {logging_mixin.py:137} INFO - [2022-12-14T19:52:39.253+0000] {dagbag.py:538} INFO - Filling up the DagBag from /home/airflow/.local/lib/python3.7/site-packages/airflow/example_dags/example_dag_decorator.py
[2022-12-14T19:52:39.296+0000] {logging_mixin.py:137} INFO - [2022-12-14T19:52:39.296+0000] {taskmixin.py:205} WARNING - Dependency <Task(_PythonDecoratedOperator): prepare_email>, send_email already registered for DAG: example_dag_decorator
[2022-12-14T19:52:39.297+0000] {logging_mixin.py:137} INFO - [2022-12-14T19:52:39.297+0000] {taskmixin.py:205} WARNING - Dependency <Task(EmailOperator): send_email>, prepare_email already registered for DAG: example_dag_decorator
[2022-12-14T19:52:39.329+0000] {processor.py:753} INFO - DAG(s) dict_keys(['example_dag_decorator']) retrieved from /home/airflow/.local/lib/python3.7/site-packages/airflow/example_dags/example_dag_decorator.py
[2022-12-14T19:52:39.561+0000] {logging_mixin.py:137} INFO - [2022-12-14T19:52:39.560+0000] {dag.py:2676} INFO - Sync 1 DAGs
[2022-12-14T19:52:39.652+0000] {logging_mixin.py:137} INFO - [2022-12-14T19:52:39.651+0000] {dag.py:3427} INFO - Setting next_dagrun for example_dag_decorator to None, run_after=None
[2022-12-14T19:52:39.695+0000] {processor.py:175} INFO - Processing /home/airflow/.local/lib/python3.7/site-packages/airflow/example_dags/example_dag_decorator.py took 0.452 seconds
[2022-12-14T19:53:10.054+0000] {processor.py:153} INFO - Started process (PID=257) to work on /home/airflow/.local/lib/python3.7/site-packages/airflow/example_dags/example_dag_decorator.py
[2022-12-14T19:53:10.055+0000] {processor.py:743} INFO - Processing file /home/airflow/.local/lib/python3.7/site-packages/airflow/example_dags/example_dag_decorator.py for tasks to queue
[2022-12-14T19:53:10.056+0000] {logging_mixin.py:137} INFO - [2022-12-14T19:53:10.056+0000] {dagbag.py:538} INFO - Filling up the DagBag from /home/airflow/.local/lib/python3.7/site-packages/airflow/example_dags/example_dag_decorator.py
[2022-12-14T19:53:10.080+0000] {logging_mixin.py:137} INFO - [2022-12-14T19:53:10.079+0000] {taskmixin.py:205} WARNING - Dependency <Task(_PythonDecoratedOperator): prepare_email>, send_email already registered for DAG: example_dag_decorator
[2022-12-14T19:53:10.080+0000] {logging_mixin.py:137} INFO - [2022-12-14T19:53:10.080+0000] {taskmixin.py:205} WARNING - Dependency <Task(EmailOperator): send_email>, prepare_email already registered for DAG: example_dag_decorator
[2022-12-14T19:53:10.096+0000] {processor.py:753} INFO - DAG(s) dict_keys(['example_dag_decorator']) retrieved from /home/airflow/.local/lib/python3.7/site-packages/airflow/example_dags/example_dag_decorator.py
[2022-12-14T19:53:10.208+0000] {logging_mixin.py:137} INFO - [2022-12-14T19:53:10.208+0000] {dag.py:2676} INFO - Sync 1 DAGs
[2022-12-14T19:53:10.239+0000] {logging_mixin.py:137} INFO - [2022-12-14T19:53:10.239+0000] {dag.py:3427} INFO - Setting next_dagrun for example_dag_decorator to None, run_after=None
[2022-12-14T19:53:10.267+0000] {processor.py:175} INFO - Processing /home/airflow/.local/lib/python3.7/site-packages/airflow/example_dags/example_dag_decorator.py took 0.216 seconds
[2022-12-14T19:53:40.375+0000] {processor.py:153} INFO - Started process (PID=337) to work on /home/airflow/.local/lib/python3.7/site-packages/airflow/example_dags/example_dag_decorator.py
[2022-12-14T19:53:40.377+0000] {processor.py:743} INFO - Processing file /home/airflow/.local/lib/python3.7/site-packages/airflow/example_dags/example_dag_decorator.py for tasks to queue
[2022-12-14T19:53:40.378+0000] {logging_mixin.py:137} INFO - [2022-12-14T19:53:40.377+0000] {dagbag.py:538} INFO - Filling up the DagBag from /home/airflow/.local/lib/python3.7/site-packages/airflow/example_dags/example_dag_decorator.py
[2022-12-14T19:53:40.406+0000] {logging_mixin.py:137} INFO - [2022-12-14T19:53:40.406+0000] {taskmixin.py:205} WARNING - Dependency <Task(_PythonDecoratedOperator): prepare_email>, send_email already registered for DAG: example_dag_decorator
[2022-12-14T19:53:40.407+0000] {logging_mixin.py:137} INFO - [2022-12-14T19:53:40.407+0000] {taskmixin.py:205} WARNING - Dependency <Task(EmailOperator): send_email>, prepare_email already registered for DAG: example_dag_decorator
[2022-12-14T19:53:40.422+0000] {processor.py:753} INFO - DAG(s) dict_keys(['example_dag_decorator']) retrieved from /home/airflow/.local/lib/python3.7/site-packages/airflow/example_dags/example_dag_decorator.py
[2022-12-14T19:53:40.531+0000] {logging_mixin.py:137} INFO - [2022-12-14T19:53:40.531+0000] {dag.py:2676} INFO - Sync 1 DAGs
[2022-12-14T19:53:40.563+0000] {logging_mixin.py:137} INFO - [2022-12-14T19:53:40.563+0000] {dag.py:3427} INFO - Setting next_dagrun for example_dag_decorator to None, run_after=None
[2022-12-14T19:53:40.592+0000] {processor.py:175} INFO - Processing /home/airflow/.local/lib/python3.7/site-packages/airflow/example_dags/example_dag_decorator.py took 0.220 seconds
[2022-12-14T19:54:10.646+0000] {processor.py:153} INFO - Started process (PID=415) to work on /home/airflow/.local/lib/python3.7/site-packages/airflow/example_dags/example_dag_decorator.py
[2022-12-14T19:54:10.648+0000] {processor.py:743} INFO - Processing file /home/airflow/.local/lib/python3.7/site-packages/airflow/example_dags/example_dag_decorator.py for tasks to queue
[2022-12-14T19:54:10.649+0000] {logging_mixin.py:137} INFO - [2022-12-14T19:54:10.648+0000] {dagbag.py:538} INFO - Filling up the DagBag from /home/airflow/.local/lib/python3.7/site-packages/airflow/example_dags/example_dag_decorator.py
[2022-12-14T19:54:10.674+0000] {logging_mixin.py:137} INFO - [2022-12-14T19:54:10.674+0000] {taskmixin.py:205} WARNING - Dependency <Task(_PythonDecoratedOperator): prepare_email>, send_email already registered for DAG: example_dag_decorator
[2022-12-14T19:54:10.675+0000] {logging_mixin.py:137} INFO - [2022-12-14T19:54:10.675+0000] {taskmixin.py:205} WARNING - Dependency <Task(EmailOperator): send_email>, prepare_email already registered for DAG: example_dag_decorator
[2022-12-14T19:54:10.693+0000] {processor.py:753} INFO - DAG(s) dict_keys(['example_dag_decorator']) retrieved from /home/airflow/.local/lib/python3.7/site-packages/airflow/example_dags/example_dag_decorator.py
[2022-12-14T19:54:10.827+0000] {logging_mixin.py:137} INFO - [2022-12-14T19:54:10.826+0000] {dag.py:2676} INFO - Sync 1 DAGs
[2022-12-14T19:54:10.864+0000] {logging_mixin.py:137} INFO - [2022-12-14T19:54:10.864+0000] {dag.py:3427} INFO - Setting next_dagrun for example_dag_decorator to None, run_after=None
[2022-12-14T19:54:10.895+0000] {processor.py:175} INFO - Processing /home/airflow/.local/lib/python3.7/site-packages/airflow/example_dags/example_dag_decorator.py took 0.253 seconds
[2022-12-14T19:54:41.463+0000] {processor.py:153} INFO - Started process (PID=516) to work on /home/airflow/.local/lib/python3.7/site-packages/airflow/example_dags/example_dag_decorator.py
[2022-12-14T19:54:41.475+0000] {processor.py:743} INFO - Processing file /home/airflow/.local/lib/python3.7/site-packages/airflow/example_dags/example_dag_decorator.py for tasks to queue
[2022-12-14T19:54:41.477+0000] {logging_mixin.py:137} INFO - [2022-12-14T19:54:41.477+0000] {dagbag.py:538} INFO - Filling up the DagBag from /home/airflow/.local/lib/python3.7/site-packages/airflow/example_dags/example_dag_decorator.py
[2022-12-14T19:54:41.525+0000] {logging_mixin.py:137} INFO - [2022-12-14T19:54:41.524+0000] {taskmixin.py:205} WARNING - Dependency <Task(_PythonDecoratedOperator): prepare_email>, send_email already registered for DAG: example_dag_decorator
[2022-12-14T19:54:41.528+0000] {logging_mixin.py:137} INFO - [2022-12-14T19:54:41.528+0000] {taskmixin.py:205} WARNING - Dependency <Task(EmailOperator): send_email>, prepare_email already registered for DAG: example_dag_decorator
[2022-12-14T19:54:41.546+0000] {processor.py:753} INFO - DAG(s) dict_keys(['example_dag_decorator']) retrieved from /home/airflow/.local/lib/python3.7/site-packages/airflow/example_dags/example_dag_decorator.py
[2022-12-14T19:54:41.694+0000] {logging_mixin.py:137} INFO - [2022-12-14T19:54:41.694+0000] {dag.py:2676} INFO - Sync 1 DAGs
[2022-12-14T19:54:41.737+0000] {logging_mixin.py:137} INFO - [2022-12-14T19:54:41.737+0000] {dag.py:3427} INFO - Setting next_dagrun for example_dag_decorator to None, run_after=None
[2022-12-14T19:54:41.771+0000] {processor.py:175} INFO - Processing /home/airflow/.local/lib/python3.7/site-packages/airflow/example_dags/example_dag_decorator.py took 0.314 seconds
[2022-12-14T19:55:11.817+0000] {processor.py:153} INFO - Started process (PID=595) to work on /home/airflow/.local/lib/python3.7/site-packages/airflow/example_dags/example_dag_decorator.py
[2022-12-14T19:55:11.818+0000] {processor.py:743} INFO - Processing file /home/airflow/.local/lib/python3.7/site-packages/airflow/example_dags/example_dag_decorator.py for tasks to queue
[2022-12-14T19:55:11.819+0000] {logging_mixin.py:137} INFO - [2022-12-14T19:55:11.819+0000] {dagbag.py:538} INFO - Filling up the DagBag from /home/airflow/.local/lib/python3.7/site-packages/airflow/example_dags/example_dag_decorator.py
[2022-12-14T19:55:11.842+0000] {logging_mixin.py:137} INFO - [2022-12-14T19:55:11.842+0000] {taskmixin.py:205} WARNING - Dependency <Task(_PythonDecoratedOperator): prepare_email>, send_email already registered for DAG: example_dag_decorator
[2022-12-14T19:55:11.842+0000] {logging_mixin.py:137} INFO - [2022-12-14T19:55:11.842+0000] {taskmixin.py:205} WARNING - Dependency <Task(EmailOperator): send_email>, prepare_email already registered for DAG: example_dag_decorator
[2022-12-14T19:55:11.858+0000] {processor.py:753} INFO - DAG(s) dict_keys(['example_dag_decorator']) retrieved from /home/airflow/.local/lib/python3.7/site-packages/airflow/example_dags/example_dag_decorator.py
[2022-12-14T19:55:11.964+0000] {logging_mixin.py:137} INFO - [2022-12-14T19:55:11.964+0000] {dag.py:2676} INFO - Sync 1 DAGs
[2022-12-14T19:55:11.995+0000] {logging_mixin.py:137} INFO - [2022-12-14T19:55:11.995+0000] {dag.py:3427} INFO - Setting next_dagrun for example_dag_decorator to None, run_after=None
[2022-12-14T19:55:12.025+0000] {processor.py:175} INFO - Processing /home/airflow/.local/lib/python3.7/site-packages/airflow/example_dags/example_dag_decorator.py took 0.211 seconds
[2022-12-14T19:55:42.314+0000] {processor.py:153} INFO - Started process (PID=675) to work on /home/airflow/.local/lib/python3.7/site-packages/airflow/example_dags/example_dag_decorator.py
[2022-12-14T19:55:42.316+0000] {processor.py:743} INFO - Processing file /home/airflow/.local/lib/python3.7/site-packages/airflow/example_dags/example_dag_decorator.py for tasks to queue
[2022-12-14T19:55:42.317+0000] {logging_mixin.py:137} INFO - [2022-12-14T19:55:42.316+0000] {dagbag.py:538} INFO - Filling up the DagBag from /home/airflow/.local/lib/python3.7/site-packages/airflow/example_dags/example_dag_decorator.py
[2022-12-14T19:55:42.339+0000] {logging_mixin.py:137} INFO - [2022-12-14T19:55:42.339+0000] {taskmixin.py:205} WARNING - Dependency <Task(_PythonDecoratedOperator): prepare_email>, send_email already registered for DAG: example_dag_decorator
[2022-12-14T19:55:42.340+0000] {logging_mixin.py:137} INFO - [2022-12-14T19:55:42.340+0000] {taskmixin.py:205} WARNING - Dependency <Task(EmailOperator): send_email>, prepare_email already registered for DAG: example_dag_decorator
[2022-12-14T19:55:42.357+0000] {processor.py:753} INFO - DAG(s) dict_keys(['example_dag_decorator']) retrieved from /home/airflow/.local/lib/python3.7/site-packages/airflow/example_dags/example_dag_decorator.py
[2022-12-14T19:55:42.462+0000] {logging_mixin.py:137} INFO - [2022-12-14T19:55:42.462+0000] {dag.py:2676} INFO - Sync 1 DAGs
[2022-12-14T19:55:42.496+0000] {logging_mixin.py:137} INFO - [2022-12-14T19:55:42.496+0000] {dag.py:3427} INFO - Setting next_dagrun for example_dag_decorator to None, run_after=None
[2022-12-14T19:55:42.524+0000] {processor.py:175} INFO - Processing /home/airflow/.local/lib/python3.7/site-packages/airflow/example_dags/example_dag_decorator.py took 0.213 seconds
[2022-12-14T19:56:12.734+0000] {processor.py:153} INFO - Started process (PID=755) to work on /home/airflow/.local/lib/python3.7/site-packages/airflow/example_dags/example_dag_decorator.py
[2022-12-14T19:56:12.736+0000] {processor.py:743} INFO - Processing file /home/airflow/.local/lib/python3.7/site-packages/airflow/example_dags/example_dag_decorator.py for tasks to queue
[2022-12-14T19:56:12.738+0000] {logging_mixin.py:137} INFO - [2022-12-14T19:56:12.738+0000] {dagbag.py:538} INFO - Filling up the DagBag from /home/airflow/.local/lib/python3.7/site-packages/airflow/example_dags/example_dag_decorator.py
[2022-12-14T19:56:12.780+0000] {logging_mixin.py:137} INFO - [2022-12-14T19:56:12.779+0000] {taskmixin.py:205} WARNING - Dependency <Task(_PythonDecoratedOperator): prepare_email>, send_email already registered for DAG: example_dag_decorator
[2022-12-14T19:56:12.780+0000] {logging_mixin.py:137} INFO - [2022-12-14T19:56:12.780+0000] {taskmixin.py:205} WARNING - Dependency <Task(EmailOperator): send_email>, prepare_email already registered for DAG: example_dag_decorator
[2022-12-14T19:56:12.811+0000] {processor.py:753} INFO - DAG(s) dict_keys(['example_dag_decorator']) retrieved from /home/airflow/.local/lib/python3.7/site-packages/airflow/example_dags/example_dag_decorator.py
[2022-12-14T19:56:12.868+0000] {logging_mixin.py:137} INFO - [2022-12-14T19:56:12.867+0000] {dag.py:2676} INFO - Sync 1 DAGs
[2022-12-14T19:56:12.938+0000] {logging_mixin.py:137} INFO - [2022-12-14T19:56:12.937+0000] {dag.py:3427} INFO - Setting next_dagrun for example_dag_decorator to None, run_after=None
[2022-12-14T19:56:12.977+0000] {processor.py:175} INFO - Processing /home/airflow/.local/lib/python3.7/site-packages/airflow/example_dags/example_dag_decorator.py took 0.249 seconds
[2022-12-14T19:56:43.090+0000] {processor.py:153} INFO - Started process (PID=850) to work on /home/airflow/.local/lib/python3.7/site-packages/airflow/example_dags/example_dag_decorator.py
[2022-12-14T19:56:43.091+0000] {processor.py:743} INFO - Processing file /home/airflow/.local/lib/python3.7/site-packages/airflow/example_dags/example_dag_decorator.py for tasks to queue
[2022-12-14T19:56:43.093+0000] {logging_mixin.py:137} INFO - [2022-12-14T19:56:43.092+0000] {dagbag.py:538} INFO - Filling up the DagBag from /home/airflow/.local/lib/python3.7/site-packages/airflow/example_dags/example_dag_decorator.py
[2022-12-14T19:56:43.118+0000] {logging_mixin.py:137} INFO - [2022-12-14T19:56:43.118+0000] {taskmixin.py:205} WARNING - Dependency <Task(_PythonDecoratedOperator): prepare_email>, send_email already registered for DAG: example_dag_decorator
[2022-12-14T19:56:43.119+0000] {logging_mixin.py:137} INFO - [2022-12-14T19:56:43.118+0000] {taskmixin.py:205} WARNING - Dependency <Task(EmailOperator): send_email>, prepare_email already registered for DAG: example_dag_decorator
[2022-12-14T19:56:43.136+0000] {processor.py:753} INFO - DAG(s) dict_keys(['example_dag_decorator']) retrieved from /home/airflow/.local/lib/python3.7/site-packages/airflow/example_dags/example_dag_decorator.py
[2022-12-14T19:56:43.268+0000] {logging_mixin.py:137} INFO - [2022-12-14T19:56:43.268+0000] {dag.py:2676} INFO - Sync 1 DAGs
[2022-12-14T19:56:43.316+0000] {logging_mixin.py:137} INFO - [2022-12-14T19:56:43.315+0000] {dag.py:3427} INFO - Setting next_dagrun for example_dag_decorator to None, run_after=None
[2022-12-14T19:56:43.364+0000] {processor.py:175} INFO - Processing /home/airflow/.local/lib/python3.7/site-packages/airflow/example_dags/example_dag_decorator.py took 0.279 seconds
[2022-12-14T19:57:13.516+0000] {processor.py:153} INFO - Started process (PID=945) to work on /home/airflow/.local/lib/python3.7/site-packages/airflow/example_dags/example_dag_decorator.py
[2022-12-14T19:57:13.518+0000] {processor.py:743} INFO - Processing file /home/airflow/.local/lib/python3.7/site-packages/airflow/example_dags/example_dag_decorator.py for tasks to queue
[2022-12-14T19:57:13.519+0000] {logging_mixin.py:137} INFO - [2022-12-14T19:57:13.519+0000] {dagbag.py:538} INFO - Filling up the DagBag from /home/airflow/.local/lib/python3.7/site-packages/airflow/example_dags/example_dag_decorator.py
[2022-12-14T19:57:13.563+0000] {logging_mixin.py:137} INFO - [2022-12-14T19:57:13.563+0000] {taskmixin.py:205} WARNING - Dependency <Task(_PythonDecoratedOperator): prepare_email>, send_email already registered for DAG: example_dag_decorator
[2022-12-14T19:57:13.564+0000] {logging_mixin.py:137} INFO - [2022-12-14T19:57:13.564+0000] {taskmixin.py:205} WARNING - Dependency <Task(EmailOperator): send_email>, prepare_email already registered for DAG: example_dag_decorator
[2022-12-14T19:57:13.592+0000] {processor.py:753} INFO - DAG(s) dict_keys(['example_dag_decorator']) retrieved from /home/airflow/.local/lib/python3.7/site-packages/airflow/example_dags/example_dag_decorator.py
[2022-12-14T19:57:13.881+0000] {logging_mixin.py:137} INFO - [2022-12-14T19:57:13.881+0000] {dag.py:2676} INFO - Sync 1 DAGs
[2022-12-14T19:57:13.969+0000] {logging_mixin.py:137} INFO - [2022-12-14T19:57:13.969+0000] {dag.py:3427} INFO - Setting next_dagrun for example_dag_decorator to None, run_after=None
[2022-12-14T19:57:14.004+0000] {processor.py:175} INFO - Processing /home/airflow/.local/lib/python3.7/site-packages/airflow/example_dags/example_dag_decorator.py took 0.495 seconds
[2022-12-14T19:57:44.730+0000] {processor.py:153} INFO - Started process (PID=1033) to work on /home/airflow/.local/lib/python3.7/site-packages/airflow/example_dags/example_dag_decorator.py
[2022-12-14T19:57:44.732+0000] {processor.py:743} INFO - Processing file /home/airflow/.local/lib/python3.7/site-packages/airflow/example_dags/example_dag_decorator.py for tasks to queue
[2022-12-14T19:57:44.733+0000] {logging_mixin.py:137} INFO - [2022-12-14T19:57:44.733+0000] {dagbag.py:538} INFO - Filling up the DagBag from /home/airflow/.local/lib/python3.7/site-packages/airflow/example_dags/example_dag_decorator.py
[2022-12-14T19:57:44.764+0000] {logging_mixin.py:137} INFO - [2022-12-14T19:57:44.764+0000] {taskmixin.py:205} WARNING - Dependency <Task(_PythonDecoratedOperator): prepare_email>, send_email already registered for DAG: example_dag_decorator
[2022-12-14T19:57:44.765+0000] {logging_mixin.py:137} INFO - [2022-12-14T19:57:44.765+0000] {taskmixin.py:205} WARNING - Dependency <Task(EmailOperator): send_email>, prepare_email already registered for DAG: example_dag_decorator
[2022-12-14T19:57:44.786+0000] {processor.py:753} INFO - DAG(s) dict_keys(['example_dag_decorator']) retrieved from /home/airflow/.local/lib/python3.7/site-packages/airflow/example_dags/example_dag_decorator.py
[2022-12-14T19:57:44.925+0000] {logging_mixin.py:137} INFO - [2022-12-14T19:57:44.924+0000] {dag.py:2676} INFO - Sync 1 DAGs
[2022-12-14T19:57:44.971+0000] {logging_mixin.py:137} INFO - [2022-12-14T19:57:44.971+0000] {dag.py:3427} INFO - Setting next_dagrun for example_dag_decorator to None, run_after=None
[2022-12-14T19:57:45.009+0000] {processor.py:175} INFO - Processing /home/airflow/.local/lib/python3.7/site-packages/airflow/example_dags/example_dag_decorator.py took 0.283 seconds
[2022-12-14T19:58:15.349+0000] {processor.py:153} INFO - Started process (PID=1106) to work on /home/airflow/.local/lib/python3.7/site-packages/airflow/example_dags/example_dag_decorator.py
[2022-12-14T19:58:15.350+0000] {processor.py:743} INFO - Processing file /home/airflow/.local/lib/python3.7/site-packages/airflow/example_dags/example_dag_decorator.py for tasks to queue
[2022-12-14T19:58:15.351+0000] {logging_mixin.py:137} INFO - [2022-12-14T19:58:15.351+0000] {dagbag.py:538} INFO - Filling up the DagBag from /home/airflow/.local/lib/python3.7/site-packages/airflow/example_dags/example_dag_decorator.py
[2022-12-14T19:58:15.374+0000] {logging_mixin.py:137} INFO - [2022-12-14T19:58:15.374+0000] {taskmixin.py:205} WARNING - Dependency <Task(_PythonDecoratedOperator): prepare_email>, send_email already registered for DAG: example_dag_decorator
[2022-12-14T19:58:15.375+0000] {logging_mixin.py:137} INFO - [2022-12-14T19:58:15.375+0000] {taskmixin.py:205} WARNING - Dependency <Task(EmailOperator): send_email>, prepare_email already registered for DAG: example_dag_decorator
[2022-12-14T19:58:15.390+0000] {processor.py:753} INFO - DAG(s) dict_keys(['example_dag_decorator']) retrieved from /home/airflow/.local/lib/python3.7/site-packages/airflow/example_dags/example_dag_decorator.py
[2022-12-14T19:58:15.519+0000] {logging_mixin.py:137} INFO - [2022-12-14T19:58:15.519+0000] {dag.py:2676} INFO - Sync 1 DAGs
[2022-12-14T19:58:15.552+0000] {logging_mixin.py:137} INFO - [2022-12-14T19:58:15.552+0000] {dag.py:3427} INFO - Setting next_dagrun for example_dag_decorator to None, run_after=None
[2022-12-14T19:58:15.579+0000] {processor.py:175} INFO - Processing /home/airflow/.local/lib/python3.7/site-packages/airflow/example_dags/example_dag_decorator.py took 0.235 seconds
[2022-12-14T19:58:46.190+0000] {processor.py:153} INFO - Started process (PID=1206) to work on /home/airflow/.local/lib/python3.7/site-packages/airflow/example_dags/example_dag_decorator.py
[2022-12-14T19:58:46.191+0000] {processor.py:743} INFO - Processing file /home/airflow/.local/lib/python3.7/site-packages/airflow/example_dags/example_dag_decorator.py for tasks to queue
[2022-12-14T19:58:46.192+0000] {logging_mixin.py:137} INFO - [2022-12-14T19:58:46.192+0000] {dagbag.py:538} INFO - Filling up the DagBag from /home/airflow/.local/lib/python3.7/site-packages/airflow/example_dags/example_dag_decorator.py
[2022-12-14T19:58:46.221+0000] {logging_mixin.py:137} INFO - [2022-12-14T19:58:46.221+0000] {taskmixin.py:205} WARNING - Dependency <Task(_PythonDecoratedOperator): prepare_email>, send_email already registered for DAG: example_dag_decorator
[2022-12-14T19:58:46.222+0000] {logging_mixin.py:137} INFO - [2022-12-14T19:58:46.222+0000] {taskmixin.py:205} WARNING - Dependency <Task(EmailOperator): send_email>, prepare_email already registered for DAG: example_dag_decorator
[2022-12-14T19:58:46.241+0000] {processor.py:753} INFO - DAG(s) dict_keys(['example_dag_decorator']) retrieved from /home/airflow/.local/lib/python3.7/site-packages/airflow/example_dags/example_dag_decorator.py
[2022-12-14T19:58:46.364+0000] {logging_mixin.py:137} INFO - [2022-12-14T19:58:46.363+0000] {dag.py:2676} INFO - Sync 1 DAGs
[2022-12-14T19:58:46.400+0000] {logging_mixin.py:137} INFO - [2022-12-14T19:58:46.400+0000] {dag.py:3427} INFO - Setting next_dagrun for example_dag_decorator to None, run_after=None
[2022-12-14T19:58:46.431+0000] {processor.py:175} INFO - Processing /home/airflow/.local/lib/python3.7/site-packages/airflow/example_dags/example_dag_decorator.py took 0.247 seconds
[2022-12-14T19:59:16.552+0000] {processor.py:153} INFO - Started process (PID=1286) to work on /home/airflow/.local/lib/python3.7/site-packages/airflow/example_dags/example_dag_decorator.py
[2022-12-14T19:59:16.554+0000] {processor.py:743} INFO - Processing file /home/airflow/.local/lib/python3.7/site-packages/airflow/example_dags/example_dag_decorator.py for tasks to queue
[2022-12-14T19:59:16.555+0000] {logging_mixin.py:137} INFO - [2022-12-14T19:59:16.555+0000] {dagbag.py:538} INFO - Filling up the DagBag from /home/airflow/.local/lib/python3.7/site-packages/airflow/example_dags/example_dag_decorator.py
[2022-12-14T19:59:16.584+0000] {logging_mixin.py:137} INFO - [2022-12-14T19:59:16.584+0000] {taskmixin.py:205} WARNING - Dependency <Task(_PythonDecoratedOperator): prepare_email>, send_email already registered for DAG: example_dag_decorator
[2022-12-14T19:59:16.585+0000] {logging_mixin.py:137} INFO - [2022-12-14T19:59:16.584+0000] {taskmixin.py:205} WARNING - Dependency <Task(EmailOperator): send_email>, prepare_email already registered for DAG: example_dag_decorator
[2022-12-14T19:59:16.603+0000] {processor.py:753} INFO - DAG(s) dict_keys(['example_dag_decorator']) retrieved from /home/airflow/.local/lib/python3.7/site-packages/airflow/example_dags/example_dag_decorator.py
[2022-12-14T19:59:16.724+0000] {logging_mixin.py:137} INFO - [2022-12-14T19:59:16.724+0000] {dag.py:2676} INFO - Sync 1 DAGs
[2022-12-14T19:59:16.756+0000] {logging_mixin.py:137} INFO - [2022-12-14T19:59:16.756+0000] {dag.py:3427} INFO - Setting next_dagrun for example_dag_decorator to None, run_after=None
[2022-12-14T19:59:16.784+0000] {processor.py:175} INFO - Processing /home/airflow/.local/lib/python3.7/site-packages/airflow/example_dags/example_dag_decorator.py took 0.236 seconds
[2022-12-14T19:59:47.464+0000] {processor.py:153} INFO - Started process (PID=1366) to work on /home/airflow/.local/lib/python3.7/site-packages/airflow/example_dags/example_dag_decorator.py
[2022-12-14T19:59:47.465+0000] {processor.py:743} INFO - Processing file /home/airflow/.local/lib/python3.7/site-packages/airflow/example_dags/example_dag_decorator.py for tasks to queue
[2022-12-14T19:59:47.466+0000] {logging_mixin.py:137} INFO - [2022-12-14T19:59:47.466+0000] {dagbag.py:538} INFO - Filling up the DagBag from /home/airflow/.local/lib/python3.7/site-packages/airflow/example_dags/example_dag_decorator.py
[2022-12-14T19:59:47.489+0000] {logging_mixin.py:137} INFO - [2022-12-14T19:59:47.488+0000] {taskmixin.py:205} WARNING - Dependency <Task(_PythonDecoratedOperator): prepare_email>, send_email already registered for DAG: example_dag_decorator
[2022-12-14T19:59:47.489+0000] {logging_mixin.py:137} INFO - [2022-12-14T19:59:47.489+0000] {taskmixin.py:205} WARNING - Dependency <Task(EmailOperator): send_email>, prepare_email already registered for DAG: example_dag_decorator
[2022-12-14T19:59:47.504+0000] {processor.py:753} INFO - DAG(s) dict_keys(['example_dag_decorator']) retrieved from /home/airflow/.local/lib/python3.7/site-packages/airflow/example_dags/example_dag_decorator.py
[2022-12-14T19:59:47.611+0000] {logging_mixin.py:137} INFO - [2022-12-14T19:59:47.611+0000] {dag.py:2676} INFO - Sync 1 DAGs
[2022-12-14T19:59:47.643+0000] {logging_mixin.py:137} INFO - [2022-12-14T19:59:47.643+0000] {dag.py:3427} INFO - Setting next_dagrun for example_dag_decorator to None, run_after=None
[2022-12-14T19:59:47.671+0000] {processor.py:175} INFO - Processing /home/airflow/.local/lib/python3.7/site-packages/airflow/example_dags/example_dag_decorator.py took 0.212 seconds
[2022-12-14T20:00:18.074+0000] {processor.py:153} INFO - Started process (PID=1446) to work on /home/airflow/.local/lib/python3.7/site-packages/airflow/example_dags/example_dag_decorator.py
[2022-12-14T20:00:18.076+0000] {processor.py:743} INFO - Processing file /home/airflow/.local/lib/python3.7/site-packages/airflow/example_dags/example_dag_decorator.py for tasks to queue
[2022-12-14T20:00:18.077+0000] {logging_mixin.py:137} INFO - [2022-12-14T20:00:18.077+0000] {dagbag.py:538} INFO - Filling up the DagBag from /home/airflow/.local/lib/python3.7/site-packages/airflow/example_dags/example_dag_decorator.py
[2022-12-14T20:00:18.111+0000] {logging_mixin.py:137} INFO - [2022-12-14T20:00:18.110+0000] {taskmixin.py:205} WARNING - Dependency <Task(_PythonDecoratedOperator): prepare_email>, send_email already registered for DAG: example_dag_decorator
[2022-12-14T20:00:18.111+0000] {logging_mixin.py:137} INFO - [2022-12-14T20:00:18.111+0000] {taskmixin.py:205} WARNING - Dependency <Task(EmailOperator): send_email>, prepare_email already registered for DAG: example_dag_decorator
[2022-12-14T20:00:18.129+0000] {processor.py:753} INFO - DAG(s) dict_keys(['example_dag_decorator']) retrieved from /home/airflow/.local/lib/python3.7/site-packages/airflow/example_dags/example_dag_decorator.py
[2022-12-14T20:00:18.242+0000] {logging_mixin.py:137} INFO - [2022-12-14T20:00:18.242+0000] {dag.py:2676} INFO - Sync 1 DAGs
[2022-12-14T20:00:18.274+0000] {logging_mixin.py:137} INFO - [2022-12-14T20:00:18.274+0000] {dag.py:3427} INFO - Setting next_dagrun for example_dag_decorator to None, run_after=None
[2022-12-14T20:00:18.305+0000] {processor.py:175} INFO - Processing /home/airflow/.local/lib/python3.7/site-packages/airflow/example_dags/example_dag_decorator.py took 0.234 seconds
[2022-12-14T20:00:48.908+0000] {processor.py:153} INFO - Started process (PID=1546) to work on /home/airflow/.local/lib/python3.7/site-packages/airflow/example_dags/example_dag_decorator.py
[2022-12-14T20:00:48.910+0000] {processor.py:743} INFO - Processing file /home/airflow/.local/lib/python3.7/site-packages/airflow/example_dags/example_dag_decorator.py for tasks to queue
[2022-12-14T20:00:48.911+0000] {logging_mixin.py:137} INFO - [2022-12-14T20:00:48.911+0000] {dagbag.py:538} INFO - Filling up the DagBag from /home/airflow/.local/lib/python3.7/site-packages/airflow/example_dags/example_dag_decorator.py
[2022-12-14T20:00:48.957+0000] {logging_mixin.py:137} INFO - [2022-12-14T20:00:48.954+0000] {taskmixin.py:205} WARNING - Dependency <Task(_PythonDecoratedOperator): prepare_email>, send_email already registered for DAG: example_dag_decorator
[2022-12-14T20:00:48.959+0000] {logging_mixin.py:137} INFO - [2022-12-14T20:00:48.958+0000] {taskmixin.py:205} WARNING - Dependency <Task(EmailOperator): send_email>, prepare_email already registered for DAG: example_dag_decorator
[2022-12-14T20:00:48.988+0000] {processor.py:753} INFO - DAG(s) dict_keys(['example_dag_decorator']) retrieved from /home/airflow/.local/lib/python3.7/site-packages/airflow/example_dags/example_dag_decorator.py
[2022-12-14T20:00:49.197+0000] {logging_mixin.py:137} INFO - [2022-12-14T20:00:49.197+0000] {dag.py:2676} INFO - Sync 1 DAGs
[2022-12-14T20:00:49.245+0000] {logging_mixin.py:137} INFO - [2022-12-14T20:00:49.245+0000] {dag.py:3427} INFO - Setting next_dagrun for example_dag_decorator to None, run_after=None
[2022-12-14T20:00:49.284+0000] {processor.py:175} INFO - Processing /home/airflow/.local/lib/python3.7/site-packages/airflow/example_dags/example_dag_decorator.py took 0.379 seconds
[2022-12-14T20:01:19.708+0000] {processor.py:153} INFO - Started process (PID=1626) to work on /home/airflow/.local/lib/python3.7/site-packages/airflow/example_dags/example_dag_decorator.py
[2022-12-14T20:01:19.709+0000] {processor.py:743} INFO - Processing file /home/airflow/.local/lib/python3.7/site-packages/airflow/example_dags/example_dag_decorator.py for tasks to queue
[2022-12-14T20:01:19.711+0000] {logging_mixin.py:137} INFO - [2022-12-14T20:01:19.711+0000] {dagbag.py:538} INFO - Filling up the DagBag from /home/airflow/.local/lib/python3.7/site-packages/airflow/example_dags/example_dag_decorator.py
[2022-12-14T20:01:19.746+0000] {logging_mixin.py:137} INFO - [2022-12-14T20:01:19.746+0000] {taskmixin.py:205} WARNING - Dependency <Task(_PythonDecoratedOperator): prepare_email>, send_email already registered for DAG: example_dag_decorator
[2022-12-14T20:01:19.747+0000] {logging_mixin.py:137} INFO - [2022-12-14T20:01:19.747+0000] {taskmixin.py:205} WARNING - Dependency <Task(EmailOperator): send_email>, prepare_email already registered for DAG: example_dag_decorator
[2022-12-14T20:01:19.769+0000] {processor.py:753} INFO - DAG(s) dict_keys(['example_dag_decorator']) retrieved from /home/airflow/.local/lib/python3.7/site-packages/airflow/example_dags/example_dag_decorator.py
[2022-12-14T20:01:19.887+0000] {logging_mixin.py:137} INFO - [2022-12-14T20:01:19.887+0000] {dag.py:2676} INFO - Sync 1 DAGs
[2022-12-14T20:01:19.924+0000] {logging_mixin.py:137} INFO - [2022-12-14T20:01:19.924+0000] {dag.py:3427} INFO - Setting next_dagrun for example_dag_decorator to None, run_after=None
[2022-12-14T20:01:19.956+0000] {processor.py:175} INFO - Processing /home/airflow/.local/lib/python3.7/site-packages/airflow/example_dags/example_dag_decorator.py took 0.255 seconds
[2022-12-14T20:01:50.909+0000] {processor.py:153} INFO - Started process (PID=1706) to work on /home/airflow/.local/lib/python3.7/site-packages/airflow/example_dags/example_dag_decorator.py
[2022-12-14T20:01:50.910+0000] {processor.py:743} INFO - Processing file /home/airflow/.local/lib/python3.7/site-packages/airflow/example_dags/example_dag_decorator.py for tasks to queue
[2022-12-14T20:01:50.912+0000] {logging_mixin.py:137} INFO - [2022-12-14T20:01:50.911+0000] {dagbag.py:538} INFO - Filling up the DagBag from /home/airflow/.local/lib/python3.7/site-packages/airflow/example_dags/example_dag_decorator.py
[2022-12-14T20:01:50.939+0000] {logging_mixin.py:137} INFO - [2022-12-14T20:01:50.939+0000] {taskmixin.py:205} WARNING - Dependency <Task(_PythonDecoratedOperator): prepare_email>, send_email already registered for DAG: example_dag_decorator
[2022-12-14T20:01:50.940+0000] {logging_mixin.py:137} INFO - [2022-12-14T20:01:50.939+0000] {taskmixin.py:205} WARNING - Dependency <Task(EmailOperator): send_email>, prepare_email already registered for DAG: example_dag_decorator
[2022-12-14T20:01:50.957+0000] {processor.py:753} INFO - DAG(s) dict_keys(['example_dag_decorator']) retrieved from /home/airflow/.local/lib/python3.7/site-packages/airflow/example_dags/example_dag_decorator.py
[2022-12-14T20:01:51.068+0000] {logging_mixin.py:137} INFO - [2022-12-14T20:01:51.068+0000] {dag.py:2676} INFO - Sync 1 DAGs
[2022-12-14T20:01:51.132+0000] {logging_mixin.py:137} INFO - [2022-12-14T20:01:51.132+0000] {dag.py:3427} INFO - Setting next_dagrun for example_dag_decorator to None, run_after=None
[2022-12-14T20:01:51.183+0000] {processor.py:175} INFO - Processing /home/airflow/.local/lib/python3.7/site-packages/airflow/example_dags/example_dag_decorator.py took 0.278 seconds
[2022-12-14T20:02:21.443+0000] {processor.py:153} INFO - Started process (PID=1786) to work on /home/airflow/.local/lib/python3.7/site-packages/airflow/example_dags/example_dag_decorator.py
[2022-12-14T20:02:21.444+0000] {processor.py:743} INFO - Processing file /home/airflow/.local/lib/python3.7/site-packages/airflow/example_dags/example_dag_decorator.py for tasks to queue
[2022-12-14T20:02:21.446+0000] {logging_mixin.py:137} INFO - [2022-12-14T20:02:21.446+0000] {dagbag.py:538} INFO - Filling up the DagBag from /home/airflow/.local/lib/python3.7/site-packages/airflow/example_dags/example_dag_decorator.py
[2022-12-14T20:02:21.469+0000] {logging_mixin.py:137} INFO - [2022-12-14T20:02:21.469+0000] {taskmixin.py:205} WARNING - Dependency <Task(_PythonDecoratedOperator): prepare_email>, send_email already registered for DAG: example_dag_decorator
[2022-12-14T20:02:21.470+0000] {logging_mixin.py:137} INFO - [2022-12-14T20:02:21.470+0000] {taskmixin.py:205} WARNING - Dependency <Task(EmailOperator): send_email>, prepare_email already registered for DAG: example_dag_decorator
[2022-12-14T20:02:21.485+0000] {processor.py:753} INFO - DAG(s) dict_keys(['example_dag_decorator']) retrieved from /home/airflow/.local/lib/python3.7/site-packages/airflow/example_dags/example_dag_decorator.py
[2022-12-14T20:02:21.593+0000] {logging_mixin.py:137} INFO - [2022-12-14T20:02:21.593+0000] {dag.py:2676} INFO - Sync 1 DAGs
[2022-12-14T20:02:21.628+0000] {logging_mixin.py:137} INFO - [2022-12-14T20:02:21.628+0000] {dag.py:3427} INFO - Setting next_dagrun for example_dag_decorator to None, run_after=None
[2022-12-14T20:02:21.661+0000] {processor.py:175} INFO - Processing /home/airflow/.local/lib/python3.7/site-packages/airflow/example_dags/example_dag_decorator.py took 0.222 seconds
[2022-12-14T20:02:51.936+0000] {processor.py:153} INFO - Started process (PID=1887) to work on /home/airflow/.local/lib/python3.7/site-packages/airflow/example_dags/example_dag_decorator.py
[2022-12-14T20:02:51.937+0000] {processor.py:743} INFO - Processing file /home/airflow/.local/lib/python3.7/site-packages/airflow/example_dags/example_dag_decorator.py for tasks to queue
[2022-12-14T20:02:51.938+0000] {logging_mixin.py:137} INFO - [2022-12-14T20:02:51.938+0000] {dagbag.py:538} INFO - Filling up the DagBag from /home/airflow/.local/lib/python3.7/site-packages/airflow/example_dags/example_dag_decorator.py
[2022-12-14T20:02:51.976+0000] {logging_mixin.py:137} INFO - [2022-12-14T20:02:51.975+0000] {taskmixin.py:205} WARNING - Dependency <Task(_PythonDecoratedOperator): prepare_email>, send_email already registered for DAG: example_dag_decorator
[2022-12-14T20:02:51.977+0000] {logging_mixin.py:137} INFO - [2022-12-14T20:02:51.976+0000] {taskmixin.py:205} WARNING - Dependency <Task(EmailOperator): send_email>, prepare_email already registered for DAG: example_dag_decorator
[2022-12-14T20:02:51.999+0000] {processor.py:753} INFO - DAG(s) dict_keys(['example_dag_decorator']) retrieved from /home/airflow/.local/lib/python3.7/site-packages/airflow/example_dags/example_dag_decorator.py
[2022-12-14T20:02:52.163+0000] {logging_mixin.py:137} INFO - [2022-12-14T20:02:52.163+0000] {dag.py:2676} INFO - Sync 1 DAGs
[2022-12-14T20:02:52.206+0000] {logging_mixin.py:137} INFO - [2022-12-14T20:02:52.206+0000] {dag.py:3427} INFO - Setting next_dagrun for example_dag_decorator to None, run_after=None
[2022-12-14T20:02:52.248+0000] {processor.py:175} INFO - Processing /home/airflow/.local/lib/python3.7/site-packages/airflow/example_dags/example_dag_decorator.py took 0.317 seconds
[2022-12-14T20:03:22.432+0000] {processor.py:153} INFO - Started process (PID=1966) to work on /home/airflow/.local/lib/python3.7/site-packages/airflow/example_dags/example_dag_decorator.py
[2022-12-14T20:03:22.434+0000] {processor.py:743} INFO - Processing file /home/airflow/.local/lib/python3.7/site-packages/airflow/example_dags/example_dag_decorator.py for tasks to queue
[2022-12-14T20:03:22.435+0000] {logging_mixin.py:137} INFO - [2022-12-14T20:03:22.435+0000] {dagbag.py:538} INFO - Filling up the DagBag from /home/airflow/.local/lib/python3.7/site-packages/airflow/example_dags/example_dag_decorator.py
[2022-12-14T20:03:22.461+0000] {logging_mixin.py:137} INFO - [2022-12-14T20:03:22.460+0000] {taskmixin.py:205} WARNING - Dependency <Task(_PythonDecoratedOperator): prepare_email>, send_email already registered for DAG: example_dag_decorator
[2022-12-14T20:03:22.461+0000] {logging_mixin.py:137} INFO - [2022-12-14T20:03:22.461+0000] {taskmixin.py:205} WARNING - Dependency <Task(EmailOperator): send_email>, prepare_email already registered for DAG: example_dag_decorator
[2022-12-14T20:03:22.482+0000] {processor.py:753} INFO - DAG(s) dict_keys(['example_dag_decorator']) retrieved from /home/airflow/.local/lib/python3.7/site-packages/airflow/example_dags/example_dag_decorator.py
[2022-12-14T20:03:22.610+0000] {logging_mixin.py:137} INFO - [2022-12-14T20:03:22.610+0000] {dag.py:2676} INFO - Sync 1 DAGs
[2022-12-14T20:03:22.650+0000] {logging_mixin.py:137} INFO - [2022-12-14T20:03:22.650+0000] {dag.py:3427} INFO - Setting next_dagrun for example_dag_decorator to None, run_after=None
[2022-12-14T20:03:22.684+0000] {processor.py:175} INFO - Processing /home/airflow/.local/lib/python3.7/site-packages/airflow/example_dags/example_dag_decorator.py took 0.256 seconds
