[2022-12-14T19:52:12.115+0000] {processor.py:153} INFO - Started process (PID=112) to work on /home/airflow/.local/lib/python3.7/site-packages/airflow/example_dags/example_nested_branch_dag.py
[2022-12-14T19:52:12.117+0000] {processor.py:743} INFO - Processing file /home/airflow/.local/lib/python3.7/site-packages/airflow/example_dags/example_nested_branch_dag.py for tasks to queue
[2022-12-14T19:52:12.142+0000] {logging_mixin.py:137} INFO - [2022-12-14T19:52:12.142+0000] {dagbag.py:538} INFO - Filling up the DagBag from /home/airflow/.local/lib/python3.7/site-packages/airflow/example_dags/example_nested_branch_dag.py
[2022-12-14T19:52:12.278+0000] {processor.py:753} INFO - DAG(s) dict_keys(['example_nested_branch_dag']) retrieved from /home/airflow/.local/lib/python3.7/site-packages/airflow/example_dags/example_nested_branch_dag.py
[2022-12-14T19:52:12.415+0000] {logging_mixin.py:137} INFO - [2022-12-14T19:52:12.415+0000] {dag.py:2676} INFO - Sync 1 DAGs
[2022-12-14T19:52:12.523+0000] {logging_mixin.py:137} INFO - [2022-12-14T19:52:12.523+0000] {dag.py:3427} INFO - Setting next_dagrun for example_nested_branch_dag to 2022-12-13T00:00:00+00:00, run_after=2022-12-14T00:00:00+00:00
[2022-12-14T19:52:12.559+0000] {processor.py:175} INFO - Processing /home/airflow/.local/lib/python3.7/site-packages/airflow/example_dags/example_nested_branch_dag.py took 0.491 seconds
[2022-12-14T19:52:43.135+0000] {processor.py:153} INFO - Started process (PID=192) to work on /home/airflow/.local/lib/python3.7/site-packages/airflow/example_dags/example_nested_branch_dag.py
[2022-12-14T19:52:43.144+0000] {processor.py:743} INFO - Processing file /home/airflow/.local/lib/python3.7/site-packages/airflow/example_dags/example_nested_branch_dag.py for tasks to queue
[2022-12-14T19:52:43.147+0000] {logging_mixin.py:137} INFO - [2022-12-14T19:52:43.146+0000] {dagbag.py:538} INFO - Filling up the DagBag from /home/airflow/.local/lib/python3.7/site-packages/airflow/example_dags/example_nested_branch_dag.py
[2022-12-14T19:52:43.204+0000] {processor.py:753} INFO - DAG(s) dict_keys(['example_nested_branch_dag']) retrieved from /home/airflow/.local/lib/python3.7/site-packages/airflow/example_dags/example_nested_branch_dag.py
[2022-12-14T19:52:43.268+0000] {logging_mixin.py:137} INFO - [2022-12-14T19:52:43.268+0000] {dag.py:2676} INFO - Sync 1 DAGs
[2022-12-14T19:52:43.307+0000] {logging_mixin.py:137} INFO - [2022-12-14T19:52:43.307+0000] {dag.py:3427} INFO - Setting next_dagrun for example_nested_branch_dag to 2022-12-13T00:00:00+00:00, run_after=2022-12-14T00:00:00+00:00
[2022-12-14T19:52:43.340+0000] {processor.py:175} INFO - Processing /home/airflow/.local/lib/python3.7/site-packages/airflow/example_dags/example_nested_branch_dag.py took 0.210 seconds
[2022-12-14T19:53:13.799+0000] {processor.py:153} INFO - Started process (PID=272) to work on /home/airflow/.local/lib/python3.7/site-packages/airflow/example_dags/example_nested_branch_dag.py
[2022-12-14T19:53:13.800+0000] {processor.py:743} INFO - Processing file /home/airflow/.local/lib/python3.7/site-packages/airflow/example_dags/example_nested_branch_dag.py for tasks to queue
[2022-12-14T19:53:13.801+0000] {logging_mixin.py:137} INFO - [2022-12-14T19:53:13.801+0000] {dagbag.py:538} INFO - Filling up the DagBag from /home/airflow/.local/lib/python3.7/site-packages/airflow/example_dags/example_nested_branch_dag.py
[2022-12-14T19:53:13.844+0000] {processor.py:753} INFO - DAG(s) dict_keys(['example_nested_branch_dag']) retrieved from /home/airflow/.local/lib/python3.7/site-packages/airflow/example_dags/example_nested_branch_dag.py
[2022-12-14T19:53:13.901+0000] {logging_mixin.py:137} INFO - [2022-12-14T19:53:13.901+0000] {dag.py:2676} INFO - Sync 1 DAGs
[2022-12-14T19:53:13.943+0000] {logging_mixin.py:137} INFO - [2022-12-14T19:53:13.943+0000] {dag.py:3427} INFO - Setting next_dagrun for example_nested_branch_dag to 2022-12-13T00:00:00+00:00, run_after=2022-12-14T00:00:00+00:00
[2022-12-14T19:53:13.978+0000] {processor.py:175} INFO - Processing /home/airflow/.local/lib/python3.7/site-packages/airflow/example_dags/example_nested_branch_dag.py took 0.183 seconds
[2022-12-14T19:53:44.201+0000] {processor.py:153} INFO - Started process (PID=352) to work on /home/airflow/.local/lib/python3.7/site-packages/airflow/example_dags/example_nested_branch_dag.py
[2022-12-14T19:53:44.202+0000] {processor.py:743} INFO - Processing file /home/airflow/.local/lib/python3.7/site-packages/airflow/example_dags/example_nested_branch_dag.py for tasks to queue
[2022-12-14T19:53:44.203+0000] {logging_mixin.py:137} INFO - [2022-12-14T19:53:44.203+0000] {dagbag.py:538} INFO - Filling up the DagBag from /home/airflow/.local/lib/python3.7/site-packages/airflow/example_dags/example_nested_branch_dag.py
[2022-12-14T19:53:44.242+0000] {processor.py:753} INFO - DAG(s) dict_keys(['example_nested_branch_dag']) retrieved from /home/airflow/.local/lib/python3.7/site-packages/airflow/example_dags/example_nested_branch_dag.py
[2022-12-14T19:53:44.303+0000] {logging_mixin.py:137} INFO - [2022-12-14T19:53:44.302+0000] {dag.py:2676} INFO - Sync 1 DAGs
[2022-12-14T19:53:44.356+0000] {logging_mixin.py:137} INFO - [2022-12-14T19:53:44.356+0000] {dag.py:3427} INFO - Setting next_dagrun for example_nested_branch_dag to 2022-12-13T00:00:00+00:00, run_after=2022-12-14T00:00:00+00:00
[2022-12-14T19:53:44.386+0000] {processor.py:175} INFO - Processing /home/airflow/.local/lib/python3.7/site-packages/airflow/example_dags/example_nested_branch_dag.py took 0.189 seconds
[2022-12-14T19:54:14.884+0000] {processor.py:153} INFO - Started process (PID=452) to work on /home/airflow/.local/lib/python3.7/site-packages/airflow/example_dags/example_nested_branch_dag.py
[2022-12-14T19:54:14.885+0000] {processor.py:743} INFO - Processing file /home/airflow/.local/lib/python3.7/site-packages/airflow/example_dags/example_nested_branch_dag.py for tasks to queue
[2022-12-14T19:54:14.886+0000] {logging_mixin.py:137} INFO - [2022-12-14T19:54:14.886+0000] {dagbag.py:538} INFO - Filling up the DagBag from /home/airflow/.local/lib/python3.7/site-packages/airflow/example_dags/example_nested_branch_dag.py
[2022-12-14T19:54:14.925+0000] {processor.py:753} INFO - DAG(s) dict_keys(['example_nested_branch_dag']) retrieved from /home/airflow/.local/lib/python3.7/site-packages/airflow/example_dags/example_nested_branch_dag.py
[2022-12-14T19:54:14.993+0000] {logging_mixin.py:137} INFO - [2022-12-14T19:54:14.993+0000] {dag.py:2676} INFO - Sync 1 DAGs
[2022-12-14T19:54:15.044+0000] {logging_mixin.py:137} INFO - [2022-12-14T19:54:15.044+0000] {dag.py:3427} INFO - Setting next_dagrun for example_nested_branch_dag to 2022-12-13T00:00:00+00:00, run_after=2022-12-14T00:00:00+00:00
[2022-12-14T19:54:15.073+0000] {processor.py:175} INFO - Processing /home/airflow/.local/lib/python3.7/site-packages/airflow/example_dags/example_nested_branch_dag.py took 0.193 seconds
[2022-12-14T19:54:45.365+0000] {processor.py:153} INFO - Started process (PID=532) to work on /home/airflow/.local/lib/python3.7/site-packages/airflow/example_dags/example_nested_branch_dag.py
[2022-12-14T19:54:45.366+0000] {processor.py:743} INFO - Processing file /home/airflow/.local/lib/python3.7/site-packages/airflow/example_dags/example_nested_branch_dag.py for tasks to queue
[2022-12-14T19:54:45.368+0000] {logging_mixin.py:137} INFO - [2022-12-14T19:54:45.368+0000] {dagbag.py:538} INFO - Filling up the DagBag from /home/airflow/.local/lib/python3.7/site-packages/airflow/example_dags/example_nested_branch_dag.py
[2022-12-14T19:54:45.410+0000] {processor.py:753} INFO - DAG(s) dict_keys(['example_nested_branch_dag']) retrieved from /home/airflow/.local/lib/python3.7/site-packages/airflow/example_dags/example_nested_branch_dag.py
[2022-12-14T19:54:45.478+0000] {logging_mixin.py:137} INFO - [2022-12-14T19:54:45.477+0000] {dag.py:2676} INFO - Sync 1 DAGs
[2022-12-14T19:54:45.530+0000] {logging_mixin.py:137} INFO - [2022-12-14T19:54:45.529+0000] {dag.py:3427} INFO - Setting next_dagrun for example_nested_branch_dag to 2022-12-13T00:00:00+00:00, run_after=2022-12-14T00:00:00+00:00
[2022-12-14T19:54:45.576+0000] {processor.py:175} INFO - Processing /home/airflow/.local/lib/python3.7/site-packages/airflow/example_dags/example_nested_branch_dag.py took 0.216 seconds
[2022-12-14T19:55:15.886+0000] {processor.py:153} INFO - Started process (PID=612) to work on /home/airflow/.local/lib/python3.7/site-packages/airflow/example_dags/example_nested_branch_dag.py
[2022-12-14T19:55:15.888+0000] {processor.py:743} INFO - Processing file /home/airflow/.local/lib/python3.7/site-packages/airflow/example_dags/example_nested_branch_dag.py for tasks to queue
[2022-12-14T19:55:15.890+0000] {logging_mixin.py:137} INFO - [2022-12-14T19:55:15.889+0000] {dagbag.py:538} INFO - Filling up the DagBag from /home/airflow/.local/lib/python3.7/site-packages/airflow/example_dags/example_nested_branch_dag.py
[2022-12-14T19:55:15.935+0000] {processor.py:753} INFO - DAG(s) dict_keys(['example_nested_branch_dag']) retrieved from /home/airflow/.local/lib/python3.7/site-packages/airflow/example_dags/example_nested_branch_dag.py
[2022-12-14T19:55:15.993+0000] {logging_mixin.py:137} INFO - [2022-12-14T19:55:15.993+0000] {dag.py:2676} INFO - Sync 1 DAGs
[2022-12-14T19:55:16.054+0000] {logging_mixin.py:137} INFO - [2022-12-14T19:55:16.054+0000] {dag.py:3427} INFO - Setting next_dagrun for example_nested_branch_dag to 2022-12-13T00:00:00+00:00, run_after=2022-12-14T00:00:00+00:00
[2022-12-14T19:55:16.090+0000] {processor.py:175} INFO - Processing /home/airflow/.local/lib/python3.7/site-packages/airflow/example_dags/example_nested_branch_dag.py took 0.210 seconds
[2022-12-14T19:55:46.534+0000] {processor.py:153} INFO - Started process (PID=692) to work on /home/airflow/.local/lib/python3.7/site-packages/airflow/example_dags/example_nested_branch_dag.py
[2022-12-14T19:55:46.536+0000] {processor.py:743} INFO - Processing file /home/airflow/.local/lib/python3.7/site-packages/airflow/example_dags/example_nested_branch_dag.py for tasks to queue
[2022-12-14T19:55:46.537+0000] {logging_mixin.py:137} INFO - [2022-12-14T19:55:46.537+0000] {dagbag.py:538} INFO - Filling up the DagBag from /home/airflow/.local/lib/python3.7/site-packages/airflow/example_dags/example_nested_branch_dag.py
[2022-12-14T19:55:46.574+0000] {processor.py:753} INFO - DAG(s) dict_keys(['example_nested_branch_dag']) retrieved from /home/airflow/.local/lib/python3.7/site-packages/airflow/example_dags/example_nested_branch_dag.py
[2022-12-14T19:55:46.628+0000] {logging_mixin.py:137} INFO - [2022-12-14T19:55:46.628+0000] {dag.py:2676} INFO - Sync 1 DAGs
[2022-12-14T19:55:46.669+0000] {logging_mixin.py:137} INFO - [2022-12-14T19:55:46.669+0000] {dag.py:3427} INFO - Setting next_dagrun for example_nested_branch_dag to 2022-12-13T00:00:00+00:00, run_after=2022-12-14T00:00:00+00:00
[2022-12-14T19:55:46.698+0000] {processor.py:175} INFO - Processing /home/airflow/.local/lib/python3.7/site-packages/airflow/example_dags/example_nested_branch_dag.py took 0.167 seconds
[2022-12-14T19:56:22.478+0000] {processor.py:153} INFO - Started process (PID=794) to work on /home/airflow/.local/lib/python3.7/site-packages/airflow/example_dags/example_nested_branch_dag.py
[2022-12-14T19:56:22.480+0000] {processor.py:743} INFO - Processing file /home/airflow/.local/lib/python3.7/site-packages/airflow/example_dags/example_nested_branch_dag.py for tasks to queue
[2022-12-14T19:56:22.482+0000] {logging_mixin.py:137} INFO - [2022-12-14T19:56:22.482+0000] {dagbag.py:538} INFO - Filling up the DagBag from /home/airflow/.local/lib/python3.7/site-packages/airflow/example_dags/example_nested_branch_dag.py
[2022-12-14T19:56:22.534+0000] {processor.py:753} INFO - DAG(s) dict_keys(['example_nested_branch_dag']) retrieved from /home/airflow/.local/lib/python3.7/site-packages/airflow/example_dags/example_nested_branch_dag.py
[2022-12-14T19:56:22.578+0000] {logging_mixin.py:137} INFO - [2022-12-14T19:56:22.577+0000] {dag.py:2676} INFO - Sync 1 DAGs
[2022-12-14T19:56:22.641+0000] {logging_mixin.py:137} INFO - [2022-12-14T19:56:22.641+0000] {dag.py:3427} INFO - Setting next_dagrun for example_nested_branch_dag to 2022-12-13T00:00:00+00:00, run_after=2022-12-14T00:00:00+00:00
[2022-12-14T19:56:22.684+0000] {processor.py:175} INFO - Processing /home/airflow/.local/lib/python3.7/site-packages/airflow/example_dags/example_nested_branch_dag.py took 0.211 seconds
[2022-12-14T19:56:52.734+0000] {processor.py:153} INFO - Started process (PID=892) to work on /home/airflow/.local/lib/python3.7/site-packages/airflow/example_dags/example_nested_branch_dag.py
[2022-12-14T19:56:52.735+0000] {processor.py:743} INFO - Processing file /home/airflow/.local/lib/python3.7/site-packages/airflow/example_dags/example_nested_branch_dag.py for tasks to queue
[2022-12-14T19:56:52.737+0000] {logging_mixin.py:137} INFO - [2022-12-14T19:56:52.736+0000] {dagbag.py:538} INFO - Filling up the DagBag from /home/airflow/.local/lib/python3.7/site-packages/airflow/example_dags/example_nested_branch_dag.py
[2022-12-14T19:56:52.769+0000] {processor.py:753} INFO - DAG(s) dict_keys(['example_nested_branch_dag']) retrieved from /home/airflow/.local/lib/python3.7/site-packages/airflow/example_dags/example_nested_branch_dag.py
[2022-12-14T19:56:52.829+0000] {logging_mixin.py:137} INFO - [2022-12-14T19:56:52.828+0000] {dag.py:2676} INFO - Sync 1 DAGs
[2022-12-14T19:56:52.885+0000] {logging_mixin.py:137} INFO - [2022-12-14T19:56:52.884+0000] {dag.py:3427} INFO - Setting next_dagrun for example_nested_branch_dag to 2022-12-13T00:00:00+00:00, run_after=2022-12-14T00:00:00+00:00
[2022-12-14T19:56:52.923+0000] {processor.py:175} INFO - Processing /home/airflow/.local/lib/python3.7/site-packages/airflow/example_dags/example_nested_branch_dag.py took 0.193 seconds
[2022-12-14T19:57:23.364+0000] {processor.py:153} INFO - Started process (PID=983) to work on /home/airflow/.local/lib/python3.7/site-packages/airflow/example_dags/example_nested_branch_dag.py
[2022-12-14T19:57:23.366+0000] {processor.py:743} INFO - Processing file /home/airflow/.local/lib/python3.7/site-packages/airflow/example_dags/example_nested_branch_dag.py for tasks to queue
[2022-12-14T19:57:23.367+0000] {logging_mixin.py:137} INFO - [2022-12-14T19:57:23.367+0000] {dagbag.py:538} INFO - Filling up the DagBag from /home/airflow/.local/lib/python3.7/site-packages/airflow/example_dags/example_nested_branch_dag.py
[2022-12-14T19:57:23.437+0000] {processor.py:753} INFO - DAG(s) dict_keys(['example_nested_branch_dag']) retrieved from /home/airflow/.local/lib/python3.7/site-packages/airflow/example_dags/example_nested_branch_dag.py
[2022-12-14T19:57:23.537+0000] {logging_mixin.py:137} INFO - [2022-12-14T19:57:23.537+0000] {dag.py:2676} INFO - Sync 1 DAGs
[2022-12-14T19:57:23.594+0000] {logging_mixin.py:137} INFO - [2022-12-14T19:57:23.593+0000] {dag.py:3427} INFO - Setting next_dagrun for example_nested_branch_dag to 2022-12-13T00:00:00+00:00, run_after=2022-12-14T00:00:00+00:00
[2022-12-14T19:57:23.640+0000] {processor.py:175} INFO - Processing /home/airflow/.local/lib/python3.7/site-packages/airflow/example_dags/example_nested_branch_dag.py took 0.282 seconds
[2022-12-14T19:57:54.312+0000] {processor.py:153} INFO - Started process (PID=1063) to work on /home/airflow/.local/lib/python3.7/site-packages/airflow/example_dags/example_nested_branch_dag.py
[2022-12-14T19:57:54.313+0000] {processor.py:743} INFO - Processing file /home/airflow/.local/lib/python3.7/site-packages/airflow/example_dags/example_nested_branch_dag.py for tasks to queue
[2022-12-14T19:57:54.315+0000] {logging_mixin.py:137} INFO - [2022-12-14T19:57:54.315+0000] {dagbag.py:538} INFO - Filling up the DagBag from /home/airflow/.local/lib/python3.7/site-packages/airflow/example_dags/example_nested_branch_dag.py
[2022-12-14T19:57:54.372+0000] {processor.py:753} INFO - DAG(s) dict_keys(['example_nested_branch_dag']) retrieved from /home/airflow/.local/lib/python3.7/site-packages/airflow/example_dags/example_nested_branch_dag.py
[2022-12-14T19:57:54.446+0000] {logging_mixin.py:137} INFO - [2022-12-14T19:57:54.446+0000] {dag.py:2676} INFO - Sync 1 DAGs
[2022-12-14T19:57:54.489+0000] {logging_mixin.py:137} INFO - [2022-12-14T19:57:54.488+0000] {dag.py:3427} INFO - Setting next_dagrun for example_nested_branch_dag to 2022-12-13T00:00:00+00:00, run_after=2022-12-14T00:00:00+00:00
[2022-12-14T19:57:54.518+0000] {processor.py:175} INFO - Processing /home/airflow/.local/lib/python3.7/site-packages/airflow/example_dags/example_nested_branch_dag.py took 0.211 seconds
[2022-12-14T19:58:24.587+0000] {processor.py:153} INFO - Started process (PID=1143) to work on /home/airflow/.local/lib/python3.7/site-packages/airflow/example_dags/example_nested_branch_dag.py
[2022-12-14T19:58:24.590+0000] {processor.py:743} INFO - Processing file /home/airflow/.local/lib/python3.7/site-packages/airflow/example_dags/example_nested_branch_dag.py for tasks to queue
[2022-12-14T19:58:24.592+0000] {logging_mixin.py:137} INFO - [2022-12-14T19:58:24.592+0000] {dagbag.py:538} INFO - Filling up the DagBag from /home/airflow/.local/lib/python3.7/site-packages/airflow/example_dags/example_nested_branch_dag.py
[2022-12-14T19:58:24.643+0000] {processor.py:753} INFO - DAG(s) dict_keys(['example_nested_branch_dag']) retrieved from /home/airflow/.local/lib/python3.7/site-packages/airflow/example_dags/example_nested_branch_dag.py
[2022-12-14T19:58:24.703+0000] {logging_mixin.py:137} INFO - [2022-12-14T19:58:24.702+0000] {dag.py:2676} INFO - Sync 1 DAGs
[2022-12-14T19:58:24.744+0000] {logging_mixin.py:137} INFO - [2022-12-14T19:58:24.743+0000] {dag.py:3427} INFO - Setting next_dagrun for example_nested_branch_dag to 2022-12-13T00:00:00+00:00, run_after=2022-12-14T00:00:00+00:00
[2022-12-14T19:58:24.771+0000] {processor.py:175} INFO - Processing /home/airflow/.local/lib/python3.7/site-packages/airflow/example_dags/example_nested_branch_dag.py took 0.190 seconds
[2022-12-14T19:58:54.890+0000] {processor.py:153} INFO - Started process (PID=1223) to work on /home/airflow/.local/lib/python3.7/site-packages/airflow/example_dags/example_nested_branch_dag.py
[2022-12-14T19:58:54.891+0000] {processor.py:743} INFO - Processing file /home/airflow/.local/lib/python3.7/site-packages/airflow/example_dags/example_nested_branch_dag.py for tasks to queue
[2022-12-14T19:58:54.892+0000] {logging_mixin.py:137} INFO - [2022-12-14T19:58:54.892+0000] {dagbag.py:538} INFO - Filling up the DagBag from /home/airflow/.local/lib/python3.7/site-packages/airflow/example_dags/example_nested_branch_dag.py
[2022-12-14T19:58:54.929+0000] {processor.py:753} INFO - DAG(s) dict_keys(['example_nested_branch_dag']) retrieved from /home/airflow/.local/lib/python3.7/site-packages/airflow/example_dags/example_nested_branch_dag.py
[2022-12-14T19:58:55.000+0000] {logging_mixin.py:137} INFO - [2022-12-14T19:58:55.000+0000] {dag.py:2676} INFO - Sync 1 DAGs
[2022-12-14T19:58:55.055+0000] {logging_mixin.py:137} INFO - [2022-12-14T19:58:55.055+0000] {dag.py:3427} INFO - Setting next_dagrun for example_nested_branch_dag to 2022-12-13T00:00:00+00:00, run_after=2022-12-14T00:00:00+00:00
[2022-12-14T19:58:55.083+0000] {processor.py:175} INFO - Processing /home/airflow/.local/lib/python3.7/site-packages/airflow/example_dags/example_nested_branch_dag.py took 0.198 seconds
[2022-12-14T19:59:25.164+0000] {processor.py:153} INFO - Started process (PID=1311) to work on /home/airflow/.local/lib/python3.7/site-packages/airflow/example_dags/example_nested_branch_dag.py
[2022-12-14T19:59:25.165+0000] {processor.py:743} INFO - Processing file /home/airflow/.local/lib/python3.7/site-packages/airflow/example_dags/example_nested_branch_dag.py for tasks to queue
[2022-12-14T19:59:25.166+0000] {logging_mixin.py:137} INFO - [2022-12-14T19:59:25.166+0000] {dagbag.py:538} INFO - Filling up the DagBag from /home/airflow/.local/lib/python3.7/site-packages/airflow/example_dags/example_nested_branch_dag.py
[2022-12-14T19:59:25.212+0000] {processor.py:753} INFO - DAG(s) dict_keys(['example_nested_branch_dag']) retrieved from /home/airflow/.local/lib/python3.7/site-packages/airflow/example_dags/example_nested_branch_dag.py
[2022-12-14T19:59:25.386+0000] {logging_mixin.py:137} INFO - [2022-12-14T19:59:25.385+0000] {dag.py:2676} INFO - Sync 1 DAGs
[2022-12-14T19:59:25.462+0000] {logging_mixin.py:137} INFO - [2022-12-14T19:59:25.462+0000] {dag.py:3427} INFO - Setting next_dagrun for example_nested_branch_dag to 2022-12-13T00:00:00+00:00, run_after=2022-12-14T00:00:00+00:00
[2022-12-14T19:59:25.496+0000] {processor.py:175} INFO - Processing /home/airflow/.local/lib/python3.7/site-packages/airflow/example_dags/example_nested_branch_dag.py took 0.336 seconds
[2022-12-14T19:59:56.447+0000] {processor.py:153} INFO - Started process (PID=1403) to work on /home/airflow/.local/lib/python3.7/site-packages/airflow/example_dags/example_nested_branch_dag.py
[2022-12-14T19:59:56.449+0000] {processor.py:743} INFO - Processing file /home/airflow/.local/lib/python3.7/site-packages/airflow/example_dags/example_nested_branch_dag.py for tasks to queue
[2022-12-14T19:59:56.450+0000] {logging_mixin.py:137} INFO - [2022-12-14T19:59:56.450+0000] {dagbag.py:538} INFO - Filling up the DagBag from /home/airflow/.local/lib/python3.7/site-packages/airflow/example_dags/example_nested_branch_dag.py
[2022-12-14T19:59:56.515+0000] {processor.py:753} INFO - DAG(s) dict_keys(['example_nested_branch_dag']) retrieved from /home/airflow/.local/lib/python3.7/site-packages/airflow/example_dags/example_nested_branch_dag.py
[2022-12-14T19:59:56.607+0000] {logging_mixin.py:137} INFO - [2022-12-14T19:59:56.607+0000] {dag.py:2676} INFO - Sync 1 DAGs
[2022-12-14T19:59:56.660+0000] {logging_mixin.py:137} INFO - [2022-12-14T19:59:56.660+0000] {dag.py:3427} INFO - Setting next_dagrun for example_nested_branch_dag to 2022-12-13T00:00:00+00:00, run_after=2022-12-14T00:00:00+00:00
[2022-12-14T19:59:56.688+0000] {processor.py:175} INFO - Processing /home/airflow/.local/lib/python3.7/site-packages/airflow/example_dags/example_nested_branch_dag.py took 0.246 seconds
[2022-12-14T20:00:27.757+0000] {processor.py:153} INFO - Started process (PID=1483) to work on /home/airflow/.local/lib/python3.7/site-packages/airflow/example_dags/example_nested_branch_dag.py
[2022-12-14T20:00:27.758+0000] {processor.py:743} INFO - Processing file /home/airflow/.local/lib/python3.7/site-packages/airflow/example_dags/example_nested_branch_dag.py for tasks to queue
[2022-12-14T20:00:27.760+0000] {logging_mixin.py:137} INFO - [2022-12-14T20:00:27.760+0000] {dagbag.py:538} INFO - Filling up the DagBag from /home/airflow/.local/lib/python3.7/site-packages/airflow/example_dags/example_nested_branch_dag.py
[2022-12-14T20:00:27.801+0000] {processor.py:753} INFO - DAG(s) dict_keys(['example_nested_branch_dag']) retrieved from /home/airflow/.local/lib/python3.7/site-packages/airflow/example_dags/example_nested_branch_dag.py
[2022-12-14T20:00:27.860+0000] {logging_mixin.py:137} INFO - [2022-12-14T20:00:27.859+0000] {dag.py:2676} INFO - Sync 1 DAGs
[2022-12-14T20:00:27.903+0000] {logging_mixin.py:137} INFO - [2022-12-14T20:00:27.902+0000] {dag.py:3427} INFO - Setting next_dagrun for example_nested_branch_dag to 2022-12-13T00:00:00+00:00, run_after=2022-12-14T00:00:00+00:00
[2022-12-14T20:00:27.935+0000] {processor.py:175} INFO - Processing /home/airflow/.local/lib/python3.7/site-packages/airflow/example_dags/example_nested_branch_dag.py took 0.183 seconds
[2022-12-14T20:00:58.228+0000] {processor.py:153} INFO - Started process (PID=1563) to work on /home/airflow/.local/lib/python3.7/site-packages/airflow/example_dags/example_nested_branch_dag.py
[2022-12-14T20:00:58.229+0000] {processor.py:743} INFO - Processing file /home/airflow/.local/lib/python3.7/site-packages/airflow/example_dags/example_nested_branch_dag.py for tasks to queue
[2022-12-14T20:00:58.231+0000] {logging_mixin.py:137} INFO - [2022-12-14T20:00:58.230+0000] {dagbag.py:538} INFO - Filling up the DagBag from /home/airflow/.local/lib/python3.7/site-packages/airflow/example_dags/example_nested_branch_dag.py
[2022-12-14T20:00:58.270+0000] {processor.py:753} INFO - DAG(s) dict_keys(['example_nested_branch_dag']) retrieved from /home/airflow/.local/lib/python3.7/site-packages/airflow/example_dags/example_nested_branch_dag.py
[2022-12-14T20:00:58.327+0000] {logging_mixin.py:137} INFO - [2022-12-14T20:00:58.327+0000] {dag.py:2676} INFO - Sync 1 DAGs
[2022-12-14T20:00:58.364+0000] {logging_mixin.py:137} INFO - [2022-12-14T20:00:58.364+0000] {dag.py:3427} INFO - Setting next_dagrun for example_nested_branch_dag to 2022-12-13T00:00:00+00:00, run_after=2022-12-14T00:00:00+00:00
[2022-12-14T20:00:58.394+0000] {processor.py:175} INFO - Processing /home/airflow/.local/lib/python3.7/site-packages/airflow/example_dags/example_nested_branch_dag.py took 0.170 seconds
[2022-12-14T20:01:29.058+0000] {processor.py:153} INFO - Started process (PID=1652) to work on /home/airflow/.local/lib/python3.7/site-packages/airflow/example_dags/example_nested_branch_dag.py
[2022-12-14T20:01:29.060+0000] {processor.py:743} INFO - Processing file /home/airflow/.local/lib/python3.7/site-packages/airflow/example_dags/example_nested_branch_dag.py for tasks to queue
[2022-12-14T20:01:29.061+0000] {logging_mixin.py:137} INFO - [2022-12-14T20:01:29.061+0000] {dagbag.py:538} INFO - Filling up the DagBag from /home/airflow/.local/lib/python3.7/site-packages/airflow/example_dags/example_nested_branch_dag.py
[2022-12-14T20:01:29.108+0000] {processor.py:753} INFO - DAG(s) dict_keys(['example_nested_branch_dag']) retrieved from /home/airflow/.local/lib/python3.7/site-packages/airflow/example_dags/example_nested_branch_dag.py
[2022-12-14T20:01:29.173+0000] {logging_mixin.py:137} INFO - [2022-12-14T20:01:29.173+0000] {dag.py:2676} INFO - Sync 1 DAGs
[2022-12-14T20:01:29.220+0000] {logging_mixin.py:137} INFO - [2022-12-14T20:01:29.220+0000] {dag.py:3427} INFO - Setting next_dagrun for example_nested_branch_dag to 2022-12-13T00:00:00+00:00, run_after=2022-12-14T00:00:00+00:00
[2022-12-14T20:01:29.263+0000] {processor.py:175} INFO - Processing /home/airflow/.local/lib/python3.7/site-packages/airflow/example_dags/example_nested_branch_dag.py took 0.210 seconds
[2022-12-14T20:01:59.514+0000] {processor.py:153} INFO - Started process (PID=1743) to work on /home/airflow/.local/lib/python3.7/site-packages/airflow/example_dags/example_nested_branch_dag.py
[2022-12-14T20:01:59.516+0000] {processor.py:743} INFO - Processing file /home/airflow/.local/lib/python3.7/site-packages/airflow/example_dags/example_nested_branch_dag.py for tasks to queue
[2022-12-14T20:01:59.517+0000] {logging_mixin.py:137} INFO - [2022-12-14T20:01:59.517+0000] {dagbag.py:538} INFO - Filling up the DagBag from /home/airflow/.local/lib/python3.7/site-packages/airflow/example_dags/example_nested_branch_dag.py
[2022-12-14T20:01:59.557+0000] {processor.py:753} INFO - DAG(s) dict_keys(['example_nested_branch_dag']) retrieved from /home/airflow/.local/lib/python3.7/site-packages/airflow/example_dags/example_nested_branch_dag.py
[2022-12-14T20:01:59.621+0000] {logging_mixin.py:137} INFO - [2022-12-14T20:01:59.621+0000] {dag.py:2676} INFO - Sync 1 DAGs
[2022-12-14T20:01:59.677+0000] {logging_mixin.py:137} INFO - [2022-12-14T20:01:59.677+0000] {dag.py:3427} INFO - Setting next_dagrun for example_nested_branch_dag to 2022-12-13T00:00:00+00:00, run_after=2022-12-14T00:00:00+00:00
[2022-12-14T20:01:59.713+0000] {processor.py:175} INFO - Processing /home/airflow/.local/lib/python3.7/site-packages/airflow/example_dags/example_nested_branch_dag.py took 0.203 seconds
[2022-12-14T20:02:29.789+0000] {processor.py:153} INFO - Started process (PID=1823) to work on /home/airflow/.local/lib/python3.7/site-packages/airflow/example_dags/example_nested_branch_dag.py
[2022-12-14T20:02:29.790+0000] {processor.py:743} INFO - Processing file /home/airflow/.local/lib/python3.7/site-packages/airflow/example_dags/example_nested_branch_dag.py for tasks to queue
[2022-12-14T20:02:29.791+0000] {logging_mixin.py:137} INFO - [2022-12-14T20:02:29.791+0000] {dagbag.py:538} INFO - Filling up the DagBag from /home/airflow/.local/lib/python3.7/site-packages/airflow/example_dags/example_nested_branch_dag.py
[2022-12-14T20:02:29.828+0000] {processor.py:753} INFO - DAG(s) dict_keys(['example_nested_branch_dag']) retrieved from /home/airflow/.local/lib/python3.7/site-packages/airflow/example_dags/example_nested_branch_dag.py
[2022-12-14T20:02:29.888+0000] {logging_mixin.py:137} INFO - [2022-12-14T20:02:29.888+0000] {dag.py:2676} INFO - Sync 1 DAGs
[2022-12-14T20:02:29.942+0000] {logging_mixin.py:137} INFO - [2022-12-14T20:02:29.942+0000] {dag.py:3427} INFO - Setting next_dagrun for example_nested_branch_dag to 2022-12-13T00:00:00+00:00, run_after=2022-12-14T00:00:00+00:00
[2022-12-14T20:02:29.984+0000] {processor.py:175} INFO - Processing /home/airflow/.local/lib/python3.7/site-packages/airflow/example_dags/example_nested_branch_dag.py took 0.199 seconds
[2022-12-14T20:03:00.523+0000] {processor.py:153} INFO - Started process (PID=1903) to work on /home/airflow/.local/lib/python3.7/site-packages/airflow/example_dags/example_nested_branch_dag.py
[2022-12-14T20:03:00.525+0000] {processor.py:743} INFO - Processing file /home/airflow/.local/lib/python3.7/site-packages/airflow/example_dags/example_nested_branch_dag.py for tasks to queue
[2022-12-14T20:03:00.526+0000] {logging_mixin.py:137} INFO - [2022-12-14T20:03:00.525+0000] {dagbag.py:538} INFO - Filling up the DagBag from /home/airflow/.local/lib/python3.7/site-packages/airflow/example_dags/example_nested_branch_dag.py
[2022-12-14T20:03:00.562+0000] {processor.py:753} INFO - DAG(s) dict_keys(['example_nested_branch_dag']) retrieved from /home/airflow/.local/lib/python3.7/site-packages/airflow/example_dags/example_nested_branch_dag.py
[2022-12-14T20:03:00.617+0000] {logging_mixin.py:137} INFO - [2022-12-14T20:03:00.616+0000] {dag.py:2676} INFO - Sync 1 DAGs
[2022-12-14T20:03:00.659+0000] {logging_mixin.py:137} INFO - [2022-12-14T20:03:00.659+0000] {dag.py:3427} INFO - Setting next_dagrun for example_nested_branch_dag to 2022-12-13T00:00:00+00:00, run_after=2022-12-14T00:00:00+00:00
[2022-12-14T20:03:00.688+0000] {processor.py:175} INFO - Processing /home/airflow/.local/lib/python3.7/site-packages/airflow/example_dags/example_nested_branch_dag.py took 0.169 seconds
[2022-12-14T20:03:30.857+0000] {processor.py:153} INFO - Started process (PID=1990) to work on /home/airflow/.local/lib/python3.7/site-packages/airflow/example_dags/example_nested_branch_dag.py
[2022-12-14T20:03:30.859+0000] {processor.py:743} INFO - Processing file /home/airflow/.local/lib/python3.7/site-packages/airflow/example_dags/example_nested_branch_dag.py for tasks to queue
[2022-12-14T20:03:30.860+0000] {logging_mixin.py:137} INFO - [2022-12-14T20:03:30.860+0000] {dagbag.py:538} INFO - Filling up the DagBag from /home/airflow/.local/lib/python3.7/site-packages/airflow/example_dags/example_nested_branch_dag.py
[2022-12-14T20:03:30.906+0000] {processor.py:753} INFO - DAG(s) dict_keys(['example_nested_branch_dag']) retrieved from /home/airflow/.local/lib/python3.7/site-packages/airflow/example_dags/example_nested_branch_dag.py
[2022-12-14T20:03:30.995+0000] {logging_mixin.py:137} INFO - [2022-12-14T20:03:30.995+0000] {dag.py:2676} INFO - Sync 1 DAGs
[2022-12-14T20:03:31.060+0000] {logging_mixin.py:137} INFO - [2022-12-14T20:03:31.060+0000] {dag.py:3427} INFO - Setting next_dagrun for example_nested_branch_dag to 2022-12-13T00:00:00+00:00, run_after=2022-12-14T00:00:00+00:00
[2022-12-14T20:03:31.107+0000] {processor.py:175} INFO - Processing /home/airflow/.local/lib/python3.7/site-packages/airflow/example_dags/example_nested_branch_dag.py took 0.256 seconds
