[2022-12-14T19:52:03.380+0000] {processor.py:153} INFO - Started process (PID=90) to work on /home/airflow/.local/lib/python3.7/site-packages/airflow/example_dags/example_short_circuit_operator.py
[2022-12-14T19:52:03.381+0000] {processor.py:743} INFO - Processing file /home/airflow/.local/lib/python3.7/site-packages/airflow/example_dags/example_short_circuit_operator.py for tasks to queue
[2022-12-14T19:52:03.383+0000] {logging_mixin.py:137} INFO - [2022-12-14T19:52:03.382+0000] {dagbag.py:538} INFO - Filling up the DagBag from /home/airflow/.local/lib/python3.7/site-packages/airflow/example_dags/example_short_circuit_operator.py
[2022-12-14T19:52:03.434+0000] {processor.py:753} INFO - DAG(s) dict_keys(['example_short_circuit_operator']) retrieved from /home/airflow/.local/lib/python3.7/site-packages/airflow/example_dags/example_short_circuit_operator.py
[2022-12-14T19:52:03.559+0000] {logging_mixin.py:137} INFO - [2022-12-14T19:52:03.559+0000] {dag.py:2676} INFO - Sync 1 DAGs
[2022-12-14T19:52:03.651+0000] {logging_mixin.py:137} INFO - [2022-12-14T19:52:03.650+0000] {dag.py:3427} INFO - Setting next_dagrun for example_short_circuit_operator to 2022-12-13T19:52:03.650224+00:00, run_after=2022-12-14T19:52:03.650224+00:00
[2022-12-14T19:52:03.714+0000] {processor.py:175} INFO - Processing /home/airflow/.local/lib/python3.7/site-packages/airflow/example_dags/example_short_circuit_operator.py took 0.339 seconds
[2022-12-14T19:52:33.953+0000] {processor.py:153} INFO - Started process (PID=148) to work on /home/airflow/.local/lib/python3.7/site-packages/airflow/example_dags/example_short_circuit_operator.py
[2022-12-14T19:52:33.955+0000] {processor.py:743} INFO - Processing file /home/airflow/.local/lib/python3.7/site-packages/airflow/example_dags/example_short_circuit_operator.py for tasks to queue
[2022-12-14T19:52:33.956+0000] {logging_mixin.py:137} INFO - [2022-12-14T19:52:33.956+0000] {dagbag.py:538} INFO - Filling up the DagBag from /home/airflow/.local/lib/python3.7/site-packages/airflow/example_dags/example_short_circuit_operator.py
[2022-12-14T19:52:33.990+0000] {processor.py:753} INFO - DAG(s) dict_keys(['example_short_circuit_operator']) retrieved from /home/airflow/.local/lib/python3.7/site-packages/airflow/example_dags/example_short_circuit_operator.py
[2022-12-14T19:52:34.076+0000] {logging_mixin.py:137} INFO - [2022-12-14T19:52:34.076+0000] {dag.py:2676} INFO - Sync 1 DAGs
[2022-12-14T19:52:34.131+0000] {logging_mixin.py:137} INFO - [2022-12-14T19:52:34.131+0000] {dag.py:3427} INFO - Setting next_dagrun for example_short_circuit_operator to 2022-12-13T19:52:34.130740+00:00, run_after=2022-12-14T19:52:34.130740+00:00
[2022-12-14T19:52:34.163+0000] {processor.py:175} INFO - Processing /home/airflow/.local/lib/python3.7/site-packages/airflow/example_dags/example_short_circuit_operator.py took 0.216 seconds
[2022-12-14T19:53:04.935+0000] {processor.py:153} INFO - Started process (PID=237) to work on /home/airflow/.local/lib/python3.7/site-packages/airflow/example_dags/example_short_circuit_operator.py
[2022-12-14T19:53:04.937+0000] {processor.py:743} INFO - Processing file /home/airflow/.local/lib/python3.7/site-packages/airflow/example_dags/example_short_circuit_operator.py for tasks to queue
[2022-12-14T19:53:04.939+0000] {logging_mixin.py:137} INFO - [2022-12-14T19:53:04.939+0000] {dagbag.py:538} INFO - Filling up the DagBag from /home/airflow/.local/lib/python3.7/site-packages/airflow/example_dags/example_short_circuit_operator.py
[2022-12-14T19:53:04.978+0000] {processor.py:753} INFO - DAG(s) dict_keys(['example_short_circuit_operator']) retrieved from /home/airflow/.local/lib/python3.7/site-packages/airflow/example_dags/example_short_circuit_operator.py
[2022-12-14T19:53:05.057+0000] {logging_mixin.py:137} INFO - [2022-12-14T19:53:05.057+0000] {dag.py:2676} INFO - Sync 1 DAGs
[2022-12-14T19:53:05.110+0000] {logging_mixin.py:137} INFO - [2022-12-14T19:53:05.109+0000] {dag.py:3427} INFO - Setting next_dagrun for example_short_circuit_operator to 2022-12-13T19:53:05.109247+00:00, run_after=2022-12-14T19:53:05.109247+00:00
[2022-12-14T19:53:05.150+0000] {processor.py:175} INFO - Processing /home/airflow/.local/lib/python3.7/site-packages/airflow/example_dags/example_short_circuit_operator.py took 0.221 seconds
[2022-12-14T19:53:35.333+0000] {processor.py:153} INFO - Started process (PID=328) to work on /home/airflow/.local/lib/python3.7/site-packages/airflow/example_dags/example_short_circuit_operator.py
[2022-12-14T19:53:35.335+0000] {processor.py:743} INFO - Processing file /home/airflow/.local/lib/python3.7/site-packages/airflow/example_dags/example_short_circuit_operator.py for tasks to queue
[2022-12-14T19:53:35.336+0000] {logging_mixin.py:137} INFO - [2022-12-14T19:53:35.336+0000] {dagbag.py:538} INFO - Filling up the DagBag from /home/airflow/.local/lib/python3.7/site-packages/airflow/example_dags/example_short_circuit_operator.py
[2022-12-14T19:53:35.366+0000] {processor.py:753} INFO - DAG(s) dict_keys(['example_short_circuit_operator']) retrieved from /home/airflow/.local/lib/python3.7/site-packages/airflow/example_dags/example_short_circuit_operator.py
[2022-12-14T19:53:35.446+0000] {logging_mixin.py:137} INFO - [2022-12-14T19:53:35.446+0000] {dag.py:2676} INFO - Sync 1 DAGs
[2022-12-14T19:53:35.497+0000] {logging_mixin.py:137} INFO - [2022-12-14T19:53:35.497+0000] {dag.py:3427} INFO - Setting next_dagrun for example_short_circuit_operator to 2022-12-13T19:53:35.497336+00:00, run_after=2022-12-14T19:53:35.497336+00:00
[2022-12-14T19:53:35.528+0000] {processor.py:175} INFO - Processing /home/airflow/.local/lib/python3.7/site-packages/airflow/example_dags/example_short_circuit_operator.py took 0.200 seconds
[2022-12-14T19:54:05.961+0000] {processor.py:153} INFO - Started process (PID=408) to work on /home/airflow/.local/lib/python3.7/site-packages/airflow/example_dags/example_short_circuit_operator.py
[2022-12-14T19:54:05.962+0000] {processor.py:743} INFO - Processing file /home/airflow/.local/lib/python3.7/site-packages/airflow/example_dags/example_short_circuit_operator.py for tasks to queue
[2022-12-14T19:54:05.963+0000] {logging_mixin.py:137} INFO - [2022-12-14T19:54:05.963+0000] {dagbag.py:538} INFO - Filling up the DagBag from /home/airflow/.local/lib/python3.7/site-packages/airflow/example_dags/example_short_circuit_operator.py
[2022-12-14T19:54:05.984+0000] {processor.py:753} INFO - DAG(s) dict_keys(['example_short_circuit_operator']) retrieved from /home/airflow/.local/lib/python3.7/site-packages/airflow/example_dags/example_short_circuit_operator.py
[2022-12-14T19:54:06.033+0000] {logging_mixin.py:137} INFO - [2022-12-14T19:54:06.033+0000] {dag.py:2676} INFO - Sync 1 DAGs
[2022-12-14T19:54:06.072+0000] {logging_mixin.py:137} INFO - [2022-12-14T19:54:06.072+0000] {dag.py:3427} INFO - Setting next_dagrun for example_short_circuit_operator to 2022-12-13T19:54:06.071948+00:00, run_after=2022-12-14T19:54:06.071948+00:00
[2022-12-14T19:54:06.103+0000] {processor.py:175} INFO - Processing /home/airflow/.local/lib/python3.7/site-packages/airflow/example_dags/example_short_circuit_operator.py took 0.145 seconds
[2022-12-14T19:54:36.619+0000] {processor.py:153} INFO - Started process (PID=488) to work on /home/airflow/.local/lib/python3.7/site-packages/airflow/example_dags/example_short_circuit_operator.py
[2022-12-14T19:54:36.620+0000] {processor.py:743} INFO - Processing file /home/airflow/.local/lib/python3.7/site-packages/airflow/example_dags/example_short_circuit_operator.py for tasks to queue
[2022-12-14T19:54:36.621+0000] {logging_mixin.py:137} INFO - [2022-12-14T19:54:36.621+0000] {dagbag.py:538} INFO - Filling up the DagBag from /home/airflow/.local/lib/python3.7/site-packages/airflow/example_dags/example_short_circuit_operator.py
[2022-12-14T19:54:36.651+0000] {processor.py:753} INFO - DAG(s) dict_keys(['example_short_circuit_operator']) retrieved from /home/airflow/.local/lib/python3.7/site-packages/airflow/example_dags/example_short_circuit_operator.py
[2022-12-14T19:54:36.719+0000] {logging_mixin.py:137} INFO - [2022-12-14T19:54:36.719+0000] {dag.py:2676} INFO - Sync 1 DAGs
[2022-12-14T19:54:36.762+0000] {logging_mixin.py:137} INFO - [2022-12-14T19:54:36.762+0000] {dag.py:3427} INFO - Setting next_dagrun for example_short_circuit_operator to 2022-12-13T19:54:36.761972+00:00, run_after=2022-12-14T19:54:36.761972+00:00
[2022-12-14T19:54:36.791+0000] {processor.py:175} INFO - Processing /home/airflow/.local/lib/python3.7/site-packages/airflow/example_dags/example_short_circuit_operator.py took 0.176 seconds
[2022-12-14T19:55:07.144+0000] {processor.py:153} INFO - Started process (PID=568) to work on /home/airflow/.local/lib/python3.7/site-packages/airflow/example_dags/example_short_circuit_operator.py
[2022-12-14T19:55:07.147+0000] {processor.py:743} INFO - Processing file /home/airflow/.local/lib/python3.7/site-packages/airflow/example_dags/example_short_circuit_operator.py for tasks to queue
[2022-12-14T19:55:07.148+0000] {logging_mixin.py:137} INFO - [2022-12-14T19:55:07.148+0000] {dagbag.py:538} INFO - Filling up the DagBag from /home/airflow/.local/lib/python3.7/site-packages/airflow/example_dags/example_short_circuit_operator.py
[2022-12-14T19:55:07.171+0000] {processor.py:753} INFO - DAG(s) dict_keys(['example_short_circuit_operator']) retrieved from /home/airflow/.local/lib/python3.7/site-packages/airflow/example_dags/example_short_circuit_operator.py
[2022-12-14T19:55:07.223+0000] {logging_mixin.py:137} INFO - [2022-12-14T19:55:07.223+0000] {dag.py:2676} INFO - Sync 1 DAGs
[2022-12-14T19:55:07.259+0000] {logging_mixin.py:137} INFO - [2022-12-14T19:55:07.259+0000] {dag.py:3427} INFO - Setting next_dagrun for example_short_circuit_operator to 2022-12-13T19:55:07.259444+00:00, run_after=2022-12-14T19:55:07.259444+00:00
[2022-12-14T19:55:07.284+0000] {processor.py:175} INFO - Processing /home/airflow/.local/lib/python3.7/site-packages/airflow/example_dags/example_short_circuit_operator.py took 0.144 seconds
[2022-12-14T19:55:37.506+0000] {processor.py:153} INFO - Started process (PID=668) to work on /home/airflow/.local/lib/python3.7/site-packages/airflow/example_dags/example_short_circuit_operator.py
[2022-12-14T19:55:37.507+0000] {processor.py:743} INFO - Processing file /home/airflow/.local/lib/python3.7/site-packages/airflow/example_dags/example_short_circuit_operator.py for tasks to queue
[2022-12-14T19:55:37.508+0000] {logging_mixin.py:137} INFO - [2022-12-14T19:55:37.508+0000] {dagbag.py:538} INFO - Filling up the DagBag from /home/airflow/.local/lib/python3.7/site-packages/airflow/example_dags/example_short_circuit_operator.py
[2022-12-14T19:55:37.540+0000] {processor.py:753} INFO - DAG(s) dict_keys(['example_short_circuit_operator']) retrieved from /home/airflow/.local/lib/python3.7/site-packages/airflow/example_dags/example_short_circuit_operator.py
[2022-12-14T19:55:37.608+0000] {logging_mixin.py:137} INFO - [2022-12-14T19:55:37.607+0000] {dag.py:2676} INFO - Sync 1 DAGs
[2022-12-14T19:55:37.657+0000] {logging_mixin.py:137} INFO - [2022-12-14T19:55:37.657+0000] {dag.py:3427} INFO - Setting next_dagrun for example_short_circuit_operator to 2022-12-13T19:55:37.657009+00:00, run_after=2022-12-14T19:55:37.657009+00:00
[2022-12-14T19:55:37.690+0000] {processor.py:175} INFO - Processing /home/airflow/.local/lib/python3.7/site-packages/airflow/example_dags/example_short_circuit_operator.py took 0.189 seconds
[2022-12-14T19:56:08.502+0000] {processor.py:153} INFO - Started process (PID=748) to work on /home/airflow/.local/lib/python3.7/site-packages/airflow/example_dags/example_short_circuit_operator.py
[2022-12-14T19:56:08.504+0000] {processor.py:743} INFO - Processing file /home/airflow/.local/lib/python3.7/site-packages/airflow/example_dags/example_short_circuit_operator.py for tasks to queue
[2022-12-14T19:56:08.506+0000] {logging_mixin.py:137} INFO - [2022-12-14T19:56:08.506+0000] {dagbag.py:538} INFO - Filling up the DagBag from /home/airflow/.local/lib/python3.7/site-packages/airflow/example_dags/example_short_circuit_operator.py
[2022-12-14T19:56:08.538+0000] {processor.py:753} INFO - DAG(s) dict_keys(['example_short_circuit_operator']) retrieved from /home/airflow/.local/lib/python3.7/site-packages/airflow/example_dags/example_short_circuit_operator.py
[2022-12-14T19:56:08.586+0000] {logging_mixin.py:137} INFO - [2022-12-14T19:56:08.586+0000] {dag.py:2676} INFO - Sync 1 DAGs
[2022-12-14T19:56:08.645+0000] {logging_mixin.py:137} INFO - [2022-12-14T19:56:08.645+0000] {dag.py:3427} INFO - Setting next_dagrun for example_short_circuit_operator to 2022-12-13T19:56:08.644801+00:00, run_after=2022-12-14T19:56:08.644801+00:00
[2022-12-14T19:56:08.699+0000] {processor.py:175} INFO - Processing /home/airflow/.local/lib/python3.7/site-packages/airflow/example_dags/example_short_circuit_operator.py took 0.203 seconds
[2022-12-14T19:56:39.137+0000] {processor.py:153} INFO - Started process (PID=840) to work on /home/airflow/.local/lib/python3.7/site-packages/airflow/example_dags/example_short_circuit_operator.py
[2022-12-14T19:56:39.138+0000] {processor.py:743} INFO - Processing file /home/airflow/.local/lib/python3.7/site-packages/airflow/example_dags/example_short_circuit_operator.py for tasks to queue
[2022-12-14T19:56:39.139+0000] {logging_mixin.py:137} INFO - [2022-12-14T19:56:39.139+0000] {dagbag.py:538} INFO - Filling up the DagBag from /home/airflow/.local/lib/python3.7/site-packages/airflow/example_dags/example_short_circuit_operator.py
[2022-12-14T19:56:39.161+0000] {processor.py:753} INFO - DAG(s) dict_keys(['example_short_circuit_operator']) retrieved from /home/airflow/.local/lib/python3.7/site-packages/airflow/example_dags/example_short_circuit_operator.py
[2022-12-14T19:56:39.209+0000] {logging_mixin.py:137} INFO - [2022-12-14T19:56:39.209+0000] {dag.py:2676} INFO - Sync 1 DAGs
[2022-12-14T19:56:39.248+0000] {logging_mixin.py:137} INFO - [2022-12-14T19:56:39.247+0000] {dag.py:3427} INFO - Setting next_dagrun for example_short_circuit_operator to 2022-12-13T19:56:39.247545+00:00, run_after=2022-12-14T19:56:39.247545+00:00
[2022-12-14T19:56:39.273+0000] {processor.py:175} INFO - Processing /home/airflow/.local/lib/python3.7/site-packages/airflow/example_dags/example_short_circuit_operator.py took 0.140 seconds
[2022-12-14T19:57:10.061+0000] {processor.py:153} INFO - Started process (PID=936) to work on /home/airflow/.local/lib/python3.7/site-packages/airflow/example_dags/example_short_circuit_operator.py
[2022-12-14T19:57:10.062+0000] {processor.py:743} INFO - Processing file /home/airflow/.local/lib/python3.7/site-packages/airflow/example_dags/example_short_circuit_operator.py for tasks to queue
[2022-12-14T19:57:10.063+0000] {logging_mixin.py:137} INFO - [2022-12-14T19:57:10.063+0000] {dagbag.py:538} INFO - Filling up the DagBag from /home/airflow/.local/lib/python3.7/site-packages/airflow/example_dags/example_short_circuit_operator.py
[2022-12-14T19:57:10.085+0000] {processor.py:753} INFO - DAG(s) dict_keys(['example_short_circuit_operator']) retrieved from /home/airflow/.local/lib/python3.7/site-packages/airflow/example_dags/example_short_circuit_operator.py
[2022-12-14T19:57:10.141+0000] {logging_mixin.py:137} INFO - [2022-12-14T19:57:10.141+0000] {dag.py:2676} INFO - Sync 1 DAGs
[2022-12-14T19:57:10.182+0000] {logging_mixin.py:137} INFO - [2022-12-14T19:57:10.182+0000] {dag.py:3427} INFO - Setting next_dagrun for example_short_circuit_operator to 2022-12-13T19:57:10.181841+00:00, run_after=2022-12-14T19:57:10.181841+00:00
[2022-12-14T19:57:10.218+0000] {processor.py:175} INFO - Processing /home/airflow/.local/lib/python3.7/site-packages/airflow/example_dags/example_short_circuit_operator.py took 0.161 seconds
[2022-12-14T19:57:40.952+0000] {processor.py:153} INFO - Started process (PID=1019) to work on /home/airflow/.local/lib/python3.7/site-packages/airflow/example_dags/example_short_circuit_operator.py
[2022-12-14T19:57:40.954+0000] {processor.py:743} INFO - Processing file /home/airflow/.local/lib/python3.7/site-packages/airflow/example_dags/example_short_circuit_operator.py for tasks to queue
[2022-12-14T19:57:40.956+0000] {logging_mixin.py:137} INFO - [2022-12-14T19:57:40.955+0000] {dagbag.py:538} INFO - Filling up the DagBag from /home/airflow/.local/lib/python3.7/site-packages/airflow/example_dags/example_short_circuit_operator.py
[2022-12-14T19:57:40.984+0000] {processor.py:753} INFO - DAG(s) dict_keys(['example_short_circuit_operator']) retrieved from /home/airflow/.local/lib/python3.7/site-packages/airflow/example_dags/example_short_circuit_operator.py
[2022-12-14T19:57:41.043+0000] {logging_mixin.py:137} INFO - [2022-12-14T19:57:41.043+0000] {dag.py:2676} INFO - Sync 1 DAGs
[2022-12-14T19:57:41.102+0000] {logging_mixin.py:137} INFO - [2022-12-14T19:57:41.102+0000] {dag.py:3427} INFO - Setting next_dagrun for example_short_circuit_operator to 2022-12-13T19:57:41.101885+00:00, run_after=2022-12-14T19:57:41.101885+00:00
[2022-12-14T19:57:41.153+0000] {processor.py:175} INFO - Processing /home/airflow/.local/lib/python3.7/site-packages/airflow/example_dags/example_short_circuit_operator.py took 0.206 seconds
[2022-12-14T19:58:11.692+0000] {processor.py:153} INFO - Started process (PID=1099) to work on /home/airflow/.local/lib/python3.7/site-packages/airflow/example_dags/example_short_circuit_operator.py
[2022-12-14T19:58:11.693+0000] {processor.py:743} INFO - Processing file /home/airflow/.local/lib/python3.7/site-packages/airflow/example_dags/example_short_circuit_operator.py for tasks to queue
[2022-12-14T19:58:11.694+0000] {logging_mixin.py:137} INFO - [2022-12-14T19:58:11.694+0000] {dagbag.py:538} INFO - Filling up the DagBag from /home/airflow/.local/lib/python3.7/site-packages/airflow/example_dags/example_short_circuit_operator.py
[2022-12-14T19:58:11.716+0000] {processor.py:753} INFO - DAG(s) dict_keys(['example_short_circuit_operator']) retrieved from /home/airflow/.local/lib/python3.7/site-packages/airflow/example_dags/example_short_circuit_operator.py
[2022-12-14T19:58:11.763+0000] {logging_mixin.py:137} INFO - [2022-12-14T19:58:11.763+0000] {dag.py:2676} INFO - Sync 1 DAGs
[2022-12-14T19:58:11.801+0000] {logging_mixin.py:137} INFO - [2022-12-14T19:58:11.801+0000] {dag.py:3427} INFO - Setting next_dagrun for example_short_circuit_operator to 2022-12-13T19:58:11.800908+00:00, run_after=2022-12-14T19:58:11.800908+00:00
[2022-12-14T19:58:11.828+0000] {processor.py:175} INFO - Processing /home/airflow/.local/lib/python3.7/site-packages/airflow/example_dags/example_short_circuit_operator.py took 0.140 seconds
[2022-12-14T19:58:42.396+0000] {processor.py:153} INFO - Started process (PID=1179) to work on /home/airflow/.local/lib/python3.7/site-packages/airflow/example_dags/example_short_circuit_operator.py
[2022-12-14T19:58:42.398+0000] {processor.py:743} INFO - Processing file /home/airflow/.local/lib/python3.7/site-packages/airflow/example_dags/example_short_circuit_operator.py for tasks to queue
[2022-12-14T19:58:42.400+0000] {logging_mixin.py:137} INFO - [2022-12-14T19:58:42.399+0000] {dagbag.py:538} INFO - Filling up the DagBag from /home/airflow/.local/lib/python3.7/site-packages/airflow/example_dags/example_short_circuit_operator.py
[2022-12-14T19:58:42.432+0000] {processor.py:753} INFO - DAG(s) dict_keys(['example_short_circuit_operator']) retrieved from /home/airflow/.local/lib/python3.7/site-packages/airflow/example_dags/example_short_circuit_operator.py
[2022-12-14T19:58:42.513+0000] {logging_mixin.py:137} INFO - [2022-12-14T19:58:42.513+0000] {dag.py:2676} INFO - Sync 1 DAGs
[2022-12-14T19:58:42.560+0000] {logging_mixin.py:137} INFO - [2022-12-14T19:58:42.560+0000] {dag.py:3427} INFO - Setting next_dagrun for example_short_circuit_operator to 2022-12-13T19:58:42.560338+00:00, run_after=2022-12-14T19:58:42.560338+00:00
[2022-12-14T19:58:42.596+0000] {processor.py:175} INFO - Processing /home/airflow/.local/lib/python3.7/site-packages/airflow/example_dags/example_short_circuit_operator.py took 0.206 seconds
[2022-12-14T19:59:13.202+0000] {processor.py:153} INFO - Started process (PID=1279) to work on /home/airflow/.local/lib/python3.7/site-packages/airflow/example_dags/example_short_circuit_operator.py
[2022-12-14T19:59:13.205+0000] {processor.py:743} INFO - Processing file /home/airflow/.local/lib/python3.7/site-packages/airflow/example_dags/example_short_circuit_operator.py for tasks to queue
[2022-12-14T19:59:13.206+0000] {logging_mixin.py:137} INFO - [2022-12-14T19:59:13.206+0000] {dagbag.py:538} INFO - Filling up the DagBag from /home/airflow/.local/lib/python3.7/site-packages/airflow/example_dags/example_short_circuit_operator.py
[2022-12-14T19:59:13.243+0000] {processor.py:753} INFO - DAG(s) dict_keys(['example_short_circuit_operator']) retrieved from /home/airflow/.local/lib/python3.7/site-packages/airflow/example_dags/example_short_circuit_operator.py
[2022-12-14T19:59:13.381+0000] {logging_mixin.py:137} INFO - [2022-12-14T19:59:13.381+0000] {dag.py:2676} INFO - Sync 1 DAGs
[2022-12-14T19:59:13.489+0000] {logging_mixin.py:137} INFO - [2022-12-14T19:59:13.489+0000] {dag.py:3427} INFO - Setting next_dagrun for example_short_circuit_operator to 2022-12-13T19:59:13.489156+00:00, run_after=2022-12-14T19:59:13.489156+00:00
[2022-12-14T19:59:13.570+0000] {processor.py:175} INFO - Processing /home/airflow/.local/lib/python3.7/site-packages/airflow/example_dags/example_short_circuit_operator.py took 0.374 seconds
[2022-12-14T19:59:43.632+0000] {processor.py:153} INFO - Started process (PID=1358) to work on /home/airflow/.local/lib/python3.7/site-packages/airflow/example_dags/example_short_circuit_operator.py
[2022-12-14T19:59:43.633+0000] {processor.py:743} INFO - Processing file /home/airflow/.local/lib/python3.7/site-packages/airflow/example_dags/example_short_circuit_operator.py for tasks to queue
[2022-12-14T19:59:43.634+0000] {logging_mixin.py:137} INFO - [2022-12-14T19:59:43.634+0000] {dagbag.py:538} INFO - Filling up the DagBag from /home/airflow/.local/lib/python3.7/site-packages/airflow/example_dags/example_short_circuit_operator.py
[2022-12-14T19:59:43.659+0000] {processor.py:753} INFO - DAG(s) dict_keys(['example_short_circuit_operator']) retrieved from /home/airflow/.local/lib/python3.7/site-packages/airflow/example_dags/example_short_circuit_operator.py
[2022-12-14T19:59:43.710+0000] {logging_mixin.py:137} INFO - [2022-12-14T19:59:43.710+0000] {dag.py:2676} INFO - Sync 1 DAGs
[2022-12-14T19:59:43.747+0000] {logging_mixin.py:137} INFO - [2022-12-14T19:59:43.747+0000] {dag.py:3427} INFO - Setting next_dagrun for example_short_circuit_operator to 2022-12-13T19:59:43.747093+00:00, run_after=2022-12-14T19:59:43.747093+00:00
[2022-12-14T19:59:43.778+0000] {processor.py:175} INFO - Processing /home/airflow/.local/lib/python3.7/site-packages/airflow/example_dags/example_short_circuit_operator.py took 0.150 seconds
[2022-12-14T20:00:14.165+0000] {processor.py:153} INFO - Started process (PID=1439) to work on /home/airflow/.local/lib/python3.7/site-packages/airflow/example_dags/example_short_circuit_operator.py
[2022-12-14T20:00:14.166+0000] {processor.py:743} INFO - Processing file /home/airflow/.local/lib/python3.7/site-packages/airflow/example_dags/example_short_circuit_operator.py for tasks to queue
[2022-12-14T20:00:14.168+0000] {logging_mixin.py:137} INFO - [2022-12-14T20:00:14.168+0000] {dagbag.py:538} INFO - Filling up the DagBag from /home/airflow/.local/lib/python3.7/site-packages/airflow/example_dags/example_short_circuit_operator.py
[2022-12-14T20:00:14.200+0000] {processor.py:753} INFO - DAG(s) dict_keys(['example_short_circuit_operator']) retrieved from /home/airflow/.local/lib/python3.7/site-packages/airflow/example_dags/example_short_circuit_operator.py
[2022-12-14T20:00:14.268+0000] {logging_mixin.py:137} INFO - [2022-12-14T20:00:14.268+0000] {dag.py:2676} INFO - Sync 1 DAGs
[2022-12-14T20:00:14.331+0000] {logging_mixin.py:137} INFO - [2022-12-14T20:00:14.331+0000] {dag.py:3427} INFO - Setting next_dagrun for example_short_circuit_operator to 2022-12-13T20:00:14.330818+00:00, run_after=2022-12-14T20:00:14.330818+00:00
[2022-12-14T20:00:14.375+0000] {processor.py:175} INFO - Processing /home/airflow/.local/lib/python3.7/site-packages/airflow/example_dags/example_short_circuit_operator.py took 0.216 seconds
[2022-12-14T20:00:45.055+0000] {processor.py:153} INFO - Started process (PID=1519) to work on /home/airflow/.local/lib/python3.7/site-packages/airflow/example_dags/example_short_circuit_operator.py
[2022-12-14T20:00:45.057+0000] {processor.py:743} INFO - Processing file /home/airflow/.local/lib/python3.7/site-packages/airflow/example_dags/example_short_circuit_operator.py for tasks to queue
[2022-12-14T20:00:45.058+0000] {logging_mixin.py:137} INFO - [2022-12-14T20:00:45.058+0000] {dagbag.py:538} INFO - Filling up the DagBag from /home/airflow/.local/lib/python3.7/site-packages/airflow/example_dags/example_short_circuit_operator.py
[2022-12-14T20:00:45.082+0000] {processor.py:753} INFO - DAG(s) dict_keys(['example_short_circuit_operator']) retrieved from /home/airflow/.local/lib/python3.7/site-packages/airflow/example_dags/example_short_circuit_operator.py
[2022-12-14T20:00:45.140+0000] {logging_mixin.py:137} INFO - [2022-12-14T20:00:45.140+0000] {dag.py:2676} INFO - Sync 1 DAGs
[2022-12-14T20:00:45.177+0000] {logging_mixin.py:137} INFO - [2022-12-14T20:00:45.177+0000] {dag.py:3427} INFO - Setting next_dagrun for example_short_circuit_operator to 2022-12-13T20:00:45.177431+00:00, run_after=2022-12-14T20:00:45.177431+00:00
[2022-12-14T20:00:45.207+0000] {processor.py:175} INFO - Processing /home/airflow/.local/lib/python3.7/site-packages/airflow/example_dags/example_short_circuit_operator.py took 0.157 seconds
[2022-12-14T20:01:15.811+0000] {processor.py:153} INFO - Started process (PID=1619) to work on /home/airflow/.local/lib/python3.7/site-packages/airflow/example_dags/example_short_circuit_operator.py
[2022-12-14T20:01:15.820+0000] {processor.py:743} INFO - Processing file /home/airflow/.local/lib/python3.7/site-packages/airflow/example_dags/example_short_circuit_operator.py for tasks to queue
[2022-12-14T20:01:15.838+0000] {logging_mixin.py:137} INFO - [2022-12-14T20:01:15.837+0000] {dagbag.py:538} INFO - Filling up the DagBag from /home/airflow/.local/lib/python3.7/site-packages/airflow/example_dags/example_short_circuit_operator.py
[2022-12-14T20:01:15.870+0000] {processor.py:753} INFO - DAG(s) dict_keys(['example_short_circuit_operator']) retrieved from /home/airflow/.local/lib/python3.7/site-packages/airflow/example_dags/example_short_circuit_operator.py
[2022-12-14T20:01:15.933+0000] {logging_mixin.py:137} INFO - [2022-12-14T20:01:15.932+0000] {dag.py:2676} INFO - Sync 1 DAGs
[2022-12-14T20:01:15.973+0000] {logging_mixin.py:137} INFO - [2022-12-14T20:01:15.973+0000] {dag.py:3427} INFO - Setting next_dagrun for example_short_circuit_operator to 2022-12-13T20:01:15.972920+00:00, run_after=2022-12-14T20:01:15.972920+00:00
[2022-12-14T20:01:16.002+0000] {processor.py:175} INFO - Processing /home/airflow/.local/lib/python3.7/site-packages/airflow/example_dags/example_short_circuit_operator.py took 0.195 seconds
[2022-12-14T20:01:46.110+0000] {processor.py:153} INFO - Started process (PID=1699) to work on /home/airflow/.local/lib/python3.7/site-packages/airflow/example_dags/example_short_circuit_operator.py
[2022-12-14T20:01:46.111+0000] {processor.py:743} INFO - Processing file /home/airflow/.local/lib/python3.7/site-packages/airflow/example_dags/example_short_circuit_operator.py for tasks to queue
[2022-12-14T20:01:46.113+0000] {logging_mixin.py:137} INFO - [2022-12-14T20:01:46.112+0000] {dagbag.py:538} INFO - Filling up the DagBag from /home/airflow/.local/lib/python3.7/site-packages/airflow/example_dags/example_short_circuit_operator.py
[2022-12-14T20:01:46.138+0000] {processor.py:753} INFO - DAG(s) dict_keys(['example_short_circuit_operator']) retrieved from /home/airflow/.local/lib/python3.7/site-packages/airflow/example_dags/example_short_circuit_operator.py
[2022-12-14T20:01:46.200+0000] {logging_mixin.py:137} INFO - [2022-12-14T20:01:46.200+0000] {dag.py:2676} INFO - Sync 1 DAGs
[2022-12-14T20:01:46.239+0000] {logging_mixin.py:137} INFO - [2022-12-14T20:01:46.239+0000] {dag.py:3427} INFO - Setting next_dagrun for example_short_circuit_operator to 2022-12-13T20:01:46.238944+00:00, run_after=2022-12-14T20:01:46.238944+00:00
[2022-12-14T20:01:46.267+0000] {processor.py:175} INFO - Processing /home/airflow/.local/lib/python3.7/site-packages/airflow/example_dags/example_short_circuit_operator.py took 0.163 seconds
[2022-12-14T20:02:16.627+0000] {processor.py:153} INFO - Started process (PID=1779) to work on /home/airflow/.local/lib/python3.7/site-packages/airflow/example_dags/example_short_circuit_operator.py
[2022-12-14T20:02:16.628+0000] {processor.py:743} INFO - Processing file /home/airflow/.local/lib/python3.7/site-packages/airflow/example_dags/example_short_circuit_operator.py for tasks to queue
[2022-12-14T20:02:16.630+0000] {logging_mixin.py:137} INFO - [2022-12-14T20:02:16.630+0000] {dagbag.py:538} INFO - Filling up the DagBag from /home/airflow/.local/lib/python3.7/site-packages/airflow/example_dags/example_short_circuit_operator.py
[2022-12-14T20:02:16.658+0000] {processor.py:753} INFO - DAG(s) dict_keys(['example_short_circuit_operator']) retrieved from /home/airflow/.local/lib/python3.7/site-packages/airflow/example_dags/example_short_circuit_operator.py
[2022-12-14T20:02:16.712+0000] {logging_mixin.py:137} INFO - [2022-12-14T20:02:16.712+0000] {dag.py:2676} INFO - Sync 1 DAGs
[2022-12-14T20:02:16.750+0000] {logging_mixin.py:137} INFO - [2022-12-14T20:02:16.750+0000] {dag.py:3427} INFO - Setting next_dagrun for example_short_circuit_operator to 2022-12-13T20:02:16.750348+00:00, run_after=2022-12-14T20:02:16.750348+00:00
[2022-12-14T20:02:16.778+0000] {processor.py:175} INFO - Processing /home/airflow/.local/lib/python3.7/site-packages/airflow/example_dags/example_short_circuit_operator.py took 0.154 seconds
[2022-12-14T20:02:47.745+0000] {processor.py:153} INFO - Started process (PID=1859) to work on /home/airflow/.local/lib/python3.7/site-packages/airflow/example_dags/example_short_circuit_operator.py
[2022-12-14T20:02:47.746+0000] {processor.py:743} INFO - Processing file /home/airflow/.local/lib/python3.7/site-packages/airflow/example_dags/example_short_circuit_operator.py for tasks to queue
[2022-12-14T20:02:47.747+0000] {logging_mixin.py:137} INFO - [2022-12-14T20:02:47.747+0000] {dagbag.py:538} INFO - Filling up the DagBag from /home/airflow/.local/lib/python3.7/site-packages/airflow/example_dags/example_short_circuit_operator.py
[2022-12-14T20:02:47.772+0000] {processor.py:753} INFO - DAG(s) dict_keys(['example_short_circuit_operator']) retrieved from /home/airflow/.local/lib/python3.7/site-packages/airflow/example_dags/example_short_circuit_operator.py
[2022-12-14T20:02:47.828+0000] {logging_mixin.py:137} INFO - [2022-12-14T20:02:47.827+0000] {dag.py:2676} INFO - Sync 1 DAGs
[2022-12-14T20:02:47.871+0000] {logging_mixin.py:137} INFO - [2022-12-14T20:02:47.870+0000] {dag.py:3427} INFO - Setting next_dagrun for example_short_circuit_operator to 2022-12-13T20:02:47.870604+00:00, run_after=2022-12-14T20:02:47.870604+00:00
[2022-12-14T20:02:47.901+0000] {processor.py:175} INFO - Processing /home/airflow/.local/lib/python3.7/site-packages/airflow/example_dags/example_short_circuit_operator.py took 0.160 seconds
[2022-12-14T20:03:18.302+0000] {processor.py:153} INFO - Started process (PID=1948) to work on /home/airflow/.local/lib/python3.7/site-packages/airflow/example_dags/example_short_circuit_operator.py
[2022-12-14T20:03:18.304+0000] {processor.py:743} INFO - Processing file /home/airflow/.local/lib/python3.7/site-packages/airflow/example_dags/example_short_circuit_operator.py for tasks to queue
[2022-12-14T20:03:18.305+0000] {logging_mixin.py:137} INFO - [2022-12-14T20:03:18.305+0000] {dagbag.py:538} INFO - Filling up the DagBag from /home/airflow/.local/lib/python3.7/site-packages/airflow/example_dags/example_short_circuit_operator.py
[2022-12-14T20:03:18.398+0000] {processor.py:753} INFO - DAG(s) dict_keys(['example_short_circuit_operator']) retrieved from /home/airflow/.local/lib/python3.7/site-packages/airflow/example_dags/example_short_circuit_operator.py
[2022-12-14T20:03:18.486+0000] {logging_mixin.py:137} INFO - [2022-12-14T20:03:18.485+0000] {dag.py:2676} INFO - Sync 1 DAGs
[2022-12-14T20:03:18.537+0000] {logging_mixin.py:137} INFO - [2022-12-14T20:03:18.536+0000] {dag.py:3427} INFO - Setting next_dagrun for example_short_circuit_operator to 2022-12-13T20:03:18.536397+00:00, run_after=2022-12-14T20:03:18.536397+00:00
[2022-12-14T20:03:18.572+0000] {processor.py:175} INFO - Processing /home/airflow/.local/lib/python3.7/site-packages/airflow/example_dags/example_short_circuit_operator.py took 0.276 seconds
[2022-12-14T20:03:48.976+0000] {processor.py:153} INFO - Started process (PID=2039) to work on /home/airflow/.local/lib/python3.7/site-packages/airflow/example_dags/example_short_circuit_operator.py
[2022-12-14T20:03:48.978+0000] {processor.py:743} INFO - Processing file /home/airflow/.local/lib/python3.7/site-packages/airflow/example_dags/example_short_circuit_operator.py for tasks to queue
[2022-12-14T20:03:48.979+0000] {logging_mixin.py:137} INFO - [2022-12-14T20:03:48.979+0000] {dagbag.py:538} INFO - Filling up the DagBag from /home/airflow/.local/lib/python3.7/site-packages/airflow/example_dags/example_short_circuit_operator.py
[2022-12-14T20:03:49.019+0000] {processor.py:753} INFO - DAG(s) dict_keys(['example_short_circuit_operator']) retrieved from /home/airflow/.local/lib/python3.7/site-packages/airflow/example_dags/example_short_circuit_operator.py
[2022-12-14T20:03:50.333+0000] {logging_mixin.py:137} INFO - [2022-12-14T20:03:50.332+0000] {process_utils.py:256} INFO - Waiting up to 5 seconds for processes to exit...
