[2022-12-14T19:52:12.954+0000] {processor.py:153} INFO - Started process (PID=116) to work on /home/airflow/.local/lib/python3.7/site-packages/airflow/example_dags/example_task_group_decorator.py
[2022-12-14T19:52:12.956+0000] {processor.py:743} INFO - Processing file /home/airflow/.local/lib/python3.7/site-packages/airflow/example_dags/example_task_group_decorator.py for tasks to queue
[2022-12-14T19:52:12.957+0000] {logging_mixin.py:137} INFO - [2022-12-14T19:52:12.957+0000] {dagbag.py:538} INFO - Filling up the DagBag from /home/airflow/.local/lib/python3.7/site-packages/airflow/example_dags/example_task_group_decorator.py
[2022-12-14T19:52:13.023+0000] {processor.py:753} INFO - DAG(s) dict_keys(['example_task_group_decorator']) retrieved from /home/airflow/.local/lib/python3.7/site-packages/airflow/example_dags/example_task_group_decorator.py
[2022-12-14T19:52:13.095+0000] {logging_mixin.py:137} INFO - [2022-12-14T19:52:13.095+0000] {dag.py:2676} INFO - Sync 1 DAGs
[2022-12-14T19:52:13.156+0000] {logging_mixin.py:137} INFO - [2022-12-14T19:52:13.156+0000] {dag.py:3427} INFO - Setting next_dagrun for example_task_group_decorator to 2022-12-13T19:52:13.156134+00:00, run_after=2022-12-14T19:52:13.156134+00:00
[2022-12-14T19:52:13.206+0000] {processor.py:175} INFO - Processing /home/airflow/.local/lib/python3.7/site-packages/airflow/example_dags/example_task_group_decorator.py took 0.257 seconds
[2022-12-14T19:52:43.669+0000] {processor.py:153} INFO - Started process (PID=196) to work on /home/airflow/.local/lib/python3.7/site-packages/airflow/example_dags/example_task_group_decorator.py
[2022-12-14T19:52:43.671+0000] {processor.py:743} INFO - Processing file /home/airflow/.local/lib/python3.7/site-packages/airflow/example_dags/example_task_group_decorator.py for tasks to queue
[2022-12-14T19:52:43.673+0000] {logging_mixin.py:137} INFO - [2022-12-14T19:52:43.672+0000] {dagbag.py:538} INFO - Filling up the DagBag from /home/airflow/.local/lib/python3.7/site-packages/airflow/example_dags/example_task_group_decorator.py
[2022-12-14T19:52:43.726+0000] {processor.py:753} INFO - DAG(s) dict_keys(['example_task_group_decorator']) retrieved from /home/airflow/.local/lib/python3.7/site-packages/airflow/example_dags/example_task_group_decorator.py
[2022-12-14T19:52:43.777+0000] {logging_mixin.py:137} INFO - [2022-12-14T19:52:43.777+0000] {dag.py:2676} INFO - Sync 1 DAGs
[2022-12-14T19:52:43.831+0000] {logging_mixin.py:137} INFO - [2022-12-14T19:52:43.831+0000] {dag.py:3427} INFO - Setting next_dagrun for example_task_group_decorator to 2022-12-13T19:52:43.831091+00:00, run_after=2022-12-14T19:52:43.831091+00:00
[2022-12-14T19:52:43.863+0000] {processor.py:175} INFO - Processing /home/airflow/.local/lib/python3.7/site-packages/airflow/example_dags/example_task_group_decorator.py took 0.199 seconds
[2022-12-14T19:53:14.286+0000] {processor.py:153} INFO - Started process (PID=276) to work on /home/airflow/.local/lib/python3.7/site-packages/airflow/example_dags/example_task_group_decorator.py
[2022-12-14T19:53:14.287+0000] {processor.py:743} INFO - Processing file /home/airflow/.local/lib/python3.7/site-packages/airflow/example_dags/example_task_group_decorator.py for tasks to queue
[2022-12-14T19:53:14.288+0000] {logging_mixin.py:137} INFO - [2022-12-14T19:53:14.288+0000] {dagbag.py:538} INFO - Filling up the DagBag from /home/airflow/.local/lib/python3.7/site-packages/airflow/example_dags/example_task_group_decorator.py
[2022-12-14T19:53:14.334+0000] {processor.py:753} INFO - DAG(s) dict_keys(['example_task_group_decorator']) retrieved from /home/airflow/.local/lib/python3.7/site-packages/airflow/example_dags/example_task_group_decorator.py
[2022-12-14T19:53:14.396+0000] {logging_mixin.py:137} INFO - [2022-12-14T19:53:14.396+0000] {dag.py:2676} INFO - Sync 1 DAGs
[2022-12-14T19:53:14.443+0000] {logging_mixin.py:137} INFO - [2022-12-14T19:53:14.443+0000] {dag.py:3427} INFO - Setting next_dagrun for example_task_group_decorator to 2022-12-13T19:53:14.442852+00:00, run_after=2022-12-14T19:53:14.442852+00:00
[2022-12-14T19:53:14.477+0000] {processor.py:175} INFO - Processing /home/airflow/.local/lib/python3.7/site-packages/airflow/example_dags/example_task_group_decorator.py took 0.195 seconds
[2022-12-14T19:53:45.074+0000] {processor.py:153} INFO - Started process (PID=356) to work on /home/airflow/.local/lib/python3.7/site-packages/airflow/example_dags/example_task_group_decorator.py
[2022-12-14T19:53:45.081+0000] {processor.py:743} INFO - Processing file /home/airflow/.local/lib/python3.7/site-packages/airflow/example_dags/example_task_group_decorator.py for tasks to queue
[2022-12-14T19:53:45.083+0000] {logging_mixin.py:137} INFO - [2022-12-14T19:53:45.083+0000] {dagbag.py:538} INFO - Filling up the DagBag from /home/airflow/.local/lib/python3.7/site-packages/airflow/example_dags/example_task_group_decorator.py
[2022-12-14T19:53:45.148+0000] {processor.py:753} INFO - DAG(s) dict_keys(['example_task_group_decorator']) retrieved from /home/airflow/.local/lib/python3.7/site-packages/airflow/example_dags/example_task_group_decorator.py
[2022-12-14T19:53:45.230+0000] {logging_mixin.py:137} INFO - [2022-12-14T19:53:45.230+0000] {dag.py:2676} INFO - Sync 1 DAGs
[2022-12-14T19:53:45.291+0000] {logging_mixin.py:137} INFO - [2022-12-14T19:53:45.291+0000] {dag.py:3427} INFO - Setting next_dagrun for example_task_group_decorator to 2022-12-13T19:53:45.291314+00:00, run_after=2022-12-14T19:53:45.291314+00:00
[2022-12-14T19:53:45.328+0000] {processor.py:175} INFO - Processing /home/airflow/.local/lib/python3.7/site-packages/airflow/example_dags/example_task_group_decorator.py took 0.260 seconds
[2022-12-14T19:54:16.291+0000] {processor.py:153} INFO - Started process (PID=456) to work on /home/airflow/.local/lib/python3.7/site-packages/airflow/example_dags/example_task_group_decorator.py
[2022-12-14T19:54:16.292+0000] {processor.py:743} INFO - Processing file /home/airflow/.local/lib/python3.7/site-packages/airflow/example_dags/example_task_group_decorator.py for tasks to queue
[2022-12-14T19:54:16.293+0000] {logging_mixin.py:137} INFO - [2022-12-14T19:54:16.293+0000] {dagbag.py:538} INFO - Filling up the DagBag from /home/airflow/.local/lib/python3.7/site-packages/airflow/example_dags/example_task_group_decorator.py
[2022-12-14T19:54:16.333+0000] {processor.py:753} INFO - DAG(s) dict_keys(['example_task_group_decorator']) retrieved from /home/airflow/.local/lib/python3.7/site-packages/airflow/example_dags/example_task_group_decorator.py
[2022-12-14T19:54:16.384+0000] {logging_mixin.py:137} INFO - [2022-12-14T19:54:16.384+0000] {dag.py:2676} INFO - Sync 1 DAGs
[2022-12-14T19:54:16.418+0000] {logging_mixin.py:137} INFO - [2022-12-14T19:54:16.418+0000] {dag.py:3427} INFO - Setting next_dagrun for example_task_group_decorator to 2022-12-13T19:54:16.418489+00:00, run_after=2022-12-14T19:54:16.418489+00:00
[2022-12-14T19:54:16.445+0000] {processor.py:175} INFO - Processing /home/airflow/.local/lib/python3.7/site-packages/airflow/example_dags/example_task_group_decorator.py took 0.158 seconds
[2022-12-14T19:54:46.825+0000] {processor.py:153} INFO - Started process (PID=536) to work on /home/airflow/.local/lib/python3.7/site-packages/airflow/example_dags/example_task_group_decorator.py
[2022-12-14T19:54:46.827+0000] {processor.py:743} INFO - Processing file /home/airflow/.local/lib/python3.7/site-packages/airflow/example_dags/example_task_group_decorator.py for tasks to queue
[2022-12-14T19:54:46.828+0000] {logging_mixin.py:137} INFO - [2022-12-14T19:54:46.828+0000] {dagbag.py:538} INFO - Filling up the DagBag from /home/airflow/.local/lib/python3.7/site-packages/airflow/example_dags/example_task_group_decorator.py
[2022-12-14T19:54:46.871+0000] {processor.py:753} INFO - DAG(s) dict_keys(['example_task_group_decorator']) retrieved from /home/airflow/.local/lib/python3.7/site-packages/airflow/example_dags/example_task_group_decorator.py
[2022-12-14T19:54:46.930+0000] {logging_mixin.py:137} INFO - [2022-12-14T19:54:46.929+0000] {dag.py:2676} INFO - Sync 1 DAGs
[2022-12-14T19:54:46.969+0000] {logging_mixin.py:137} INFO - [2022-12-14T19:54:46.969+0000] {dag.py:3427} INFO - Setting next_dagrun for example_task_group_decorator to 2022-12-13T19:54:46.969336+00:00, run_after=2022-12-14T19:54:46.969336+00:00
[2022-12-14T19:54:46.997+0000] {processor.py:175} INFO - Processing /home/airflow/.local/lib/python3.7/site-packages/airflow/example_dags/example_task_group_decorator.py took 0.177 seconds
[2022-12-14T19:55:17.281+0000] {processor.py:153} INFO - Started process (PID=616) to work on /home/airflow/.local/lib/python3.7/site-packages/airflow/example_dags/example_task_group_decorator.py
[2022-12-14T19:55:17.282+0000] {processor.py:743} INFO - Processing file /home/airflow/.local/lib/python3.7/site-packages/airflow/example_dags/example_task_group_decorator.py for tasks to queue
[2022-12-14T19:55:17.283+0000] {logging_mixin.py:137} INFO - [2022-12-14T19:55:17.283+0000] {dagbag.py:538} INFO - Filling up the DagBag from /home/airflow/.local/lib/python3.7/site-packages/airflow/example_dags/example_task_group_decorator.py
[2022-12-14T19:55:17.324+0000] {processor.py:753} INFO - DAG(s) dict_keys(['example_task_group_decorator']) retrieved from /home/airflow/.local/lib/python3.7/site-packages/airflow/example_dags/example_task_group_decorator.py
[2022-12-14T19:55:17.376+0000] {logging_mixin.py:137} INFO - [2022-12-14T19:55:17.376+0000] {dag.py:2676} INFO - Sync 1 DAGs
[2022-12-14T19:55:17.415+0000] {logging_mixin.py:137} INFO - [2022-12-14T19:55:17.415+0000] {dag.py:3427} INFO - Setting next_dagrun for example_task_group_decorator to 2022-12-13T19:55:17.414671+00:00, run_after=2022-12-14T19:55:17.414671+00:00
[2022-12-14T19:55:17.446+0000] {processor.py:175} INFO - Processing /home/airflow/.local/lib/python3.7/site-packages/airflow/example_dags/example_task_group_decorator.py took 0.169 seconds
[2022-12-14T19:55:47.894+0000] {processor.py:153} INFO - Started process (PID=696) to work on /home/airflow/.local/lib/python3.7/site-packages/airflow/example_dags/example_task_group_decorator.py
[2022-12-14T19:55:47.895+0000] {processor.py:743} INFO - Processing file /home/airflow/.local/lib/python3.7/site-packages/airflow/example_dags/example_task_group_decorator.py for tasks to queue
[2022-12-14T19:55:47.896+0000] {logging_mixin.py:137} INFO - [2022-12-14T19:55:47.896+0000] {dagbag.py:538} INFO - Filling up the DagBag from /home/airflow/.local/lib/python3.7/site-packages/airflow/example_dags/example_task_group_decorator.py
[2022-12-14T19:55:47.944+0000] {processor.py:753} INFO - DAG(s) dict_keys(['example_task_group_decorator']) retrieved from /home/airflow/.local/lib/python3.7/site-packages/airflow/example_dags/example_task_group_decorator.py
[2022-12-14T19:55:47.998+0000] {logging_mixin.py:137} INFO - [2022-12-14T19:55:47.997+0000] {dag.py:2676} INFO - Sync 1 DAGs
[2022-12-14T19:55:48.035+0000] {logging_mixin.py:137} INFO - [2022-12-14T19:55:48.035+0000] {dag.py:3427} INFO - Setting next_dagrun for example_task_group_decorator to 2022-12-13T19:55:48.035095+00:00, run_after=2022-12-14T19:55:48.035095+00:00
[2022-12-14T19:55:48.063+0000] {processor.py:175} INFO - Processing /home/airflow/.local/lib/python3.7/site-packages/airflow/example_dags/example_task_group_decorator.py took 0.174 seconds
[2022-12-14T19:56:22.977+0000] {processor.py:153} INFO - Started process (PID=798) to work on /home/airflow/.local/lib/python3.7/site-packages/airflow/example_dags/example_task_group_decorator.py
[2022-12-14T19:56:22.979+0000] {processor.py:743} INFO - Processing file /home/airflow/.local/lib/python3.7/site-packages/airflow/example_dags/example_task_group_decorator.py for tasks to queue
[2022-12-14T19:56:22.982+0000] {logging_mixin.py:137} INFO - [2022-12-14T19:56:22.981+0000] {dagbag.py:538} INFO - Filling up the DagBag from /home/airflow/.local/lib/python3.7/site-packages/airflow/example_dags/example_task_group_decorator.py
[2022-12-14T19:56:23.047+0000] {processor.py:753} INFO - DAG(s) dict_keys(['example_task_group_decorator']) retrieved from /home/airflow/.local/lib/python3.7/site-packages/airflow/example_dags/example_task_group_decorator.py
[2022-12-14T19:56:23.091+0000] {logging_mixin.py:137} INFO - [2022-12-14T19:56:23.090+0000] {dag.py:2676} INFO - Sync 1 DAGs
[2022-12-14T19:56:23.145+0000] {logging_mixin.py:137} INFO - [2022-12-14T19:56:23.145+0000] {dag.py:3427} INFO - Setting next_dagrun for example_task_group_decorator to 2022-12-13T19:56:23.144617+00:00, run_after=2022-12-14T19:56:23.144617+00:00
[2022-12-14T19:56:23.185+0000] {processor.py:175} INFO - Processing /home/airflow/.local/lib/python3.7/site-packages/airflow/example_dags/example_task_group_decorator.py took 0.218 seconds
[2022-12-14T19:56:54.182+0000] {processor.py:153} INFO - Started process (PID=896) to work on /home/airflow/.local/lib/python3.7/site-packages/airflow/example_dags/example_task_group_decorator.py
[2022-12-14T19:56:54.183+0000] {processor.py:743} INFO - Processing file /home/airflow/.local/lib/python3.7/site-packages/airflow/example_dags/example_task_group_decorator.py for tasks to queue
[2022-12-14T19:56:54.184+0000] {logging_mixin.py:137} INFO - [2022-12-14T19:56:54.184+0000] {dagbag.py:538} INFO - Filling up the DagBag from /home/airflow/.local/lib/python3.7/site-packages/airflow/example_dags/example_task_group_decorator.py
[2022-12-14T19:56:54.226+0000] {processor.py:753} INFO - DAG(s) dict_keys(['example_task_group_decorator']) retrieved from /home/airflow/.local/lib/python3.7/site-packages/airflow/example_dags/example_task_group_decorator.py
[2022-12-14T19:56:54.284+0000] {logging_mixin.py:137} INFO - [2022-12-14T19:56:54.284+0000] {dag.py:2676} INFO - Sync 1 DAGs
[2022-12-14T19:56:54.326+0000] {logging_mixin.py:137} INFO - [2022-12-14T19:56:54.326+0000] {dag.py:3427} INFO - Setting next_dagrun for example_task_group_decorator to 2022-12-13T19:56:54.326045+00:00, run_after=2022-12-14T19:56:54.326045+00:00
[2022-12-14T19:56:54.353+0000] {processor.py:175} INFO - Processing /home/airflow/.local/lib/python3.7/site-packages/airflow/example_dags/example_task_group_decorator.py took 0.176 seconds
[2022-12-14T19:57:24.658+0000] {processor.py:153} INFO - Started process (PID=987) to work on /home/airflow/.local/lib/python3.7/site-packages/airflow/example_dags/example_task_group_decorator.py
[2022-12-14T19:57:24.659+0000] {processor.py:743} INFO - Processing file /home/airflow/.local/lib/python3.7/site-packages/airflow/example_dags/example_task_group_decorator.py for tasks to queue
[2022-12-14T19:57:24.660+0000] {logging_mixin.py:137} INFO - [2022-12-14T19:57:24.660+0000] {dagbag.py:538} INFO - Filling up the DagBag from /home/airflow/.local/lib/python3.7/site-packages/airflow/example_dags/example_task_group_decorator.py
[2022-12-14T19:57:24.707+0000] {processor.py:753} INFO - DAG(s) dict_keys(['example_task_group_decorator']) retrieved from /home/airflow/.local/lib/python3.7/site-packages/airflow/example_dags/example_task_group_decorator.py
[2022-12-14T19:57:24.788+0000] {logging_mixin.py:137} INFO - [2022-12-14T19:57:24.787+0000] {dag.py:2676} INFO - Sync 1 DAGs
[2022-12-14T19:57:24.848+0000] {logging_mixin.py:137} INFO - [2022-12-14T19:57:24.847+0000] {dag.py:3427} INFO - Setting next_dagrun for example_task_group_decorator to 2022-12-13T19:57:24.847401+00:00, run_after=2022-12-14T19:57:24.847401+00:00
[2022-12-14T19:57:24.883+0000] {processor.py:175} INFO - Processing /home/airflow/.local/lib/python3.7/site-packages/airflow/example_dags/example_task_group_decorator.py took 0.229 seconds
[2022-12-14T19:57:55.750+0000] {processor.py:153} INFO - Started process (PID=1067) to work on /home/airflow/.local/lib/python3.7/site-packages/airflow/example_dags/example_task_group_decorator.py
[2022-12-14T19:57:55.751+0000] {processor.py:743} INFO - Processing file /home/airflow/.local/lib/python3.7/site-packages/airflow/example_dags/example_task_group_decorator.py for tasks to queue
[2022-12-14T19:57:55.753+0000] {logging_mixin.py:137} INFO - [2022-12-14T19:57:55.752+0000] {dagbag.py:538} INFO - Filling up the DagBag from /home/airflow/.local/lib/python3.7/site-packages/airflow/example_dags/example_task_group_decorator.py
[2022-12-14T19:57:55.795+0000] {processor.py:753} INFO - DAG(s) dict_keys(['example_task_group_decorator']) retrieved from /home/airflow/.local/lib/python3.7/site-packages/airflow/example_dags/example_task_group_decorator.py
[2022-12-14T19:57:55.855+0000] {logging_mixin.py:137} INFO - [2022-12-14T19:57:55.854+0000] {dag.py:2676} INFO - Sync 1 DAGs
[2022-12-14T19:57:55.893+0000] {logging_mixin.py:137} INFO - [2022-12-14T19:57:55.893+0000] {dag.py:3427} INFO - Setting next_dagrun for example_task_group_decorator to 2022-12-13T19:57:55.892806+00:00, run_after=2022-12-14T19:57:55.892806+00:00
[2022-12-14T19:57:55.923+0000] {processor.py:175} INFO - Processing /home/airflow/.local/lib/python3.7/site-packages/airflow/example_dags/example_task_group_decorator.py took 0.178 seconds
[2022-12-14T19:58:26.042+0000] {processor.py:153} INFO - Started process (PID=1147) to work on /home/airflow/.local/lib/python3.7/site-packages/airflow/example_dags/example_task_group_decorator.py
[2022-12-14T19:58:26.043+0000] {processor.py:743} INFO - Processing file /home/airflow/.local/lib/python3.7/site-packages/airflow/example_dags/example_task_group_decorator.py for tasks to queue
[2022-12-14T19:58:26.044+0000] {logging_mixin.py:137} INFO - [2022-12-14T19:58:26.044+0000] {dagbag.py:538} INFO - Filling up the DagBag from /home/airflow/.local/lib/python3.7/site-packages/airflow/example_dags/example_task_group_decorator.py
[2022-12-14T19:58:26.092+0000] {processor.py:753} INFO - DAG(s) dict_keys(['example_task_group_decorator']) retrieved from /home/airflow/.local/lib/python3.7/site-packages/airflow/example_dags/example_task_group_decorator.py
[2022-12-14T19:58:26.145+0000] {logging_mixin.py:137} INFO - [2022-12-14T19:58:26.145+0000] {dag.py:2676} INFO - Sync 1 DAGs
[2022-12-14T19:58:26.179+0000] {logging_mixin.py:137} INFO - [2022-12-14T19:58:26.179+0000] {dag.py:3427} INFO - Setting next_dagrun for example_task_group_decorator to 2022-12-13T19:58:26.179374+00:00, run_after=2022-12-14T19:58:26.179374+00:00
[2022-12-14T19:58:26.217+0000] {processor.py:175} INFO - Processing /home/airflow/.local/lib/python3.7/site-packages/airflow/example_dags/example_task_group_decorator.py took 0.180 seconds
[2022-12-14T19:58:56.399+0000] {processor.py:153} INFO - Started process (PID=1234) to work on /home/airflow/.local/lib/python3.7/site-packages/airflow/example_dags/example_task_group_decorator.py
[2022-12-14T19:58:56.401+0000] {processor.py:743} INFO - Processing file /home/airflow/.local/lib/python3.7/site-packages/airflow/example_dags/example_task_group_decorator.py for tasks to queue
[2022-12-14T19:58:56.402+0000] {logging_mixin.py:137} INFO - [2022-12-14T19:58:56.402+0000] {dagbag.py:538} INFO - Filling up the DagBag from /home/airflow/.local/lib/python3.7/site-packages/airflow/example_dags/example_task_group_decorator.py
[2022-12-14T19:58:56.445+0000] {processor.py:753} INFO - DAG(s) dict_keys(['example_task_group_decorator']) retrieved from /home/airflow/.local/lib/python3.7/site-packages/airflow/example_dags/example_task_group_decorator.py
[2022-12-14T19:58:56.503+0000] {logging_mixin.py:137} INFO - [2022-12-14T19:58:56.503+0000] {dag.py:2676} INFO - Sync 1 DAGs
[2022-12-14T19:58:56.540+0000] {logging_mixin.py:137} INFO - [2022-12-14T19:58:56.539+0000] {dag.py:3427} INFO - Setting next_dagrun for example_task_group_decorator to 2022-12-13T19:58:56.539574+00:00, run_after=2022-12-14T19:58:56.539574+00:00
[2022-12-14T19:58:56.573+0000] {processor.py:175} INFO - Processing /home/airflow/.local/lib/python3.7/site-packages/airflow/example_dags/example_task_group_decorator.py took 0.180 seconds
[2022-12-14T19:59:26.864+0000] {processor.py:153} INFO - Started process (PID=1327) to work on /home/airflow/.local/lib/python3.7/site-packages/airflow/example_dags/example_task_group_decorator.py
[2022-12-14T19:59:26.866+0000] {processor.py:743} INFO - Processing file /home/airflow/.local/lib/python3.7/site-packages/airflow/example_dags/example_task_group_decorator.py for tasks to queue
[2022-12-14T19:59:26.867+0000] {logging_mixin.py:137} INFO - [2022-12-14T19:59:26.867+0000] {dagbag.py:538} INFO - Filling up the DagBag from /home/airflow/.local/lib/python3.7/site-packages/airflow/example_dags/example_task_group_decorator.py
[2022-12-14T19:59:26.922+0000] {processor.py:753} INFO - DAG(s) dict_keys(['example_task_group_decorator']) retrieved from /home/airflow/.local/lib/python3.7/site-packages/airflow/example_dags/example_task_group_decorator.py
[2022-12-14T19:59:26.986+0000] {logging_mixin.py:137} INFO - [2022-12-14T19:59:26.985+0000] {dag.py:2676} INFO - Sync 1 DAGs
[2022-12-14T19:59:27.042+0000] {logging_mixin.py:137} INFO - [2022-12-14T19:59:27.042+0000] {dag.py:3427} INFO - Setting next_dagrun for example_task_group_decorator to 2022-12-13T19:59:27.042208+00:00, run_after=2022-12-14T19:59:27.042208+00:00
[2022-12-14T19:59:27.077+0000] {processor.py:175} INFO - Processing /home/airflow/.local/lib/python3.7/site-packages/airflow/example_dags/example_task_group_decorator.py took 0.219 seconds
[2022-12-14T19:59:57.129+0000] {processor.py:153} INFO - Started process (PID=1407) to work on /home/airflow/.local/lib/python3.7/site-packages/airflow/example_dags/example_task_group_decorator.py
[2022-12-14T19:59:57.130+0000] {processor.py:743} INFO - Processing file /home/airflow/.local/lib/python3.7/site-packages/airflow/example_dags/example_task_group_decorator.py for tasks to queue
[2022-12-14T19:59:57.131+0000] {logging_mixin.py:137} INFO - [2022-12-14T19:59:57.131+0000] {dagbag.py:538} INFO - Filling up the DagBag from /home/airflow/.local/lib/python3.7/site-packages/airflow/example_dags/example_task_group_decorator.py
[2022-12-14T19:59:57.175+0000] {processor.py:753} INFO - DAG(s) dict_keys(['example_task_group_decorator']) retrieved from /home/airflow/.local/lib/python3.7/site-packages/airflow/example_dags/example_task_group_decorator.py
[2022-12-14T19:59:57.235+0000] {logging_mixin.py:137} INFO - [2022-12-14T19:59:57.235+0000] {dag.py:2676} INFO - Sync 1 DAGs
[2022-12-14T19:59:57.276+0000] {logging_mixin.py:137} INFO - [2022-12-14T19:59:57.276+0000] {dag.py:3427} INFO - Setting next_dagrun for example_task_group_decorator to 2022-12-13T19:59:57.275987+00:00, run_after=2022-12-14T19:59:57.275987+00:00
[2022-12-14T19:59:57.306+0000] {processor.py:175} INFO - Processing /home/airflow/.local/lib/python3.7/site-packages/airflow/example_dags/example_task_group_decorator.py took 0.182 seconds
[2022-12-14T20:00:28.150+0000] {processor.py:153} INFO - Started process (PID=1487) to work on /home/airflow/.local/lib/python3.7/site-packages/airflow/example_dags/example_task_group_decorator.py
[2022-12-14T20:00:28.151+0000] {processor.py:743} INFO - Processing file /home/airflow/.local/lib/python3.7/site-packages/airflow/example_dags/example_task_group_decorator.py for tasks to queue
[2022-12-14T20:00:28.152+0000] {logging_mixin.py:137} INFO - [2022-12-14T20:00:28.152+0000] {dagbag.py:538} INFO - Filling up the DagBag from /home/airflow/.local/lib/python3.7/site-packages/airflow/example_dags/example_task_group_decorator.py
[2022-12-14T20:00:28.197+0000] {processor.py:753} INFO - DAG(s) dict_keys(['example_task_group_decorator']) retrieved from /home/airflow/.local/lib/python3.7/site-packages/airflow/example_dags/example_task_group_decorator.py
[2022-12-14T20:00:28.261+0000] {logging_mixin.py:137} INFO - [2022-12-14T20:00:28.261+0000] {dag.py:2676} INFO - Sync 1 DAGs
[2022-12-14T20:00:28.311+0000] {logging_mixin.py:137} INFO - [2022-12-14T20:00:28.311+0000] {dag.py:3427} INFO - Setting next_dagrun for example_task_group_decorator to 2022-12-13T20:00:28.310514+00:00, run_after=2022-12-14T20:00:28.310514+00:00
[2022-12-14T20:00:28.340+0000] {processor.py:175} INFO - Processing /home/airflow/.local/lib/python3.7/site-packages/airflow/example_dags/example_task_group_decorator.py took 0.195 seconds
[2022-12-14T20:00:58.647+0000] {processor.py:153} INFO - Started process (PID=1567) to work on /home/airflow/.local/lib/python3.7/site-packages/airflow/example_dags/example_task_group_decorator.py
[2022-12-14T20:00:58.648+0000] {processor.py:743} INFO - Processing file /home/airflow/.local/lib/python3.7/site-packages/airflow/example_dags/example_task_group_decorator.py for tasks to queue
[2022-12-14T20:00:58.649+0000] {logging_mixin.py:137} INFO - [2022-12-14T20:00:58.649+0000] {dagbag.py:538} INFO - Filling up the DagBag from /home/airflow/.local/lib/python3.7/site-packages/airflow/example_dags/example_task_group_decorator.py
[2022-12-14T20:00:58.699+0000] {processor.py:753} INFO - DAG(s) dict_keys(['example_task_group_decorator']) retrieved from /home/airflow/.local/lib/python3.7/site-packages/airflow/example_dags/example_task_group_decorator.py
[2022-12-14T20:00:58.756+0000] {logging_mixin.py:137} INFO - [2022-12-14T20:00:58.756+0000] {dag.py:2676} INFO - Sync 1 DAGs
[2022-12-14T20:00:58.793+0000] {logging_mixin.py:137} INFO - [2022-12-14T20:00:58.793+0000] {dag.py:3427} INFO - Setting next_dagrun for example_task_group_decorator to 2022-12-13T20:00:58.793176+00:00, run_after=2022-12-14T20:00:58.793176+00:00
[2022-12-14T20:00:58.819+0000] {processor.py:175} INFO - Processing /home/airflow/.local/lib/python3.7/site-packages/airflow/example_dags/example_task_group_decorator.py took 0.176 seconds
[2022-12-14T20:01:29.674+0000] {processor.py:153} INFO - Started process (PID=1667) to work on /home/airflow/.local/lib/python3.7/site-packages/airflow/example_dags/example_task_group_decorator.py
[2022-12-14T20:01:29.676+0000] {processor.py:743} INFO - Processing file /home/airflow/.local/lib/python3.7/site-packages/airflow/example_dags/example_task_group_decorator.py for tasks to queue
[2022-12-14T20:01:29.678+0000] {logging_mixin.py:137} INFO - [2022-12-14T20:01:29.678+0000] {dagbag.py:538} INFO - Filling up the DagBag from /home/airflow/.local/lib/python3.7/site-packages/airflow/example_dags/example_task_group_decorator.py
[2022-12-14T20:01:29.732+0000] {processor.py:753} INFO - DAG(s) dict_keys(['example_task_group_decorator']) retrieved from /home/airflow/.local/lib/python3.7/site-packages/airflow/example_dags/example_task_group_decorator.py
[2022-12-14T20:01:29.808+0000] {logging_mixin.py:137} INFO - [2022-12-14T20:01:29.808+0000] {dag.py:2676} INFO - Sync 1 DAGs
[2022-12-14T20:01:29.851+0000] {logging_mixin.py:137} INFO - [2022-12-14T20:01:29.851+0000] {dag.py:3427} INFO - Setting next_dagrun for example_task_group_decorator to 2022-12-13T20:01:29.851381+00:00, run_after=2022-12-14T20:01:29.851381+00:00
[2022-12-14T20:01:29.881+0000] {processor.py:175} INFO - Processing /home/airflow/.local/lib/python3.7/site-packages/airflow/example_dags/example_task_group_decorator.py took 0.212 seconds
[2022-12-14T20:02:00.017+0000] {processor.py:153} INFO - Started process (PID=1747) to work on /home/airflow/.local/lib/python3.7/site-packages/airflow/example_dags/example_task_group_decorator.py
[2022-12-14T20:02:00.018+0000] {processor.py:743} INFO - Processing file /home/airflow/.local/lib/python3.7/site-packages/airflow/example_dags/example_task_group_decorator.py for tasks to queue
[2022-12-14T20:02:00.020+0000] {logging_mixin.py:137} INFO - [2022-12-14T20:02:00.020+0000] {dagbag.py:538} INFO - Filling up the DagBag from /home/airflow/.local/lib/python3.7/site-packages/airflow/example_dags/example_task_group_decorator.py
[2022-12-14T20:02:00.065+0000] {processor.py:753} INFO - DAG(s) dict_keys(['example_task_group_decorator']) retrieved from /home/airflow/.local/lib/python3.7/site-packages/airflow/example_dags/example_task_group_decorator.py
[2022-12-14T20:02:00.119+0000] {logging_mixin.py:137} INFO - [2022-12-14T20:02:00.119+0000] {dag.py:2676} INFO - Sync 1 DAGs
[2022-12-14T20:02:00.167+0000] {logging_mixin.py:137} INFO - [2022-12-14T20:02:00.167+0000] {dag.py:3427} INFO - Setting next_dagrun for example_task_group_decorator to 2022-12-13T20:02:00.166937+00:00, run_after=2022-12-14T20:02:00.166937+00:00
[2022-12-14T20:02:00.198+0000] {processor.py:175} INFO - Processing /home/airflow/.local/lib/python3.7/site-packages/airflow/example_dags/example_task_group_decorator.py took 0.185 seconds
[2022-12-14T20:02:30.572+0000] {processor.py:153} INFO - Started process (PID=1827) to work on /home/airflow/.local/lib/python3.7/site-packages/airflow/example_dags/example_task_group_decorator.py
[2022-12-14T20:02:30.573+0000] {processor.py:743} INFO - Processing file /home/airflow/.local/lib/python3.7/site-packages/airflow/example_dags/example_task_group_decorator.py for tasks to queue
[2022-12-14T20:02:30.574+0000] {logging_mixin.py:137} INFO - [2022-12-14T20:02:30.574+0000] {dagbag.py:538} INFO - Filling up the DagBag from /home/airflow/.local/lib/python3.7/site-packages/airflow/example_dags/example_task_group_decorator.py
[2022-12-14T20:02:30.620+0000] {processor.py:753} INFO - DAG(s) dict_keys(['example_task_group_decorator']) retrieved from /home/airflow/.local/lib/python3.7/site-packages/airflow/example_dags/example_task_group_decorator.py
[2022-12-14T20:02:30.681+0000] {logging_mixin.py:137} INFO - [2022-12-14T20:02:30.681+0000] {dag.py:2676} INFO - Sync 1 DAGs
[2022-12-14T20:02:30.726+0000] {logging_mixin.py:137} INFO - [2022-12-14T20:02:30.726+0000] {dag.py:3427} INFO - Setting next_dagrun for example_task_group_decorator to 2022-12-13T20:02:30.726203+00:00, run_after=2022-12-14T20:02:30.726203+00:00
[2022-12-14T20:02:30.765+0000] {processor.py:175} INFO - Processing /home/airflow/.local/lib/python3.7/site-packages/airflow/example_dags/example_task_group_decorator.py took 0.197 seconds
[2022-12-14T20:03:00.949+0000] {processor.py:153} INFO - Started process (PID=1907) to work on /home/airflow/.local/lib/python3.7/site-packages/airflow/example_dags/example_task_group_decorator.py
[2022-12-14T20:03:00.950+0000] {processor.py:743} INFO - Processing file /home/airflow/.local/lib/python3.7/site-packages/airflow/example_dags/example_task_group_decorator.py for tasks to queue
[2022-12-14T20:03:00.951+0000] {logging_mixin.py:137} INFO - [2022-12-14T20:03:00.951+0000] {dagbag.py:538} INFO - Filling up the DagBag from /home/airflow/.local/lib/python3.7/site-packages/airflow/example_dags/example_task_group_decorator.py
[2022-12-14T20:03:01.007+0000] {processor.py:753} INFO - DAG(s) dict_keys(['example_task_group_decorator']) retrieved from /home/airflow/.local/lib/python3.7/site-packages/airflow/example_dags/example_task_group_decorator.py
[2022-12-14T20:03:01.129+0000] {logging_mixin.py:137} INFO - [2022-12-14T20:03:01.129+0000] {dag.py:2676} INFO - Sync 1 DAGs
[2022-12-14T20:03:01.183+0000] {logging_mixin.py:137} INFO - [2022-12-14T20:03:01.183+0000] {dag.py:3427} INFO - Setting next_dagrun for example_task_group_decorator to 2022-12-13T20:03:01.182881+00:00, run_after=2022-12-14T20:03:01.182881+00:00
[2022-12-14T20:03:01.211+0000] {processor.py:175} INFO - Processing /home/airflow/.local/lib/python3.7/site-packages/airflow/example_dags/example_task_group_decorator.py took 0.267 seconds
[2022-12-14T20:03:31.434+0000] {processor.py:153} INFO - Started process (PID=1996) to work on /home/airflow/.local/lib/python3.7/site-packages/airflow/example_dags/example_task_group_decorator.py
[2022-12-14T20:03:31.436+0000] {processor.py:743} INFO - Processing file /home/airflow/.local/lib/python3.7/site-packages/airflow/example_dags/example_task_group_decorator.py for tasks to queue
[2022-12-14T20:03:31.437+0000] {logging_mixin.py:137} INFO - [2022-12-14T20:03:31.437+0000] {dagbag.py:538} INFO - Filling up the DagBag from /home/airflow/.local/lib/python3.7/site-packages/airflow/example_dags/example_task_group_decorator.py
[2022-12-14T20:03:31.506+0000] {processor.py:753} INFO - DAG(s) dict_keys(['example_task_group_decorator']) retrieved from /home/airflow/.local/lib/python3.7/site-packages/airflow/example_dags/example_task_group_decorator.py
[2022-12-14T20:03:31.579+0000] {logging_mixin.py:137} INFO - [2022-12-14T20:03:31.578+0000] {dag.py:2676} INFO - Sync 1 DAGs
[2022-12-14T20:03:31.636+0000] {logging_mixin.py:137} INFO - [2022-12-14T20:03:31.636+0000] {dag.py:3427} INFO - Setting next_dagrun for example_task_group_decorator to 2022-12-13T20:03:31.635861+00:00, run_after=2022-12-14T20:03:31.635861+00:00
[2022-12-14T20:03:31.674+0000] {processor.py:175} INFO - Processing /home/airflow/.local/lib/python3.7/site-packages/airflow/example_dags/example_task_group_decorator.py took 0.245 seconds
