[2022-12-14T19:52:14.173+0000] {processor.py:153} INFO - Started process (PID=122) to work on /home/airflow/.local/lib/python3.7/site-packages/airflow/example_dags/example_subdag_operator.py
[2022-12-14T19:52:14.182+0000] {processor.py:743} INFO - Processing file /home/airflow/.local/lib/python3.7/site-packages/airflow/example_dags/example_subdag_operator.py for tasks to queue
[2022-12-14T19:52:14.184+0000] {logging_mixin.py:137} INFO - [2022-12-14T19:52:14.183+0000] {dagbag.py:538} INFO - Filling up the DagBag from /home/airflow/.local/lib/python3.7/site-packages/airflow/example_dags/example_subdag_operator.py
[2022-12-14T19:52:14.322+0000] {processor.py:753} INFO - DAG(s) dict_keys(['example_subdag_operator.section-1', 'example_subdag_operator.section-2', 'example_subdag_operator']) retrieved from /home/airflow/.local/lib/python3.7/site-packages/airflow/example_dags/example_subdag_operator.py
[2022-12-14T19:52:14.410+0000] {logging_mixin.py:137} INFO - [2022-12-14T19:52:14.409+0000] {dag.py:2676} INFO - Sync 3 DAGs
[2022-12-14T19:52:14.515+0000] {logging_mixin.py:137} INFO - [2022-12-14T19:52:14.514+0000] {dag.py:3427} INFO - Setting next_dagrun for example_subdag_operator to 2022-01-01T00:00:00+00:00, run_after=2022-01-01T00:00:00+00:00
[2022-12-14T19:52:14.534+0000] {logging_mixin.py:137} INFO - [2022-12-14T19:52:14.534+0000] {dag.py:3427} INFO - Setting next_dagrun for example_subdag_operator.section-1 to None, run_after=None
[2022-12-14T19:52:14.538+0000] {logging_mixin.py:137} INFO - [2022-12-14T19:52:14.537+0000] {dag.py:3427} INFO - Setting next_dagrun for example_subdag_operator.section-2 to None, run_after=None
[2022-12-14T19:52:14.572+0000] {logging_mixin.py:137} INFO - [2022-12-14T19:52:14.571+0000] {dag.py:2676} INFO - Sync 2 DAGs
[2022-12-14T19:52:14.600+0000] {logging_mixin.py:137} INFO - [2022-12-14T19:52:14.599+0000] {dag.py:3427} INFO - Setting next_dagrun for example_subdag_operator.section-1 to None, run_after=None
[2022-12-14T19:52:14.601+0000] {logging_mixin.py:137} INFO - [2022-12-14T19:52:14.601+0000] {dag.py:3427} INFO - Setting next_dagrun for example_subdag_operator.section-2 to None, run_after=None
[2022-12-14T19:52:14.651+0000] {processor.py:175} INFO - Processing /home/airflow/.local/lib/python3.7/site-packages/airflow/example_dags/example_subdag_operator.py took 0.484 seconds
[2022-12-14T19:52:45.432+0000] {processor.py:153} INFO - Started process (PID=202) to work on /home/airflow/.local/lib/python3.7/site-packages/airflow/example_dags/example_subdag_operator.py
[2022-12-14T19:52:45.433+0000] {processor.py:743} INFO - Processing file /home/airflow/.local/lib/python3.7/site-packages/airflow/example_dags/example_subdag_operator.py for tasks to queue
[2022-12-14T19:52:45.435+0000] {logging_mixin.py:137} INFO - [2022-12-14T19:52:45.434+0000] {dagbag.py:538} INFO - Filling up the DagBag from /home/airflow/.local/lib/python3.7/site-packages/airflow/example_dags/example_subdag_operator.py
[2022-12-14T19:52:45.483+0000] {processor.py:753} INFO - DAG(s) dict_keys(['example_subdag_operator.section-1', 'example_subdag_operator.section-2', 'example_subdag_operator']) retrieved from /home/airflow/.local/lib/python3.7/site-packages/airflow/example_dags/example_subdag_operator.py
[2022-12-14T19:52:45.528+0000] {logging_mixin.py:137} INFO - [2022-12-14T19:52:45.528+0000] {dag.py:2676} INFO - Sync 3 DAGs
[2022-12-14T19:52:45.570+0000] {logging_mixin.py:137} INFO - [2022-12-14T19:52:45.570+0000] {dag.py:3427} INFO - Setting next_dagrun for example_subdag_operator to 2022-01-01T00:00:00+00:00, run_after=2022-01-01T00:00:00+00:00
[2022-12-14T19:52:45.577+0000] {logging_mixin.py:137} INFO - [2022-12-14T19:52:45.576+0000] {dag.py:3427} INFO - Setting next_dagrun for example_subdag_operator.section-1 to None, run_after=None
[2022-12-14T19:52:45.579+0000] {logging_mixin.py:137} INFO - [2022-12-14T19:52:45.579+0000] {dag.py:3427} INFO - Setting next_dagrun for example_subdag_operator.section-2 to None, run_after=None
[2022-12-14T19:52:45.592+0000] {logging_mixin.py:137} INFO - [2022-12-14T19:52:45.592+0000] {dag.py:2676} INFO - Sync 2 DAGs
[2022-12-14T19:52:45.601+0000] {logging_mixin.py:137} INFO - [2022-12-14T19:52:45.601+0000] {dag.py:3427} INFO - Setting next_dagrun for example_subdag_operator.section-1 to None, run_after=None
[2022-12-14T19:52:45.602+0000] {logging_mixin.py:137} INFO - [2022-12-14T19:52:45.602+0000] {dag.py:3427} INFO - Setting next_dagrun for example_subdag_operator.section-2 to None, run_after=None
[2022-12-14T19:52:45.621+0000] {processor.py:175} INFO - Processing /home/airflow/.local/lib/python3.7/site-packages/airflow/example_dags/example_subdag_operator.py took 0.193 seconds
[2022-12-14T19:53:15.932+0000] {processor.py:153} INFO - Started process (PID=282) to work on /home/airflow/.local/lib/python3.7/site-packages/airflow/example_dags/example_subdag_operator.py
[2022-12-14T19:53:15.933+0000] {processor.py:743} INFO - Processing file /home/airflow/.local/lib/python3.7/site-packages/airflow/example_dags/example_subdag_operator.py for tasks to queue
[2022-12-14T19:53:15.934+0000] {logging_mixin.py:137} INFO - [2022-12-14T19:53:15.934+0000] {dagbag.py:538} INFO - Filling up the DagBag from /home/airflow/.local/lib/python3.7/site-packages/airflow/example_dags/example_subdag_operator.py
[2022-12-14T19:53:15.976+0000] {processor.py:753} INFO - DAG(s) dict_keys(['example_subdag_operator.section-1', 'example_subdag_operator.section-2', 'example_subdag_operator']) retrieved from /home/airflow/.local/lib/python3.7/site-packages/airflow/example_dags/example_subdag_operator.py
[2022-12-14T19:53:16.021+0000] {logging_mixin.py:137} INFO - [2022-12-14T19:53:16.021+0000] {dag.py:2676} INFO - Sync 3 DAGs
[2022-12-14T19:53:16.059+0000] {logging_mixin.py:137} INFO - [2022-12-14T19:53:16.059+0000] {dag.py:3427} INFO - Setting next_dagrun for example_subdag_operator to 2022-01-01T00:00:00+00:00, run_after=2022-01-01T00:00:00+00:00
[2022-12-14T19:53:16.066+0000] {logging_mixin.py:137} INFO - [2022-12-14T19:53:16.066+0000] {dag.py:3427} INFO - Setting next_dagrun for example_subdag_operator.section-1 to None, run_after=None
[2022-12-14T19:53:16.068+0000] {logging_mixin.py:137} INFO - [2022-12-14T19:53:16.068+0000] {dag.py:3427} INFO - Setting next_dagrun for example_subdag_operator.section-2 to None, run_after=None
[2022-12-14T19:53:16.082+0000] {logging_mixin.py:137} INFO - [2022-12-14T19:53:16.082+0000] {dag.py:2676} INFO - Sync 2 DAGs
[2022-12-14T19:53:16.091+0000] {logging_mixin.py:137} INFO - [2022-12-14T19:53:16.091+0000] {dag.py:3427} INFO - Setting next_dagrun for example_subdag_operator.section-1 to None, run_after=None
[2022-12-14T19:53:16.092+0000] {logging_mixin.py:137} INFO - [2022-12-14T19:53:16.092+0000] {dag.py:3427} INFO - Setting next_dagrun for example_subdag_operator.section-2 to None, run_after=None
[2022-12-14T19:53:16.110+0000] {processor.py:175} INFO - Processing /home/airflow/.local/lib/python3.7/site-packages/airflow/example_dags/example_subdag_operator.py took 0.182 seconds
[2022-12-14T19:53:46.317+0000] {processor.py:153} INFO - Started process (PID=369) to work on /home/airflow/.local/lib/python3.7/site-packages/airflow/example_dags/example_subdag_operator.py
[2022-12-14T19:53:46.319+0000] {processor.py:743} INFO - Processing file /home/airflow/.local/lib/python3.7/site-packages/airflow/example_dags/example_subdag_operator.py for tasks to queue
[2022-12-14T19:53:46.320+0000] {logging_mixin.py:137} INFO - [2022-12-14T19:53:46.320+0000] {dagbag.py:538} INFO - Filling up the DagBag from /home/airflow/.local/lib/python3.7/site-packages/airflow/example_dags/example_subdag_operator.py
[2022-12-14T19:53:46.397+0000] {processor.py:753} INFO - DAG(s) dict_keys(['example_subdag_operator.section-1', 'example_subdag_operator.section-2', 'example_subdag_operator']) retrieved from /home/airflow/.local/lib/python3.7/site-packages/airflow/example_dags/example_subdag_operator.py
[2022-12-14T19:53:46.467+0000] {logging_mixin.py:137} INFO - [2022-12-14T19:53:46.467+0000] {dag.py:2676} INFO - Sync 3 DAGs
[2022-12-14T19:53:46.538+0000] {logging_mixin.py:137} INFO - [2022-12-14T19:53:46.538+0000] {dag.py:3427} INFO - Setting next_dagrun for example_subdag_operator to 2022-01-01T00:00:00+00:00, run_after=2022-01-01T00:00:00+00:00
[2022-12-14T19:53:46.547+0000] {logging_mixin.py:137} INFO - [2022-12-14T19:53:46.546+0000] {dag.py:3427} INFO - Setting next_dagrun for example_subdag_operator.section-1 to None, run_after=None
[2022-12-14T19:53:46.550+0000] {logging_mixin.py:137} INFO - [2022-12-14T19:53:46.550+0000] {dag.py:3427} INFO - Setting next_dagrun for example_subdag_operator.section-2 to None, run_after=None
[2022-12-14T19:53:46.569+0000] {logging_mixin.py:137} INFO - [2022-12-14T19:53:46.568+0000] {dag.py:2676} INFO - Sync 2 DAGs
[2022-12-14T19:53:46.582+0000] {logging_mixin.py:137} INFO - [2022-12-14T19:53:46.582+0000] {dag.py:3427} INFO - Setting next_dagrun for example_subdag_operator.section-1 to None, run_after=None
[2022-12-14T19:53:46.583+0000] {logging_mixin.py:137} INFO - [2022-12-14T19:53:46.583+0000] {dag.py:3427} INFO - Setting next_dagrun for example_subdag_operator.section-2 to None, run_after=None
[2022-12-14T19:53:46.605+0000] {processor.py:175} INFO - Processing /home/airflow/.local/lib/python3.7/site-packages/airflow/example_dags/example_subdag_operator.py took 0.294 seconds
[2022-12-14T19:54:17.106+0000] {processor.py:153} INFO - Started process (PID=462) to work on /home/airflow/.local/lib/python3.7/site-packages/airflow/example_dags/example_subdag_operator.py
[2022-12-14T19:54:17.108+0000] {processor.py:743} INFO - Processing file /home/airflow/.local/lib/python3.7/site-packages/airflow/example_dags/example_subdag_operator.py for tasks to queue
[2022-12-14T19:54:17.109+0000] {logging_mixin.py:137} INFO - [2022-12-14T19:54:17.109+0000] {dagbag.py:538} INFO - Filling up the DagBag from /home/airflow/.local/lib/python3.7/site-packages/airflow/example_dags/example_subdag_operator.py
[2022-12-14T19:54:17.152+0000] {processor.py:753} INFO - DAG(s) dict_keys(['example_subdag_operator.section-1', 'example_subdag_operator.section-2', 'example_subdag_operator']) retrieved from /home/airflow/.local/lib/python3.7/site-packages/airflow/example_dags/example_subdag_operator.py
[2022-12-14T19:54:17.198+0000] {logging_mixin.py:137} INFO - [2022-12-14T19:54:17.198+0000] {dag.py:2676} INFO - Sync 3 DAGs
[2022-12-14T19:54:17.234+0000] {logging_mixin.py:137} INFO - [2022-12-14T19:54:17.233+0000] {dag.py:3427} INFO - Setting next_dagrun for example_subdag_operator to 2022-01-01T00:00:00+00:00, run_after=2022-01-01T00:00:00+00:00
[2022-12-14T19:54:17.239+0000] {logging_mixin.py:137} INFO - [2022-12-14T19:54:17.239+0000] {dag.py:3427} INFO - Setting next_dagrun for example_subdag_operator.section-1 to None, run_after=None
[2022-12-14T19:54:17.241+0000] {logging_mixin.py:137} INFO - [2022-12-14T19:54:17.241+0000] {dag.py:3427} INFO - Setting next_dagrun for example_subdag_operator.section-2 to None, run_after=None
[2022-12-14T19:54:17.252+0000] {logging_mixin.py:137} INFO - [2022-12-14T19:54:17.251+0000] {dag.py:2676} INFO - Sync 2 DAGs
[2022-12-14T19:54:17.260+0000] {logging_mixin.py:137} INFO - [2022-12-14T19:54:17.260+0000] {dag.py:3427} INFO - Setting next_dagrun for example_subdag_operator.section-1 to None, run_after=None
[2022-12-14T19:54:17.261+0000] {logging_mixin.py:137} INFO - [2022-12-14T19:54:17.261+0000] {dag.py:3427} INFO - Setting next_dagrun for example_subdag_operator.section-2 to None, run_after=None
[2022-12-14T19:54:17.281+0000] {processor.py:175} INFO - Processing /home/airflow/.local/lib/python3.7/site-packages/airflow/example_dags/example_subdag_operator.py took 0.180 seconds
[2022-12-14T19:54:47.673+0000] {processor.py:153} INFO - Started process (PID=542) to work on /home/airflow/.local/lib/python3.7/site-packages/airflow/example_dags/example_subdag_operator.py
[2022-12-14T19:54:47.674+0000] {processor.py:743} INFO - Processing file /home/airflow/.local/lib/python3.7/site-packages/airflow/example_dags/example_subdag_operator.py for tasks to queue
[2022-12-14T19:54:47.676+0000] {logging_mixin.py:137} INFO - [2022-12-14T19:54:47.675+0000] {dagbag.py:538} INFO - Filling up the DagBag from /home/airflow/.local/lib/python3.7/site-packages/airflow/example_dags/example_subdag_operator.py
[2022-12-14T19:54:47.732+0000] {processor.py:753} INFO - DAG(s) dict_keys(['example_subdag_operator.section-1', 'example_subdag_operator.section-2', 'example_subdag_operator']) retrieved from /home/airflow/.local/lib/python3.7/site-packages/airflow/example_dags/example_subdag_operator.py
[2022-12-14T19:54:47.781+0000] {logging_mixin.py:137} INFO - [2022-12-14T19:54:47.781+0000] {dag.py:2676} INFO - Sync 3 DAGs
[2022-12-14T19:54:47.846+0000] {logging_mixin.py:137} INFO - [2022-12-14T19:54:47.846+0000] {dag.py:3427} INFO - Setting next_dagrun for example_subdag_operator to 2022-01-01T00:00:00+00:00, run_after=2022-01-01T00:00:00+00:00
[2022-12-14T19:54:47.852+0000] {logging_mixin.py:137} INFO - [2022-12-14T19:54:47.851+0000] {dag.py:3427} INFO - Setting next_dagrun for example_subdag_operator.section-1 to None, run_after=None
[2022-12-14T19:54:47.854+0000] {logging_mixin.py:137} INFO - [2022-12-14T19:54:47.854+0000] {dag.py:3427} INFO - Setting next_dagrun for example_subdag_operator.section-2 to None, run_after=None
[2022-12-14T19:54:47.868+0000] {logging_mixin.py:137} INFO - [2022-12-14T19:54:47.867+0000] {dag.py:2676} INFO - Sync 2 DAGs
[2022-12-14T19:54:47.877+0000] {logging_mixin.py:137} INFO - [2022-12-14T19:54:47.877+0000] {dag.py:3427} INFO - Setting next_dagrun for example_subdag_operator.section-1 to None, run_after=None
[2022-12-14T19:54:47.879+0000] {logging_mixin.py:137} INFO - [2022-12-14T19:54:47.878+0000] {dag.py:3427} INFO - Setting next_dagrun for example_subdag_operator.section-2 to None, run_after=None
[2022-12-14T19:54:47.898+0000] {processor.py:175} INFO - Processing /home/airflow/.local/lib/python3.7/site-packages/airflow/example_dags/example_subdag_operator.py took 0.230 seconds
[2022-12-14T19:55:18.000+0000] {processor.py:153} INFO - Started process (PID=622) to work on /home/airflow/.local/lib/python3.7/site-packages/airflow/example_dags/example_subdag_operator.py
[2022-12-14T19:55:18.001+0000] {processor.py:743} INFO - Processing file /home/airflow/.local/lib/python3.7/site-packages/airflow/example_dags/example_subdag_operator.py for tasks to queue
[2022-12-14T19:55:18.002+0000] {logging_mixin.py:137} INFO - [2022-12-14T19:55:18.002+0000] {dagbag.py:538} INFO - Filling up the DagBag from /home/airflow/.local/lib/python3.7/site-packages/airflow/example_dags/example_subdag_operator.py
[2022-12-14T19:55:18.048+0000] {processor.py:753} INFO - DAG(s) dict_keys(['example_subdag_operator.section-1', 'example_subdag_operator.section-2', 'example_subdag_operator']) retrieved from /home/airflow/.local/lib/python3.7/site-packages/airflow/example_dags/example_subdag_operator.py
[2022-12-14T19:55:18.097+0000] {logging_mixin.py:137} INFO - [2022-12-14T19:55:18.097+0000] {dag.py:2676} INFO - Sync 3 DAGs
[2022-12-14T19:55:18.135+0000] {logging_mixin.py:137} INFO - [2022-12-14T19:55:18.134+0000] {dag.py:3427} INFO - Setting next_dagrun for example_subdag_operator to 2022-01-01T00:00:00+00:00, run_after=2022-01-01T00:00:00+00:00
[2022-12-14T19:55:18.140+0000] {logging_mixin.py:137} INFO - [2022-12-14T19:55:18.140+0000] {dag.py:3427} INFO - Setting next_dagrun for example_subdag_operator.section-1 to None, run_after=None
[2022-12-14T19:55:18.143+0000] {logging_mixin.py:137} INFO - [2022-12-14T19:55:18.142+0000] {dag.py:3427} INFO - Setting next_dagrun for example_subdag_operator.section-2 to None, run_after=None
[2022-12-14T19:55:18.157+0000] {logging_mixin.py:137} INFO - [2022-12-14T19:55:18.157+0000] {dag.py:2676} INFO - Sync 2 DAGs
[2022-12-14T19:55:18.171+0000] {logging_mixin.py:137} INFO - [2022-12-14T19:55:18.171+0000] {dag.py:3427} INFO - Setting next_dagrun for example_subdag_operator.section-1 to None, run_after=None
[2022-12-14T19:55:18.173+0000] {logging_mixin.py:137} INFO - [2022-12-14T19:55:18.172+0000] {dag.py:3427} INFO - Setting next_dagrun for example_subdag_operator.section-2 to None, run_after=None
[2022-12-14T19:55:18.204+0000] {processor.py:175} INFO - Processing /home/airflow/.local/lib/python3.7/site-packages/airflow/example_dags/example_subdag_operator.py took 0.209 seconds
[2022-12-14T19:55:48.867+0000] {processor.py:153} INFO - Started process (PID=711) to work on /home/airflow/.local/lib/python3.7/site-packages/airflow/example_dags/example_subdag_operator.py
[2022-12-14T19:55:48.868+0000] {processor.py:743} INFO - Processing file /home/airflow/.local/lib/python3.7/site-packages/airflow/example_dags/example_subdag_operator.py for tasks to queue
[2022-12-14T19:55:48.869+0000] {logging_mixin.py:137} INFO - [2022-12-14T19:55:48.869+0000] {dagbag.py:538} INFO - Filling up the DagBag from /home/airflow/.local/lib/python3.7/site-packages/airflow/example_dags/example_subdag_operator.py
[2022-12-14T19:55:48.922+0000] {processor.py:753} INFO - DAG(s) dict_keys(['example_subdag_operator.section-1', 'example_subdag_operator.section-2', 'example_subdag_operator']) retrieved from /home/airflow/.local/lib/python3.7/site-packages/airflow/example_dags/example_subdag_operator.py
[2022-12-14T19:55:48.993+0000] {logging_mixin.py:137} INFO - [2022-12-14T19:55:48.992+0000] {dag.py:2676} INFO - Sync 3 DAGs
[2022-12-14T19:55:49.046+0000] {logging_mixin.py:137} INFO - [2022-12-14T19:55:49.045+0000] {dag.py:3427} INFO - Setting next_dagrun for example_subdag_operator to 2022-01-01T00:00:00+00:00, run_after=2022-01-01T00:00:00+00:00
[2022-12-14T19:55:49.052+0000] {logging_mixin.py:137} INFO - [2022-12-14T19:55:49.051+0000] {dag.py:3427} INFO - Setting next_dagrun for example_subdag_operator.section-1 to None, run_after=None
[2022-12-14T19:55:49.054+0000] {logging_mixin.py:137} INFO - [2022-12-14T19:55:49.054+0000] {dag.py:3427} INFO - Setting next_dagrun for example_subdag_operator.section-2 to None, run_after=None
[2022-12-14T19:55:49.078+0000] {logging_mixin.py:137} INFO - [2022-12-14T19:55:49.078+0000] {dag.py:2676} INFO - Sync 2 DAGs
[2022-12-14T19:55:49.092+0000] {logging_mixin.py:137} INFO - [2022-12-14T19:55:49.092+0000] {dag.py:3427} INFO - Setting next_dagrun for example_subdag_operator.section-1 to None, run_after=None
[2022-12-14T19:55:49.093+0000] {logging_mixin.py:137} INFO - [2022-12-14T19:55:49.093+0000] {dag.py:3427} INFO - Setting next_dagrun for example_subdag_operator.section-2 to None, run_after=None
[2022-12-14T19:55:49.114+0000] {processor.py:175} INFO - Processing /home/airflow/.local/lib/python3.7/site-packages/airflow/example_dags/example_subdag_operator.py took 0.252 seconds
[2022-12-14T19:56:24.009+0000] {processor.py:153} INFO - Started process (PID=804) to work on /home/airflow/.local/lib/python3.7/site-packages/airflow/example_dags/example_subdag_operator.py
[2022-12-14T19:56:24.011+0000] {processor.py:743} INFO - Processing file /home/airflow/.local/lib/python3.7/site-packages/airflow/example_dags/example_subdag_operator.py for tasks to queue
[2022-12-14T19:56:24.012+0000] {logging_mixin.py:137} INFO - [2022-12-14T19:56:24.012+0000] {dagbag.py:538} INFO - Filling up the DagBag from /home/airflow/.local/lib/python3.7/site-packages/airflow/example_dags/example_subdag_operator.py
[2022-12-14T19:56:24.062+0000] {processor.py:753} INFO - DAG(s) dict_keys(['example_subdag_operator.section-1', 'example_subdag_operator.section-2', 'example_subdag_operator']) retrieved from /home/airflow/.local/lib/python3.7/site-packages/airflow/example_dags/example_subdag_operator.py
[2022-12-14T19:56:24.093+0000] {logging_mixin.py:137} INFO - [2022-12-14T19:56:24.093+0000] {dag.py:2676} INFO - Sync 3 DAGs
[2022-12-14T19:56:24.150+0000] {logging_mixin.py:137} INFO - [2022-12-14T19:56:24.150+0000] {dag.py:3427} INFO - Setting next_dagrun for example_subdag_operator to 2022-01-01T00:00:00+00:00, run_after=2022-01-01T00:00:00+00:00
[2022-12-14T19:56:24.155+0000] {logging_mixin.py:137} INFO - [2022-12-14T19:56:24.155+0000] {dag.py:3427} INFO - Setting next_dagrun for example_subdag_operator.section-1 to None, run_after=None
[2022-12-14T19:56:24.158+0000] {logging_mixin.py:137} INFO - [2022-12-14T19:56:24.158+0000] {dag.py:3427} INFO - Setting next_dagrun for example_subdag_operator.section-2 to None, run_after=None
[2022-12-14T19:56:24.171+0000] {logging_mixin.py:137} INFO - [2022-12-14T19:56:24.170+0000] {dag.py:2676} INFO - Sync 2 DAGs
[2022-12-14T19:56:24.181+0000] {logging_mixin.py:137} INFO - [2022-12-14T19:56:24.181+0000] {dag.py:3427} INFO - Setting next_dagrun for example_subdag_operator.section-1 to None, run_after=None
[2022-12-14T19:56:24.182+0000] {logging_mixin.py:137} INFO - [2022-12-14T19:56:24.182+0000] {dag.py:3427} INFO - Setting next_dagrun for example_subdag_operator.section-2 to None, run_after=None
[2022-12-14T19:56:24.203+0000] {processor.py:175} INFO - Processing /home/airflow/.local/lib/python3.7/site-packages/airflow/example_dags/example_subdag_operator.py took 0.201 seconds
[2022-12-14T19:56:54.768+0000] {processor.py:153} INFO - Started process (PID=902) to work on /home/airflow/.local/lib/python3.7/site-packages/airflow/example_dags/example_subdag_operator.py
[2022-12-14T19:56:54.769+0000] {processor.py:743} INFO - Processing file /home/airflow/.local/lib/python3.7/site-packages/airflow/example_dags/example_subdag_operator.py for tasks to queue
[2022-12-14T19:56:54.770+0000] {logging_mixin.py:137} INFO - [2022-12-14T19:56:54.770+0000] {dagbag.py:538} INFO - Filling up the DagBag from /home/airflow/.local/lib/python3.7/site-packages/airflow/example_dags/example_subdag_operator.py
[2022-12-14T19:56:54.824+0000] {processor.py:753} INFO - DAG(s) dict_keys(['example_subdag_operator.section-1', 'example_subdag_operator.section-2', 'example_subdag_operator']) retrieved from /home/airflow/.local/lib/python3.7/site-packages/airflow/example_dags/example_subdag_operator.py
[2022-12-14T19:56:54.875+0000] {logging_mixin.py:137} INFO - [2022-12-14T19:56:54.875+0000] {dag.py:2676} INFO - Sync 3 DAGs
[2022-12-14T19:56:54.917+0000] {logging_mixin.py:137} INFO - [2022-12-14T19:56:54.916+0000] {dag.py:3427} INFO - Setting next_dagrun for example_subdag_operator to 2022-01-01T00:00:00+00:00, run_after=2022-01-01T00:00:00+00:00
[2022-12-14T19:56:54.922+0000] {logging_mixin.py:137} INFO - [2022-12-14T19:56:54.922+0000] {dag.py:3427} INFO - Setting next_dagrun for example_subdag_operator.section-1 to None, run_after=None
[2022-12-14T19:56:54.924+0000] {logging_mixin.py:137} INFO - [2022-12-14T19:56:54.924+0000] {dag.py:3427} INFO - Setting next_dagrun for example_subdag_operator.section-2 to None, run_after=None
[2022-12-14T19:56:54.937+0000] {logging_mixin.py:137} INFO - [2022-12-14T19:56:54.937+0000] {dag.py:2676} INFO - Sync 2 DAGs
[2022-12-14T19:56:54.947+0000] {logging_mixin.py:137} INFO - [2022-12-14T19:56:54.946+0000] {dag.py:3427} INFO - Setting next_dagrun for example_subdag_operator.section-1 to None, run_after=None
[2022-12-14T19:56:54.947+0000] {logging_mixin.py:137} INFO - [2022-12-14T19:56:54.947+0000] {dag.py:3427} INFO - Setting next_dagrun for example_subdag_operator.section-2 to None, run_after=None
[2022-12-14T19:56:54.965+0000] {processor.py:175} INFO - Processing /home/airflow/.local/lib/python3.7/site-packages/airflow/example_dags/example_subdag_operator.py took 0.201 seconds
[2022-12-14T19:57:25.344+0000] {processor.py:153} INFO - Started process (PID=993) to work on /home/airflow/.local/lib/python3.7/site-packages/airflow/example_dags/example_subdag_operator.py
[2022-12-14T19:57:25.346+0000] {processor.py:743} INFO - Processing file /home/airflow/.local/lib/python3.7/site-packages/airflow/example_dags/example_subdag_operator.py for tasks to queue
[2022-12-14T19:57:25.348+0000] {logging_mixin.py:137} INFO - [2022-12-14T19:57:25.347+0000] {dagbag.py:538} INFO - Filling up the DagBag from /home/airflow/.local/lib/python3.7/site-packages/airflow/example_dags/example_subdag_operator.py
[2022-12-14T19:57:25.411+0000] {processor.py:753} INFO - DAG(s) dict_keys(['example_subdag_operator.section-1', 'example_subdag_operator.section-2', 'example_subdag_operator']) retrieved from /home/airflow/.local/lib/python3.7/site-packages/airflow/example_dags/example_subdag_operator.py
[2022-12-14T19:57:25.469+0000] {logging_mixin.py:137} INFO - [2022-12-14T19:57:25.468+0000] {dag.py:2676} INFO - Sync 3 DAGs
[2022-12-14T19:57:25.517+0000] {logging_mixin.py:137} INFO - [2022-12-14T19:57:25.517+0000] {dag.py:3427} INFO - Setting next_dagrun for example_subdag_operator to 2022-01-01T00:00:00+00:00, run_after=2022-01-01T00:00:00+00:00
[2022-12-14T19:57:25.523+0000] {logging_mixin.py:137} INFO - [2022-12-14T19:57:25.523+0000] {dag.py:3427} INFO - Setting next_dagrun for example_subdag_operator.section-1 to None, run_after=None
[2022-12-14T19:57:25.526+0000] {logging_mixin.py:137} INFO - [2022-12-14T19:57:25.526+0000] {dag.py:3427} INFO - Setting next_dagrun for example_subdag_operator.section-2 to None, run_after=None
[2022-12-14T19:57:25.538+0000] {logging_mixin.py:137} INFO - [2022-12-14T19:57:25.537+0000] {dag.py:2676} INFO - Sync 2 DAGs
[2022-12-14T19:57:25.547+0000] {logging_mixin.py:137} INFO - [2022-12-14T19:57:25.547+0000] {dag.py:3427} INFO - Setting next_dagrun for example_subdag_operator.section-1 to None, run_after=None
[2022-12-14T19:57:25.548+0000] {logging_mixin.py:137} INFO - [2022-12-14T19:57:25.548+0000] {dag.py:3427} INFO - Setting next_dagrun for example_subdag_operator.section-2 to None, run_after=None
[2022-12-14T19:57:25.570+0000] {processor.py:175} INFO - Processing /home/airflow/.local/lib/python3.7/site-packages/airflow/example_dags/example_subdag_operator.py took 0.233 seconds
[2022-12-14T19:57:56.527+0000] {processor.py:153} INFO - Started process (PID=1073) to work on /home/airflow/.local/lib/python3.7/site-packages/airflow/example_dags/example_subdag_operator.py
[2022-12-14T19:57:56.529+0000] {processor.py:743} INFO - Processing file /home/airflow/.local/lib/python3.7/site-packages/airflow/example_dags/example_subdag_operator.py for tasks to queue
[2022-12-14T19:57:56.530+0000] {logging_mixin.py:137} INFO - [2022-12-14T19:57:56.530+0000] {dagbag.py:538} INFO - Filling up the DagBag from /home/airflow/.local/lib/python3.7/site-packages/airflow/example_dags/example_subdag_operator.py
[2022-12-14T19:57:56.586+0000] {processor.py:753} INFO - DAG(s) dict_keys(['example_subdag_operator.section-1', 'example_subdag_operator.section-2', 'example_subdag_operator']) retrieved from /home/airflow/.local/lib/python3.7/site-packages/airflow/example_dags/example_subdag_operator.py
[2022-12-14T19:57:56.640+0000] {logging_mixin.py:137} INFO - [2022-12-14T19:57:56.640+0000] {dag.py:2676} INFO - Sync 3 DAGs
[2022-12-14T19:57:56.690+0000] {logging_mixin.py:137} INFO - [2022-12-14T19:57:56.690+0000] {dag.py:3427} INFO - Setting next_dagrun for example_subdag_operator to 2022-01-01T00:00:00+00:00, run_after=2022-01-01T00:00:00+00:00
[2022-12-14T19:57:56.697+0000] {logging_mixin.py:137} INFO - [2022-12-14T19:57:56.696+0000] {dag.py:3427} INFO - Setting next_dagrun for example_subdag_operator.section-1 to None, run_after=None
[2022-12-14T19:57:56.700+0000] {logging_mixin.py:137} INFO - [2022-12-14T19:57:56.700+0000] {dag.py:3427} INFO - Setting next_dagrun for example_subdag_operator.section-2 to None, run_after=None
[2022-12-14T19:57:56.716+0000] {logging_mixin.py:137} INFO - [2022-12-14T19:57:56.715+0000] {dag.py:2676} INFO - Sync 2 DAGs
[2022-12-14T19:57:56.726+0000] {logging_mixin.py:137} INFO - [2022-12-14T19:57:56.726+0000] {dag.py:3427} INFO - Setting next_dagrun for example_subdag_operator.section-1 to None, run_after=None
[2022-12-14T19:57:56.727+0000] {logging_mixin.py:137} INFO - [2022-12-14T19:57:56.727+0000] {dag.py:3427} INFO - Setting next_dagrun for example_subdag_operator.section-2 to None, run_after=None
[2022-12-14T19:57:56.753+0000] {processor.py:175} INFO - Processing /home/airflow/.local/lib/python3.7/site-packages/airflow/example_dags/example_subdag_operator.py took 0.230 seconds
[2022-12-14T19:58:26.833+0000] {processor.py:153} INFO - Started process (PID=1153) to work on /home/airflow/.local/lib/python3.7/site-packages/airflow/example_dags/example_subdag_operator.py
[2022-12-14T19:58:26.835+0000] {processor.py:743} INFO - Processing file /home/airflow/.local/lib/python3.7/site-packages/airflow/example_dags/example_subdag_operator.py for tasks to queue
[2022-12-14T19:58:26.836+0000] {logging_mixin.py:137} INFO - [2022-12-14T19:58:26.836+0000] {dagbag.py:538} INFO - Filling up the DagBag from /home/airflow/.local/lib/python3.7/site-packages/airflow/example_dags/example_subdag_operator.py
[2022-12-14T19:58:26.889+0000] {processor.py:753} INFO - DAG(s) dict_keys(['example_subdag_operator.section-1', 'example_subdag_operator.section-2', 'example_subdag_operator']) retrieved from /home/airflow/.local/lib/python3.7/site-packages/airflow/example_dags/example_subdag_operator.py
[2022-12-14T19:58:26.938+0000] {logging_mixin.py:137} INFO - [2022-12-14T19:58:26.938+0000] {dag.py:2676} INFO - Sync 3 DAGs
[2022-12-14T19:58:26.984+0000] {logging_mixin.py:137} INFO - [2022-12-14T19:58:26.983+0000] {dag.py:3427} INFO - Setting next_dagrun for example_subdag_operator to 2022-01-01T00:00:00+00:00, run_after=2022-01-01T00:00:00+00:00
[2022-12-14T19:58:26.994+0000] {logging_mixin.py:137} INFO - [2022-12-14T19:58:26.993+0000] {dag.py:3427} INFO - Setting next_dagrun for example_subdag_operator.section-1 to None, run_after=None
[2022-12-14T19:58:26.998+0000] {logging_mixin.py:137} INFO - [2022-12-14T19:58:26.998+0000] {dag.py:3427} INFO - Setting next_dagrun for example_subdag_operator.section-2 to None, run_after=None
[2022-12-14T19:58:27.015+0000] {logging_mixin.py:137} INFO - [2022-12-14T19:58:27.015+0000] {dag.py:2676} INFO - Sync 2 DAGs
[2022-12-14T19:58:27.025+0000] {logging_mixin.py:137} INFO - [2022-12-14T19:58:27.025+0000] {dag.py:3427} INFO - Setting next_dagrun for example_subdag_operator.section-1 to None, run_after=None
[2022-12-14T19:58:27.026+0000] {logging_mixin.py:137} INFO - [2022-12-14T19:58:27.026+0000] {dag.py:3427} INFO - Setting next_dagrun for example_subdag_operator.section-2 to None, run_after=None
[2022-12-14T19:58:27.045+0000] {processor.py:175} INFO - Processing /home/airflow/.local/lib/python3.7/site-packages/airflow/example_dags/example_subdag_operator.py took 0.217 seconds
[2022-12-14T19:58:57.320+0000] {processor.py:153} INFO - Started process (PID=1242) to work on /home/airflow/.local/lib/python3.7/site-packages/airflow/example_dags/example_subdag_operator.py
[2022-12-14T19:58:57.322+0000] {processor.py:743} INFO - Processing file /home/airflow/.local/lib/python3.7/site-packages/airflow/example_dags/example_subdag_operator.py for tasks to queue
[2022-12-14T19:58:57.323+0000] {logging_mixin.py:137} INFO - [2022-12-14T19:58:57.322+0000] {dagbag.py:538} INFO - Filling up the DagBag from /home/airflow/.local/lib/python3.7/site-packages/airflow/example_dags/example_subdag_operator.py
[2022-12-14T19:58:57.379+0000] {processor.py:753} INFO - DAG(s) dict_keys(['example_subdag_operator.section-1', 'example_subdag_operator.section-2', 'example_subdag_operator']) retrieved from /home/airflow/.local/lib/python3.7/site-packages/airflow/example_dags/example_subdag_operator.py
[2022-12-14T19:58:57.442+0000] {logging_mixin.py:137} INFO - [2022-12-14T19:58:57.442+0000] {dag.py:2676} INFO - Sync 3 DAGs
[2022-12-14T19:58:57.484+0000] {logging_mixin.py:137} INFO - [2022-12-14T19:58:57.484+0000] {dag.py:3427} INFO - Setting next_dagrun for example_subdag_operator to 2022-01-01T00:00:00+00:00, run_after=2022-01-01T00:00:00+00:00
[2022-12-14T19:58:57.490+0000] {logging_mixin.py:137} INFO - [2022-12-14T19:58:57.489+0000] {dag.py:3427} INFO - Setting next_dagrun for example_subdag_operator.section-1 to None, run_after=None
[2022-12-14T19:58:57.491+0000] {logging_mixin.py:137} INFO - [2022-12-14T19:58:57.491+0000] {dag.py:3427} INFO - Setting next_dagrun for example_subdag_operator.section-2 to None, run_after=None
[2022-12-14T19:58:57.505+0000] {logging_mixin.py:137} INFO - [2022-12-14T19:58:57.505+0000] {dag.py:2676} INFO - Sync 2 DAGs
[2022-12-14T19:58:57.515+0000] {logging_mixin.py:137} INFO - [2022-12-14T19:58:57.515+0000] {dag.py:3427} INFO - Setting next_dagrun for example_subdag_operator.section-1 to None, run_after=None
[2022-12-14T19:58:57.516+0000] {logging_mixin.py:137} INFO - [2022-12-14T19:58:57.516+0000] {dag.py:3427} INFO - Setting next_dagrun for example_subdag_operator.section-2 to None, run_after=None
[2022-12-14T19:58:57.537+0000] {processor.py:175} INFO - Processing /home/airflow/.local/lib/python3.7/site-packages/airflow/example_dags/example_subdag_operator.py took 0.221 seconds
[2022-12-14T19:59:27.852+0000] {processor.py:153} INFO - Started process (PID=1333) to work on /home/airflow/.local/lib/python3.7/site-packages/airflow/example_dags/example_subdag_operator.py
[2022-12-14T19:59:27.854+0000] {processor.py:743} INFO - Processing file /home/airflow/.local/lib/python3.7/site-packages/airflow/example_dags/example_subdag_operator.py for tasks to queue
[2022-12-14T19:59:27.855+0000] {logging_mixin.py:137} INFO - [2022-12-14T19:59:27.855+0000] {dagbag.py:538} INFO - Filling up the DagBag from /home/airflow/.local/lib/python3.7/site-packages/airflow/example_dags/example_subdag_operator.py
[2022-12-14T19:59:27.969+0000] {processor.py:753} INFO - DAG(s) dict_keys(['example_subdag_operator.section-1', 'example_subdag_operator.section-2', 'example_subdag_operator']) retrieved from /home/airflow/.local/lib/python3.7/site-packages/airflow/example_dags/example_subdag_operator.py
[2022-12-14T19:59:28.086+0000] {logging_mixin.py:137} INFO - [2022-12-14T19:59:28.086+0000] {dag.py:2676} INFO - Sync 3 DAGs
[2022-12-14T19:59:28.133+0000] {logging_mixin.py:137} INFO - [2022-12-14T19:59:28.132+0000] {dag.py:3427} INFO - Setting next_dagrun for example_subdag_operator to 2022-01-01T00:00:00+00:00, run_after=2022-01-01T00:00:00+00:00
[2022-12-14T19:59:28.140+0000] {logging_mixin.py:137} INFO - [2022-12-14T19:59:28.139+0000] {dag.py:3427} INFO - Setting next_dagrun for example_subdag_operator.section-1 to None, run_after=None
[2022-12-14T19:59:28.142+0000] {logging_mixin.py:137} INFO - [2022-12-14T19:59:28.141+0000] {dag.py:3427} INFO - Setting next_dagrun for example_subdag_operator.section-2 to None, run_after=None
[2022-12-14T19:59:28.155+0000] {logging_mixin.py:137} INFO - [2022-12-14T19:59:28.155+0000] {dag.py:2676} INFO - Sync 2 DAGs
[2022-12-14T19:59:28.167+0000] {logging_mixin.py:137} INFO - [2022-12-14T19:59:28.167+0000] {dag.py:3427} INFO - Setting next_dagrun for example_subdag_operator.section-1 to None, run_after=None
[2022-12-14T19:59:28.168+0000] {logging_mixin.py:137} INFO - [2022-12-14T19:59:28.168+0000] {dag.py:3427} INFO - Setting next_dagrun for example_subdag_operator.section-2 to None, run_after=None
[2022-12-14T19:59:28.190+0000] {processor.py:175} INFO - Processing /home/airflow/.local/lib/python3.7/site-packages/airflow/example_dags/example_subdag_operator.py took 0.346 seconds
[2022-12-14T19:59:58.720+0000] {processor.py:153} INFO - Started process (PID=1413) to work on /home/airflow/.local/lib/python3.7/site-packages/airflow/example_dags/example_subdag_operator.py
[2022-12-14T19:59:58.722+0000] {processor.py:743} INFO - Processing file /home/airflow/.local/lib/python3.7/site-packages/airflow/example_dags/example_subdag_operator.py for tasks to queue
[2022-12-14T19:59:58.723+0000] {logging_mixin.py:137} INFO - [2022-12-14T19:59:58.723+0000] {dagbag.py:538} INFO - Filling up the DagBag from /home/airflow/.local/lib/python3.7/site-packages/airflow/example_dags/example_subdag_operator.py
[2022-12-14T19:59:58.766+0000] {processor.py:753} INFO - DAG(s) dict_keys(['example_subdag_operator.section-1', 'example_subdag_operator.section-2', 'example_subdag_operator']) retrieved from /home/airflow/.local/lib/python3.7/site-packages/airflow/example_dags/example_subdag_operator.py
[2022-12-14T19:59:58.810+0000] {logging_mixin.py:137} INFO - [2022-12-14T19:59:58.809+0000] {dag.py:2676} INFO - Sync 3 DAGs
[2022-12-14T19:59:58.847+0000] {logging_mixin.py:137} INFO - [2022-12-14T19:59:58.847+0000] {dag.py:3427} INFO - Setting next_dagrun for example_subdag_operator to 2022-01-01T00:00:00+00:00, run_after=2022-01-01T00:00:00+00:00
[2022-12-14T19:59:58.852+0000] {logging_mixin.py:137} INFO - [2022-12-14T19:59:58.852+0000] {dag.py:3427} INFO - Setting next_dagrun for example_subdag_operator.section-1 to None, run_after=None
[2022-12-14T19:59:58.854+0000] {logging_mixin.py:137} INFO - [2022-12-14T19:59:58.854+0000] {dag.py:3427} INFO - Setting next_dagrun for example_subdag_operator.section-2 to None, run_after=None
[2022-12-14T19:59:58.865+0000] {logging_mixin.py:137} INFO - [2022-12-14T19:59:58.865+0000] {dag.py:2676} INFO - Sync 2 DAGs
[2022-12-14T19:59:58.873+0000] {logging_mixin.py:137} INFO - [2022-12-14T19:59:58.873+0000] {dag.py:3427} INFO - Setting next_dagrun for example_subdag_operator.section-1 to None, run_after=None
[2022-12-14T19:59:58.874+0000] {logging_mixin.py:137} INFO - [2022-12-14T19:59:58.874+0000] {dag.py:3427} INFO - Setting next_dagrun for example_subdag_operator.section-2 to None, run_after=None
[2022-12-14T19:59:58.892+0000] {processor.py:175} INFO - Processing /home/airflow/.local/lib/python3.7/site-packages/airflow/example_dags/example_subdag_operator.py took 0.176 seconds
[2022-12-14T20:00:29.561+0000] {processor.py:153} INFO - Started process (PID=1493) to work on /home/airflow/.local/lib/python3.7/site-packages/airflow/example_dags/example_subdag_operator.py
[2022-12-14T20:00:29.562+0000] {processor.py:743} INFO - Processing file /home/airflow/.local/lib/python3.7/site-packages/airflow/example_dags/example_subdag_operator.py for tasks to queue
[2022-12-14T20:00:29.563+0000] {logging_mixin.py:137} INFO - [2022-12-14T20:00:29.563+0000] {dagbag.py:538} INFO - Filling up the DagBag from /home/airflow/.local/lib/python3.7/site-packages/airflow/example_dags/example_subdag_operator.py
[2022-12-14T20:00:29.610+0000] {processor.py:753} INFO - DAG(s) dict_keys(['example_subdag_operator.section-1', 'example_subdag_operator.section-2', 'example_subdag_operator']) retrieved from /home/airflow/.local/lib/python3.7/site-packages/airflow/example_dags/example_subdag_operator.py
[2022-12-14T20:00:29.659+0000] {logging_mixin.py:137} INFO - [2022-12-14T20:00:29.659+0000] {dag.py:2676} INFO - Sync 3 DAGs
[2022-12-14T20:00:29.709+0000] {logging_mixin.py:137} INFO - [2022-12-14T20:00:29.708+0000] {dag.py:3427} INFO - Setting next_dagrun for example_subdag_operator to 2022-01-01T00:00:00+00:00, run_after=2022-01-01T00:00:00+00:00
[2022-12-14T20:00:29.717+0000] {logging_mixin.py:137} INFO - [2022-12-14T20:00:29.717+0000] {dag.py:3427} INFO - Setting next_dagrun for example_subdag_operator.section-1 to None, run_after=None
[2022-12-14T20:00:29.720+0000] {logging_mixin.py:137} INFO - [2022-12-14T20:00:29.720+0000] {dag.py:3427} INFO - Setting next_dagrun for example_subdag_operator.section-2 to None, run_after=None
[2022-12-14T20:00:29.739+0000] {logging_mixin.py:137} INFO - [2022-12-14T20:00:29.739+0000] {dag.py:2676} INFO - Sync 2 DAGs
[2022-12-14T20:00:29.754+0000] {logging_mixin.py:137} INFO - [2022-12-14T20:00:29.754+0000] {dag.py:3427} INFO - Setting next_dagrun for example_subdag_operator.section-1 to None, run_after=None
[2022-12-14T20:00:29.755+0000] {logging_mixin.py:137} INFO - [2022-12-14T20:00:29.755+0000] {dag.py:3427} INFO - Setting next_dagrun for example_subdag_operator.section-2 to None, run_after=None
[2022-12-14T20:00:29.778+0000] {processor.py:175} INFO - Processing /home/airflow/.local/lib/python3.7/site-packages/airflow/example_dags/example_subdag_operator.py took 0.222 seconds
[2022-12-14T20:01:00.218+0000] {processor.py:153} INFO - Started process (PID=1573) to work on /home/airflow/.local/lib/python3.7/site-packages/airflow/example_dags/example_subdag_operator.py
[2022-12-14T20:01:00.219+0000] {processor.py:743} INFO - Processing file /home/airflow/.local/lib/python3.7/site-packages/airflow/example_dags/example_subdag_operator.py for tasks to queue
[2022-12-14T20:01:00.221+0000] {logging_mixin.py:137} INFO - [2022-12-14T20:01:00.221+0000] {dagbag.py:538} INFO - Filling up the DagBag from /home/airflow/.local/lib/python3.7/site-packages/airflow/example_dags/example_subdag_operator.py
[2022-12-14T20:01:00.267+0000] {processor.py:753} INFO - DAG(s) dict_keys(['example_subdag_operator.section-1', 'example_subdag_operator.section-2', 'example_subdag_operator']) retrieved from /home/airflow/.local/lib/python3.7/site-packages/airflow/example_dags/example_subdag_operator.py
[2022-12-14T20:01:00.327+0000] {logging_mixin.py:137} INFO - [2022-12-14T20:01:00.327+0000] {dag.py:2676} INFO - Sync 3 DAGs
[2022-12-14T20:01:00.379+0000] {logging_mixin.py:137} INFO - [2022-12-14T20:01:00.379+0000] {dag.py:3427} INFO - Setting next_dagrun for example_subdag_operator to 2022-01-01T00:00:00+00:00, run_after=2022-01-01T00:00:00+00:00
[2022-12-14T20:01:00.387+0000] {logging_mixin.py:137} INFO - [2022-12-14T20:01:00.387+0000] {dag.py:3427} INFO - Setting next_dagrun for example_subdag_operator.section-1 to None, run_after=None
[2022-12-14T20:01:00.390+0000] {logging_mixin.py:137} INFO - [2022-12-14T20:01:00.390+0000] {dag.py:3427} INFO - Setting next_dagrun for example_subdag_operator.section-2 to None, run_after=None
[2022-12-14T20:01:00.403+0000] {logging_mixin.py:137} INFO - [2022-12-14T20:01:00.403+0000] {dag.py:2676} INFO - Sync 2 DAGs
[2022-12-14T20:01:00.412+0000] {logging_mixin.py:137} INFO - [2022-12-14T20:01:00.411+0000] {dag.py:3427} INFO - Setting next_dagrun for example_subdag_operator.section-1 to None, run_after=None
[2022-12-14T20:01:00.412+0000] {logging_mixin.py:137} INFO - [2022-12-14T20:01:00.412+0000] {dag.py:3427} INFO - Setting next_dagrun for example_subdag_operator.section-2 to None, run_after=None
[2022-12-14T20:01:00.430+0000] {processor.py:175} INFO - Processing /home/airflow/.local/lib/python3.7/site-packages/airflow/example_dags/example_subdag_operator.py took 0.217 seconds
[2022-12-14T20:01:30.570+0000] {processor.py:153} INFO - Started process (PID=1673) to work on /home/airflow/.local/lib/python3.7/site-packages/airflow/example_dags/example_subdag_operator.py
[2022-12-14T20:01:30.572+0000] {processor.py:743} INFO - Processing file /home/airflow/.local/lib/python3.7/site-packages/airflow/example_dags/example_subdag_operator.py for tasks to queue
[2022-12-14T20:01:30.573+0000] {logging_mixin.py:137} INFO - [2022-12-14T20:01:30.572+0000] {dagbag.py:538} INFO - Filling up the DagBag from /home/airflow/.local/lib/python3.7/site-packages/airflow/example_dags/example_subdag_operator.py
[2022-12-14T20:01:30.629+0000] {processor.py:753} INFO - DAG(s) dict_keys(['example_subdag_operator.section-1', 'example_subdag_operator.section-2', 'example_subdag_operator']) retrieved from /home/airflow/.local/lib/python3.7/site-packages/airflow/example_dags/example_subdag_operator.py
[2022-12-14T20:01:30.687+0000] {logging_mixin.py:137} INFO - [2022-12-14T20:01:30.686+0000] {dag.py:2676} INFO - Sync 3 DAGs
[2022-12-14T20:01:30.729+0000] {logging_mixin.py:137} INFO - [2022-12-14T20:01:30.729+0000] {dag.py:3427} INFO - Setting next_dagrun for example_subdag_operator to 2022-01-01T00:00:00+00:00, run_after=2022-01-01T00:00:00+00:00
[2022-12-14T20:01:30.734+0000] {logging_mixin.py:137} INFO - [2022-12-14T20:01:30.734+0000] {dag.py:3427} INFO - Setting next_dagrun for example_subdag_operator.section-1 to None, run_after=None
[2022-12-14T20:01:30.736+0000] {logging_mixin.py:137} INFO - [2022-12-14T20:01:30.736+0000] {dag.py:3427} INFO - Setting next_dagrun for example_subdag_operator.section-2 to None, run_after=None
[2022-12-14T20:01:30.748+0000] {logging_mixin.py:137} INFO - [2022-12-14T20:01:30.748+0000] {dag.py:2676} INFO - Sync 2 DAGs
[2022-12-14T20:01:30.760+0000] {logging_mixin.py:137} INFO - [2022-12-14T20:01:30.760+0000] {dag.py:3427} INFO - Setting next_dagrun for example_subdag_operator.section-1 to None, run_after=None
[2022-12-14T20:01:30.761+0000] {logging_mixin.py:137} INFO - [2022-12-14T20:01:30.760+0000] {dag.py:3427} INFO - Setting next_dagrun for example_subdag_operator.section-2 to None, run_after=None
[2022-12-14T20:01:30.781+0000] {processor.py:175} INFO - Processing /home/airflow/.local/lib/python3.7/site-packages/airflow/example_dags/example_subdag_operator.py took 0.215 seconds
[2022-12-14T20:02:01.832+0000] {processor.py:153} INFO - Started process (PID=1753) to work on /home/airflow/.local/lib/python3.7/site-packages/airflow/example_dags/example_subdag_operator.py
[2022-12-14T20:02:01.834+0000] {processor.py:743} INFO - Processing file /home/airflow/.local/lib/python3.7/site-packages/airflow/example_dags/example_subdag_operator.py for tasks to queue
[2022-12-14T20:02:01.835+0000] {logging_mixin.py:137} INFO - [2022-12-14T20:02:01.835+0000] {dagbag.py:538} INFO - Filling up the DagBag from /home/airflow/.local/lib/python3.7/site-packages/airflow/example_dags/example_subdag_operator.py
[2022-12-14T20:02:01.891+0000] {processor.py:753} INFO - DAG(s) dict_keys(['example_subdag_operator.section-1', 'example_subdag_operator.section-2', 'example_subdag_operator']) retrieved from /home/airflow/.local/lib/python3.7/site-packages/airflow/example_dags/example_subdag_operator.py
[2022-12-14T20:02:01.946+0000] {logging_mixin.py:137} INFO - [2022-12-14T20:02:01.946+0000] {dag.py:2676} INFO - Sync 3 DAGs
[2022-12-14T20:02:02.001+0000] {logging_mixin.py:137} INFO - [2022-12-14T20:02:02.001+0000] {dag.py:3427} INFO - Setting next_dagrun for example_subdag_operator to 2022-01-01T00:00:00+00:00, run_after=2022-01-01T00:00:00+00:00
[2022-12-14T20:02:02.009+0000] {logging_mixin.py:137} INFO - [2022-12-14T20:02:02.008+0000] {dag.py:3427} INFO - Setting next_dagrun for example_subdag_operator.section-1 to None, run_after=None
[2022-12-14T20:02:02.012+0000] {logging_mixin.py:137} INFO - [2022-12-14T20:02:02.012+0000] {dag.py:3427} INFO - Setting next_dagrun for example_subdag_operator.section-2 to None, run_after=None
[2022-12-14T20:02:02.032+0000] {logging_mixin.py:137} INFO - [2022-12-14T20:02:02.032+0000] {dag.py:2676} INFO - Sync 2 DAGs
[2022-12-14T20:02:02.042+0000] {logging_mixin.py:137} INFO - [2022-12-14T20:02:02.042+0000] {dag.py:3427} INFO - Setting next_dagrun for example_subdag_operator.section-1 to None, run_after=None
[2022-12-14T20:02:02.043+0000] {logging_mixin.py:137} INFO - [2022-12-14T20:02:02.043+0000] {dag.py:3427} INFO - Setting next_dagrun for example_subdag_operator.section-2 to None, run_after=None
[2022-12-14T20:02:02.064+0000] {processor.py:175} INFO - Processing /home/airflow/.local/lib/python3.7/site-packages/airflow/example_dags/example_subdag_operator.py took 0.240 seconds
[2022-12-14T20:02:32.213+0000] {processor.py:153} INFO - Started process (PID=1833) to work on /home/airflow/.local/lib/python3.7/site-packages/airflow/example_dags/example_subdag_operator.py
[2022-12-14T20:02:32.214+0000] {processor.py:743} INFO - Processing file /home/airflow/.local/lib/python3.7/site-packages/airflow/example_dags/example_subdag_operator.py for tasks to queue
[2022-12-14T20:02:32.215+0000] {logging_mixin.py:137} INFO - [2022-12-14T20:02:32.215+0000] {dagbag.py:538} INFO - Filling up the DagBag from /home/airflow/.local/lib/python3.7/site-packages/airflow/example_dags/example_subdag_operator.py
[2022-12-14T20:02:32.256+0000] {processor.py:753} INFO - DAG(s) dict_keys(['example_subdag_operator.section-1', 'example_subdag_operator.section-2', 'example_subdag_operator']) retrieved from /home/airflow/.local/lib/python3.7/site-packages/airflow/example_dags/example_subdag_operator.py
[2022-12-14T20:02:32.296+0000] {logging_mixin.py:137} INFO - [2022-12-14T20:02:32.296+0000] {dag.py:2676} INFO - Sync 3 DAGs
[2022-12-14T20:02:32.330+0000] {logging_mixin.py:137} INFO - [2022-12-14T20:02:32.330+0000] {dag.py:3427} INFO - Setting next_dagrun for example_subdag_operator to 2022-01-01T00:00:00+00:00, run_after=2022-01-01T00:00:00+00:00
[2022-12-14T20:02:32.334+0000] {logging_mixin.py:137} INFO - [2022-12-14T20:02:32.334+0000] {dag.py:3427} INFO - Setting next_dagrun for example_subdag_operator.section-1 to None, run_after=None
[2022-12-14T20:02:32.336+0000] {logging_mixin.py:137} INFO - [2022-12-14T20:02:32.336+0000] {dag.py:3427} INFO - Setting next_dagrun for example_subdag_operator.section-2 to None, run_after=None
[2022-12-14T20:02:32.345+0000] {logging_mixin.py:137} INFO - [2022-12-14T20:02:32.345+0000] {dag.py:2676} INFO - Sync 2 DAGs
[2022-12-14T20:02:32.354+0000] {logging_mixin.py:137} INFO - [2022-12-14T20:02:32.354+0000] {dag.py:3427} INFO - Setting next_dagrun for example_subdag_operator.section-1 to None, run_after=None
[2022-12-14T20:02:32.355+0000] {logging_mixin.py:137} INFO - [2022-12-14T20:02:32.355+0000] {dag.py:3427} INFO - Setting next_dagrun for example_subdag_operator.section-2 to None, run_after=None
[2022-12-14T20:02:32.370+0000] {processor.py:175} INFO - Processing /home/airflow/.local/lib/python3.7/site-packages/airflow/example_dags/example_subdag_operator.py took 0.161 seconds
[2022-12-14T20:03:02.601+0000] {processor.py:153} INFO - Started process (PID=1913) to work on /home/airflow/.local/lib/python3.7/site-packages/airflow/example_dags/example_subdag_operator.py
[2022-12-14T20:03:02.603+0000] {processor.py:743} INFO - Processing file /home/airflow/.local/lib/python3.7/site-packages/airflow/example_dags/example_subdag_operator.py for tasks to queue
[2022-12-14T20:03:02.604+0000] {logging_mixin.py:137} INFO - [2022-12-14T20:03:02.604+0000] {dagbag.py:538} INFO - Filling up the DagBag from /home/airflow/.local/lib/python3.7/site-packages/airflow/example_dags/example_subdag_operator.py
[2022-12-14T20:03:02.672+0000] {processor.py:753} INFO - DAG(s) dict_keys(['example_subdag_operator.section-1', 'example_subdag_operator.section-2', 'example_subdag_operator']) retrieved from /home/airflow/.local/lib/python3.7/site-packages/airflow/example_dags/example_subdag_operator.py
[2022-12-14T20:03:02.739+0000] {logging_mixin.py:137} INFO - [2022-12-14T20:03:02.739+0000] {dag.py:2676} INFO - Sync 3 DAGs
[2022-12-14T20:03:02.800+0000] {logging_mixin.py:137} INFO - [2022-12-14T20:03:02.800+0000] {dag.py:3427} INFO - Setting next_dagrun for example_subdag_operator to 2022-01-01T00:00:00+00:00, run_after=2022-01-01T00:00:00+00:00
[2022-12-14T20:03:02.814+0000] {logging_mixin.py:137} INFO - [2022-12-14T20:03:02.814+0000] {dag.py:3427} INFO - Setting next_dagrun for example_subdag_operator.section-1 to None, run_after=None
[2022-12-14T20:03:02.818+0000] {logging_mixin.py:137} INFO - [2022-12-14T20:03:02.817+0000] {dag.py:3427} INFO - Setting next_dagrun for example_subdag_operator.section-2 to None, run_after=None
[2022-12-14T20:03:02.842+0000] {logging_mixin.py:137} INFO - [2022-12-14T20:03:02.841+0000] {dag.py:2676} INFO - Sync 2 DAGs
[2022-12-14T20:03:02.862+0000] {logging_mixin.py:137} INFO - [2022-12-14T20:03:02.861+0000] {dag.py:3427} INFO - Setting next_dagrun for example_subdag_operator.section-1 to None, run_after=None
[2022-12-14T20:03:02.863+0000] {logging_mixin.py:137} INFO - [2022-12-14T20:03:02.862+0000] {dag.py:3427} INFO - Setting next_dagrun for example_subdag_operator.section-2 to None, run_after=None
[2022-12-14T20:03:02.890+0000] {processor.py:175} INFO - Processing /home/airflow/.local/lib/python3.7/site-packages/airflow/example_dags/example_subdag_operator.py took 0.295 seconds
[2022-12-14T20:03:33.204+0000] {processor.py:153} INFO - Started process (PID=2013) to work on /home/airflow/.local/lib/python3.7/site-packages/airflow/example_dags/example_subdag_operator.py
[2022-12-14T20:03:33.205+0000] {processor.py:743} INFO - Processing file /home/airflow/.local/lib/python3.7/site-packages/airflow/example_dags/example_subdag_operator.py for tasks to queue
[2022-12-14T20:03:33.206+0000] {logging_mixin.py:137} INFO - [2022-12-14T20:03:33.206+0000] {dagbag.py:538} INFO - Filling up the DagBag from /home/airflow/.local/lib/python3.7/site-packages/airflow/example_dags/example_subdag_operator.py
[2022-12-14T20:03:33.263+0000] {processor.py:753} INFO - DAG(s) dict_keys(['example_subdag_operator.section-1', 'example_subdag_operator.section-2', 'example_subdag_operator']) retrieved from /home/airflow/.local/lib/python3.7/site-packages/airflow/example_dags/example_subdag_operator.py
[2022-12-14T20:03:33.331+0000] {logging_mixin.py:137} INFO - [2022-12-14T20:03:33.330+0000] {dag.py:2676} INFO - Sync 3 DAGs
[2022-12-14T20:03:33.391+0000] {logging_mixin.py:137} INFO - [2022-12-14T20:03:33.391+0000] {dag.py:3427} INFO - Setting next_dagrun for example_subdag_operator to 2022-01-01T00:00:00+00:00, run_after=2022-01-01T00:00:00+00:00
[2022-12-14T20:03:33.403+0000] {logging_mixin.py:137} INFO - [2022-12-14T20:03:33.403+0000] {dag.py:3427} INFO - Setting next_dagrun for example_subdag_operator.section-1 to None, run_after=None
[2022-12-14T20:03:33.406+0000] {logging_mixin.py:137} INFO - [2022-12-14T20:03:33.406+0000] {dag.py:3427} INFO - Setting next_dagrun for example_subdag_operator.section-2 to None, run_after=None
[2022-12-14T20:03:33.435+0000] {logging_mixin.py:137} INFO - [2022-12-14T20:03:33.434+0000] {dag.py:2676} INFO - Sync 2 DAGs
[2022-12-14T20:03:33.458+0000] {logging_mixin.py:137} INFO - [2022-12-14T20:03:33.457+0000] {dag.py:3427} INFO - Setting next_dagrun for example_subdag_operator.section-1 to None, run_after=None
[2022-12-14T20:03:33.462+0000] {logging_mixin.py:137} INFO - [2022-12-14T20:03:33.460+0000] {dag.py:3427} INFO - Setting next_dagrun for example_subdag_operator.section-2 to None, run_after=None
[2022-12-14T20:03:33.492+0000] {processor.py:175} INFO - Processing /home/airflow/.local/lib/python3.7/site-packages/airflow/example_dags/example_subdag_operator.py took 0.294 seconds
