[2022-12-14T19:52:13.024+0000] {processor.py:153} INFO - Started process (PID=117) to work on /home/airflow/.local/lib/python3.7/site-packages/airflow/example_dags/example_branch_python_dop_operator_3.py
[2022-12-14T19:52:13.026+0000] {processor.py:743} INFO - Processing file /home/airflow/.local/lib/python3.7/site-packages/airflow/example_dags/example_branch_python_dop_operator_3.py for tasks to queue
[2022-12-14T19:52:13.027+0000] {logging_mixin.py:137} INFO - [2022-12-14T19:52:13.027+0000] {dagbag.py:538} INFO - Filling up the DagBag from /home/airflow/.local/lib/python3.7/site-packages/airflow/example_dags/example_branch_python_dop_operator_3.py
[2022-12-14T19:52:13.075+0000] {processor.py:753} INFO - DAG(s) dict_keys(['example_branch_dop_operator_v3']) retrieved from /home/airflow/.local/lib/python3.7/site-packages/airflow/example_dags/example_branch_python_dop_operator_3.py
[2022-12-14T19:52:13.154+0000] {logging_mixin.py:137} INFO - [2022-12-14T19:52:13.153+0000] {dag.py:2676} INFO - Sync 1 DAGs
[2022-12-14T19:52:13.249+0000] {logging_mixin.py:137} INFO - [2022-12-14T19:52:13.249+0000] {dag.py:3427} INFO - Setting next_dagrun for example_branch_dop_operator_v3 to 2022-12-14T19:51:00+00:00, run_after=2022-12-14T19:52:00+00:00
[2022-12-14T19:52:13.300+0000] {processor.py:175} INFO - Processing /home/airflow/.local/lib/python3.7/site-packages/airflow/example_dags/example_branch_python_dop_operator_3.py took 0.282 seconds
[2022-12-14T19:52:43.811+0000] {processor.py:153} INFO - Started process (PID=197) to work on /home/airflow/.local/lib/python3.7/site-packages/airflow/example_dags/example_branch_python_dop_operator_3.py
[2022-12-14T19:52:43.813+0000] {processor.py:743} INFO - Processing file /home/airflow/.local/lib/python3.7/site-packages/airflow/example_dags/example_branch_python_dop_operator_3.py for tasks to queue
[2022-12-14T19:52:43.814+0000] {logging_mixin.py:137} INFO - [2022-12-14T19:52:43.814+0000] {dagbag.py:538} INFO - Filling up the DagBag from /home/airflow/.local/lib/python3.7/site-packages/airflow/example_dags/example_branch_python_dop_operator_3.py
[2022-12-14T19:52:43.852+0000] {processor.py:753} INFO - DAG(s) dict_keys(['example_branch_dop_operator_v3']) retrieved from /home/airflow/.local/lib/python3.7/site-packages/airflow/example_dags/example_branch_python_dop_operator_3.py
[2022-12-14T19:52:43.907+0000] {logging_mixin.py:137} INFO - [2022-12-14T19:52:43.907+0000] {dag.py:2676} INFO - Sync 1 DAGs
[2022-12-14T19:52:43.960+0000] {logging_mixin.py:137} INFO - [2022-12-14T19:52:43.959+0000] {dag.py:3427} INFO - Setting next_dagrun for example_branch_dop_operator_v3 to 2022-12-14T19:51:00+00:00, run_after=2022-12-14T19:52:00+00:00
[2022-12-14T19:52:43.987+0000] {processor.py:175} INFO - Processing /home/airflow/.local/lib/python3.7/site-packages/airflow/example_dags/example_branch_python_dop_operator_3.py took 0.180 seconds
[2022-12-14T19:53:14.413+0000] {processor.py:153} INFO - Started process (PID=277) to work on /home/airflow/.local/lib/python3.7/site-packages/airflow/example_dags/example_branch_python_dop_operator_3.py
[2022-12-14T19:53:14.414+0000] {processor.py:743} INFO - Processing file /home/airflow/.local/lib/python3.7/site-packages/airflow/example_dags/example_branch_python_dop_operator_3.py for tasks to queue
[2022-12-14T19:53:14.416+0000] {logging_mixin.py:137} INFO - [2022-12-14T19:53:14.415+0000] {dagbag.py:538} INFO - Filling up the DagBag from /home/airflow/.local/lib/python3.7/site-packages/airflow/example_dags/example_branch_python_dop_operator_3.py
[2022-12-14T19:53:14.461+0000] {processor.py:753} INFO - DAG(s) dict_keys(['example_branch_dop_operator_v3']) retrieved from /home/airflow/.local/lib/python3.7/site-packages/airflow/example_dags/example_branch_python_dop_operator_3.py
[2022-12-14T19:53:14.527+0000] {logging_mixin.py:137} INFO - [2022-12-14T19:53:14.527+0000] {dag.py:2676} INFO - Sync 1 DAGs
[2022-12-14T19:53:14.583+0000] {logging_mixin.py:137} INFO - [2022-12-14T19:53:14.583+0000] {dag.py:3427} INFO - Setting next_dagrun for example_branch_dop_operator_v3 to 2022-12-14T19:52:00+00:00, run_after=2022-12-14T19:53:00+00:00
[2022-12-14T19:53:14.616+0000] {processor.py:175} INFO - Processing /home/airflow/.local/lib/python3.7/site-packages/airflow/example_dags/example_branch_python_dop_operator_3.py took 0.208 seconds
[2022-12-14T19:53:45.376+0000] {processor.py:153} INFO - Started process (PID=357) to work on /home/airflow/.local/lib/python3.7/site-packages/airflow/example_dags/example_branch_python_dop_operator_3.py
[2022-12-14T19:53:45.378+0000] {processor.py:743} INFO - Processing file /home/airflow/.local/lib/python3.7/site-packages/airflow/example_dags/example_branch_python_dop_operator_3.py for tasks to queue
[2022-12-14T19:53:45.379+0000] {logging_mixin.py:137} INFO - [2022-12-14T19:53:45.379+0000] {dagbag.py:538} INFO - Filling up the DagBag from /home/airflow/.local/lib/python3.7/site-packages/airflow/example_dags/example_branch_python_dop_operator_3.py
[2022-12-14T19:53:45.430+0000] {processor.py:753} INFO - DAG(s) dict_keys(['example_branch_dop_operator_v3']) retrieved from /home/airflow/.local/lib/python3.7/site-packages/airflow/example_dags/example_branch_python_dop_operator_3.py
[2022-12-14T19:53:45.491+0000] {logging_mixin.py:137} INFO - [2022-12-14T19:53:45.490+0000] {dag.py:2676} INFO - Sync 1 DAGs
[2022-12-14T19:53:45.544+0000] {logging_mixin.py:137} INFO - [2022-12-14T19:53:45.544+0000] {dag.py:3427} INFO - Setting next_dagrun for example_branch_dop_operator_v3 to 2022-12-14T19:52:00+00:00, run_after=2022-12-14T19:53:00+00:00
[2022-12-14T19:53:45.585+0000] {processor.py:175} INFO - Processing /home/airflow/.local/lib/python3.7/site-packages/airflow/example_dags/example_branch_python_dop_operator_3.py took 0.213 seconds
[2022-12-14T19:54:16.477+0000] {processor.py:153} INFO - Started process (PID=457) to work on /home/airflow/.local/lib/python3.7/site-packages/airflow/example_dags/example_branch_python_dop_operator_3.py
[2022-12-14T19:54:16.478+0000] {processor.py:743} INFO - Processing file /home/airflow/.local/lib/python3.7/site-packages/airflow/example_dags/example_branch_python_dop_operator_3.py for tasks to queue
[2022-12-14T19:54:16.479+0000] {logging_mixin.py:137} INFO - [2022-12-14T19:54:16.479+0000] {dagbag.py:538} INFO - Filling up the DagBag from /home/airflow/.local/lib/python3.7/site-packages/airflow/example_dags/example_branch_python_dop_operator_3.py
[2022-12-14T19:54:16.512+0000] {processor.py:753} INFO - DAG(s) dict_keys(['example_branch_dop_operator_v3']) retrieved from /home/airflow/.local/lib/python3.7/site-packages/airflow/example_dags/example_branch_python_dop_operator_3.py
[2022-12-14T19:54:16.559+0000] {logging_mixin.py:137} INFO - [2022-12-14T19:54:16.559+0000] {dag.py:2676} INFO - Sync 1 DAGs
[2022-12-14T19:54:16.603+0000] {logging_mixin.py:137} INFO - [2022-12-14T19:54:16.603+0000] {dag.py:3427} INFO - Setting next_dagrun for example_branch_dop_operator_v3 to 2022-12-14T19:53:00+00:00, run_after=2022-12-14T19:54:00+00:00
[2022-12-14T19:54:16.629+0000] {processor.py:175} INFO - Processing /home/airflow/.local/lib/python3.7/site-packages/airflow/example_dags/example_branch_python_dop_operator_3.py took 0.156 seconds
[2022-12-14T19:54:47.028+0000] {processor.py:153} INFO - Started process (PID=537) to work on /home/airflow/.local/lib/python3.7/site-packages/airflow/example_dags/example_branch_python_dop_operator_3.py
[2022-12-14T19:54:47.029+0000] {processor.py:743} INFO - Processing file /home/airflow/.local/lib/python3.7/site-packages/airflow/example_dags/example_branch_python_dop_operator_3.py for tasks to queue
[2022-12-14T19:54:47.030+0000] {logging_mixin.py:137} INFO - [2022-12-14T19:54:47.030+0000] {dagbag.py:538} INFO - Filling up the DagBag from /home/airflow/.local/lib/python3.7/site-packages/airflow/example_dags/example_branch_python_dop_operator_3.py
[2022-12-14T19:54:47.065+0000] {processor.py:753} INFO - DAG(s) dict_keys(['example_branch_dop_operator_v3']) retrieved from /home/airflow/.local/lib/python3.7/site-packages/airflow/example_dags/example_branch_python_dop_operator_3.py
[2022-12-14T19:54:47.116+0000] {logging_mixin.py:137} INFO - [2022-12-14T19:54:47.116+0000] {dag.py:2676} INFO - Sync 1 DAGs
[2022-12-14T19:54:47.160+0000] {logging_mixin.py:137} INFO - [2022-12-14T19:54:47.159+0000] {dag.py:3427} INFO - Setting next_dagrun for example_branch_dop_operator_v3 to 2022-12-14T19:53:00+00:00, run_after=2022-12-14T19:54:00+00:00
[2022-12-14T19:54:47.187+0000] {processor.py:175} INFO - Processing /home/airflow/.local/lib/python3.7/site-packages/airflow/example_dags/example_branch_python_dop_operator_3.py took 0.164 seconds
[2022-12-14T19:55:17.481+0000] {processor.py:153} INFO - Started process (PID=617) to work on /home/airflow/.local/lib/python3.7/site-packages/airflow/example_dags/example_branch_python_dop_operator_3.py
[2022-12-14T19:55:17.482+0000] {processor.py:743} INFO - Processing file /home/airflow/.local/lib/python3.7/site-packages/airflow/example_dags/example_branch_python_dop_operator_3.py for tasks to queue
[2022-12-14T19:55:17.483+0000] {logging_mixin.py:137} INFO - [2022-12-14T19:55:17.483+0000] {dagbag.py:538} INFO - Filling up the DagBag from /home/airflow/.local/lib/python3.7/site-packages/airflow/example_dags/example_branch_python_dop_operator_3.py
[2022-12-14T19:55:17.518+0000] {processor.py:753} INFO - DAG(s) dict_keys(['example_branch_dop_operator_v3']) retrieved from /home/airflow/.local/lib/python3.7/site-packages/airflow/example_dags/example_branch_python_dop_operator_3.py
[2022-12-14T19:55:17.568+0000] {logging_mixin.py:137} INFO - [2022-12-14T19:55:17.568+0000] {dag.py:2676} INFO - Sync 1 DAGs
[2022-12-14T19:55:17.609+0000] {logging_mixin.py:137} INFO - [2022-12-14T19:55:17.609+0000] {dag.py:3427} INFO - Setting next_dagrun for example_branch_dop_operator_v3 to 2022-12-14T19:54:00+00:00, run_after=2022-12-14T19:55:00+00:00
[2022-12-14T19:55:17.637+0000] {processor.py:175} INFO - Processing /home/airflow/.local/lib/python3.7/site-packages/airflow/example_dags/example_branch_python_dop_operator_3.py took 0.160 seconds
[2022-12-14T19:55:48.096+0000] {processor.py:153} INFO - Started process (PID=697) to work on /home/airflow/.local/lib/python3.7/site-packages/airflow/example_dags/example_branch_python_dop_operator_3.py
[2022-12-14T19:55:48.098+0000] {processor.py:743} INFO - Processing file /home/airflow/.local/lib/python3.7/site-packages/airflow/example_dags/example_branch_python_dop_operator_3.py for tasks to queue
[2022-12-14T19:55:48.099+0000] {logging_mixin.py:137} INFO - [2022-12-14T19:55:48.099+0000] {dagbag.py:538} INFO - Filling up the DagBag from /home/airflow/.local/lib/python3.7/site-packages/airflow/example_dags/example_branch_python_dop_operator_3.py
[2022-12-14T19:55:48.134+0000] {processor.py:753} INFO - DAG(s) dict_keys(['example_branch_dop_operator_v3']) retrieved from /home/airflow/.local/lib/python3.7/site-packages/airflow/example_dags/example_branch_python_dop_operator_3.py
[2022-12-14T19:55:48.184+0000] {logging_mixin.py:137} INFO - [2022-12-14T19:55:48.184+0000] {dag.py:2676} INFO - Sync 1 DAGs
[2022-12-14T19:55:48.239+0000] {logging_mixin.py:137} INFO - [2022-12-14T19:55:48.239+0000] {dag.py:3427} INFO - Setting next_dagrun for example_branch_dop_operator_v3 to 2022-12-14T19:54:00+00:00, run_after=2022-12-14T19:55:00+00:00
[2022-12-14T19:55:48.268+0000] {processor.py:175} INFO - Processing /home/airflow/.local/lib/python3.7/site-packages/airflow/example_dags/example_branch_python_dop_operator_3.py took 0.175 seconds
[2022-12-14T19:56:23.225+0000] {processor.py:153} INFO - Started process (PID=799) to work on /home/airflow/.local/lib/python3.7/site-packages/airflow/example_dags/example_branch_python_dop_operator_3.py
[2022-12-14T19:56:23.227+0000] {processor.py:743} INFO - Processing file /home/airflow/.local/lib/python3.7/site-packages/airflow/example_dags/example_branch_python_dop_operator_3.py for tasks to queue
[2022-12-14T19:56:23.228+0000] {logging_mixin.py:137} INFO - [2022-12-14T19:56:23.228+0000] {dagbag.py:538} INFO - Filling up the DagBag from /home/airflow/.local/lib/python3.7/site-packages/airflow/example_dags/example_branch_python_dop_operator_3.py
[2022-12-14T19:56:23.281+0000] {processor.py:753} INFO - DAG(s) dict_keys(['example_branch_dop_operator_v3']) retrieved from /home/airflow/.local/lib/python3.7/site-packages/airflow/example_dags/example_branch_python_dop_operator_3.py
[2022-12-14T19:56:23.336+0000] {logging_mixin.py:137} INFO - [2022-12-14T19:56:23.335+0000] {dag.py:2676} INFO - Sync 1 DAGs
[2022-12-14T19:56:23.413+0000] {logging_mixin.py:137} INFO - [2022-12-14T19:56:23.413+0000] {dag.py:3427} INFO - Setting next_dagrun for example_branch_dop_operator_v3 to 2022-12-14T19:55:00+00:00, run_after=2022-12-14T19:56:00+00:00
[2022-12-14T19:56:23.461+0000] {processor.py:175} INFO - Processing /home/airflow/.local/lib/python3.7/site-packages/airflow/example_dags/example_branch_python_dop_operator_3.py took 0.241 seconds
[2022-12-14T19:56:54.205+0000] {processor.py:153} INFO - Started process (PID=897) to work on /home/airflow/.local/lib/python3.7/site-packages/airflow/example_dags/example_branch_python_dop_operator_3.py
[2022-12-14T19:56:54.206+0000] {processor.py:743} INFO - Processing file /home/airflow/.local/lib/python3.7/site-packages/airflow/example_dags/example_branch_python_dop_operator_3.py for tasks to queue
[2022-12-14T19:56:54.207+0000] {logging_mixin.py:137} INFO - [2022-12-14T19:56:54.207+0000] {dagbag.py:538} INFO - Filling up the DagBag from /home/airflow/.local/lib/python3.7/site-packages/airflow/example_dags/example_branch_python_dop_operator_3.py
[2022-12-14T19:56:54.240+0000] {processor.py:753} INFO - DAG(s) dict_keys(['example_branch_dop_operator_v3']) retrieved from /home/airflow/.local/lib/python3.7/site-packages/airflow/example_dags/example_branch_python_dop_operator_3.py
[2022-12-14T19:56:54.294+0000] {logging_mixin.py:137} INFO - [2022-12-14T19:56:54.294+0000] {dag.py:2676} INFO - Sync 1 DAGs
[2022-12-14T19:56:54.343+0000] {logging_mixin.py:137} INFO - [2022-12-14T19:56:54.343+0000] {dag.py:3427} INFO - Setting next_dagrun for example_branch_dop_operator_v3 to 2022-12-14T19:55:00+00:00, run_after=2022-12-14T19:56:00+00:00
[2022-12-14T19:56:54.371+0000] {processor.py:175} INFO - Processing /home/airflow/.local/lib/python3.7/site-packages/airflow/example_dags/example_branch_python_dop_operator_3.py took 0.172 seconds
[2022-12-14T19:57:24.674+0000] {processor.py:153} INFO - Started process (PID=988) to work on /home/airflow/.local/lib/python3.7/site-packages/airflow/example_dags/example_branch_python_dop_operator_3.py
[2022-12-14T19:57:24.675+0000] {processor.py:743} INFO - Processing file /home/airflow/.local/lib/python3.7/site-packages/airflow/example_dags/example_branch_python_dop_operator_3.py for tasks to queue
[2022-12-14T19:57:24.677+0000] {logging_mixin.py:137} INFO - [2022-12-14T19:57:24.676+0000] {dagbag.py:538} INFO - Filling up the DagBag from /home/airflow/.local/lib/python3.7/site-packages/airflow/example_dags/example_branch_python_dop_operator_3.py
[2022-12-14T19:57:24.720+0000] {processor.py:753} INFO - DAG(s) dict_keys(['example_branch_dop_operator_v3']) retrieved from /home/airflow/.local/lib/python3.7/site-packages/airflow/example_dags/example_branch_python_dop_operator_3.py
[2022-12-14T19:57:24.793+0000] {logging_mixin.py:137} INFO - [2022-12-14T19:57:24.793+0000] {dag.py:2676} INFO - Sync 1 DAGs
[2022-12-14T19:57:24.858+0000] {logging_mixin.py:137} INFO - [2022-12-14T19:57:24.858+0000] {dag.py:3427} INFO - Setting next_dagrun for example_branch_dop_operator_v3 to 2022-12-14T19:56:00+00:00, run_after=2022-12-14T19:57:00+00:00
[2022-12-14T19:57:24.895+0000] {processor.py:175} INFO - Processing /home/airflow/.local/lib/python3.7/site-packages/airflow/example_dags/example_branch_python_dop_operator_3.py took 0.225 seconds
[2022-12-14T19:57:55.765+0000] {processor.py:153} INFO - Started process (PID=1068) to work on /home/airflow/.local/lib/python3.7/site-packages/airflow/example_dags/example_branch_python_dop_operator_3.py
[2022-12-14T19:57:55.766+0000] {processor.py:743} INFO - Processing file /home/airflow/.local/lib/python3.7/site-packages/airflow/example_dags/example_branch_python_dop_operator_3.py for tasks to queue
[2022-12-14T19:57:55.768+0000] {logging_mixin.py:137} INFO - [2022-12-14T19:57:55.768+0000] {dagbag.py:538} INFO - Filling up the DagBag from /home/airflow/.local/lib/python3.7/site-packages/airflow/example_dags/example_branch_python_dop_operator_3.py
[2022-12-14T19:57:55.815+0000] {processor.py:753} INFO - DAG(s) dict_keys(['example_branch_dop_operator_v3']) retrieved from /home/airflow/.local/lib/python3.7/site-packages/airflow/example_dags/example_branch_python_dop_operator_3.py
[2022-12-14T19:57:55.872+0000] {logging_mixin.py:137} INFO - [2022-12-14T19:57:55.872+0000] {dag.py:2676} INFO - Sync 1 DAGs
[2022-12-14T19:57:55.922+0000] {logging_mixin.py:137} INFO - [2022-12-14T19:57:55.922+0000] {dag.py:3427} INFO - Setting next_dagrun for example_branch_dop_operator_v3 to 2022-12-14T19:56:00+00:00, run_after=2022-12-14T19:57:00+00:00
[2022-12-14T19:57:55.956+0000] {processor.py:175} INFO - Processing /home/airflow/.local/lib/python3.7/site-packages/airflow/example_dags/example_branch_python_dop_operator_3.py took 0.195 seconds
[2022-12-14T19:58:26.252+0000] {processor.py:153} INFO - Started process (PID=1148) to work on /home/airflow/.local/lib/python3.7/site-packages/airflow/example_dags/example_branch_python_dop_operator_3.py
[2022-12-14T19:58:26.253+0000] {processor.py:743} INFO - Processing file /home/airflow/.local/lib/python3.7/site-packages/airflow/example_dags/example_branch_python_dop_operator_3.py for tasks to queue
[2022-12-14T19:58:26.254+0000] {logging_mixin.py:137} INFO - [2022-12-14T19:58:26.254+0000] {dagbag.py:538} INFO - Filling up the DagBag from /home/airflow/.local/lib/python3.7/site-packages/airflow/example_dags/example_branch_python_dop_operator_3.py
[2022-12-14T19:58:26.296+0000] {processor.py:753} INFO - DAG(s) dict_keys(['example_branch_dop_operator_v3']) retrieved from /home/airflow/.local/lib/python3.7/site-packages/airflow/example_dags/example_branch_python_dop_operator_3.py
[2022-12-14T19:58:26.353+0000] {logging_mixin.py:137} INFO - [2022-12-14T19:58:26.352+0000] {dag.py:2676} INFO - Sync 1 DAGs
[2022-12-14T19:58:26.396+0000] {logging_mixin.py:137} INFO - [2022-12-14T19:58:26.395+0000] {dag.py:3427} INFO - Setting next_dagrun for example_branch_dop_operator_v3 to 2022-12-14T19:57:00+00:00, run_after=2022-12-14T19:58:00+00:00
[2022-12-14T19:58:26.424+0000] {processor.py:175} INFO - Processing /home/airflow/.local/lib/python3.7/site-packages/airflow/example_dags/example_branch_python_dop_operator_3.py took 0.177 seconds
[2022-12-14T19:58:56.614+0000] {processor.py:153} INFO - Started process (PID=1237) to work on /home/airflow/.local/lib/python3.7/site-packages/airflow/example_dags/example_branch_python_dop_operator_3.py
[2022-12-14T19:58:56.616+0000] {processor.py:743} INFO - Processing file /home/airflow/.local/lib/python3.7/site-packages/airflow/example_dags/example_branch_python_dop_operator_3.py for tasks to queue
[2022-12-14T19:58:56.617+0000] {logging_mixin.py:137} INFO - [2022-12-14T19:58:56.617+0000] {dagbag.py:538} INFO - Filling up the DagBag from /home/airflow/.local/lib/python3.7/site-packages/airflow/example_dags/example_branch_python_dop_operator_3.py
[2022-12-14T19:58:56.658+0000] {processor.py:753} INFO - DAG(s) dict_keys(['example_branch_dop_operator_v3']) retrieved from /home/airflow/.local/lib/python3.7/site-packages/airflow/example_dags/example_branch_python_dop_operator_3.py
[2022-12-14T19:58:56.719+0000] {logging_mixin.py:137} INFO - [2022-12-14T19:58:56.719+0000] {dag.py:2676} INFO - Sync 1 DAGs
[2022-12-14T19:58:56.779+0000] {logging_mixin.py:137} INFO - [2022-12-14T19:58:56.778+0000] {dag.py:3427} INFO - Setting next_dagrun for example_branch_dop_operator_v3 to 2022-12-14T19:57:00+00:00, run_after=2022-12-14T19:58:00+00:00
[2022-12-14T19:58:56.814+0000] {processor.py:175} INFO - Processing /home/airflow/.local/lib/python3.7/site-packages/airflow/example_dags/example_branch_python_dop_operator_3.py took 0.206 seconds
[2022-12-14T19:59:27.115+0000] {processor.py:153} INFO - Started process (PID=1328) to work on /home/airflow/.local/lib/python3.7/site-packages/airflow/example_dags/example_branch_python_dop_operator_3.py
[2022-12-14T19:59:27.117+0000] {processor.py:743} INFO - Processing file /home/airflow/.local/lib/python3.7/site-packages/airflow/example_dags/example_branch_python_dop_operator_3.py for tasks to queue
[2022-12-14T19:59:27.119+0000] {logging_mixin.py:137} INFO - [2022-12-14T19:59:27.118+0000] {dagbag.py:538} INFO - Filling up the DagBag from /home/airflow/.local/lib/python3.7/site-packages/airflow/example_dags/example_branch_python_dop_operator_3.py
[2022-12-14T19:59:27.161+0000] {processor.py:753} INFO - DAG(s) dict_keys(['example_branch_dop_operator_v3']) retrieved from /home/airflow/.local/lib/python3.7/site-packages/airflow/example_dags/example_branch_python_dop_operator_3.py
[2022-12-14T19:59:27.218+0000] {logging_mixin.py:137} INFO - [2022-12-14T19:59:27.217+0000] {dag.py:2676} INFO - Sync 1 DAGs
[2022-12-14T19:59:27.281+0000] {logging_mixin.py:137} INFO - [2022-12-14T19:59:27.281+0000] {dag.py:3427} INFO - Setting next_dagrun for example_branch_dop_operator_v3 to 2022-12-14T19:58:00+00:00, run_after=2022-12-14T19:59:00+00:00
[2022-12-14T19:59:27.318+0000] {processor.py:175} INFO - Processing /home/airflow/.local/lib/python3.7/site-packages/airflow/example_dags/example_branch_python_dop_operator_3.py took 0.209 seconds
[2022-12-14T19:59:57.367+0000] {processor.py:153} INFO - Started process (PID=1408) to work on /home/airflow/.local/lib/python3.7/site-packages/airflow/example_dags/example_branch_python_dop_operator_3.py
[2022-12-14T19:59:57.369+0000] {processor.py:743} INFO - Processing file /home/airflow/.local/lib/python3.7/site-packages/airflow/example_dags/example_branch_python_dop_operator_3.py for tasks to queue
[2022-12-14T19:59:57.370+0000] {logging_mixin.py:137} INFO - [2022-12-14T19:59:57.370+0000] {dagbag.py:538} INFO - Filling up the DagBag from /home/airflow/.local/lib/python3.7/site-packages/airflow/example_dags/example_branch_python_dop_operator_3.py
[2022-12-14T19:59:57.410+0000] {processor.py:753} INFO - DAG(s) dict_keys(['example_branch_dop_operator_v3']) retrieved from /home/airflow/.local/lib/python3.7/site-packages/airflow/example_dags/example_branch_python_dop_operator_3.py
[2022-12-14T19:59:57.463+0000] {logging_mixin.py:137} INFO - [2022-12-14T19:59:57.462+0000] {dag.py:2676} INFO - Sync 1 DAGs
[2022-12-14T19:59:57.505+0000] {logging_mixin.py:137} INFO - [2022-12-14T19:59:57.504+0000] {dag.py:3427} INFO - Setting next_dagrun for example_branch_dop_operator_v3 to 2022-12-14T19:58:00+00:00, run_after=2022-12-14T19:59:00+00:00
[2022-12-14T19:59:57.533+0000] {processor.py:175} INFO - Processing /home/airflow/.local/lib/python3.7/site-packages/airflow/example_dags/example_branch_python_dop_operator_3.py took 0.173 seconds
[2022-12-14T20:00:28.163+0000] {processor.py:153} INFO - Started process (PID=1488) to work on /home/airflow/.local/lib/python3.7/site-packages/airflow/example_dags/example_branch_python_dop_operator_3.py
[2022-12-14T20:00:28.165+0000] {processor.py:743} INFO - Processing file /home/airflow/.local/lib/python3.7/site-packages/airflow/example_dags/example_branch_python_dop_operator_3.py for tasks to queue
[2022-12-14T20:00:28.166+0000] {logging_mixin.py:137} INFO - [2022-12-14T20:00:28.166+0000] {dagbag.py:538} INFO - Filling up the DagBag from /home/airflow/.local/lib/python3.7/site-packages/airflow/example_dags/example_branch_python_dop_operator_3.py
[2022-12-14T20:00:28.201+0000] {processor.py:753} INFO - DAG(s) dict_keys(['example_branch_dop_operator_v3']) retrieved from /home/airflow/.local/lib/python3.7/site-packages/airflow/example_dags/example_branch_python_dop_operator_3.py
[2022-12-14T20:00:28.263+0000] {logging_mixin.py:137} INFO - [2022-12-14T20:00:28.262+0000] {dag.py:2676} INFO - Sync 1 DAGs
[2022-12-14T20:00:28.316+0000] {logging_mixin.py:137} INFO - [2022-12-14T20:00:28.316+0000] {dag.py:3427} INFO - Setting next_dagrun for example_branch_dop_operator_v3 to 2022-12-14T19:59:00+00:00, run_after=2022-12-14T20:00:00+00:00
[2022-12-14T20:00:28.344+0000] {processor.py:175} INFO - Processing /home/airflow/.local/lib/python3.7/site-packages/airflow/example_dags/example_branch_python_dop_operator_3.py took 0.186 seconds
[2022-12-14T20:00:58.854+0000] {processor.py:153} INFO - Started process (PID=1568) to work on /home/airflow/.local/lib/python3.7/site-packages/airflow/example_dags/example_branch_python_dop_operator_3.py
[2022-12-14T20:00:58.855+0000] {processor.py:743} INFO - Processing file /home/airflow/.local/lib/python3.7/site-packages/airflow/example_dags/example_branch_python_dop_operator_3.py for tasks to queue
[2022-12-14T20:00:58.856+0000] {logging_mixin.py:137} INFO - [2022-12-14T20:00:58.856+0000] {dagbag.py:538} INFO - Filling up the DagBag from /home/airflow/.local/lib/python3.7/site-packages/airflow/example_dags/example_branch_python_dop_operator_3.py
[2022-12-14T20:00:58.888+0000] {processor.py:753} INFO - DAG(s) dict_keys(['example_branch_dop_operator_v3']) retrieved from /home/airflow/.local/lib/python3.7/site-packages/airflow/example_dags/example_branch_python_dop_operator_3.py
[2022-12-14T20:00:58.935+0000] {logging_mixin.py:137} INFO - [2022-12-14T20:00:58.935+0000] {dag.py:2676} INFO - Sync 1 DAGs
[2022-12-14T20:00:58.978+0000] {logging_mixin.py:137} INFO - [2022-12-14T20:00:58.977+0000] {dag.py:3427} INFO - Setting next_dagrun for example_branch_dop_operator_v3 to 2022-12-14T19:59:00+00:00, run_after=2022-12-14T20:00:00+00:00
[2022-12-14T20:00:59.003+0000] {processor.py:175} INFO - Processing /home/airflow/.local/lib/python3.7/site-packages/airflow/example_dags/example_branch_python_dop_operator_3.py took 0.153 seconds
[2022-12-14T20:01:29.841+0000] {processor.py:153} INFO - Started process (PID=1668) to work on /home/airflow/.local/lib/python3.7/site-packages/airflow/example_dags/example_branch_python_dop_operator_3.py
[2022-12-14T20:01:29.842+0000] {processor.py:743} INFO - Processing file /home/airflow/.local/lib/python3.7/site-packages/airflow/example_dags/example_branch_python_dop_operator_3.py for tasks to queue
[2022-12-14T20:01:29.843+0000] {logging_mixin.py:137} INFO - [2022-12-14T20:01:29.843+0000] {dagbag.py:538} INFO - Filling up the DagBag from /home/airflow/.local/lib/python3.7/site-packages/airflow/example_dags/example_branch_python_dop_operator_3.py
[2022-12-14T20:01:29.882+0000] {processor.py:753} INFO - DAG(s) dict_keys(['example_branch_dop_operator_v3']) retrieved from /home/airflow/.local/lib/python3.7/site-packages/airflow/example_dags/example_branch_python_dop_operator_3.py
[2022-12-14T20:01:29.934+0000] {logging_mixin.py:137} INFO - [2022-12-14T20:01:29.933+0000] {dag.py:2676} INFO - Sync 1 DAGs
[2022-12-14T20:01:29.982+0000] {logging_mixin.py:137} INFO - [2022-12-14T20:01:29.982+0000] {dag.py:3427} INFO - Setting next_dagrun for example_branch_dop_operator_v3 to 2022-12-14T20:00:00+00:00, run_after=2022-12-14T20:01:00+00:00
[2022-12-14T20:01:30.013+0000] {processor.py:175} INFO - Processing /home/airflow/.local/lib/python3.7/site-packages/airflow/example_dags/example_branch_python_dop_operator_3.py took 0.177 seconds
[2022-12-14T20:02:00.165+0000] {processor.py:153} INFO - Started process (PID=1748) to work on /home/airflow/.local/lib/python3.7/site-packages/airflow/example_dags/example_branch_python_dop_operator_3.py
[2022-12-14T20:02:00.167+0000] {processor.py:743} INFO - Processing file /home/airflow/.local/lib/python3.7/site-packages/airflow/example_dags/example_branch_python_dop_operator_3.py for tasks to queue
[2022-12-14T20:02:00.168+0000] {logging_mixin.py:137} INFO - [2022-12-14T20:02:00.167+0000] {dagbag.py:538} INFO - Filling up the DagBag from /home/airflow/.local/lib/python3.7/site-packages/airflow/example_dags/example_branch_python_dop_operator_3.py
[2022-12-14T20:02:00.202+0000] {processor.py:753} INFO - DAG(s) dict_keys(['example_branch_dop_operator_v3']) retrieved from /home/airflow/.local/lib/python3.7/site-packages/airflow/example_dags/example_branch_python_dop_operator_3.py
[2022-12-14T20:02:00.260+0000] {logging_mixin.py:137} INFO - [2022-12-14T20:02:00.260+0000] {dag.py:2676} INFO - Sync 1 DAGs
[2022-12-14T20:02:00.322+0000] {logging_mixin.py:137} INFO - [2022-12-14T20:02:00.322+0000] {dag.py:3427} INFO - Setting next_dagrun for example_branch_dop_operator_v3 to 2022-12-14T20:01:00+00:00, run_after=2022-12-14T20:02:00+00:00
[2022-12-14T20:02:00.361+0000] {processor.py:175} INFO - Processing /home/airflow/.local/lib/python3.7/site-packages/airflow/example_dags/example_branch_python_dop_operator_3.py took 0.200 seconds
[2022-12-14T20:02:30.581+0000] {processor.py:153} INFO - Started process (PID=1828) to work on /home/airflow/.local/lib/python3.7/site-packages/airflow/example_dags/example_branch_python_dop_operator_3.py
[2022-12-14T20:02:30.583+0000] {processor.py:743} INFO - Processing file /home/airflow/.local/lib/python3.7/site-packages/airflow/example_dags/example_branch_python_dop_operator_3.py for tasks to queue
[2022-12-14T20:02:30.584+0000] {logging_mixin.py:137} INFO - [2022-12-14T20:02:30.584+0000] {dagbag.py:538} INFO - Filling up the DagBag from /home/airflow/.local/lib/python3.7/site-packages/airflow/example_dags/example_branch_python_dop_operator_3.py
[2022-12-14T20:02:30.626+0000] {processor.py:753} INFO - DAG(s) dict_keys(['example_branch_dop_operator_v3']) retrieved from /home/airflow/.local/lib/python3.7/site-packages/airflow/example_dags/example_branch_python_dop_operator_3.py
[2022-12-14T20:02:30.687+0000] {logging_mixin.py:137} INFO - [2022-12-14T20:02:30.687+0000] {dag.py:2676} INFO - Sync 1 DAGs
[2022-12-14T20:02:30.751+0000] {logging_mixin.py:137} INFO - [2022-12-14T20:02:30.751+0000] {dag.py:3427} INFO - Setting next_dagrun for example_branch_dop_operator_v3 to 2022-12-14T20:01:00+00:00, run_after=2022-12-14T20:02:00+00:00
[2022-12-14T20:02:30.788+0000] {processor.py:175} INFO - Processing /home/airflow/.local/lib/python3.7/site-packages/airflow/example_dags/example_branch_python_dop_operator_3.py took 0.212 seconds
[2022-12-14T20:03:01.133+0000] {processor.py:153} INFO - Started process (PID=1908) to work on /home/airflow/.local/lib/python3.7/site-packages/airflow/example_dags/example_branch_python_dop_operator_3.py
[2022-12-14T20:03:01.135+0000] {processor.py:743} INFO - Processing file /home/airflow/.local/lib/python3.7/site-packages/airflow/example_dags/example_branch_python_dop_operator_3.py for tasks to queue
[2022-12-14T20:03:01.137+0000] {logging_mixin.py:137} INFO - [2022-12-14T20:03:01.137+0000] {dagbag.py:538} INFO - Filling up the DagBag from /home/airflow/.local/lib/python3.7/site-packages/airflow/example_dags/example_branch_python_dop_operator_3.py
[2022-12-14T20:03:01.182+0000] {processor.py:753} INFO - DAG(s) dict_keys(['example_branch_dop_operator_v3']) retrieved from /home/airflow/.local/lib/python3.7/site-packages/airflow/example_dags/example_branch_python_dop_operator_3.py
[2022-12-14T20:03:01.233+0000] {logging_mixin.py:137} INFO - [2022-12-14T20:03:01.233+0000] {dag.py:2676} INFO - Sync 1 DAGs
[2022-12-14T20:03:01.279+0000] {logging_mixin.py:137} INFO - [2022-12-14T20:03:01.279+0000] {dag.py:3427} INFO - Setting next_dagrun for example_branch_dop_operator_v3 to 2022-12-14T20:02:00+00:00, run_after=2022-12-14T20:03:00+00:00
[2022-12-14T20:03:01.310+0000] {processor.py:175} INFO - Processing /home/airflow/.local/lib/python3.7/site-packages/airflow/example_dags/example_branch_python_dop_operator_3.py took 0.182 seconds
[2022-12-14T20:03:31.619+0000] {processor.py:153} INFO - Started process (PID=1997) to work on /home/airflow/.local/lib/python3.7/site-packages/airflow/example_dags/example_branch_python_dop_operator_3.py
[2022-12-14T20:03:31.621+0000] {processor.py:743} INFO - Processing file /home/airflow/.local/lib/python3.7/site-packages/airflow/example_dags/example_branch_python_dop_operator_3.py for tasks to queue
[2022-12-14T20:03:31.622+0000] {logging_mixin.py:137} INFO - [2022-12-14T20:03:31.622+0000] {dagbag.py:538} INFO - Filling up the DagBag from /home/airflow/.local/lib/python3.7/site-packages/airflow/example_dags/example_branch_python_dop_operator_3.py
[2022-12-14T20:03:31.670+0000] {processor.py:753} INFO - DAG(s) dict_keys(['example_branch_dop_operator_v3']) retrieved from /home/airflow/.local/lib/python3.7/site-packages/airflow/example_dags/example_branch_python_dop_operator_3.py
[2022-12-14T20:03:31.733+0000] {logging_mixin.py:137} INFO - [2022-12-14T20:03:31.733+0000] {dag.py:2676} INFO - Sync 1 DAGs
[2022-12-14T20:03:31.814+0000] {logging_mixin.py:137} INFO - [2022-12-14T20:03:31.814+0000] {dag.py:3427} INFO - Setting next_dagrun for example_branch_dop_operator_v3 to 2022-12-14T20:02:00+00:00, run_after=2022-12-14T20:03:00+00:00
[2022-12-14T20:03:31.855+0000] {processor.py:175} INFO - Processing /home/airflow/.local/lib/python3.7/site-packages/airflow/example_dags/example_branch_python_dop_operator_3.py took 0.241 seconds
