[2022-12-14T19:52:14.572+0000] {processor.py:153} INFO - Started process (PID=131) to work on /home/airflow/.local/lib/python3.7/site-packages/airflow/example_dags/example_xcomargs.py
[2022-12-14T19:52:14.579+0000] {processor.py:743} INFO - Processing file /home/airflow/.local/lib/python3.7/site-packages/airflow/example_dags/example_xcomargs.py for tasks to queue
[2022-12-14T19:52:14.582+0000] {logging_mixin.py:137} INFO - [2022-12-14T19:52:14.581+0000] {dagbag.py:538} INFO - Filling up the DagBag from /home/airflow/.local/lib/python3.7/site-packages/airflow/example_dags/example_xcomargs.py
[2022-12-14T19:52:14.656+0000] {processor.py:753} INFO - DAG(s) dict_keys(['example_xcom_args', 'example_xcom_args_with_operators']) retrieved from /home/airflow/.local/lib/python3.7/site-packages/airflow/example_dags/example_xcomargs.py
[2022-12-14T19:52:14.767+0000] {logging_mixin.py:137} INFO - [2022-12-14T19:52:14.766+0000] {dag.py:2676} INFO - Sync 2 DAGs
[2022-12-14T19:52:14.889+0000] {logging_mixin.py:137} INFO - [2022-12-14T19:52:14.889+0000] {dag.py:3427} INFO - Setting next_dagrun for example_xcom_args to None, run_after=None
[2022-12-14T19:52:14.901+0000] {logging_mixin.py:137} INFO - [2022-12-14T19:52:14.900+0000] {dag.py:3427} INFO - Setting next_dagrun for example_xcom_args_with_operators to None, run_after=None
[2022-12-14T19:52:16.907+0000] {processor.py:175} INFO - Processing /home/airflow/.local/lib/python3.7/site-packages/airflow/example_dags/example_xcomargs.py took 2.346 seconds
[2022-12-14T19:52:47.729+0000] {processor.py:153} INFO - Started process (PID=206) to work on /home/airflow/.local/lib/python3.7/site-packages/airflow/example_dags/example_xcomargs.py
[2022-12-14T19:52:47.730+0000] {processor.py:743} INFO - Processing file /home/airflow/.local/lib/python3.7/site-packages/airflow/example_dags/example_xcomargs.py for tasks to queue
[2022-12-14T19:52:47.731+0000] {logging_mixin.py:137} INFO - [2022-12-14T19:52:47.731+0000] {dagbag.py:538} INFO - Filling up the DagBag from /home/airflow/.local/lib/python3.7/site-packages/airflow/example_dags/example_xcomargs.py
[2022-12-14T19:52:47.770+0000] {processor.py:753} INFO - DAG(s) dict_keys(['example_xcom_args_with_operators', 'example_xcom_args']) retrieved from /home/airflow/.local/lib/python3.7/site-packages/airflow/example_dags/example_xcomargs.py
[2022-12-14T19:52:47.838+0000] {logging_mixin.py:137} INFO - [2022-12-14T19:52:47.837+0000] {dag.py:2676} INFO - Sync 2 DAGs
[2022-12-14T19:52:47.881+0000] {logging_mixin.py:137} INFO - [2022-12-14T19:52:47.881+0000] {dag.py:3427} INFO - Setting next_dagrun for example_xcom_args to None, run_after=None
[2022-12-14T19:52:47.886+0000] {logging_mixin.py:137} INFO - [2022-12-14T19:52:47.886+0000] {dag.py:3427} INFO - Setting next_dagrun for example_xcom_args_with_operators to None, run_after=None
[2022-12-14T19:52:47.913+0000] {processor.py:175} INFO - Processing /home/airflow/.local/lib/python3.7/site-packages/airflow/example_dags/example_xcomargs.py took 0.188 seconds
[2022-12-14T19:53:18.193+0000] {processor.py:153} INFO - Started process (PID=286) to work on /home/airflow/.local/lib/python3.7/site-packages/airflow/example_dags/example_xcomargs.py
[2022-12-14T19:53:18.196+0000] {processor.py:743} INFO - Processing file /home/airflow/.local/lib/python3.7/site-packages/airflow/example_dags/example_xcomargs.py for tasks to queue
[2022-12-14T19:53:18.198+0000] {logging_mixin.py:137} INFO - [2022-12-14T19:53:18.197+0000] {dagbag.py:538} INFO - Filling up the DagBag from /home/airflow/.local/lib/python3.7/site-packages/airflow/example_dags/example_xcomargs.py
[2022-12-14T19:53:18.242+0000] {processor.py:753} INFO - DAG(s) dict_keys(['example_xcom_args_with_operators', 'example_xcom_args']) retrieved from /home/airflow/.local/lib/python3.7/site-packages/airflow/example_dags/example_xcomargs.py
[2022-12-14T19:53:18.322+0000] {logging_mixin.py:137} INFO - [2022-12-14T19:53:18.321+0000] {dag.py:2676} INFO - Sync 2 DAGs
[2022-12-14T19:53:18.397+0000] {logging_mixin.py:137} INFO - [2022-12-14T19:53:18.397+0000] {dag.py:3427} INFO - Setting next_dagrun for example_xcom_args to None, run_after=None
[2022-12-14T19:53:18.405+0000] {logging_mixin.py:137} INFO - [2022-12-14T19:53:18.404+0000] {dag.py:3427} INFO - Setting next_dagrun for example_xcom_args_with_operators to None, run_after=None
[2022-12-14T19:53:18.434+0000] {processor.py:175} INFO - Processing /home/airflow/.local/lib/python3.7/site-packages/airflow/example_dags/example_xcomargs.py took 0.246 seconds
[2022-12-14T19:53:48.690+0000] {processor.py:153} INFO - Started process (PID=386) to work on /home/airflow/.local/lib/python3.7/site-packages/airflow/example_dags/example_xcomargs.py
[2022-12-14T19:53:48.691+0000] {processor.py:743} INFO - Processing file /home/airflow/.local/lib/python3.7/site-packages/airflow/example_dags/example_xcomargs.py for tasks to queue
[2022-12-14T19:53:48.693+0000] {logging_mixin.py:137} INFO - [2022-12-14T19:53:48.692+0000] {dagbag.py:538} INFO - Filling up the DagBag from /home/airflow/.local/lib/python3.7/site-packages/airflow/example_dags/example_xcomargs.py
[2022-12-14T19:53:48.724+0000] {processor.py:753} INFO - DAG(s) dict_keys(['example_xcom_args_with_operators', 'example_xcom_args']) retrieved from /home/airflow/.local/lib/python3.7/site-packages/airflow/example_dags/example_xcomargs.py
[2022-12-14T19:53:48.773+0000] {logging_mixin.py:137} INFO - [2022-12-14T19:53:48.772+0000] {dag.py:2676} INFO - Sync 2 DAGs
[2022-12-14T19:53:48.806+0000] {logging_mixin.py:137} INFO - [2022-12-14T19:53:48.806+0000] {dag.py:3427} INFO - Setting next_dagrun for example_xcom_args to None, run_after=None
[2022-12-14T19:53:48.811+0000] {logging_mixin.py:137} INFO - [2022-12-14T19:53:48.810+0000] {dag.py:3427} INFO - Setting next_dagrun for example_xcom_args_with_operators to None, run_after=None
[2022-12-14T19:53:48.835+0000] {processor.py:175} INFO - Processing /home/airflow/.local/lib/python3.7/site-packages/airflow/example_dags/example_xcomargs.py took 0.148 seconds
[2022-12-14T19:54:19.437+0000] {processor.py:153} INFO - Started process (PID=466) to work on /home/airflow/.local/lib/python3.7/site-packages/airflow/example_dags/example_xcomargs.py
[2022-12-14T19:54:19.439+0000] {processor.py:743} INFO - Processing file /home/airflow/.local/lib/python3.7/site-packages/airflow/example_dags/example_xcomargs.py for tasks to queue
[2022-12-14T19:54:19.440+0000] {logging_mixin.py:137} INFO - [2022-12-14T19:54:19.440+0000] {dagbag.py:538} INFO - Filling up the DagBag from /home/airflow/.local/lib/python3.7/site-packages/airflow/example_dags/example_xcomargs.py
[2022-12-14T19:54:19.479+0000] {processor.py:753} INFO - DAG(s) dict_keys(['example_xcom_args', 'example_xcom_args_with_operators']) retrieved from /home/airflow/.local/lib/python3.7/site-packages/airflow/example_dags/example_xcomargs.py
[2022-12-14T19:54:19.536+0000] {logging_mixin.py:137} INFO - [2022-12-14T19:54:19.535+0000] {dag.py:2676} INFO - Sync 2 DAGs
[2022-12-14T19:54:19.569+0000] {logging_mixin.py:137} INFO - [2022-12-14T19:54:19.569+0000] {dag.py:3427} INFO - Setting next_dagrun for example_xcom_args to None, run_after=None
[2022-12-14T19:54:19.573+0000] {logging_mixin.py:137} INFO - [2022-12-14T19:54:19.573+0000] {dag.py:3427} INFO - Setting next_dagrun for example_xcom_args_with_operators to None, run_after=None
[2022-12-14T19:54:19.596+0000] {processor.py:175} INFO - Processing /home/airflow/.local/lib/python3.7/site-packages/airflow/example_dags/example_xcomargs.py took 0.163 seconds
[2022-12-14T19:54:50.018+0000] {processor.py:153} INFO - Started process (PID=546) to work on /home/airflow/.local/lib/python3.7/site-packages/airflow/example_dags/example_xcomargs.py
[2022-12-14T19:54:50.019+0000] {processor.py:743} INFO - Processing file /home/airflow/.local/lib/python3.7/site-packages/airflow/example_dags/example_xcomargs.py for tasks to queue
[2022-12-14T19:54:50.020+0000] {logging_mixin.py:137} INFO - [2022-12-14T19:54:50.020+0000] {dagbag.py:538} INFO - Filling up the DagBag from /home/airflow/.local/lib/python3.7/site-packages/airflow/example_dags/example_xcomargs.py
[2022-12-14T19:54:50.059+0000] {processor.py:753} INFO - DAG(s) dict_keys(['example_xcom_args', 'example_xcom_args_with_operators']) retrieved from /home/airflow/.local/lib/python3.7/site-packages/airflow/example_dags/example_xcomargs.py
[2022-12-14T19:54:50.119+0000] {logging_mixin.py:137} INFO - [2022-12-14T19:54:50.119+0000] {dag.py:2676} INFO - Sync 2 DAGs
[2022-12-14T19:54:50.167+0000] {logging_mixin.py:137} INFO - [2022-12-14T19:54:50.166+0000] {dag.py:3427} INFO - Setting next_dagrun for example_xcom_args to None, run_after=None
[2022-12-14T19:54:50.173+0000] {logging_mixin.py:137} INFO - [2022-12-14T19:54:50.173+0000] {dag.py:3427} INFO - Setting next_dagrun for example_xcom_args_with_operators to None, run_after=None
[2022-12-14T19:54:50.201+0000] {processor.py:175} INFO - Processing /home/airflow/.local/lib/python3.7/site-packages/airflow/example_dags/example_xcomargs.py took 0.187 seconds
[2022-12-14T19:55:20.324+0000] {processor.py:153} INFO - Started process (PID=626) to work on /home/airflow/.local/lib/python3.7/site-packages/airflow/example_dags/example_xcomargs.py
[2022-12-14T19:55:20.326+0000] {processor.py:743} INFO - Processing file /home/airflow/.local/lib/python3.7/site-packages/airflow/example_dags/example_xcomargs.py for tasks to queue
[2022-12-14T19:55:20.327+0000] {logging_mixin.py:137} INFO - [2022-12-14T19:55:20.326+0000] {dagbag.py:538} INFO - Filling up the DagBag from /home/airflow/.local/lib/python3.7/site-packages/airflow/example_dags/example_xcomargs.py
[2022-12-14T19:55:20.356+0000] {processor.py:753} INFO - DAG(s) dict_keys(['example_xcom_args', 'example_xcom_args_with_operators']) retrieved from /home/airflow/.local/lib/python3.7/site-packages/airflow/example_dags/example_xcomargs.py
[2022-12-14T19:55:20.405+0000] {logging_mixin.py:137} INFO - [2022-12-14T19:55:20.405+0000] {dag.py:2676} INFO - Sync 2 DAGs
[2022-12-14T19:55:20.440+0000] {logging_mixin.py:137} INFO - [2022-12-14T19:55:20.440+0000] {dag.py:3427} INFO - Setting next_dagrun for example_xcom_args to None, run_after=None
[2022-12-14T19:55:20.444+0000] {logging_mixin.py:137} INFO - [2022-12-14T19:55:20.444+0000] {dag.py:3427} INFO - Setting next_dagrun for example_xcom_args_with_operators to None, run_after=None
[2022-12-14T19:55:20.467+0000] {processor.py:175} INFO - Processing /home/airflow/.local/lib/python3.7/site-packages/airflow/example_dags/example_xcomargs.py took 0.146 seconds
[2022-12-14T19:55:51.267+0000] {processor.py:153} INFO - Started process (PID=726) to work on /home/airflow/.local/lib/python3.7/site-packages/airflow/example_dags/example_xcomargs.py
[2022-12-14T19:55:51.268+0000] {processor.py:743} INFO - Processing file /home/airflow/.local/lib/python3.7/site-packages/airflow/example_dags/example_xcomargs.py for tasks to queue
[2022-12-14T19:55:51.269+0000] {logging_mixin.py:137} INFO - [2022-12-14T19:55:51.269+0000] {dagbag.py:538} INFO - Filling up the DagBag from /home/airflow/.local/lib/python3.7/site-packages/airflow/example_dags/example_xcomargs.py
[2022-12-14T19:55:51.303+0000] {processor.py:753} INFO - DAG(s) dict_keys(['example_xcom_args_with_operators', 'example_xcom_args']) retrieved from /home/airflow/.local/lib/python3.7/site-packages/airflow/example_dags/example_xcomargs.py
[2022-12-14T19:55:51.357+0000] {logging_mixin.py:137} INFO - [2022-12-14T19:55:51.357+0000] {dag.py:2676} INFO - Sync 2 DAGs
[2022-12-14T19:55:51.393+0000] {logging_mixin.py:137} INFO - [2022-12-14T19:55:51.393+0000] {dag.py:3427} INFO - Setting next_dagrun for example_xcom_args to None, run_after=None
[2022-12-14T19:55:51.398+0000] {logging_mixin.py:137} INFO - [2022-12-14T19:55:51.398+0000] {dag.py:3427} INFO - Setting next_dagrun for example_xcom_args_with_operators to None, run_after=None
[2022-12-14T19:55:51.424+0000] {processor.py:175} INFO - Processing /home/airflow/.local/lib/python3.7/site-packages/airflow/example_dags/example_xcomargs.py took 0.161 seconds
[2022-12-14T19:56:24.243+0000] {processor.py:153} INFO - Started process (PID=806) to work on /home/airflow/.local/lib/python3.7/site-packages/airflow/example_dags/example_xcomargs.py
[2022-12-14T19:56:24.244+0000] {processor.py:743} INFO - Processing file /home/airflow/.local/lib/python3.7/site-packages/airflow/example_dags/example_xcomargs.py for tasks to queue
[2022-12-14T19:56:24.246+0000] {logging_mixin.py:137} INFO - [2022-12-14T19:56:24.245+0000] {dagbag.py:538} INFO - Filling up the DagBag from /home/airflow/.local/lib/python3.7/site-packages/airflow/example_dags/example_xcomargs.py
[2022-12-14T19:56:24.307+0000] {processor.py:753} INFO - DAG(s) dict_keys(['example_xcom_args_with_operators', 'example_xcom_args']) retrieved from /home/airflow/.local/lib/python3.7/site-packages/airflow/example_dags/example_xcomargs.py
[2022-12-14T19:56:24.356+0000] {logging_mixin.py:137} INFO - [2022-12-14T19:56:24.356+0000] {dag.py:2676} INFO - Sync 2 DAGs
[2022-12-14T19:56:24.421+0000] {logging_mixin.py:137} INFO - [2022-12-14T19:56:24.420+0000] {dag.py:3427} INFO - Setting next_dagrun for example_xcom_args to None, run_after=None
[2022-12-14T19:56:24.428+0000] {logging_mixin.py:137} INFO - [2022-12-14T19:56:24.428+0000] {dag.py:3427} INFO - Setting next_dagrun for example_xcom_args_with_operators to None, run_after=None
[2022-12-14T19:56:24.461+0000] {processor.py:175} INFO - Processing /home/airflow/.local/lib/python3.7/site-packages/airflow/example_dags/example_xcomargs.py took 0.223 seconds
[2022-12-14T19:56:54.994+0000] {processor.py:153} INFO - Started process (PID=904) to work on /home/airflow/.local/lib/python3.7/site-packages/airflow/example_dags/example_xcomargs.py
[2022-12-14T19:56:54.995+0000] {processor.py:743} INFO - Processing file /home/airflow/.local/lib/python3.7/site-packages/airflow/example_dags/example_xcomargs.py for tasks to queue
[2022-12-14T19:56:54.996+0000] {logging_mixin.py:137} INFO - [2022-12-14T19:56:54.996+0000] {dagbag.py:538} INFO - Filling up the DagBag from /home/airflow/.local/lib/python3.7/site-packages/airflow/example_dags/example_xcomargs.py
[2022-12-14T19:56:55.031+0000] {processor.py:753} INFO - DAG(s) dict_keys(['example_xcom_args_with_operators', 'example_xcom_args']) retrieved from /home/airflow/.local/lib/python3.7/site-packages/airflow/example_dags/example_xcomargs.py
[2022-12-14T19:56:55.092+0000] {logging_mixin.py:137} INFO - [2022-12-14T19:56:55.092+0000] {dag.py:2676} INFO - Sync 2 DAGs
[2022-12-14T19:56:55.136+0000] {logging_mixin.py:137} INFO - [2022-12-14T19:56:55.136+0000] {dag.py:3427} INFO - Setting next_dagrun for example_xcom_args to None, run_after=None
[2022-12-14T19:56:55.143+0000] {logging_mixin.py:137} INFO - [2022-12-14T19:56:55.143+0000] {dag.py:3427} INFO - Setting next_dagrun for example_xcom_args_with_operators to None, run_after=None
[2022-12-14T19:56:55.177+0000] {processor.py:175} INFO - Processing /home/airflow/.local/lib/python3.7/site-packages/airflow/example_dags/example_xcomargs.py took 0.188 seconds
[2022-12-14T19:57:25.612+0000] {processor.py:153} INFO - Started process (PID=995) to work on /home/airflow/.local/lib/python3.7/site-packages/airflow/example_dags/example_xcomargs.py
[2022-12-14T19:57:25.614+0000] {processor.py:743} INFO - Processing file /home/airflow/.local/lib/python3.7/site-packages/airflow/example_dags/example_xcomargs.py for tasks to queue
[2022-12-14T19:57:25.615+0000] {logging_mixin.py:137} INFO - [2022-12-14T19:57:25.615+0000] {dagbag.py:538} INFO - Filling up the DagBag from /home/airflow/.local/lib/python3.7/site-packages/airflow/example_dags/example_xcomargs.py
[2022-12-14T19:57:25.662+0000] {processor.py:753} INFO - DAG(s) dict_keys(['example_xcom_args_with_operators', 'example_xcom_args']) retrieved from /home/airflow/.local/lib/python3.7/site-packages/airflow/example_dags/example_xcomargs.py
[2022-12-14T19:57:25.723+0000] {logging_mixin.py:137} INFO - [2022-12-14T19:57:25.723+0000] {dag.py:2676} INFO - Sync 2 DAGs
[2022-12-14T19:57:25.765+0000] {logging_mixin.py:137} INFO - [2022-12-14T19:57:25.765+0000] {dag.py:3427} INFO - Setting next_dagrun for example_xcom_args to None, run_after=None
[2022-12-14T19:57:25.770+0000] {logging_mixin.py:137} INFO - [2022-12-14T19:57:25.770+0000] {dag.py:3427} INFO - Setting next_dagrun for example_xcom_args_with_operators to None, run_after=None
[2022-12-14T19:57:25.799+0000] {processor.py:175} INFO - Processing /home/airflow/.local/lib/python3.7/site-packages/airflow/example_dags/example_xcomargs.py took 0.192 seconds
[2022-12-14T19:57:56.745+0000] {processor.py:153} INFO - Started process (PID=1075) to work on /home/airflow/.local/lib/python3.7/site-packages/airflow/example_dags/example_xcomargs.py
[2022-12-14T19:57:56.747+0000] {processor.py:743} INFO - Processing file /home/airflow/.local/lib/python3.7/site-packages/airflow/example_dags/example_xcomargs.py for tasks to queue
[2022-12-14T19:57:56.749+0000] {logging_mixin.py:137} INFO - [2022-12-14T19:57:56.749+0000] {dagbag.py:538} INFO - Filling up the DagBag from /home/airflow/.local/lib/python3.7/site-packages/airflow/example_dags/example_xcomargs.py
[2022-12-14T19:57:56.790+0000] {processor.py:753} INFO - DAG(s) dict_keys(['example_xcom_args', 'example_xcom_args_with_operators']) retrieved from /home/airflow/.local/lib/python3.7/site-packages/airflow/example_dags/example_xcomargs.py
[2022-12-14T19:57:56.847+0000] {logging_mixin.py:137} INFO - [2022-12-14T19:57:56.847+0000] {dag.py:2676} INFO - Sync 2 DAGs
[2022-12-14T19:57:56.889+0000] {logging_mixin.py:137} INFO - [2022-12-14T19:57:56.889+0000] {dag.py:3427} INFO - Setting next_dagrun for example_xcom_args to None, run_after=None
[2022-12-14T19:57:56.894+0000] {logging_mixin.py:137} INFO - [2022-12-14T19:57:56.894+0000] {dag.py:3427} INFO - Setting next_dagrun for example_xcom_args_with_operators to None, run_after=None
[2022-12-14T19:57:56.920+0000] {processor.py:175} INFO - Processing /home/airflow/.local/lib/python3.7/site-packages/airflow/example_dags/example_xcomargs.py took 0.182 seconds
[2022-12-14T19:58:27.080+0000] {processor.py:153} INFO - Started process (PID=1155) to work on /home/airflow/.local/lib/python3.7/site-packages/airflow/example_dags/example_xcomargs.py
[2022-12-14T19:58:27.081+0000] {processor.py:743} INFO - Processing file /home/airflow/.local/lib/python3.7/site-packages/airflow/example_dags/example_xcomargs.py for tasks to queue
[2022-12-14T19:58:27.082+0000] {logging_mixin.py:137} INFO - [2022-12-14T19:58:27.082+0000] {dagbag.py:538} INFO - Filling up the DagBag from /home/airflow/.local/lib/python3.7/site-packages/airflow/example_dags/example_xcomargs.py
[2022-12-14T19:58:27.118+0000] {processor.py:753} INFO - DAG(s) dict_keys(['example_xcom_args_with_operators', 'example_xcom_args']) retrieved from /home/airflow/.local/lib/python3.7/site-packages/airflow/example_dags/example_xcomargs.py
[2022-12-14T19:58:27.174+0000] {logging_mixin.py:137} INFO - [2022-12-14T19:58:27.174+0000] {dag.py:2676} INFO - Sync 2 DAGs
[2022-12-14T19:58:27.210+0000] {logging_mixin.py:137} INFO - [2022-12-14T19:58:27.209+0000] {dag.py:3427} INFO - Setting next_dagrun for example_xcom_args to None, run_after=None
[2022-12-14T19:58:27.214+0000] {logging_mixin.py:137} INFO - [2022-12-14T19:58:27.214+0000] {dag.py:3427} INFO - Setting next_dagrun for example_xcom_args_with_operators to None, run_after=None
[2022-12-14T19:58:27.237+0000] {processor.py:175} INFO - Processing /home/airflow/.local/lib/python3.7/site-packages/airflow/example_dags/example_xcomargs.py took 0.162 seconds
[2022-12-14T19:58:57.575+0000] {processor.py:153} INFO - Started process (PID=1244) to work on /home/airflow/.local/lib/python3.7/site-packages/airflow/example_dags/example_xcomargs.py
[2022-12-14T19:58:57.576+0000] {processor.py:743} INFO - Processing file /home/airflow/.local/lib/python3.7/site-packages/airflow/example_dags/example_xcomargs.py for tasks to queue
[2022-12-14T19:58:57.578+0000] {logging_mixin.py:137} INFO - [2022-12-14T19:58:57.578+0000] {dagbag.py:538} INFO - Filling up the DagBag from /home/airflow/.local/lib/python3.7/site-packages/airflow/example_dags/example_xcomargs.py
[2022-12-14T19:58:57.621+0000] {processor.py:753} INFO - DAG(s) dict_keys(['example_xcom_args', 'example_xcom_args_with_operators']) retrieved from /home/airflow/.local/lib/python3.7/site-packages/airflow/example_dags/example_xcomargs.py
[2022-12-14T19:58:57.719+0000] {logging_mixin.py:137} INFO - [2022-12-14T19:58:57.719+0000] {dag.py:2676} INFO - Sync 2 DAGs
[2022-12-14T19:58:57.806+0000] {logging_mixin.py:137} INFO - [2022-12-14T19:58:57.806+0000] {dag.py:3427} INFO - Setting next_dagrun for example_xcom_args to None, run_after=None
[2022-12-14T19:58:57.818+0000] {logging_mixin.py:137} INFO - [2022-12-14T19:58:57.818+0000] {dag.py:3427} INFO - Setting next_dagrun for example_xcom_args_with_operators to None, run_after=None
[2022-12-14T19:58:57.879+0000] {processor.py:175} INFO - Processing /home/airflow/.local/lib/python3.7/site-packages/airflow/example_dags/example_xcomargs.py took 0.309 seconds
[2022-12-14T19:59:28.225+0000] {processor.py:153} INFO - Started process (PID=1335) to work on /home/airflow/.local/lib/python3.7/site-packages/airflow/example_dags/example_xcomargs.py
[2022-12-14T19:59:28.227+0000] {processor.py:743} INFO - Processing file /home/airflow/.local/lib/python3.7/site-packages/airflow/example_dags/example_xcomargs.py for tasks to queue
[2022-12-14T19:59:28.228+0000] {logging_mixin.py:137} INFO - [2022-12-14T19:59:28.228+0000] {dagbag.py:538} INFO - Filling up the DagBag from /home/airflow/.local/lib/python3.7/site-packages/airflow/example_dags/example_xcomargs.py
[2022-12-14T19:59:28.277+0000] {processor.py:753} INFO - DAG(s) dict_keys(['example_xcom_args_with_operators', 'example_xcom_args']) retrieved from /home/airflow/.local/lib/python3.7/site-packages/airflow/example_dags/example_xcomargs.py
[2022-12-14T19:59:28.351+0000] {logging_mixin.py:137} INFO - [2022-12-14T19:59:28.350+0000] {dag.py:2676} INFO - Sync 2 DAGs
[2022-12-14T19:59:28.415+0000] {logging_mixin.py:137} INFO - [2022-12-14T19:59:28.415+0000] {dag.py:3427} INFO - Setting next_dagrun for example_xcom_args to None, run_after=None
[2022-12-14T19:59:28.424+0000] {logging_mixin.py:137} INFO - [2022-12-14T19:59:28.423+0000] {dag.py:3427} INFO - Setting next_dagrun for example_xcom_args_with_operators to None, run_after=None
[2022-12-14T19:59:28.465+0000] {processor.py:175} INFO - Processing /home/airflow/.local/lib/python3.7/site-packages/airflow/example_dags/example_xcomargs.py took 0.245 seconds
[2022-12-14T19:59:58.919+0000] {processor.py:153} INFO - Started process (PID=1415) to work on /home/airflow/.local/lib/python3.7/site-packages/airflow/example_dags/example_xcomargs.py
[2022-12-14T19:59:58.920+0000] {processor.py:743} INFO - Processing file /home/airflow/.local/lib/python3.7/site-packages/airflow/example_dags/example_xcomargs.py for tasks to queue
[2022-12-14T19:59:58.921+0000] {logging_mixin.py:137} INFO - [2022-12-14T19:59:58.921+0000] {dagbag.py:538} INFO - Filling up the DagBag from /home/airflow/.local/lib/python3.7/site-packages/airflow/example_dags/example_xcomargs.py
[2022-12-14T19:59:58.956+0000] {processor.py:753} INFO - DAG(s) dict_keys(['example_xcom_args_with_operators', 'example_xcom_args']) retrieved from /home/airflow/.local/lib/python3.7/site-packages/airflow/example_dags/example_xcomargs.py
[2022-12-14T19:59:59.015+0000] {logging_mixin.py:137} INFO - [2022-12-14T19:59:59.015+0000] {dag.py:2676} INFO - Sync 2 DAGs
[2022-12-14T19:59:59.055+0000] {logging_mixin.py:137} INFO - [2022-12-14T19:59:59.055+0000] {dag.py:3427} INFO - Setting next_dagrun for example_xcom_args to None, run_after=None
[2022-12-14T19:59:59.060+0000] {logging_mixin.py:137} INFO - [2022-12-14T19:59:59.060+0000] {dag.py:3427} INFO - Setting next_dagrun for example_xcom_args_with_operators to None, run_after=None
[2022-12-14T19:59:59.086+0000] {processor.py:175} INFO - Processing /home/airflow/.local/lib/python3.7/site-packages/airflow/example_dags/example_xcomargs.py took 0.172 seconds
[2022-12-14T20:00:29.810+0000] {processor.py:153} INFO - Started process (PID=1495) to work on /home/airflow/.local/lib/python3.7/site-packages/airflow/example_dags/example_xcomargs.py
[2022-12-14T20:00:29.812+0000] {processor.py:743} INFO - Processing file /home/airflow/.local/lib/python3.7/site-packages/airflow/example_dags/example_xcomargs.py for tasks to queue
[2022-12-14T20:00:29.814+0000] {logging_mixin.py:137} INFO - [2022-12-14T20:00:29.813+0000] {dagbag.py:538} INFO - Filling up the DagBag from /home/airflow/.local/lib/python3.7/site-packages/airflow/example_dags/example_xcomargs.py
[2022-12-14T20:00:29.853+0000] {processor.py:753} INFO - DAG(s) dict_keys(['example_xcom_args_with_operators', 'example_xcom_args']) retrieved from /home/airflow/.local/lib/python3.7/site-packages/airflow/example_dags/example_xcomargs.py
[2022-12-14T20:00:29.919+0000] {logging_mixin.py:137} INFO - [2022-12-14T20:00:29.919+0000] {dag.py:2676} INFO - Sync 2 DAGs
[2022-12-14T20:00:29.957+0000] {logging_mixin.py:137} INFO - [2022-12-14T20:00:29.957+0000] {dag.py:3427} INFO - Setting next_dagrun for example_xcom_args to None, run_after=None
[2022-12-14T20:00:29.962+0000] {logging_mixin.py:137} INFO - [2022-12-14T20:00:29.962+0000] {dag.py:3427} INFO - Setting next_dagrun for example_xcom_args_with_operators to None, run_after=None
[2022-12-14T20:00:29.986+0000] {processor.py:175} INFO - Processing /home/airflow/.local/lib/python3.7/site-packages/airflow/example_dags/example_xcomargs.py took 0.181 seconds
[2022-12-14T20:01:00.470+0000] {processor.py:153} INFO - Started process (PID=1575) to work on /home/airflow/.local/lib/python3.7/site-packages/airflow/example_dags/example_xcomargs.py
[2022-12-14T20:01:00.472+0000] {processor.py:743} INFO - Processing file /home/airflow/.local/lib/python3.7/site-packages/airflow/example_dags/example_xcomargs.py for tasks to queue
[2022-12-14T20:01:00.474+0000] {logging_mixin.py:137} INFO - [2022-12-14T20:01:00.473+0000] {dagbag.py:538} INFO - Filling up the DagBag from /home/airflow/.local/lib/python3.7/site-packages/airflow/example_dags/example_xcomargs.py
[2022-12-14T20:01:00.508+0000] {processor.py:753} INFO - DAG(s) dict_keys(['example_xcom_args_with_operators', 'example_xcom_args']) retrieved from /home/airflow/.local/lib/python3.7/site-packages/airflow/example_dags/example_xcomargs.py
[2022-12-14T20:01:00.565+0000] {logging_mixin.py:137} INFO - [2022-12-14T20:01:00.565+0000] {dag.py:2676} INFO - Sync 2 DAGs
[2022-12-14T20:01:00.604+0000] {logging_mixin.py:137} INFO - [2022-12-14T20:01:00.604+0000] {dag.py:3427} INFO - Setting next_dagrun for example_xcom_args to None, run_after=None
[2022-12-14T20:01:00.610+0000] {logging_mixin.py:137} INFO - [2022-12-14T20:01:00.609+0000] {dag.py:3427} INFO - Setting next_dagrun for example_xcom_args_with_operators to None, run_after=None
[2022-12-14T20:01:00.634+0000] {processor.py:175} INFO - Processing /home/airflow/.local/lib/python3.7/site-packages/airflow/example_dags/example_xcomargs.py took 0.168 seconds
[2022-12-14T20:01:30.814+0000] {processor.py:153} INFO - Started process (PID=1675) to work on /home/airflow/.local/lib/python3.7/site-packages/airflow/example_dags/example_xcomargs.py
[2022-12-14T20:01:30.815+0000] {processor.py:743} INFO - Processing file /home/airflow/.local/lib/python3.7/site-packages/airflow/example_dags/example_xcomargs.py for tasks to queue
[2022-12-14T20:01:30.816+0000] {logging_mixin.py:137} INFO - [2022-12-14T20:01:30.816+0000] {dagbag.py:538} INFO - Filling up the DagBag from /home/airflow/.local/lib/python3.7/site-packages/airflow/example_dags/example_xcomargs.py
[2022-12-14T20:01:30.857+0000] {processor.py:753} INFO - DAG(s) dict_keys(['example_xcom_args_with_operators', 'example_xcom_args']) retrieved from /home/airflow/.local/lib/python3.7/site-packages/airflow/example_dags/example_xcomargs.py
[2022-12-14T20:01:30.925+0000] {logging_mixin.py:137} INFO - [2022-12-14T20:01:30.925+0000] {dag.py:2676} INFO - Sync 2 DAGs
[2022-12-14T20:01:30.971+0000] {logging_mixin.py:137} INFO - [2022-12-14T20:01:30.970+0000] {dag.py:3427} INFO - Setting next_dagrun for example_xcom_args to None, run_after=None
[2022-12-14T20:01:30.982+0000] {logging_mixin.py:137} INFO - [2022-12-14T20:01:30.981+0000] {dag.py:3427} INFO - Setting next_dagrun for example_xcom_args_with_operators to None, run_after=None
[2022-12-14T20:01:31.016+0000] {processor.py:175} INFO - Processing /home/airflow/.local/lib/python3.7/site-packages/airflow/example_dags/example_xcomargs.py took 0.207 seconds
[2022-12-14T20:02:02.170+0000] {processor.py:153} INFO - Started process (PID=1755) to work on /home/airflow/.local/lib/python3.7/site-packages/airflow/example_dags/example_xcomargs.py
[2022-12-14T20:02:02.172+0000] {processor.py:743} INFO - Processing file /home/airflow/.local/lib/python3.7/site-packages/airflow/example_dags/example_xcomargs.py for tasks to queue
[2022-12-14T20:02:02.174+0000] {logging_mixin.py:137} INFO - [2022-12-14T20:02:02.173+0000] {dagbag.py:538} INFO - Filling up the DagBag from /home/airflow/.local/lib/python3.7/site-packages/airflow/example_dags/example_xcomargs.py
[2022-12-14T20:02:02.221+0000] {processor.py:753} INFO - DAG(s) dict_keys(['example_xcom_args', 'example_xcom_args_with_operators']) retrieved from /home/airflow/.local/lib/python3.7/site-packages/airflow/example_dags/example_xcomargs.py
[2022-12-14T20:02:02.300+0000] {logging_mixin.py:137} INFO - [2022-12-14T20:02:02.300+0000] {dag.py:2676} INFO - Sync 2 DAGs
[2022-12-14T20:02:02.365+0000] {logging_mixin.py:137} INFO - [2022-12-14T20:02:02.364+0000] {dag.py:3427} INFO - Setting next_dagrun for example_xcom_args to None, run_after=None
[2022-12-14T20:02:02.373+0000] {logging_mixin.py:137} INFO - [2022-12-14T20:02:02.373+0000] {dag.py:3427} INFO - Setting next_dagrun for example_xcom_args_with_operators to None, run_after=None
[2022-12-14T20:02:02.409+0000] {processor.py:175} INFO - Processing /home/airflow/.local/lib/python3.7/site-packages/airflow/example_dags/example_xcomargs.py took 0.245 seconds
[2022-12-14T20:02:32.456+0000] {processor.py:153} INFO - Started process (PID=1836) to work on /home/airflow/.local/lib/python3.7/site-packages/airflow/example_dags/example_xcomargs.py
[2022-12-14T20:02:32.457+0000] {processor.py:743} INFO - Processing file /home/airflow/.local/lib/python3.7/site-packages/airflow/example_dags/example_xcomargs.py for tasks to queue
[2022-12-14T20:02:32.459+0000] {logging_mixin.py:137} INFO - [2022-12-14T20:02:32.458+0000] {dagbag.py:538} INFO - Filling up the DagBag from /home/airflow/.local/lib/python3.7/site-packages/airflow/example_dags/example_xcomargs.py
[2022-12-14T20:02:32.492+0000] {processor.py:753} INFO - DAG(s) dict_keys(['example_xcom_args_with_operators', 'example_xcom_args']) retrieved from /home/airflow/.local/lib/python3.7/site-packages/airflow/example_dags/example_xcomargs.py
[2022-12-14T20:02:32.546+0000] {logging_mixin.py:137} INFO - [2022-12-14T20:02:32.546+0000] {dag.py:2676} INFO - Sync 2 DAGs
[2022-12-14T20:02:32.583+0000] {logging_mixin.py:137} INFO - [2022-12-14T20:02:32.583+0000] {dag.py:3427} INFO - Setting next_dagrun for example_xcom_args to None, run_after=None
[2022-12-14T20:02:32.589+0000] {logging_mixin.py:137} INFO - [2022-12-14T20:02:32.589+0000] {dag.py:3427} INFO - Setting next_dagrun for example_xcom_args_with_operators to None, run_after=None
[2022-12-14T20:02:32.615+0000] {processor.py:175} INFO - Processing /home/airflow/.local/lib/python3.7/site-packages/airflow/example_dags/example_xcomargs.py took 0.162 seconds
[2022-12-14T20:03:03.020+0000] {processor.py:153} INFO - Started process (PID=1916) to work on /home/airflow/.local/lib/python3.7/site-packages/airflow/example_dags/example_xcomargs.py
[2022-12-14T20:03:03.023+0000] {processor.py:743} INFO - Processing file /home/airflow/.local/lib/python3.7/site-packages/airflow/example_dags/example_xcomargs.py for tasks to queue
[2022-12-14T20:03:03.024+0000] {logging_mixin.py:137} INFO - [2022-12-14T20:03:03.024+0000] {dagbag.py:538} INFO - Filling up the DagBag from /home/airflow/.local/lib/python3.7/site-packages/airflow/example_dags/example_xcomargs.py
[2022-12-14T20:03:03.074+0000] {processor.py:753} INFO - DAG(s) dict_keys(['example_xcom_args', 'example_xcom_args_with_operators']) retrieved from /home/airflow/.local/lib/python3.7/site-packages/airflow/example_dags/example_xcomargs.py
[2022-12-14T20:03:03.155+0000] {logging_mixin.py:137} INFO - [2022-12-14T20:03:03.154+0000] {dag.py:2676} INFO - Sync 2 DAGs
[2022-12-14T20:03:03.218+0000] {logging_mixin.py:137} INFO - [2022-12-14T20:03:03.218+0000] {dag.py:3427} INFO - Setting next_dagrun for example_xcom_args to None, run_after=None
[2022-12-14T20:03:03.225+0000] {logging_mixin.py:137} INFO - [2022-12-14T20:03:03.224+0000] {dag.py:3427} INFO - Setting next_dagrun for example_xcom_args_with_operators to None, run_after=None
[2022-12-14T20:03:03.260+0000] {processor.py:175} INFO - Processing /home/airflow/.local/lib/python3.7/site-packages/airflow/example_dags/example_xcomargs.py took 0.246 seconds
[2022-12-14T20:03:33.528+0000] {processor.py:153} INFO - Started process (PID=2015) to work on /home/airflow/.local/lib/python3.7/site-packages/airflow/example_dags/example_xcomargs.py
[2022-12-14T20:03:33.530+0000] {processor.py:743} INFO - Processing file /home/airflow/.local/lib/python3.7/site-packages/airflow/example_dags/example_xcomargs.py for tasks to queue
[2022-12-14T20:03:33.533+0000] {logging_mixin.py:137} INFO - [2022-12-14T20:03:33.532+0000] {dagbag.py:538} INFO - Filling up the DagBag from /home/airflow/.local/lib/python3.7/site-packages/airflow/example_dags/example_xcomargs.py
[2022-12-14T20:03:33.583+0000] {processor.py:753} INFO - DAG(s) dict_keys(['example_xcom_args_with_operators', 'example_xcom_args']) retrieved from /home/airflow/.local/lib/python3.7/site-packages/airflow/example_dags/example_xcomargs.py
[2022-12-14T20:03:33.669+0000] {logging_mixin.py:137} INFO - [2022-12-14T20:03:33.668+0000] {dag.py:2676} INFO - Sync 2 DAGs
[2022-12-14T20:03:33.757+0000] {logging_mixin.py:137} INFO - [2022-12-14T20:03:33.756+0000] {dag.py:3427} INFO - Setting next_dagrun for example_xcom_args to None, run_after=None
[2022-12-14T20:03:33.766+0000] {logging_mixin.py:137} INFO - [2022-12-14T20:03:33.765+0000] {dag.py:3427} INFO - Setting next_dagrun for example_xcom_args_with_operators to None, run_after=None
[2022-12-14T20:03:33.811+0000] {processor.py:175} INFO - Processing /home/airflow/.local/lib/python3.7/site-packages/airflow/example_dags/example_xcomargs.py took 0.287 seconds
