[2022-12-14T19:52:11.205+0000] {processor.py:153} INFO - Started process (PID=108) to work on /home/airflow/.local/lib/python3.7/site-packages/airflow/example_dags/example_latest_only.py
[2022-12-14T19:52:11.206+0000] {processor.py:743} INFO - Processing file /home/airflow/.local/lib/python3.7/site-packages/airflow/example_dags/example_latest_only.py for tasks to queue
[2022-12-14T19:52:11.208+0000] {logging_mixin.py:137} INFO - [2022-12-14T19:52:11.208+0000] {dagbag.py:538} INFO - Filling up the DagBag from /home/airflow/.local/lib/python3.7/site-packages/airflow/example_dags/example_latest_only.py
[2022-12-14T19:52:11.354+0000] {processor.py:753} INFO - DAG(s) dict_keys(['latest_only']) retrieved from /home/airflow/.local/lib/python3.7/site-packages/airflow/example_dags/example_latest_only.py
[2022-12-14T19:52:11.500+0000] {logging_mixin.py:137} INFO - [2022-12-14T19:52:11.500+0000] {dag.py:2676} INFO - Sync 1 DAGs
[2022-12-14T19:52:11.558+0000] {logging_mixin.py:137} INFO - [2022-12-14T19:52:11.558+0000] {dag.py:3427} INFO - Setting next_dagrun for latest_only to 2022-12-14T15:52:11.557611+00:00, run_after=2022-12-14T19:52:11.557611+00:00
[2022-12-14T19:52:11.611+0000] {processor.py:175} INFO - Processing /home/airflow/.local/lib/python3.7/site-packages/airflow/example_dags/example_latest_only.py took 0.411 seconds
[2022-12-14T19:52:41.695+0000] {processor.py:153} INFO - Started process (PID=188) to work on /home/airflow/.local/lib/python3.7/site-packages/airflow/example_dags/example_latest_only.py
[2022-12-14T19:52:41.696+0000] {processor.py:743} INFO - Processing file /home/airflow/.local/lib/python3.7/site-packages/airflow/example_dags/example_latest_only.py for tasks to queue
[2022-12-14T19:52:41.697+0000] {logging_mixin.py:137} INFO - [2022-12-14T19:52:41.697+0000] {dagbag.py:538} INFO - Filling up the DagBag from /home/airflow/.local/lib/python3.7/site-packages/airflow/example_dags/example_latest_only.py
[2022-12-14T19:52:41.714+0000] {processor.py:753} INFO - DAG(s) dict_keys(['latest_only']) retrieved from /home/airflow/.local/lib/python3.7/site-packages/airflow/example_dags/example_latest_only.py
[2022-12-14T19:52:41.762+0000] {logging_mixin.py:137} INFO - [2022-12-14T19:52:41.761+0000] {dag.py:2676} INFO - Sync 1 DAGs
[2022-12-14T19:52:41.799+0000] {logging_mixin.py:137} INFO - [2022-12-14T19:52:41.799+0000] {dag.py:3427} INFO - Setting next_dagrun for latest_only to 2022-12-14T15:52:41.798860+00:00, run_after=2022-12-14T19:52:41.798860+00:00
[2022-12-14T19:52:41.826+0000] {processor.py:175} INFO - Processing /home/airflow/.local/lib/python3.7/site-packages/airflow/example_dags/example_latest_only.py took 0.135 seconds
[2022-12-14T19:53:12.355+0000] {processor.py:153} INFO - Started process (PID=268) to work on /home/airflow/.local/lib/python3.7/site-packages/airflow/example_dags/example_latest_only.py
[2022-12-14T19:53:12.356+0000] {processor.py:743} INFO - Processing file /home/airflow/.local/lib/python3.7/site-packages/airflow/example_dags/example_latest_only.py for tasks to queue
[2022-12-14T19:53:12.357+0000] {logging_mixin.py:137} INFO - [2022-12-14T19:53:12.357+0000] {dagbag.py:538} INFO - Filling up the DagBag from /home/airflow/.local/lib/python3.7/site-packages/airflow/example_dags/example_latest_only.py
[2022-12-14T19:53:12.378+0000] {processor.py:753} INFO - DAG(s) dict_keys(['latest_only']) retrieved from /home/airflow/.local/lib/python3.7/site-packages/airflow/example_dags/example_latest_only.py
[2022-12-14T19:53:12.452+0000] {logging_mixin.py:137} INFO - [2022-12-14T19:53:12.452+0000] {dag.py:2676} INFO - Sync 1 DAGs
[2022-12-14T19:53:12.504+0000] {logging_mixin.py:137} INFO - [2022-12-14T19:53:12.503+0000] {dag.py:3427} INFO - Setting next_dagrun for latest_only to 2022-12-14T15:53:12.503502+00:00, run_after=2022-12-14T19:53:12.503502+00:00
[2022-12-14T19:53:12.544+0000] {processor.py:175} INFO - Processing /home/airflow/.local/lib/python3.7/site-packages/airflow/example_dags/example_latest_only.py took 0.194 seconds
[2022-12-14T19:53:42.726+0000] {processor.py:153} INFO - Started process (PID=348) to work on /home/airflow/.local/lib/python3.7/site-packages/airflow/example_dags/example_latest_only.py
[2022-12-14T19:53:42.728+0000] {processor.py:743} INFO - Processing file /home/airflow/.local/lib/python3.7/site-packages/airflow/example_dags/example_latest_only.py for tasks to queue
[2022-12-14T19:53:42.729+0000] {logging_mixin.py:137} INFO - [2022-12-14T19:53:42.729+0000] {dagbag.py:538} INFO - Filling up the DagBag from /home/airflow/.local/lib/python3.7/site-packages/airflow/example_dags/example_latest_only.py
[2022-12-14T19:53:42.751+0000] {processor.py:753} INFO - DAG(s) dict_keys(['latest_only']) retrieved from /home/airflow/.local/lib/python3.7/site-packages/airflow/example_dags/example_latest_only.py
[2022-12-14T19:53:42.801+0000] {logging_mixin.py:137} INFO - [2022-12-14T19:53:42.801+0000] {dag.py:2676} INFO - Sync 1 DAGs
[2022-12-14T19:53:42.851+0000] {logging_mixin.py:137} INFO - [2022-12-14T19:53:42.851+0000] {dag.py:3427} INFO - Setting next_dagrun for latest_only to 2022-12-14T15:53:42.851056+00:00, run_after=2022-12-14T19:53:42.851056+00:00
[2022-12-14T19:53:42.886+0000] {processor.py:175} INFO - Processing /home/airflow/.local/lib/python3.7/site-packages/airflow/example_dags/example_latest_only.py took 0.165 seconds
[2022-12-14T19:54:13.468+0000] {processor.py:153} INFO - Started process (PID=437) to work on /home/airflow/.local/lib/python3.7/site-packages/airflow/example_dags/example_latest_only.py
[2022-12-14T19:54:13.470+0000] {processor.py:743} INFO - Processing file /home/airflow/.local/lib/python3.7/site-packages/airflow/example_dags/example_latest_only.py for tasks to queue
[2022-12-14T19:54:13.471+0000] {logging_mixin.py:137} INFO - [2022-12-14T19:54:13.471+0000] {dagbag.py:538} INFO - Filling up the DagBag from /home/airflow/.local/lib/python3.7/site-packages/airflow/example_dags/example_latest_only.py
[2022-12-14T19:54:13.492+0000] {processor.py:753} INFO - DAG(s) dict_keys(['latest_only']) retrieved from /home/airflow/.local/lib/python3.7/site-packages/airflow/example_dags/example_latest_only.py
[2022-12-14T19:54:13.555+0000] {logging_mixin.py:137} INFO - [2022-12-14T19:54:13.555+0000] {dag.py:2676} INFO - Sync 1 DAGs
[2022-12-14T19:54:13.611+0000] {logging_mixin.py:137} INFO - [2022-12-14T19:54:13.610+0000] {dag.py:3427} INFO - Setting next_dagrun for latest_only to 2022-12-14T15:54:13.610160+00:00, run_after=2022-12-14T19:54:13.610160+00:00
[2022-12-14T19:54:13.645+0000] {processor.py:175} INFO - Processing /home/airflow/.local/lib/python3.7/site-packages/airflow/example_dags/example_latest_only.py took 0.182 seconds
[2022-12-14T19:54:44.075+0000] {processor.py:153} INFO - Started process (PID=528) to work on /home/airflow/.local/lib/python3.7/site-packages/airflow/example_dags/example_latest_only.py
[2022-12-14T19:54:44.076+0000] {processor.py:743} INFO - Processing file /home/airflow/.local/lib/python3.7/site-packages/airflow/example_dags/example_latest_only.py for tasks to queue
[2022-12-14T19:54:44.078+0000] {logging_mixin.py:137} INFO - [2022-12-14T19:54:44.077+0000] {dagbag.py:538} INFO - Filling up the DagBag from /home/airflow/.local/lib/python3.7/site-packages/airflow/example_dags/example_latest_only.py
[2022-12-14T19:54:44.101+0000] {processor.py:753} INFO - DAG(s) dict_keys(['latest_only']) retrieved from /home/airflow/.local/lib/python3.7/site-packages/airflow/example_dags/example_latest_only.py
[2022-12-14T19:54:44.160+0000] {logging_mixin.py:137} INFO - [2022-12-14T19:54:44.160+0000] {dag.py:2676} INFO - Sync 1 DAGs
[2022-12-14T19:54:44.202+0000] {logging_mixin.py:137} INFO - [2022-12-14T19:54:44.202+0000] {dag.py:3427} INFO - Setting next_dagrun for latest_only to 2022-12-14T15:54:44.202267+00:00, run_after=2022-12-14T19:54:44.202267+00:00
[2022-12-14T19:54:44.232+0000] {processor.py:175} INFO - Processing /home/airflow/.local/lib/python3.7/site-packages/airflow/example_dags/example_latest_only.py took 0.161 seconds
[2022-12-14T19:55:14.485+0000] {processor.py:153} INFO - Started process (PID=608) to work on /home/airflow/.local/lib/python3.7/site-packages/airflow/example_dags/example_latest_only.py
[2022-12-14T19:55:14.487+0000] {processor.py:743} INFO - Processing file /home/airflow/.local/lib/python3.7/site-packages/airflow/example_dags/example_latest_only.py for tasks to queue
[2022-12-14T19:55:14.488+0000] {logging_mixin.py:137} INFO - [2022-12-14T19:55:14.488+0000] {dagbag.py:538} INFO - Filling up the DagBag from /home/airflow/.local/lib/python3.7/site-packages/airflow/example_dags/example_latest_only.py
[2022-12-14T19:55:14.507+0000] {processor.py:753} INFO - DAG(s) dict_keys(['latest_only']) retrieved from /home/airflow/.local/lib/python3.7/site-packages/airflow/example_dags/example_latest_only.py
[2022-12-14T19:55:14.564+0000] {logging_mixin.py:137} INFO - [2022-12-14T19:55:14.564+0000] {dag.py:2676} INFO - Sync 1 DAGs
[2022-12-14T19:55:14.608+0000] {logging_mixin.py:137} INFO - [2022-12-14T19:55:14.608+0000] {dag.py:3427} INFO - Setting next_dagrun for latest_only to 2022-12-14T15:55:14.608064+00:00, run_after=2022-12-14T19:55:14.608064+00:00
[2022-12-14T19:55:14.643+0000] {processor.py:175} INFO - Processing /home/airflow/.local/lib/python3.7/site-packages/airflow/example_dags/example_latest_only.py took 0.161 seconds
[2022-12-14T19:55:45.268+0000] {processor.py:153} INFO - Started process (PID=688) to work on /home/airflow/.local/lib/python3.7/site-packages/airflow/example_dags/example_latest_only.py
[2022-12-14T19:55:45.269+0000] {processor.py:743} INFO - Processing file /home/airflow/.local/lib/python3.7/site-packages/airflow/example_dags/example_latest_only.py for tasks to queue
[2022-12-14T19:55:45.271+0000] {logging_mixin.py:137} INFO - [2022-12-14T19:55:45.271+0000] {dagbag.py:538} INFO - Filling up the DagBag from /home/airflow/.local/lib/python3.7/site-packages/airflow/example_dags/example_latest_only.py
[2022-12-14T19:55:45.295+0000] {processor.py:753} INFO - DAG(s) dict_keys(['latest_only']) retrieved from /home/airflow/.local/lib/python3.7/site-packages/airflow/example_dags/example_latest_only.py
[2022-12-14T19:55:45.348+0000] {logging_mixin.py:137} INFO - [2022-12-14T19:55:45.348+0000] {dag.py:2676} INFO - Sync 1 DAGs
[2022-12-14T19:55:45.394+0000] {logging_mixin.py:137} INFO - [2022-12-14T19:55:45.393+0000] {dag.py:3427} INFO - Setting next_dagrun for latest_only to 2022-12-14T15:55:45.393366+00:00, run_after=2022-12-14T19:55:45.393366+00:00
[2022-12-14T19:55:45.429+0000] {processor.py:175} INFO - Processing /home/airflow/.local/lib/python3.7/site-packages/airflow/example_dags/example_latest_only.py took 0.166 seconds
[2022-12-14T19:56:21.251+0000] {processor.py:153} INFO - Started process (PID=788) to work on /home/airflow/.local/lib/python3.7/site-packages/airflow/example_dags/example_latest_only.py
[2022-12-14T19:56:21.254+0000] {processor.py:743} INFO - Processing file /home/airflow/.local/lib/python3.7/site-packages/airflow/example_dags/example_latest_only.py for tasks to queue
[2022-12-14T19:56:21.256+0000] {logging_mixin.py:137} INFO - [2022-12-14T19:56:21.256+0000] {dagbag.py:538} INFO - Filling up the DagBag from /home/airflow/.local/lib/python3.7/site-packages/airflow/example_dags/example_latest_only.py
[2022-12-14T19:56:21.291+0000] {processor.py:753} INFO - DAG(s) dict_keys(['latest_only']) retrieved from /home/airflow/.local/lib/python3.7/site-packages/airflow/example_dags/example_latest_only.py
[2022-12-14T19:56:21.342+0000] {logging_mixin.py:137} INFO - [2022-12-14T19:56:21.342+0000] {dag.py:2676} INFO - Sync 1 DAGs
[2022-12-14T19:56:21.408+0000] {logging_mixin.py:137} INFO - [2022-12-14T19:56:21.408+0000] {dag.py:3427} INFO - Setting next_dagrun for latest_only to 2022-12-14T15:56:21.408265+00:00, run_after=2022-12-14T19:56:21.408265+00:00
[2022-12-14T19:56:21.455+0000] {processor.py:175} INFO - Processing /home/airflow/.local/lib/python3.7/site-packages/airflow/example_dags/example_latest_only.py took 0.208 seconds
[2022-12-14T19:56:52.253+0000] {processor.py:153} INFO - Started process (PID=888) to work on /home/airflow/.local/lib/python3.7/site-packages/airflow/example_dags/example_latest_only.py
[2022-12-14T19:56:52.255+0000] {processor.py:743} INFO - Processing file /home/airflow/.local/lib/python3.7/site-packages/airflow/example_dags/example_latest_only.py for tasks to queue
[2022-12-14T19:56:52.256+0000] {logging_mixin.py:137} INFO - [2022-12-14T19:56:52.256+0000] {dagbag.py:538} INFO - Filling up the DagBag from /home/airflow/.local/lib/python3.7/site-packages/airflow/example_dags/example_latest_only.py
[2022-12-14T19:56:52.276+0000] {processor.py:753} INFO - DAG(s) dict_keys(['latest_only']) retrieved from /home/airflow/.local/lib/python3.7/site-packages/airflow/example_dags/example_latest_only.py
[2022-12-14T19:56:52.341+0000] {logging_mixin.py:137} INFO - [2022-12-14T19:56:52.341+0000] {dag.py:2676} INFO - Sync 1 DAGs
[2022-12-14T19:56:52.378+0000] {logging_mixin.py:137} INFO - [2022-12-14T19:56:52.378+0000] {dag.py:3427} INFO - Setting next_dagrun for latest_only to 2022-12-14T15:56:52.378121+00:00, run_after=2022-12-14T19:56:52.378121+00:00
[2022-12-14T19:56:52.405+0000] {processor.py:175} INFO - Processing /home/airflow/.local/lib/python3.7/site-packages/airflow/example_dags/example_latest_only.py took 0.155 seconds
[2022-12-14T19:57:22.611+0000] {processor.py:153} INFO - Started process (PID=979) to work on /home/airflow/.local/lib/python3.7/site-packages/airflow/example_dags/example_latest_only.py
[2022-12-14T19:57:22.613+0000] {processor.py:743} INFO - Processing file /home/airflow/.local/lib/python3.7/site-packages/airflow/example_dags/example_latest_only.py for tasks to queue
[2022-12-14T19:57:22.614+0000] {logging_mixin.py:137} INFO - [2022-12-14T19:57:22.614+0000] {dagbag.py:538} INFO - Filling up the DagBag from /home/airflow/.local/lib/python3.7/site-packages/airflow/example_dags/example_latest_only.py
[2022-12-14T19:57:22.638+0000] {processor.py:753} INFO - DAG(s) dict_keys(['latest_only']) retrieved from /home/airflow/.local/lib/python3.7/site-packages/airflow/example_dags/example_latest_only.py
[2022-12-14T19:57:22.710+0000] {logging_mixin.py:137} INFO - [2022-12-14T19:57:22.709+0000] {dag.py:2676} INFO - Sync 1 DAGs
[2022-12-14T19:57:22.761+0000] {logging_mixin.py:137} INFO - [2022-12-14T19:57:22.761+0000] {dag.py:3427} INFO - Setting next_dagrun for latest_only to 2022-12-14T15:57:22.761221+00:00, run_after=2022-12-14T19:57:22.761221+00:00
[2022-12-14T19:57:22.803+0000] {processor.py:175} INFO - Processing /home/airflow/.local/lib/python3.7/site-packages/airflow/example_dags/example_latest_only.py took 0.198 seconds
[2022-12-14T19:57:52.835+0000] {processor.py:153} INFO - Started process (PID=1059) to work on /home/airflow/.local/lib/python3.7/site-packages/airflow/example_dags/example_latest_only.py
[2022-12-14T19:57:52.836+0000] {processor.py:743} INFO - Processing file /home/airflow/.local/lib/python3.7/site-packages/airflow/example_dags/example_latest_only.py for tasks to queue
[2022-12-14T19:57:52.838+0000] {logging_mixin.py:137} INFO - [2022-12-14T19:57:52.837+0000] {dagbag.py:538} INFO - Filling up the DagBag from /home/airflow/.local/lib/python3.7/site-packages/airflow/example_dags/example_latest_only.py
[2022-12-14T19:57:52.857+0000] {processor.py:753} INFO - DAG(s) dict_keys(['latest_only']) retrieved from /home/airflow/.local/lib/python3.7/site-packages/airflow/example_dags/example_latest_only.py
[2022-12-14T19:57:52.906+0000] {logging_mixin.py:137} INFO - [2022-12-14T19:57:52.905+0000] {dag.py:2676} INFO - Sync 1 DAGs
[2022-12-14T19:57:52.942+0000] {logging_mixin.py:137} INFO - [2022-12-14T19:57:52.942+0000] {dag.py:3427} INFO - Setting next_dagrun for latest_only to 2022-12-14T15:57:52.942347+00:00, run_after=2022-12-14T19:57:52.942347+00:00
[2022-12-14T19:57:52.968+0000] {processor.py:175} INFO - Processing /home/airflow/.local/lib/python3.7/site-packages/airflow/example_dags/example_latest_only.py took 0.137 seconds
[2022-12-14T19:58:23.139+0000] {processor.py:153} INFO - Started process (PID=1139) to work on /home/airflow/.local/lib/python3.7/site-packages/airflow/example_dags/example_latest_only.py
[2022-12-14T19:58:23.141+0000] {processor.py:743} INFO - Processing file /home/airflow/.local/lib/python3.7/site-packages/airflow/example_dags/example_latest_only.py for tasks to queue
[2022-12-14T19:58:23.142+0000] {logging_mixin.py:137} INFO - [2022-12-14T19:58:23.142+0000] {dagbag.py:538} INFO - Filling up the DagBag from /home/airflow/.local/lib/python3.7/site-packages/airflow/example_dags/example_latest_only.py
[2022-12-14T19:58:23.162+0000] {processor.py:753} INFO - DAG(s) dict_keys(['latest_only']) retrieved from /home/airflow/.local/lib/python3.7/site-packages/airflow/example_dags/example_latest_only.py
[2022-12-14T19:58:23.213+0000] {logging_mixin.py:137} INFO - [2022-12-14T19:58:23.213+0000] {dag.py:2676} INFO - Sync 1 DAGs
[2022-12-14T19:58:23.255+0000] {logging_mixin.py:137} INFO - [2022-12-14T19:58:23.255+0000] {dag.py:3427} INFO - Setting next_dagrun for latest_only to 2022-12-14T15:58:23.255362+00:00, run_after=2022-12-14T19:58:23.255362+00:00
[2022-12-14T19:58:23.286+0000] {processor.py:175} INFO - Processing /home/airflow/.local/lib/python3.7/site-packages/airflow/example_dags/example_latest_only.py took 0.151 seconds
[2022-12-14T19:58:53.643+0000] {processor.py:153} INFO - Started process (PID=1219) to work on /home/airflow/.local/lib/python3.7/site-packages/airflow/example_dags/example_latest_only.py
[2022-12-14T19:58:53.645+0000] {processor.py:743} INFO - Processing file /home/airflow/.local/lib/python3.7/site-packages/airflow/example_dags/example_latest_only.py for tasks to queue
[2022-12-14T19:58:53.646+0000] {logging_mixin.py:137} INFO - [2022-12-14T19:58:53.646+0000] {dagbag.py:538} INFO - Filling up the DagBag from /home/airflow/.local/lib/python3.7/site-packages/airflow/example_dags/example_latest_only.py
[2022-12-14T19:58:53.670+0000] {processor.py:753} INFO - DAG(s) dict_keys(['latest_only']) retrieved from /home/airflow/.local/lib/python3.7/site-packages/airflow/example_dags/example_latest_only.py
[2022-12-14T19:58:53.726+0000] {logging_mixin.py:137} INFO - [2022-12-14T19:58:53.726+0000] {dag.py:2676} INFO - Sync 1 DAGs
[2022-12-14T19:58:53.770+0000] {logging_mixin.py:137} INFO - [2022-12-14T19:58:53.770+0000] {dag.py:3427} INFO - Setting next_dagrun for latest_only to 2022-12-14T15:58:53.769774+00:00, run_after=2022-12-14T19:58:53.769774+00:00
[2022-12-14T19:58:53.805+0000] {processor.py:175} INFO - Processing /home/airflow/.local/lib/python3.7/site-packages/airflow/example_dags/example_latest_only.py took 0.166 seconds
[2022-12-14T19:59:23.936+0000] {processor.py:153} INFO - Started process (PID=1299) to work on /home/airflow/.local/lib/python3.7/site-packages/airflow/example_dags/example_latest_only.py
[2022-12-14T19:59:23.938+0000] {processor.py:743} INFO - Processing file /home/airflow/.local/lib/python3.7/site-packages/airflow/example_dags/example_latest_only.py for tasks to queue
[2022-12-14T19:59:23.939+0000] {logging_mixin.py:137} INFO - [2022-12-14T19:59:23.939+0000] {dagbag.py:538} INFO - Filling up the DagBag from /home/airflow/.local/lib/python3.7/site-packages/airflow/example_dags/example_latest_only.py
[2022-12-14T19:59:23.958+0000] {processor.py:753} INFO - DAG(s) dict_keys(['latest_only']) retrieved from /home/airflow/.local/lib/python3.7/site-packages/airflow/example_dags/example_latest_only.py
[2022-12-14T19:59:24.028+0000] {logging_mixin.py:137} INFO - [2022-12-14T19:59:24.028+0000] {dag.py:2676} INFO - Sync 1 DAGs
[2022-12-14T19:59:24.072+0000] {logging_mixin.py:137} INFO - [2022-12-14T19:59:24.072+0000] {dag.py:3427} INFO - Setting next_dagrun for latest_only to 2022-12-14T15:59:24.071755+00:00, run_after=2022-12-14T19:59:24.071755+00:00
[2022-12-14T19:59:24.101+0000] {processor.py:175} INFO - Processing /home/airflow/.local/lib/python3.7/site-packages/airflow/example_dags/example_latest_only.py took 0.170 seconds
[2022-12-14T19:59:54.903+0000] {processor.py:153} INFO - Started process (PID=1399) to work on /home/airflow/.local/lib/python3.7/site-packages/airflow/example_dags/example_latest_only.py
[2022-12-14T19:59:54.904+0000] {processor.py:743} INFO - Processing file /home/airflow/.local/lib/python3.7/site-packages/airflow/example_dags/example_latest_only.py for tasks to queue
[2022-12-14T19:59:54.905+0000] {logging_mixin.py:137} INFO - [2022-12-14T19:59:54.905+0000] {dagbag.py:538} INFO - Filling up the DagBag from /home/airflow/.local/lib/python3.7/site-packages/airflow/example_dags/example_latest_only.py
[2022-12-14T19:59:54.932+0000] {processor.py:753} INFO - DAG(s) dict_keys(['latest_only']) retrieved from /home/airflow/.local/lib/python3.7/site-packages/airflow/example_dags/example_latest_only.py
[2022-12-14T19:59:55.001+0000] {logging_mixin.py:137} INFO - [2022-12-14T19:59:55.001+0000] {dag.py:2676} INFO - Sync 1 DAGs
[2022-12-14T19:59:55.052+0000] {logging_mixin.py:137} INFO - [2022-12-14T19:59:55.052+0000] {dag.py:3427} INFO - Setting next_dagrun for latest_only to 2022-12-14T15:59:55.052458+00:00, run_after=2022-12-14T19:59:55.052458+00:00
[2022-12-14T19:59:55.090+0000] {processor.py:175} INFO - Processing /home/airflow/.local/lib/python3.7/site-packages/airflow/example_dags/example_latest_only.py took 0.193 seconds
[2022-12-14T20:00:25.140+0000] {processor.py:153} INFO - Started process (PID=1479) to work on /home/airflow/.local/lib/python3.7/site-packages/airflow/example_dags/example_latest_only.py
[2022-12-14T20:00:25.141+0000] {processor.py:743} INFO - Processing file /home/airflow/.local/lib/python3.7/site-packages/airflow/example_dags/example_latest_only.py for tasks to queue
[2022-12-14T20:00:25.143+0000] {logging_mixin.py:137} INFO - [2022-12-14T20:00:25.143+0000] {dagbag.py:538} INFO - Filling up the DagBag from /home/airflow/.local/lib/python3.7/site-packages/airflow/example_dags/example_latest_only.py
[2022-12-14T20:00:25.167+0000] {processor.py:753} INFO - DAG(s) dict_keys(['latest_only']) retrieved from /home/airflow/.local/lib/python3.7/site-packages/airflow/example_dags/example_latest_only.py
[2022-12-14T20:00:25.228+0000] {logging_mixin.py:137} INFO - [2022-12-14T20:00:25.228+0000] {dag.py:2676} INFO - Sync 1 DAGs
[2022-12-14T20:00:25.277+0000] {logging_mixin.py:137} INFO - [2022-12-14T20:00:25.276+0000] {dag.py:3427} INFO - Setting next_dagrun for latest_only to 2022-12-14T16:00:25.276469+00:00, run_after=2022-12-14T20:00:25.276469+00:00
[2022-12-14T20:00:25.322+0000] {processor.py:175} INFO - Processing /home/airflow/.local/lib/python3.7/site-packages/airflow/example_dags/example_latest_only.py took 0.188 seconds
[2022-12-14T20:00:55.820+0000] {processor.py:153} INFO - Started process (PID=1559) to work on /home/airflow/.local/lib/python3.7/site-packages/airflow/example_dags/example_latest_only.py
[2022-12-14T20:00:55.821+0000] {processor.py:743} INFO - Processing file /home/airflow/.local/lib/python3.7/site-packages/airflow/example_dags/example_latest_only.py for tasks to queue
[2022-12-14T20:00:55.822+0000] {logging_mixin.py:137} INFO - [2022-12-14T20:00:55.822+0000] {dagbag.py:538} INFO - Filling up the DagBag from /home/airflow/.local/lib/python3.7/site-packages/airflow/example_dags/example_latest_only.py
[2022-12-14T20:00:55.841+0000] {processor.py:753} INFO - DAG(s) dict_keys(['latest_only']) retrieved from /home/airflow/.local/lib/python3.7/site-packages/airflow/example_dags/example_latest_only.py
[2022-12-14T20:00:55.897+0000] {logging_mixin.py:137} INFO - [2022-12-14T20:00:55.897+0000] {dag.py:2676} INFO - Sync 1 DAGs
[2022-12-14T20:00:55.938+0000] {logging_mixin.py:137} INFO - [2022-12-14T20:00:55.938+0000] {dag.py:3427} INFO - Setting next_dagrun for latest_only to 2022-12-14T16:00:55.938366+00:00, run_after=2022-12-14T20:00:55.938366+00:00
[2022-12-14T20:00:55.967+0000] {processor.py:175} INFO - Processing /home/airflow/.local/lib/python3.7/site-packages/airflow/example_dags/example_latest_only.py took 0.152 seconds
[2022-12-14T20:01:26.752+0000] {processor.py:153} INFO - Started process (PID=1639) to work on /home/airflow/.local/lib/python3.7/site-packages/airflow/example_dags/example_latest_only.py
[2022-12-14T20:01:26.753+0000] {processor.py:743} INFO - Processing file /home/airflow/.local/lib/python3.7/site-packages/airflow/example_dags/example_latest_only.py for tasks to queue
[2022-12-14T20:01:26.754+0000] {logging_mixin.py:137} INFO - [2022-12-14T20:01:26.754+0000] {dagbag.py:538} INFO - Filling up the DagBag from /home/airflow/.local/lib/python3.7/site-packages/airflow/example_dags/example_latest_only.py
[2022-12-14T20:01:26.773+0000] {processor.py:753} INFO - DAG(s) dict_keys(['latest_only']) retrieved from /home/airflow/.local/lib/python3.7/site-packages/airflow/example_dags/example_latest_only.py
[2022-12-14T20:01:26.823+0000] {logging_mixin.py:137} INFO - [2022-12-14T20:01:26.823+0000] {dag.py:2676} INFO - Sync 1 DAGs
[2022-12-14T20:01:26.862+0000] {logging_mixin.py:137} INFO - [2022-12-14T20:01:26.862+0000] {dag.py:3427} INFO - Setting next_dagrun for latest_only to 2022-12-14T16:01:26.861961+00:00, run_after=2022-12-14T20:01:26.861961+00:00
[2022-12-14T20:01:26.894+0000] {processor.py:175} INFO - Processing /home/airflow/.local/lib/python3.7/site-packages/airflow/example_dags/example_latest_only.py took 0.146 seconds
[2022-12-14T20:01:57.083+0000] {processor.py:153} INFO - Started process (PID=1739) to work on /home/airflow/.local/lib/python3.7/site-packages/airflow/example_dags/example_latest_only.py
[2022-12-14T20:01:57.084+0000] {processor.py:743} INFO - Processing file /home/airflow/.local/lib/python3.7/site-packages/airflow/example_dags/example_latest_only.py for tasks to queue
[2022-12-14T20:01:57.086+0000] {logging_mixin.py:137} INFO - [2022-12-14T20:01:57.085+0000] {dagbag.py:538} INFO - Filling up the DagBag from /home/airflow/.local/lib/python3.7/site-packages/airflow/example_dags/example_latest_only.py
[2022-12-14T20:01:57.108+0000] {processor.py:753} INFO - DAG(s) dict_keys(['latest_only']) retrieved from /home/airflow/.local/lib/python3.7/site-packages/airflow/example_dags/example_latest_only.py
[2022-12-14T20:01:57.166+0000] {logging_mixin.py:137} INFO - [2022-12-14T20:01:57.166+0000] {dag.py:2676} INFO - Sync 1 DAGs
[2022-12-14T20:01:57.209+0000] {logging_mixin.py:137} INFO - [2022-12-14T20:01:57.209+0000] {dag.py:3427} INFO - Setting next_dagrun for latest_only to 2022-12-14T16:01:57.209465+00:00, run_after=2022-12-14T20:01:57.209465+00:00
[2022-12-14T20:01:57.244+0000] {processor.py:175} INFO - Processing /home/airflow/.local/lib/python3.7/site-packages/airflow/example_dags/example_latest_only.py took 0.167 seconds
[2022-12-14T20:02:27.542+0000] {processor.py:153} INFO - Started process (PID=1819) to work on /home/airflow/.local/lib/python3.7/site-packages/airflow/example_dags/example_latest_only.py
[2022-12-14T20:02:27.544+0000] {processor.py:743} INFO - Processing file /home/airflow/.local/lib/python3.7/site-packages/airflow/example_dags/example_latest_only.py for tasks to queue
[2022-12-14T20:02:27.546+0000] {logging_mixin.py:137} INFO - [2022-12-14T20:02:27.545+0000] {dagbag.py:538} INFO - Filling up the DagBag from /home/airflow/.local/lib/python3.7/site-packages/airflow/example_dags/example_latest_only.py
[2022-12-14T20:02:27.575+0000] {processor.py:753} INFO - DAG(s) dict_keys(['latest_only']) retrieved from /home/airflow/.local/lib/python3.7/site-packages/airflow/example_dags/example_latest_only.py
[2022-12-14T20:02:27.638+0000] {logging_mixin.py:137} INFO - [2022-12-14T20:02:27.638+0000] {dag.py:2676} INFO - Sync 1 DAGs
[2022-12-14T20:02:27.684+0000] {logging_mixin.py:137} INFO - [2022-12-14T20:02:27.684+0000] {dag.py:3427} INFO - Setting next_dagrun for latest_only to 2022-12-14T16:02:27.684356+00:00, run_after=2022-12-14T20:02:27.684356+00:00
[2022-12-14T20:02:27.714+0000] {processor.py:175} INFO - Processing /home/airflow/.local/lib/python3.7/site-packages/airflow/example_dags/example_latest_only.py took 0.177 seconds
[2022-12-14T20:02:58.067+0000] {processor.py:153} INFO - Started process (PID=1899) to work on /home/airflow/.local/lib/python3.7/site-packages/airflow/example_dags/example_latest_only.py
[2022-12-14T20:02:58.069+0000] {processor.py:743} INFO - Processing file /home/airflow/.local/lib/python3.7/site-packages/airflow/example_dags/example_latest_only.py for tasks to queue
[2022-12-14T20:02:58.070+0000] {logging_mixin.py:137} INFO - [2022-12-14T20:02:58.070+0000] {dagbag.py:538} INFO - Filling up the DagBag from /home/airflow/.local/lib/python3.7/site-packages/airflow/example_dags/example_latest_only.py
[2022-12-14T20:02:58.090+0000] {processor.py:753} INFO - DAG(s) dict_keys(['latest_only']) retrieved from /home/airflow/.local/lib/python3.7/site-packages/airflow/example_dags/example_latest_only.py
[2022-12-14T20:02:58.139+0000] {logging_mixin.py:137} INFO - [2022-12-14T20:02:58.139+0000] {dag.py:2676} INFO - Sync 1 DAGs
[2022-12-14T20:02:58.177+0000] {logging_mixin.py:137} INFO - [2022-12-14T20:02:58.177+0000] {dag.py:3427} INFO - Setting next_dagrun for latest_only to 2022-12-14T16:02:58.176917+00:00, run_after=2022-12-14T20:02:58.176917+00:00
[2022-12-14T20:02:58.203+0000] {processor.py:175} INFO - Processing /home/airflow/.local/lib/python3.7/site-packages/airflow/example_dags/example_latest_only.py took 0.140 seconds
[2022-12-14T20:03:28.373+0000] {processor.py:153} INFO - Started process (PID=1979) to work on /home/airflow/.local/lib/python3.7/site-packages/airflow/example_dags/example_latest_only.py
[2022-12-14T20:03:28.375+0000] {processor.py:743} INFO - Processing file /home/airflow/.local/lib/python3.7/site-packages/airflow/example_dags/example_latest_only.py for tasks to queue
[2022-12-14T20:03:28.376+0000] {logging_mixin.py:137} INFO - [2022-12-14T20:03:28.375+0000] {dagbag.py:538} INFO - Filling up the DagBag from /home/airflow/.local/lib/python3.7/site-packages/airflow/example_dags/example_latest_only.py
[2022-12-14T20:03:28.394+0000] {processor.py:753} INFO - DAG(s) dict_keys(['latest_only']) retrieved from /home/airflow/.local/lib/python3.7/site-packages/airflow/example_dags/example_latest_only.py
[2022-12-14T20:03:28.452+0000] {logging_mixin.py:137} INFO - [2022-12-14T20:03:28.452+0000] {dag.py:2676} INFO - Sync 1 DAGs
[2022-12-14T20:03:28.496+0000] {logging_mixin.py:137} INFO - [2022-12-14T20:03:28.496+0000] {dag.py:3427} INFO - Setting next_dagrun for latest_only to 2022-12-14T16:03:28.496003+00:00, run_after=2022-12-14T20:03:28.496003+00:00
[2022-12-14T20:03:28.536+0000] {processor.py:175} INFO - Processing /home/airflow/.local/lib/python3.7/site-packages/airflow/example_dags/example_latest_only.py took 0.167 seconds
