[2022-12-14T19:52:14.213+0000] {processor.py:153} INFO - Started process (PID=123) to work on /home/airflow/.local/lib/python3.7/site-packages/airflow/example_dags/example_external_task_marker_dag.py
[2022-12-14T19:52:14.215+0000] {processor.py:743} INFO - Processing file /home/airflow/.local/lib/python3.7/site-packages/airflow/example_dags/example_external_task_marker_dag.py for tasks to queue
[2022-12-14T19:52:14.217+0000] {logging_mixin.py:137} INFO - [2022-12-14T19:52:14.216+0000] {dagbag.py:538} INFO - Filling up the DagBag from /home/airflow/.local/lib/python3.7/site-packages/airflow/example_dags/example_external_task_marker_dag.py
[2022-12-14T19:52:14.248+0000] {processor.py:753} INFO - DAG(s) dict_keys(['example_external_task_marker_child', 'example_external_task_marker_parent']) retrieved from /home/airflow/.local/lib/python3.7/site-packages/airflow/example_dags/example_external_task_marker_dag.py
[2022-12-14T19:52:14.342+0000] {logging_mixin.py:137} INFO - [2022-12-14T19:52:14.342+0000] {dag.py:2676} INFO - Sync 2 DAGs
[2022-12-14T19:52:14.417+0000] {logging_mixin.py:137} INFO - [2022-12-14T19:52:14.416+0000] {dag.py:3427} INFO - Setting next_dagrun for example_external_task_marker_child to None, run_after=None
[2022-12-14T19:52:14.434+0000] {logging_mixin.py:137} INFO - [2022-12-14T19:52:14.431+0000] {dag.py:3427} INFO - Setting next_dagrun for example_external_task_marker_parent to None, run_after=None
[2022-12-14T19:52:14.490+0000] {processor.py:175} INFO - Processing /home/airflow/.local/lib/python3.7/site-packages/airflow/example_dags/example_external_task_marker_dag.py took 0.283 seconds
[2022-12-14T19:52:45.432+0000] {processor.py:153} INFO - Started process (PID=203) to work on /home/airflow/.local/lib/python3.7/site-packages/airflow/example_dags/example_external_task_marker_dag.py
[2022-12-14T19:52:45.433+0000] {processor.py:743} INFO - Processing file /home/airflow/.local/lib/python3.7/site-packages/airflow/example_dags/example_external_task_marker_dag.py for tasks to queue
[2022-12-14T19:52:45.435+0000] {logging_mixin.py:137} INFO - [2022-12-14T19:52:45.434+0000] {dagbag.py:538} INFO - Filling up the DagBag from /home/airflow/.local/lib/python3.7/site-packages/airflow/example_dags/example_external_task_marker_dag.py
[2022-12-14T19:52:45.456+0000] {processor.py:753} INFO - DAG(s) dict_keys(['example_external_task_marker_parent', 'example_external_task_marker_child']) retrieved from /home/airflow/.local/lib/python3.7/site-packages/airflow/example_dags/example_external_task_marker_dag.py
[2022-12-14T19:52:45.583+0000] {logging_mixin.py:137} INFO - [2022-12-14T19:52:45.582+0000] {dag.py:2676} INFO - Sync 2 DAGs
[2022-12-14T19:52:45.626+0000] {logging_mixin.py:137} INFO - [2022-12-14T19:52:45.626+0000] {dag.py:3427} INFO - Setting next_dagrun for example_external_task_marker_child to None, run_after=None
[2022-12-14T19:52:45.631+0000] {logging_mixin.py:137} INFO - [2022-12-14T19:52:45.631+0000] {dag.py:3427} INFO - Setting next_dagrun for example_external_task_marker_parent to None, run_after=None
[2022-12-14T19:52:45.661+0000] {processor.py:175} INFO - Processing /home/airflow/.local/lib/python3.7/site-packages/airflow/example_dags/example_external_task_marker_dag.py took 0.233 seconds
[2022-12-14T19:53:15.932+0000] {processor.py:153} INFO - Started process (PID=283) to work on /home/airflow/.local/lib/python3.7/site-packages/airflow/example_dags/example_external_task_marker_dag.py
[2022-12-14T19:53:15.933+0000] {processor.py:743} INFO - Processing file /home/airflow/.local/lib/python3.7/site-packages/airflow/example_dags/example_external_task_marker_dag.py for tasks to queue
[2022-12-14T19:53:15.934+0000] {logging_mixin.py:137} INFO - [2022-12-14T19:53:15.934+0000] {dagbag.py:538} INFO - Filling up the DagBag from /home/airflow/.local/lib/python3.7/site-packages/airflow/example_dags/example_external_task_marker_dag.py
[2022-12-14T19:53:15.951+0000] {processor.py:753} INFO - DAG(s) dict_keys(['example_external_task_marker_parent', 'example_external_task_marker_child']) retrieved from /home/airflow/.local/lib/python3.7/site-packages/airflow/example_dags/example_external_task_marker_dag.py
[2022-12-14T19:53:16.005+0000] {logging_mixin.py:137} INFO - [2022-12-14T19:53:16.005+0000] {dag.py:2676} INFO - Sync 2 DAGs
[2022-12-14T19:53:16.046+0000] {logging_mixin.py:137} INFO - [2022-12-14T19:53:16.046+0000] {dag.py:3427} INFO - Setting next_dagrun for example_external_task_marker_child to None, run_after=None
[2022-12-14T19:53:16.051+0000] {logging_mixin.py:137} INFO - [2022-12-14T19:53:16.051+0000] {dag.py:3427} INFO - Setting next_dagrun for example_external_task_marker_parent to None, run_after=None
[2022-12-14T19:53:16.079+0000] {processor.py:175} INFO - Processing /home/airflow/.local/lib/python3.7/site-packages/airflow/example_dags/example_external_task_marker_dag.py took 0.151 seconds
[2022-12-14T19:53:46.318+0000] {processor.py:153} INFO - Started process (PID=370) to work on /home/airflow/.local/lib/python3.7/site-packages/airflow/example_dags/example_external_task_marker_dag.py
[2022-12-14T19:53:46.320+0000] {processor.py:743} INFO - Processing file /home/airflow/.local/lib/python3.7/site-packages/airflow/example_dags/example_external_task_marker_dag.py for tasks to queue
[2022-12-14T19:53:46.321+0000] {logging_mixin.py:137} INFO - [2022-12-14T19:53:46.321+0000] {dagbag.py:538} INFO - Filling up the DagBag from /home/airflow/.local/lib/python3.7/site-packages/airflow/example_dags/example_external_task_marker_dag.py
[2022-12-14T19:53:46.350+0000] {processor.py:753} INFO - DAG(s) dict_keys(['example_external_task_marker_parent', 'example_external_task_marker_child']) retrieved from /home/airflow/.local/lib/python3.7/site-packages/airflow/example_dags/example_external_task_marker_dag.py
[2022-12-14T19:53:46.447+0000] {logging_mixin.py:137} INFO - [2022-12-14T19:53:46.446+0000] {dag.py:2676} INFO - Sync 2 DAGs
[2022-12-14T19:53:46.511+0000] {logging_mixin.py:137} INFO - [2022-12-14T19:53:46.510+0000] {dag.py:3427} INFO - Setting next_dagrun for example_external_task_marker_child to None, run_after=None
[2022-12-14T19:53:46.527+0000] {logging_mixin.py:137} INFO - [2022-12-14T19:53:46.527+0000] {dag.py:3427} INFO - Setting next_dagrun for example_external_task_marker_parent to None, run_after=None
[2022-12-14T19:53:46.568+0000] {processor.py:175} INFO - Processing /home/airflow/.local/lib/python3.7/site-packages/airflow/example_dags/example_external_task_marker_dag.py took 0.257 seconds
[2022-12-14T19:54:17.143+0000] {processor.py:153} INFO - Started process (PID=463) to work on /home/airflow/.local/lib/python3.7/site-packages/airflow/example_dags/example_external_task_marker_dag.py
[2022-12-14T19:54:17.144+0000] {processor.py:743} INFO - Processing file /home/airflow/.local/lib/python3.7/site-packages/airflow/example_dags/example_external_task_marker_dag.py for tasks to queue
[2022-12-14T19:54:17.145+0000] {logging_mixin.py:137} INFO - [2022-12-14T19:54:17.145+0000] {dagbag.py:538} INFO - Filling up the DagBag from /home/airflow/.local/lib/python3.7/site-packages/airflow/example_dags/example_external_task_marker_dag.py
[2022-12-14T19:54:17.166+0000] {processor.py:753} INFO - DAG(s) dict_keys(['example_external_task_marker_child', 'example_external_task_marker_parent']) retrieved from /home/airflow/.local/lib/python3.7/site-packages/airflow/example_dags/example_external_task_marker_dag.py
[2022-12-14T19:54:17.216+0000] {logging_mixin.py:137} INFO - [2022-12-14T19:54:17.216+0000] {dag.py:2676} INFO - Sync 2 DAGs
[2022-12-14T19:54:17.253+0000] {logging_mixin.py:137} INFO - [2022-12-14T19:54:17.253+0000] {dag.py:3427} INFO - Setting next_dagrun for example_external_task_marker_child to None, run_after=None
[2022-12-14T19:54:17.258+0000] {logging_mixin.py:137} INFO - [2022-12-14T19:54:17.258+0000] {dag.py:3427} INFO - Setting next_dagrun for example_external_task_marker_parent to None, run_after=None
[2022-12-14T19:54:17.286+0000] {processor.py:175} INFO - Processing /home/airflow/.local/lib/python3.7/site-packages/airflow/example_dags/example_external_task_marker_dag.py took 0.148 seconds
[2022-12-14T19:54:47.710+0000] {processor.py:153} INFO - Started process (PID=543) to work on /home/airflow/.local/lib/python3.7/site-packages/airflow/example_dags/example_external_task_marker_dag.py
[2022-12-14T19:54:47.711+0000] {processor.py:743} INFO - Processing file /home/airflow/.local/lib/python3.7/site-packages/airflow/example_dags/example_external_task_marker_dag.py for tasks to queue
[2022-12-14T19:54:47.713+0000] {logging_mixin.py:137} INFO - [2022-12-14T19:54:47.713+0000] {dagbag.py:538} INFO - Filling up the DagBag from /home/airflow/.local/lib/python3.7/site-packages/airflow/example_dags/example_external_task_marker_dag.py
[2022-12-14T19:54:47.736+0000] {processor.py:753} INFO - DAG(s) dict_keys(['example_external_task_marker_parent', 'example_external_task_marker_child']) retrieved from /home/airflow/.local/lib/python3.7/site-packages/airflow/example_dags/example_external_task_marker_dag.py
[2022-12-14T19:54:47.812+0000] {logging_mixin.py:137} INFO - [2022-12-14T19:54:47.812+0000] {dag.py:2676} INFO - Sync 2 DAGs
[2022-12-14T19:54:47.872+0000] {logging_mixin.py:137} INFO - [2022-12-14T19:54:47.872+0000] {dag.py:3427} INFO - Setting next_dagrun for example_external_task_marker_child to None, run_after=None
[2022-12-14T19:54:47.879+0000] {logging_mixin.py:137} INFO - [2022-12-14T19:54:47.878+0000] {dag.py:3427} INFO - Setting next_dagrun for example_external_task_marker_parent to None, run_after=None
[2022-12-14T19:54:47.910+0000] {processor.py:175} INFO - Processing /home/airflow/.local/lib/python3.7/site-packages/airflow/example_dags/example_external_task_marker_dag.py took 0.207 seconds
[2022-12-14T19:55:18.039+0000] {processor.py:153} INFO - Started process (PID=623) to work on /home/airflow/.local/lib/python3.7/site-packages/airflow/example_dags/example_external_task_marker_dag.py
[2022-12-14T19:55:18.040+0000] {processor.py:743} INFO - Processing file /home/airflow/.local/lib/python3.7/site-packages/airflow/example_dags/example_external_task_marker_dag.py for tasks to queue
[2022-12-14T19:55:18.042+0000] {logging_mixin.py:137} INFO - [2022-12-14T19:55:18.041+0000] {dagbag.py:538} INFO - Filling up the DagBag from /home/airflow/.local/lib/python3.7/site-packages/airflow/example_dags/example_external_task_marker_dag.py
[2022-12-14T19:55:18.064+0000] {processor.py:753} INFO - DAG(s) dict_keys(['example_external_task_marker_child', 'example_external_task_marker_parent']) retrieved from /home/airflow/.local/lib/python3.7/site-packages/airflow/example_dags/example_external_task_marker_dag.py
[2022-12-14T19:55:18.166+0000] {logging_mixin.py:137} INFO - [2022-12-14T19:55:18.166+0000] {dag.py:2676} INFO - Sync 2 DAGs
[2022-12-14T19:55:18.224+0000] {logging_mixin.py:137} INFO - [2022-12-14T19:55:18.224+0000] {dag.py:3427} INFO - Setting next_dagrun for example_external_task_marker_child to None, run_after=None
[2022-12-14T19:55:18.230+0000] {logging_mixin.py:137} INFO - [2022-12-14T19:55:18.230+0000] {dag.py:3427} INFO - Setting next_dagrun for example_external_task_marker_parent to None, run_after=None
[2022-12-14T19:55:18.271+0000] {processor.py:175} INFO - Processing /home/airflow/.local/lib/python3.7/site-packages/airflow/example_dags/example_external_task_marker_dag.py took 0.236 seconds
[2022-12-14T19:55:49.115+0000] {processor.py:153} INFO - Started process (PID=712) to work on /home/airflow/.local/lib/python3.7/site-packages/airflow/example_dags/example_external_task_marker_dag.py
[2022-12-14T19:55:49.117+0000] {processor.py:743} INFO - Processing file /home/airflow/.local/lib/python3.7/site-packages/airflow/example_dags/example_external_task_marker_dag.py for tasks to queue
[2022-12-14T19:55:49.118+0000] {logging_mixin.py:137} INFO - [2022-12-14T19:55:49.118+0000] {dagbag.py:538} INFO - Filling up the DagBag from /home/airflow/.local/lib/python3.7/site-packages/airflow/example_dags/example_external_task_marker_dag.py
[2022-12-14T19:55:49.145+0000] {processor.py:753} INFO - DAG(s) dict_keys(['example_external_task_marker_child', 'example_external_task_marker_parent']) retrieved from /home/airflow/.local/lib/python3.7/site-packages/airflow/example_dags/example_external_task_marker_dag.py
[2022-12-14T19:55:49.211+0000] {logging_mixin.py:137} INFO - [2022-12-14T19:55:49.211+0000] {dag.py:2676} INFO - Sync 2 DAGs
[2022-12-14T19:55:49.253+0000] {logging_mixin.py:137} INFO - [2022-12-14T19:55:49.253+0000] {dag.py:3427} INFO - Setting next_dagrun for example_external_task_marker_child to None, run_after=None
[2022-12-14T19:55:49.258+0000] {logging_mixin.py:137} INFO - [2022-12-14T19:55:49.258+0000] {dag.py:3427} INFO - Setting next_dagrun for example_external_task_marker_parent to None, run_after=None
[2022-12-14T19:55:49.285+0000] {processor.py:175} INFO - Processing /home/airflow/.local/lib/python3.7/site-packages/airflow/example_dags/example_external_task_marker_dag.py took 0.175 seconds
[2022-12-14T19:56:24.048+0000] {processor.py:153} INFO - Started process (PID=805) to work on /home/airflow/.local/lib/python3.7/site-packages/airflow/example_dags/example_external_task_marker_dag.py
[2022-12-14T19:56:24.049+0000] {processor.py:743} INFO - Processing file /home/airflow/.local/lib/python3.7/site-packages/airflow/example_dags/example_external_task_marker_dag.py for tasks to queue
[2022-12-14T19:56:24.051+0000] {logging_mixin.py:137} INFO - [2022-12-14T19:56:24.050+0000] {dagbag.py:538} INFO - Filling up the DagBag from /home/airflow/.local/lib/python3.7/site-packages/airflow/example_dags/example_external_task_marker_dag.py
[2022-12-14T19:56:24.073+0000] {processor.py:753} INFO - DAG(s) dict_keys(['example_external_task_marker_child', 'example_external_task_marker_parent']) retrieved from /home/airflow/.local/lib/python3.7/site-packages/airflow/example_dags/example_external_task_marker_dag.py
[2022-12-14T19:56:24.121+0000] {logging_mixin.py:137} INFO - [2022-12-14T19:56:24.121+0000] {dag.py:2676} INFO - Sync 2 DAGs
[2022-12-14T19:56:24.170+0000] {logging_mixin.py:137} INFO - [2022-12-14T19:56:24.169+0000] {dag.py:3427} INFO - Setting next_dagrun for example_external_task_marker_child to None, run_after=None
[2022-12-14T19:56:24.176+0000] {logging_mixin.py:137} INFO - [2022-12-14T19:56:24.175+0000] {dag.py:3427} INFO - Setting next_dagrun for example_external_task_marker_parent to None, run_after=None
[2022-12-14T19:56:24.204+0000] {processor.py:175} INFO - Processing /home/airflow/.local/lib/python3.7/site-packages/airflow/example_dags/example_external_task_marker_dag.py took 0.162 seconds
[2022-12-14T19:56:54.969+0000] {processor.py:153} INFO - Started process (PID=903) to work on /home/airflow/.local/lib/python3.7/site-packages/airflow/example_dags/example_external_task_marker_dag.py
[2022-12-14T19:56:54.970+0000] {processor.py:743} INFO - Processing file /home/airflow/.local/lib/python3.7/site-packages/airflow/example_dags/example_external_task_marker_dag.py for tasks to queue
[2022-12-14T19:56:54.971+0000] {logging_mixin.py:137} INFO - [2022-12-14T19:56:54.971+0000] {dagbag.py:538} INFO - Filling up the DagBag from /home/airflow/.local/lib/python3.7/site-packages/airflow/example_dags/example_external_task_marker_dag.py
[2022-12-14T19:56:54.992+0000] {processor.py:753} INFO - DAG(s) dict_keys(['example_external_task_marker_parent', 'example_external_task_marker_child']) retrieved from /home/airflow/.local/lib/python3.7/site-packages/airflow/example_dags/example_external_task_marker_dag.py
[2022-12-14T19:56:55.116+0000] {logging_mixin.py:137} INFO - [2022-12-14T19:56:55.116+0000] {dag.py:2676} INFO - Sync 2 DAGs
[2022-12-14T19:56:55.161+0000] {logging_mixin.py:137} INFO - [2022-12-14T19:56:55.161+0000] {dag.py:3427} INFO - Setting next_dagrun for example_external_task_marker_child to None, run_after=None
[2022-12-14T19:56:55.168+0000] {logging_mixin.py:137} INFO - [2022-12-14T19:56:55.168+0000] {dag.py:3427} INFO - Setting next_dagrun for example_external_task_marker_parent to None, run_after=None
[2022-12-14T19:56:55.201+0000] {processor.py:175} INFO - Processing /home/airflow/.local/lib/python3.7/site-packages/airflow/example_dags/example_external_task_marker_dag.py took 0.237 seconds
[2022-12-14T19:57:25.399+0000] {processor.py:153} INFO - Started process (PID=994) to work on /home/airflow/.local/lib/python3.7/site-packages/airflow/example_dags/example_external_task_marker_dag.py
[2022-12-14T19:57:25.401+0000] {processor.py:743} INFO - Processing file /home/airflow/.local/lib/python3.7/site-packages/airflow/example_dags/example_external_task_marker_dag.py for tasks to queue
[2022-12-14T19:57:25.403+0000] {logging_mixin.py:137} INFO - [2022-12-14T19:57:25.402+0000] {dagbag.py:538} INFO - Filling up the DagBag from /home/airflow/.local/lib/python3.7/site-packages/airflow/example_dags/example_external_task_marker_dag.py
[2022-12-14T19:57:25.429+0000] {processor.py:753} INFO - DAG(s) dict_keys(['example_external_task_marker_parent', 'example_external_task_marker_child']) retrieved from /home/airflow/.local/lib/python3.7/site-packages/airflow/example_dags/example_external_task_marker_dag.py
[2022-12-14T19:57:25.498+0000] {logging_mixin.py:137} INFO - [2022-12-14T19:57:25.497+0000] {dag.py:2676} INFO - Sync 2 DAGs
[2022-12-14T19:57:25.542+0000] {logging_mixin.py:137} INFO - [2022-12-14T19:57:25.542+0000] {dag.py:3427} INFO - Setting next_dagrun for example_external_task_marker_child to None, run_after=None
[2022-12-14T19:57:25.548+0000] {logging_mixin.py:137} INFO - [2022-12-14T19:57:25.548+0000] {dag.py:3427} INFO - Setting next_dagrun for example_external_task_marker_parent to None, run_after=None
[2022-12-14T19:57:25.577+0000] {processor.py:175} INFO - Processing /home/airflow/.local/lib/python3.7/site-packages/airflow/example_dags/example_external_task_marker_dag.py took 0.183 seconds
[2022-12-14T19:57:56.527+0000] {processor.py:153} INFO - Started process (PID=1074) to work on /home/airflow/.local/lib/python3.7/site-packages/airflow/example_dags/example_external_task_marker_dag.py
[2022-12-14T19:57:56.529+0000] {processor.py:743} INFO - Processing file /home/airflow/.local/lib/python3.7/site-packages/airflow/example_dags/example_external_task_marker_dag.py for tasks to queue
[2022-12-14T19:57:56.530+0000] {logging_mixin.py:137} INFO - [2022-12-14T19:57:56.530+0000] {dagbag.py:538} INFO - Filling up the DagBag from /home/airflow/.local/lib/python3.7/site-packages/airflow/example_dags/example_external_task_marker_dag.py
[2022-12-14T19:57:56.557+0000] {processor.py:753} INFO - DAG(s) dict_keys(['example_external_task_marker_child', 'example_external_task_marker_parent']) retrieved from /home/airflow/.local/lib/python3.7/site-packages/airflow/example_dags/example_external_task_marker_dag.py
[2022-12-14T19:57:56.615+0000] {logging_mixin.py:137} INFO - [2022-12-14T19:57:56.614+0000] {dag.py:2676} INFO - Sync 2 DAGs
[2022-12-14T19:57:56.668+0000] {logging_mixin.py:137} INFO - [2022-12-14T19:57:56.667+0000] {dag.py:3427} INFO - Setting next_dagrun for example_external_task_marker_child to None, run_after=None
[2022-12-14T19:57:56.674+0000] {logging_mixin.py:137} INFO - [2022-12-14T19:57:56.674+0000] {dag.py:3427} INFO - Setting next_dagrun for example_external_task_marker_parent to None, run_after=None
[2022-12-14T19:57:56.710+0000] {processor.py:175} INFO - Processing /home/airflow/.local/lib/python3.7/site-packages/airflow/example_dags/example_external_task_marker_dag.py took 0.187 seconds
[2022-12-14T19:58:26.870+0000] {processor.py:153} INFO - Started process (PID=1154) to work on /home/airflow/.local/lib/python3.7/site-packages/airflow/example_dags/example_external_task_marker_dag.py
[2022-12-14T19:58:26.872+0000] {processor.py:743} INFO - Processing file /home/airflow/.local/lib/python3.7/site-packages/airflow/example_dags/example_external_task_marker_dag.py for tasks to queue
[2022-12-14T19:58:26.873+0000] {logging_mixin.py:137} INFO - [2022-12-14T19:58:26.873+0000] {dagbag.py:538} INFO - Filling up the DagBag from /home/airflow/.local/lib/python3.7/site-packages/airflow/example_dags/example_external_task_marker_dag.py
[2022-12-14T19:58:26.894+0000] {processor.py:753} INFO - DAG(s) dict_keys(['example_external_task_marker_parent', 'example_external_task_marker_child']) retrieved from /home/airflow/.local/lib/python3.7/site-packages/airflow/example_dags/example_external_task_marker_dag.py
[2022-12-14T19:58:26.951+0000] {logging_mixin.py:137} INFO - [2022-12-14T19:58:26.951+0000] {dag.py:2676} INFO - Sync 2 DAGs
[2022-12-14T19:58:27.006+0000] {logging_mixin.py:137} INFO - [2022-12-14T19:58:27.006+0000] {dag.py:3427} INFO - Setting next_dagrun for example_external_task_marker_child to None, run_after=None
[2022-12-14T19:58:27.014+0000] {logging_mixin.py:137} INFO - [2022-12-14T19:58:27.014+0000] {dag.py:3427} INFO - Setting next_dagrun for example_external_task_marker_parent to None, run_after=None
[2022-12-14T19:58:27.042+0000] {processor.py:175} INFO - Processing /home/airflow/.local/lib/python3.7/site-packages/airflow/example_dags/example_external_task_marker_dag.py took 0.176 seconds
[2022-12-14T19:58:57.369+0000] {processor.py:153} INFO - Started process (PID=1243) to work on /home/airflow/.local/lib/python3.7/site-packages/airflow/example_dags/example_external_task_marker_dag.py
[2022-12-14T19:58:57.371+0000] {processor.py:743} INFO - Processing file /home/airflow/.local/lib/python3.7/site-packages/airflow/example_dags/example_external_task_marker_dag.py for tasks to queue
[2022-12-14T19:58:57.372+0000] {logging_mixin.py:137} INFO - [2022-12-14T19:58:57.372+0000] {dagbag.py:538} INFO - Filling up the DagBag from /home/airflow/.local/lib/python3.7/site-packages/airflow/example_dags/example_external_task_marker_dag.py
[2022-12-14T19:58:57.394+0000] {processor.py:753} INFO - DAG(s) dict_keys(['example_external_task_marker_parent', 'example_external_task_marker_child']) retrieved from /home/airflow/.local/lib/python3.7/site-packages/airflow/example_dags/example_external_task_marker_dag.py
[2022-12-14T19:58:57.454+0000] {logging_mixin.py:137} INFO - [2022-12-14T19:58:57.454+0000] {dag.py:2676} INFO - Sync 2 DAGs
[2022-12-14T19:58:57.500+0000] {logging_mixin.py:137} INFO - [2022-12-14T19:58:57.500+0000] {dag.py:3427} INFO - Setting next_dagrun for example_external_task_marker_child to None, run_after=None
[2022-12-14T19:58:57.507+0000] {logging_mixin.py:137} INFO - [2022-12-14T19:58:57.507+0000] {dag.py:3427} INFO - Setting next_dagrun for example_external_task_marker_parent to None, run_after=None
[2022-12-14T19:58:57.539+0000] {processor.py:175} INFO - Processing /home/airflow/.local/lib/python3.7/site-packages/airflow/example_dags/example_external_task_marker_dag.py took 0.175 seconds
[2022-12-14T19:59:28.205+0000] {processor.py:153} INFO - Started process (PID=1334) to work on /home/airflow/.local/lib/python3.7/site-packages/airflow/example_dags/example_external_task_marker_dag.py
[2022-12-14T19:59:28.206+0000] {processor.py:743} INFO - Processing file /home/airflow/.local/lib/python3.7/site-packages/airflow/example_dags/example_external_task_marker_dag.py for tasks to queue
[2022-12-14T19:59:28.207+0000] {logging_mixin.py:137} INFO - [2022-12-14T19:59:28.207+0000] {dagbag.py:538} INFO - Filling up the DagBag from /home/airflow/.local/lib/python3.7/site-packages/airflow/example_dags/example_external_task_marker_dag.py
[2022-12-14T19:59:28.230+0000] {processor.py:753} INFO - DAG(s) dict_keys(['example_external_task_marker_child', 'example_external_task_marker_parent']) retrieved from /home/airflow/.local/lib/python3.7/site-packages/airflow/example_dags/example_external_task_marker_dag.py
[2022-12-14T19:59:28.297+0000] {logging_mixin.py:137} INFO - [2022-12-14T19:59:28.296+0000] {dag.py:2676} INFO - Sync 2 DAGs
[2022-12-14T19:59:28.358+0000] {logging_mixin.py:137} INFO - [2022-12-14T19:59:28.357+0000] {dag.py:3427} INFO - Setting next_dagrun for example_external_task_marker_child to None, run_after=None
[2022-12-14T19:59:28.364+0000] {logging_mixin.py:137} INFO - [2022-12-14T19:59:28.364+0000] {dag.py:3427} INFO - Setting next_dagrun for example_external_task_marker_parent to None, run_after=None
[2022-12-14T19:59:28.403+0000] {processor.py:175} INFO - Processing /home/airflow/.local/lib/python3.7/site-packages/airflow/example_dags/example_external_task_marker_dag.py took 0.202 seconds
[2022-12-14T19:59:58.762+0000] {processor.py:153} INFO - Started process (PID=1414) to work on /home/airflow/.local/lib/python3.7/site-packages/airflow/example_dags/example_external_task_marker_dag.py
[2022-12-14T19:59:58.763+0000] {processor.py:743} INFO - Processing file /home/airflow/.local/lib/python3.7/site-packages/airflow/example_dags/example_external_task_marker_dag.py for tasks to queue
[2022-12-14T19:59:58.764+0000] {logging_mixin.py:137} INFO - [2022-12-14T19:59:58.764+0000] {dagbag.py:538} INFO - Filling up the DagBag from /home/airflow/.local/lib/python3.7/site-packages/airflow/example_dags/example_external_task_marker_dag.py
[2022-12-14T19:59:58.783+0000] {processor.py:753} INFO - DAG(s) dict_keys(['example_external_task_marker_child', 'example_external_task_marker_parent']) retrieved from /home/airflow/.local/lib/python3.7/site-packages/airflow/example_dags/example_external_task_marker_dag.py
[2022-12-14T19:59:58.835+0000] {logging_mixin.py:137} INFO - [2022-12-14T19:59:58.835+0000] {dag.py:2676} INFO - Sync 2 DAGs
[2022-12-14T19:59:58.874+0000] {logging_mixin.py:137} INFO - [2022-12-14T19:59:58.874+0000] {dag.py:3427} INFO - Setting next_dagrun for example_external_task_marker_child to None, run_after=None
[2022-12-14T19:59:58.879+0000] {logging_mixin.py:137} INFO - [2022-12-14T19:59:58.879+0000] {dag.py:3427} INFO - Setting next_dagrun for example_external_task_marker_parent to None, run_after=None
[2022-12-14T19:59:58.905+0000] {processor.py:175} INFO - Processing /home/airflow/.local/lib/python3.7/site-packages/airflow/example_dags/example_external_task_marker_dag.py took 0.147 seconds
[2022-12-14T20:00:29.600+0000] {processor.py:153} INFO - Started process (PID=1494) to work on /home/airflow/.local/lib/python3.7/site-packages/airflow/example_dags/example_external_task_marker_dag.py
[2022-12-14T20:00:29.601+0000] {processor.py:743} INFO - Processing file /home/airflow/.local/lib/python3.7/site-packages/airflow/example_dags/example_external_task_marker_dag.py for tasks to queue
[2022-12-14T20:00:29.602+0000] {logging_mixin.py:137} INFO - [2022-12-14T20:00:29.602+0000] {dagbag.py:538} INFO - Filling up the DagBag from /home/airflow/.local/lib/python3.7/site-packages/airflow/example_dags/example_external_task_marker_dag.py
[2022-12-14T20:00:29.624+0000] {processor.py:753} INFO - DAG(s) dict_keys(['example_external_task_marker_parent', 'example_external_task_marker_child']) retrieved from /home/airflow/.local/lib/python3.7/site-packages/airflow/example_dags/example_external_task_marker_dag.py
[2022-12-14T20:00:29.691+0000] {logging_mixin.py:137} INFO - [2022-12-14T20:00:29.690+0000] {dag.py:2676} INFO - Sync 2 DAGs
[2022-12-14T20:00:29.760+0000] {logging_mixin.py:137} INFO - [2022-12-14T20:00:29.760+0000] {dag.py:3427} INFO - Setting next_dagrun for example_external_task_marker_child to None, run_after=None
[2022-12-14T20:00:29.768+0000] {logging_mixin.py:137} INFO - [2022-12-14T20:00:29.768+0000] {dag.py:3427} INFO - Setting next_dagrun for example_external_task_marker_parent to None, run_after=None
[2022-12-14T20:00:29.803+0000] {processor.py:175} INFO - Processing /home/airflow/.local/lib/python3.7/site-packages/airflow/example_dags/example_external_task_marker_dag.py took 0.208 seconds
[2022-12-14T20:01:00.255+0000] {processor.py:153} INFO - Started process (PID=1574) to work on /home/airflow/.local/lib/python3.7/site-packages/airflow/example_dags/example_external_task_marker_dag.py
[2022-12-14T20:01:00.256+0000] {processor.py:743} INFO - Processing file /home/airflow/.local/lib/python3.7/site-packages/airflow/example_dags/example_external_task_marker_dag.py for tasks to queue
[2022-12-14T20:01:00.258+0000] {logging_mixin.py:137} INFO - [2022-12-14T20:01:00.257+0000] {dagbag.py:538} INFO - Filling up the DagBag from /home/airflow/.local/lib/python3.7/site-packages/airflow/example_dags/example_external_task_marker_dag.py
[2022-12-14T20:01:00.279+0000] {processor.py:753} INFO - DAG(s) dict_keys(['example_external_task_marker_child', 'example_external_task_marker_parent']) retrieved from /home/airflow/.local/lib/python3.7/site-packages/airflow/example_dags/example_external_task_marker_dag.py
[2022-12-14T20:01:00.352+0000] {logging_mixin.py:137} INFO - [2022-12-14T20:01:00.351+0000] {dag.py:2676} INFO - Sync 2 DAGs
[2022-12-14T20:01:00.400+0000] {logging_mixin.py:137} INFO - [2022-12-14T20:01:00.400+0000] {dag.py:3427} INFO - Setting next_dagrun for example_external_task_marker_child to None, run_after=None
[2022-12-14T20:01:00.406+0000] {logging_mixin.py:137} INFO - [2022-12-14T20:01:00.406+0000] {dag.py:3427} INFO - Setting next_dagrun for example_external_task_marker_parent to None, run_after=None
[2022-12-14T20:01:00.433+0000] {processor.py:175} INFO - Processing /home/airflow/.local/lib/python3.7/site-packages/airflow/example_dags/example_external_task_marker_dag.py took 0.183 seconds
[2022-12-14T20:01:30.712+0000] {processor.py:153} INFO - Started process (PID=1674) to work on /home/airflow/.local/lib/python3.7/site-packages/airflow/example_dags/example_external_task_marker_dag.py
[2022-12-14T20:01:30.714+0000] {processor.py:743} INFO - Processing file /home/airflow/.local/lib/python3.7/site-packages/airflow/example_dags/example_external_task_marker_dag.py for tasks to queue
[2022-12-14T20:01:30.715+0000] {logging_mixin.py:137} INFO - [2022-12-14T20:01:30.715+0000] {dagbag.py:538} INFO - Filling up the DagBag from /home/airflow/.local/lib/python3.7/site-packages/airflow/example_dags/example_external_task_marker_dag.py
[2022-12-14T20:01:30.741+0000] {processor.py:753} INFO - DAG(s) dict_keys(['example_external_task_marker_parent', 'example_external_task_marker_child']) retrieved from /home/airflow/.local/lib/python3.7/site-packages/airflow/example_dags/example_external_task_marker_dag.py
[2022-12-14T20:01:30.811+0000] {logging_mixin.py:137} INFO - [2022-12-14T20:01:30.811+0000] {dag.py:2676} INFO - Sync 2 DAGs
[2022-12-14T20:01:30.859+0000] {logging_mixin.py:137} INFO - [2022-12-14T20:01:30.858+0000] {dag.py:3427} INFO - Setting next_dagrun for example_external_task_marker_child to None, run_after=None
[2022-12-14T20:01:30.864+0000] {logging_mixin.py:137} INFO - [2022-12-14T20:01:30.864+0000] {dag.py:3427} INFO - Setting next_dagrun for example_external_task_marker_parent to None, run_after=None
[2022-12-14T20:01:30.896+0000] {processor.py:175} INFO - Processing /home/airflow/.local/lib/python3.7/site-packages/airflow/example_dags/example_external_task_marker_dag.py took 0.190 seconds
[2022-12-14T20:02:01.978+0000] {processor.py:153} INFO - Started process (PID=1754) to work on /home/airflow/.local/lib/python3.7/site-packages/airflow/example_dags/example_external_task_marker_dag.py
[2022-12-14T20:02:01.979+0000] {processor.py:743} INFO - Processing file /home/airflow/.local/lib/python3.7/site-packages/airflow/example_dags/example_external_task_marker_dag.py for tasks to queue
[2022-12-14T20:02:01.981+0000] {logging_mixin.py:137} INFO - [2022-12-14T20:02:01.981+0000] {dagbag.py:538} INFO - Filling up the DagBag from /home/airflow/.local/lib/python3.7/site-packages/airflow/example_dags/example_external_task_marker_dag.py
[2022-12-14T20:02:02.000+0000] {processor.py:753} INFO - DAG(s) dict_keys(['example_external_task_marker_parent', 'example_external_task_marker_child']) retrieved from /home/airflow/.local/lib/python3.7/site-packages/airflow/example_dags/example_external_task_marker_dag.py
[2022-12-14T20:02:02.184+0000] {logging_mixin.py:137} INFO - [2022-12-14T20:02:02.184+0000] {dag.py:2676} INFO - Sync 2 DAGs
[2022-12-14T20:02:02.238+0000] {logging_mixin.py:137} INFO - [2022-12-14T20:02:02.237+0000] {dag.py:3427} INFO - Setting next_dagrun for example_external_task_marker_child to None, run_after=None
[2022-12-14T20:02:02.244+0000] {logging_mixin.py:137} INFO - [2022-12-14T20:02:02.244+0000] {dag.py:3427} INFO - Setting next_dagrun for example_external_task_marker_parent to None, run_after=None
[2022-12-14T20:02:02.277+0000] {processor.py:175} INFO - Processing /home/airflow/.local/lib/python3.7/site-packages/airflow/example_dags/example_external_task_marker_dag.py took 0.305 seconds
[2022-12-14T20:02:32.403+0000] {processor.py:153} INFO - Started process (PID=1834) to work on /home/airflow/.local/lib/python3.7/site-packages/airflow/example_dags/example_external_task_marker_dag.py
[2022-12-14T20:02:32.405+0000] {processor.py:743} INFO - Processing file /home/airflow/.local/lib/python3.7/site-packages/airflow/example_dags/example_external_task_marker_dag.py for tasks to queue
[2022-12-14T20:02:32.406+0000] {logging_mixin.py:137} INFO - [2022-12-14T20:02:32.405+0000] {dagbag.py:538} INFO - Filling up the DagBag from /home/airflow/.local/lib/python3.7/site-packages/airflow/example_dags/example_external_task_marker_dag.py
[2022-12-14T20:02:32.424+0000] {processor.py:753} INFO - DAG(s) dict_keys(['example_external_task_marker_child', 'example_external_task_marker_parent']) retrieved from /home/airflow/.local/lib/python3.7/site-packages/airflow/example_dags/example_external_task_marker_dag.py
[2022-12-14T20:02:32.478+0000] {logging_mixin.py:137} INFO - [2022-12-14T20:02:32.478+0000] {dag.py:2676} INFO - Sync 2 DAGs
[2022-12-14T20:02:32.515+0000] {logging_mixin.py:137} INFO - [2022-12-14T20:02:32.515+0000] {dag.py:3427} INFO - Setting next_dagrun for example_external_task_marker_child to None, run_after=None
[2022-12-14T20:02:32.520+0000] {logging_mixin.py:137} INFO - [2022-12-14T20:02:32.520+0000] {dag.py:3427} INFO - Setting next_dagrun for example_external_task_marker_parent to None, run_after=None
[2022-12-14T20:02:32.545+0000] {processor.py:175} INFO - Processing /home/airflow/.local/lib/python3.7/site-packages/airflow/example_dags/example_external_task_marker_dag.py took 0.146 seconds
[2022-12-14T20:03:02.816+0000] {processor.py:153} INFO - Started process (PID=1914) to work on /home/airflow/.local/lib/python3.7/site-packages/airflow/example_dags/example_external_task_marker_dag.py
[2022-12-14T20:03:02.819+0000] {processor.py:743} INFO - Processing file /home/airflow/.local/lib/python3.7/site-packages/airflow/example_dags/example_external_task_marker_dag.py for tasks to queue
[2022-12-14T20:03:02.823+0000] {logging_mixin.py:137} INFO - [2022-12-14T20:03:02.822+0000] {dagbag.py:538} INFO - Filling up the DagBag from /home/airflow/.local/lib/python3.7/site-packages/airflow/example_dags/example_external_task_marker_dag.py
[2022-12-14T20:03:02.861+0000] {processor.py:753} INFO - DAG(s) dict_keys(['example_external_task_marker_child', 'example_external_task_marker_parent']) retrieved from /home/airflow/.local/lib/python3.7/site-packages/airflow/example_dags/example_external_task_marker_dag.py
[2022-12-14T20:03:02.961+0000] {logging_mixin.py:137} INFO - [2022-12-14T20:03:02.961+0000] {dag.py:2676} INFO - Sync 2 DAGs
[2022-12-14T20:03:03.026+0000] {logging_mixin.py:137} INFO - [2022-12-14T20:03:03.025+0000] {dag.py:3427} INFO - Setting next_dagrun for example_external_task_marker_child to None, run_after=None
[2022-12-14T20:03:03.034+0000] {logging_mixin.py:137} INFO - [2022-12-14T20:03:03.034+0000] {dag.py:3427} INFO - Setting next_dagrun for example_external_task_marker_parent to None, run_after=None
[2022-12-14T20:03:03.068+0000] {processor.py:175} INFO - Processing /home/airflow/.local/lib/python3.7/site-packages/airflow/example_dags/example_external_task_marker_dag.py took 0.258 seconds
[2022-12-14T20:03:33.442+0000] {processor.py:153} INFO - Started process (PID=2014) to work on /home/airflow/.local/lib/python3.7/site-packages/airflow/example_dags/example_external_task_marker_dag.py
[2022-12-14T20:03:33.446+0000] {processor.py:743} INFO - Processing file /home/airflow/.local/lib/python3.7/site-packages/airflow/example_dags/example_external_task_marker_dag.py for tasks to queue
[2022-12-14T20:03:33.450+0000] {logging_mixin.py:137} INFO - [2022-12-14T20:03:33.450+0000] {dagbag.py:538} INFO - Filling up the DagBag from /home/airflow/.local/lib/python3.7/site-packages/airflow/example_dags/example_external_task_marker_dag.py
[2022-12-14T20:03:33.492+0000] {processor.py:753} INFO - DAG(s) dict_keys(['example_external_task_marker_child', 'example_external_task_marker_parent']) retrieved from /home/airflow/.local/lib/python3.7/site-packages/airflow/example_dags/example_external_task_marker_dag.py
[2022-12-14T20:03:33.574+0000] {logging_mixin.py:137} INFO - [2022-12-14T20:03:33.574+0000] {dag.py:2676} INFO - Sync 2 DAGs
[2022-12-14T20:03:33.639+0000] {logging_mixin.py:137} INFO - [2022-12-14T20:03:33.639+0000] {dag.py:3427} INFO - Setting next_dagrun for example_external_task_marker_child to None, run_after=None
[2022-12-14T20:03:33.647+0000] {logging_mixin.py:137} INFO - [2022-12-14T20:03:33.647+0000] {dag.py:3427} INFO - Setting next_dagrun for example_external_task_marker_parent to None, run_after=None
[2022-12-14T20:03:33.683+0000] {processor.py:175} INFO - Processing /home/airflow/.local/lib/python3.7/site-packages/airflow/example_dags/example_external_task_marker_dag.py took 0.248 seconds
