[2022-12-14T19:52:10.429+0000] {processor.py:153} INFO - Started process (PID=104) to work on /home/airflow/.local/lib/python3.7/site-packages/airflow/example_dags/tutorial_dag.py
[2022-12-14T19:52:10.481+0000] {processor.py:743} INFO - Processing file /home/airflow/.local/lib/python3.7/site-packages/airflow/example_dags/tutorial_dag.py for tasks to queue
[2022-12-14T19:52:10.484+0000] {logging_mixin.py:137} INFO - [2022-12-14T19:52:10.483+0000] {dagbag.py:538} INFO - Filling up the DagBag from /home/airflow/.local/lib/python3.7/site-packages/airflow/example_dags/tutorial_dag.py
[2022-12-14T19:52:10.582+0000] {processor.py:753} INFO - DAG(s) dict_keys(['tutorial_dag']) retrieved from /home/airflow/.local/lib/python3.7/site-packages/airflow/example_dags/tutorial_dag.py
[2022-12-14T19:52:10.768+0000] {logging_mixin.py:137} INFO - [2022-12-14T19:52:10.768+0000] {dag.py:2676} INFO - Sync 1 DAGs
[2022-12-14T19:52:10.831+0000] {logging_mixin.py:137} INFO - [2022-12-14T19:52:10.831+0000] {dag.py:3427} INFO - Setting next_dagrun for tutorial_dag to None, run_after=None
[2022-12-14T19:52:10.871+0000] {processor.py:175} INFO - Processing /home/airflow/.local/lib/python3.7/site-packages/airflow/example_dags/tutorial_dag.py took 0.495 seconds
[2022-12-14T19:52:41.098+0000] {processor.py:153} INFO - Started process (PID=184) to work on /home/airflow/.local/lib/python3.7/site-packages/airflow/example_dags/tutorial_dag.py
[2022-12-14T19:52:41.099+0000] {processor.py:743} INFO - Processing file /home/airflow/.local/lib/python3.7/site-packages/airflow/example_dags/tutorial_dag.py for tasks to queue
[2022-12-14T19:52:41.100+0000] {logging_mixin.py:137} INFO - [2022-12-14T19:52:41.100+0000] {dagbag.py:538} INFO - Filling up the DagBag from /home/airflow/.local/lib/python3.7/site-packages/airflow/example_dags/tutorial_dag.py
[2022-12-14T19:52:41.117+0000] {processor.py:753} INFO - DAG(s) dict_keys(['tutorial_dag']) retrieved from /home/airflow/.local/lib/python3.7/site-packages/airflow/example_dags/tutorial_dag.py
[2022-12-14T19:52:41.167+0000] {logging_mixin.py:137} INFO - [2022-12-14T19:52:41.166+0000] {dag.py:2676} INFO - Sync 1 DAGs
[2022-12-14T19:52:41.201+0000] {logging_mixin.py:137} INFO - [2022-12-14T19:52:41.201+0000] {dag.py:3427} INFO - Setting next_dagrun for tutorial_dag to None, run_after=None
[2022-12-14T19:52:41.224+0000] {processor.py:175} INFO - Processing /home/airflow/.local/lib/python3.7/site-packages/airflow/example_dags/tutorial_dag.py took 0.130 seconds
[2022-12-14T19:53:11.726+0000] {processor.py:153} INFO - Started process (PID=264) to work on /home/airflow/.local/lib/python3.7/site-packages/airflow/example_dags/tutorial_dag.py
[2022-12-14T19:53:11.727+0000] {processor.py:743} INFO - Processing file /home/airflow/.local/lib/python3.7/site-packages/airflow/example_dags/tutorial_dag.py for tasks to queue
[2022-12-14T19:53:11.729+0000] {logging_mixin.py:137} INFO - [2022-12-14T19:53:11.728+0000] {dagbag.py:538} INFO - Filling up the DagBag from /home/airflow/.local/lib/python3.7/site-packages/airflow/example_dags/tutorial_dag.py
[2022-12-14T19:53:11.758+0000] {processor.py:753} INFO - DAG(s) dict_keys(['tutorial_dag']) retrieved from /home/airflow/.local/lib/python3.7/site-packages/airflow/example_dags/tutorial_dag.py
[2022-12-14T19:53:11.818+0000] {logging_mixin.py:137} INFO - [2022-12-14T19:53:11.818+0000] {dag.py:2676} INFO - Sync 1 DAGs
[2022-12-14T19:53:11.858+0000] {logging_mixin.py:137} INFO - [2022-12-14T19:53:11.858+0000] {dag.py:3427} INFO - Setting next_dagrun for tutorial_dag to None, run_after=None
[2022-12-14T19:53:11.889+0000] {processor.py:175} INFO - Processing /home/airflow/.local/lib/python3.7/site-packages/airflow/example_dags/tutorial_dag.py took 0.167 seconds
[2022-12-14T19:53:42.320+0000] {processor.py:153} INFO - Started process (PID=344) to work on /home/airflow/.local/lib/python3.7/site-packages/airflow/example_dags/tutorial_dag.py
[2022-12-14T19:53:42.321+0000] {processor.py:743} INFO - Processing file /home/airflow/.local/lib/python3.7/site-packages/airflow/example_dags/tutorial_dag.py for tasks to queue
[2022-12-14T19:53:42.323+0000] {logging_mixin.py:137} INFO - [2022-12-14T19:53:42.322+0000] {dagbag.py:538} INFO - Filling up the DagBag from /home/airflow/.local/lib/python3.7/site-packages/airflow/example_dags/tutorial_dag.py
[2022-12-14T19:53:42.342+0000] {processor.py:753} INFO - DAG(s) dict_keys(['tutorial_dag']) retrieved from /home/airflow/.local/lib/python3.7/site-packages/airflow/example_dags/tutorial_dag.py
[2022-12-14T19:53:42.399+0000] {logging_mixin.py:137} INFO - [2022-12-14T19:53:42.398+0000] {dag.py:2676} INFO - Sync 1 DAGs
[2022-12-14T19:53:42.451+0000] {logging_mixin.py:137} INFO - [2022-12-14T19:53:42.450+0000] {dag.py:3427} INFO - Setting next_dagrun for tutorial_dag to None, run_after=None
[2022-12-14T19:53:42.480+0000] {processor.py:175} INFO - Processing /home/airflow/.local/lib/python3.7/site-packages/airflow/example_dags/tutorial_dag.py took 0.165 seconds
[2022-12-14T19:54:13.027+0000] {processor.py:153} INFO - Started process (PID=431) to work on /home/airflow/.local/lib/python3.7/site-packages/airflow/example_dags/tutorial_dag.py
[2022-12-14T19:54:13.028+0000] {processor.py:743} INFO - Processing file /home/airflow/.local/lib/python3.7/site-packages/airflow/example_dags/tutorial_dag.py for tasks to queue
[2022-12-14T19:54:13.030+0000] {logging_mixin.py:137} INFO - [2022-12-14T19:54:13.029+0000] {dagbag.py:538} INFO - Filling up the DagBag from /home/airflow/.local/lib/python3.7/site-packages/airflow/example_dags/tutorial_dag.py
[2022-12-14T19:54:13.053+0000] {processor.py:753} INFO - DAG(s) dict_keys(['tutorial_dag']) retrieved from /home/airflow/.local/lib/python3.7/site-packages/airflow/example_dags/tutorial_dag.py
[2022-12-14T19:54:13.107+0000] {logging_mixin.py:137} INFO - [2022-12-14T19:54:13.107+0000] {dag.py:2676} INFO - Sync 1 DAGs
[2022-12-14T19:54:13.147+0000] {logging_mixin.py:137} INFO - [2022-12-14T19:54:13.147+0000] {dag.py:3427} INFO - Setting next_dagrun for tutorial_dag to None, run_after=None
[2022-12-14T19:54:13.175+0000] {processor.py:175} INFO - Processing /home/airflow/.local/lib/python3.7/site-packages/airflow/example_dags/tutorial_dag.py took 0.153 seconds
[2022-12-14T19:54:43.683+0000] {processor.py:153} INFO - Started process (PID=524) to work on /home/airflow/.local/lib/python3.7/site-packages/airflow/example_dags/tutorial_dag.py
[2022-12-14T19:54:43.684+0000] {processor.py:743} INFO - Processing file /home/airflow/.local/lib/python3.7/site-packages/airflow/example_dags/tutorial_dag.py for tasks to queue
[2022-12-14T19:54:43.686+0000] {logging_mixin.py:137} INFO - [2022-12-14T19:54:43.685+0000] {dagbag.py:538} INFO - Filling up the DagBag from /home/airflow/.local/lib/python3.7/site-packages/airflow/example_dags/tutorial_dag.py
[2022-12-14T19:54:43.708+0000] {processor.py:753} INFO - DAG(s) dict_keys(['tutorial_dag']) retrieved from /home/airflow/.local/lib/python3.7/site-packages/airflow/example_dags/tutorial_dag.py
[2022-12-14T19:54:43.773+0000] {logging_mixin.py:137} INFO - [2022-12-14T19:54:43.772+0000] {dag.py:2676} INFO - Sync 1 DAGs
[2022-12-14T19:54:43.819+0000] {logging_mixin.py:137} INFO - [2022-12-14T19:54:43.818+0000] {dag.py:3427} INFO - Setting next_dagrun for tutorial_dag to None, run_after=None
[2022-12-14T19:54:43.848+0000] {processor.py:175} INFO - Processing /home/airflow/.local/lib/python3.7/site-packages/airflow/example_dags/tutorial_dag.py took 0.171 seconds
[2022-12-14T19:55:14.135+0000] {processor.py:153} INFO - Started process (PID=604) to work on /home/airflow/.local/lib/python3.7/site-packages/airflow/example_dags/tutorial_dag.py
[2022-12-14T19:55:14.136+0000] {processor.py:743} INFO - Processing file /home/airflow/.local/lib/python3.7/site-packages/airflow/example_dags/tutorial_dag.py for tasks to queue
[2022-12-14T19:55:14.137+0000] {logging_mixin.py:137} INFO - [2022-12-14T19:55:14.137+0000] {dagbag.py:538} INFO - Filling up the DagBag from /home/airflow/.local/lib/python3.7/site-packages/airflow/example_dags/tutorial_dag.py
[2022-12-14T19:55:14.156+0000] {processor.py:753} INFO - DAG(s) dict_keys(['tutorial_dag']) retrieved from /home/airflow/.local/lib/python3.7/site-packages/airflow/example_dags/tutorial_dag.py
[2022-12-14T19:55:14.210+0000] {logging_mixin.py:137} INFO - [2022-12-14T19:55:14.210+0000] {dag.py:2676} INFO - Sync 1 DAGs
[2022-12-14T19:55:14.248+0000] {logging_mixin.py:137} INFO - [2022-12-14T19:55:14.248+0000] {dag.py:3427} INFO - Setting next_dagrun for tutorial_dag to None, run_after=None
[2022-12-14T19:55:14.277+0000] {processor.py:175} INFO - Processing /home/airflow/.local/lib/python3.7/site-packages/airflow/example_dags/tutorial_dag.py took 0.146 seconds
[2022-12-14T19:55:44.848+0000] {processor.py:153} INFO - Started process (PID=684) to work on /home/airflow/.local/lib/python3.7/site-packages/airflow/example_dags/tutorial_dag.py
[2022-12-14T19:55:44.849+0000] {processor.py:743} INFO - Processing file /home/airflow/.local/lib/python3.7/site-packages/airflow/example_dags/tutorial_dag.py for tasks to queue
[2022-12-14T19:55:44.850+0000] {logging_mixin.py:137} INFO - [2022-12-14T19:55:44.850+0000] {dagbag.py:538} INFO - Filling up the DagBag from /home/airflow/.local/lib/python3.7/site-packages/airflow/example_dags/tutorial_dag.py
[2022-12-14T19:55:44.869+0000] {processor.py:753} INFO - DAG(s) dict_keys(['tutorial_dag']) retrieved from /home/airflow/.local/lib/python3.7/site-packages/airflow/example_dags/tutorial_dag.py
[2022-12-14T19:55:44.937+0000] {logging_mixin.py:137} INFO - [2022-12-14T19:55:44.937+0000] {dag.py:2676} INFO - Sync 1 DAGs
[2022-12-14T19:55:44.989+0000] {logging_mixin.py:137} INFO - [2022-12-14T19:55:44.989+0000] {dag.py:3427} INFO - Setting next_dagrun for tutorial_dag to None, run_after=None
[2022-12-14T19:55:45.027+0000] {processor.py:175} INFO - Processing /home/airflow/.local/lib/python3.7/site-packages/airflow/example_dags/tutorial_dag.py took 0.184 seconds
[2022-12-14T19:56:17.549+0000] {processor.py:153} INFO - Started process (PID=771) to work on /home/airflow/.local/lib/python3.7/site-packages/airflow/example_dags/tutorial_dag.py
[2022-12-14T19:56:17.557+0000] {processor.py:743} INFO - Processing file /home/airflow/.local/lib/python3.7/site-packages/airflow/example_dags/tutorial_dag.py for tasks to queue
[2022-12-14T19:56:17.562+0000] {logging_mixin.py:137} INFO - [2022-12-14T19:56:17.562+0000] {dagbag.py:538} INFO - Filling up the DagBag from /home/airflow/.local/lib/python3.7/site-packages/airflow/example_dags/tutorial_dag.py
[2022-12-14T19:56:17.611+0000] {processor.py:753} INFO - DAG(s) dict_keys(['tutorial_dag']) retrieved from /home/airflow/.local/lib/python3.7/site-packages/airflow/example_dags/tutorial_dag.py
[2022-12-14T19:56:17.718+0000] {logging_mixin.py:137} INFO - [2022-12-14T19:56:17.717+0000] {dag.py:2676} INFO - Sync 1 DAGs
[2022-12-14T19:56:17.843+0000] {logging_mixin.py:137} INFO - [2022-12-14T19:56:17.842+0000] {dag.py:3427} INFO - Setting next_dagrun for tutorial_dag to None, run_after=None
[2022-12-14T19:56:17.963+0000] {processor.py:175} INFO - Processing /home/airflow/.local/lib/python3.7/site-packages/airflow/example_dags/tutorial_dag.py took 0.420 seconds
[2022-12-14T19:56:48.238+0000] {processor.py:153} INFO - Started process (PID=868) to work on /home/airflow/.local/lib/python3.7/site-packages/airflow/example_dags/tutorial_dag.py
[2022-12-14T19:56:48.245+0000] {processor.py:743} INFO - Processing file /home/airflow/.local/lib/python3.7/site-packages/airflow/example_dags/tutorial_dag.py for tasks to queue
[2022-12-14T19:56:48.246+0000] {logging_mixin.py:137} INFO - [2022-12-14T19:56:48.246+0000] {dagbag.py:538} INFO - Filling up the DagBag from /home/airflow/.local/lib/python3.7/site-packages/airflow/example_dags/tutorial_dag.py
[2022-12-14T19:56:48.269+0000] {processor.py:753} INFO - DAG(s) dict_keys(['tutorial_dag']) retrieved from /home/airflow/.local/lib/python3.7/site-packages/airflow/example_dags/tutorial_dag.py
[2022-12-14T19:56:48.409+0000] {logging_mixin.py:137} INFO - [2022-12-14T19:56:48.409+0000] {dag.py:2676} INFO - Sync 1 DAGs
[2022-12-14T19:56:48.530+0000] {logging_mixin.py:137} INFO - [2022-12-14T19:56:48.529+0000] {dag.py:3427} INFO - Setting next_dagrun for tutorial_dag to None, run_after=None
[2022-12-14T19:56:48.589+0000] {processor.py:175} INFO - Processing /home/airflow/.local/lib/python3.7/site-packages/airflow/example_dags/tutorial_dag.py took 0.358 seconds
[2022-12-14T19:57:18.653+0000] {processor.py:153} INFO - Started process (PID=975) to work on /home/airflow/.local/lib/python3.7/site-packages/airflow/example_dags/tutorial_dag.py
[2022-12-14T19:57:18.654+0000] {processor.py:743} INFO - Processing file /home/airflow/.local/lib/python3.7/site-packages/airflow/example_dags/tutorial_dag.py for tasks to queue
[2022-12-14T19:57:18.655+0000] {logging_mixin.py:137} INFO - [2022-12-14T19:57:18.655+0000] {dagbag.py:538} INFO - Filling up the DagBag from /home/airflow/.local/lib/python3.7/site-packages/airflow/example_dags/tutorial_dag.py
[2022-12-14T19:57:18.688+0000] {processor.py:753} INFO - DAG(s) dict_keys(['tutorial_dag']) retrieved from /home/airflow/.local/lib/python3.7/site-packages/airflow/example_dags/tutorial_dag.py
[2022-12-14T19:57:18.839+0000] {logging_mixin.py:137} INFO - [2022-12-14T19:57:18.838+0000] {dag.py:2676} INFO - Sync 1 DAGs
[2022-12-14T19:57:18.908+0000] {logging_mixin.py:137} INFO - [2022-12-14T19:57:18.908+0000] {dag.py:3427} INFO - Setting next_dagrun for tutorial_dag to None, run_after=None
[2022-12-14T19:57:18.955+0000] {processor.py:175} INFO - Processing /home/airflow/.local/lib/python3.7/site-packages/airflow/example_dags/tutorial_dag.py took 0.307 seconds
[2022-12-14T19:57:49.209+0000] {processor.py:153} INFO - Started process (PID=1055) to work on /home/airflow/.local/lib/python3.7/site-packages/airflow/example_dags/tutorial_dag.py
[2022-12-14T19:57:49.211+0000] {processor.py:743} INFO - Processing file /home/airflow/.local/lib/python3.7/site-packages/airflow/example_dags/tutorial_dag.py for tasks to queue
[2022-12-14T19:57:49.212+0000] {logging_mixin.py:137} INFO - [2022-12-14T19:57:49.212+0000] {dagbag.py:538} INFO - Filling up the DagBag from /home/airflow/.local/lib/python3.7/site-packages/airflow/example_dags/tutorial_dag.py
[2022-12-14T19:57:49.231+0000] {processor.py:753} INFO - DAG(s) dict_keys(['tutorial_dag']) retrieved from /home/airflow/.local/lib/python3.7/site-packages/airflow/example_dags/tutorial_dag.py
[2022-12-14T19:57:49.285+0000] {logging_mixin.py:137} INFO - [2022-12-14T19:57:49.285+0000] {dag.py:2676} INFO - Sync 1 DAGs
[2022-12-14T19:57:49.330+0000] {logging_mixin.py:137} INFO - [2022-12-14T19:57:49.330+0000] {dag.py:3427} INFO - Setting next_dagrun for tutorial_dag to None, run_after=None
[2022-12-14T19:57:49.370+0000] {processor.py:175} INFO - Processing /home/airflow/.local/lib/python3.7/site-packages/airflow/example_dags/tutorial_dag.py took 0.165 seconds
[2022-12-14T19:58:19.768+0000] {processor.py:153} INFO - Started process (PID=1135) to work on /home/airflow/.local/lib/python3.7/site-packages/airflow/example_dags/tutorial_dag.py
[2022-12-14T19:58:19.770+0000] {processor.py:743} INFO - Processing file /home/airflow/.local/lib/python3.7/site-packages/airflow/example_dags/tutorial_dag.py for tasks to queue
[2022-12-14T19:58:19.771+0000] {logging_mixin.py:137} INFO - [2022-12-14T19:58:19.771+0000] {dagbag.py:538} INFO - Filling up the DagBag from /home/airflow/.local/lib/python3.7/site-packages/airflow/example_dags/tutorial_dag.py
[2022-12-14T19:58:19.792+0000] {processor.py:753} INFO - DAG(s) dict_keys(['tutorial_dag']) retrieved from /home/airflow/.local/lib/python3.7/site-packages/airflow/example_dags/tutorial_dag.py
[2022-12-14T19:58:19.848+0000] {logging_mixin.py:137} INFO - [2022-12-14T19:58:19.847+0000] {dag.py:2676} INFO - Sync 1 DAGs
[2022-12-14T19:58:19.888+0000] {logging_mixin.py:137} INFO - [2022-12-14T19:58:19.888+0000] {dag.py:3427} INFO - Setting next_dagrun for tutorial_dag to None, run_after=None
[2022-12-14T19:58:19.917+0000] {processor.py:175} INFO - Processing /home/airflow/.local/lib/python3.7/site-packages/airflow/example_dags/tutorial_dag.py took 0.153 seconds
[2022-12-14T19:58:50.309+0000] {processor.py:153} INFO - Started process (PID=1215) to work on /home/airflow/.local/lib/python3.7/site-packages/airflow/example_dags/tutorial_dag.py
[2022-12-14T19:58:50.310+0000] {processor.py:743} INFO - Processing file /home/airflow/.local/lib/python3.7/site-packages/airflow/example_dags/tutorial_dag.py for tasks to queue
[2022-12-14T19:58:50.312+0000] {logging_mixin.py:137} INFO - [2022-12-14T19:58:50.311+0000] {dagbag.py:538} INFO - Filling up the DagBag from /home/airflow/.local/lib/python3.7/site-packages/airflow/example_dags/tutorial_dag.py
[2022-12-14T19:58:50.335+0000] {processor.py:753} INFO - DAG(s) dict_keys(['tutorial_dag']) retrieved from /home/airflow/.local/lib/python3.7/site-packages/airflow/example_dags/tutorial_dag.py
[2022-12-14T19:58:50.400+0000] {logging_mixin.py:137} INFO - [2022-12-14T19:58:50.400+0000] {dag.py:2676} INFO - Sync 1 DAGs
[2022-12-14T19:58:50.441+0000] {logging_mixin.py:137} INFO - [2022-12-14T19:58:50.441+0000] {dag.py:3427} INFO - Setting next_dagrun for tutorial_dag to None, run_after=None
[2022-12-14T19:58:50.469+0000] {processor.py:175} INFO - Processing /home/airflow/.local/lib/python3.7/site-packages/airflow/example_dags/tutorial_dag.py took 0.165 seconds
[2022-12-14T19:59:21.393+0000] {processor.py:153} INFO - Started process (PID=1295) to work on /home/airflow/.local/lib/python3.7/site-packages/airflow/example_dags/tutorial_dag.py
[2022-12-14T19:59:21.394+0000] {processor.py:743} INFO - Processing file /home/airflow/.local/lib/python3.7/site-packages/airflow/example_dags/tutorial_dag.py for tasks to queue
[2022-12-14T19:59:21.396+0000] {logging_mixin.py:137} INFO - [2022-12-14T19:59:21.395+0000] {dagbag.py:538} INFO - Filling up the DagBag from /home/airflow/.local/lib/python3.7/site-packages/airflow/example_dags/tutorial_dag.py
[2022-12-14T19:59:21.415+0000] {processor.py:753} INFO - DAG(s) dict_keys(['tutorial_dag']) retrieved from /home/airflow/.local/lib/python3.7/site-packages/airflow/example_dags/tutorial_dag.py
[2022-12-14T19:59:21.468+0000] {logging_mixin.py:137} INFO - [2022-12-14T19:59:21.468+0000] {dag.py:2676} INFO - Sync 1 DAGs
[2022-12-14T19:59:21.506+0000] {logging_mixin.py:137} INFO - [2022-12-14T19:59:21.506+0000] {dag.py:3427} INFO - Setting next_dagrun for tutorial_dag to None, run_after=None
[2022-12-14T19:59:21.534+0000] {processor.py:175} INFO - Processing /home/airflow/.local/lib/python3.7/site-packages/airflow/example_dags/tutorial_dag.py took 0.146 seconds
[2022-12-14T19:59:52.320+0000] {processor.py:153} INFO - Started process (PID=1375) to work on /home/airflow/.local/lib/python3.7/site-packages/airflow/example_dags/tutorial_dag.py
[2022-12-14T19:59:52.321+0000] {processor.py:743} INFO - Processing file /home/airflow/.local/lib/python3.7/site-packages/airflow/example_dags/tutorial_dag.py for tasks to queue
[2022-12-14T19:59:52.322+0000] {logging_mixin.py:137} INFO - [2022-12-14T19:59:52.322+0000] {dagbag.py:538} INFO - Filling up the DagBag from /home/airflow/.local/lib/python3.7/site-packages/airflow/example_dags/tutorial_dag.py
[2022-12-14T19:59:52.344+0000] {processor.py:753} INFO - DAG(s) dict_keys(['tutorial_dag']) retrieved from /home/airflow/.local/lib/python3.7/site-packages/airflow/example_dags/tutorial_dag.py
[2022-12-14T19:59:52.407+0000] {logging_mixin.py:137} INFO - [2022-12-14T19:59:52.407+0000] {dag.py:2676} INFO - Sync 1 DAGs
[2022-12-14T19:59:52.449+0000] {logging_mixin.py:137} INFO - [2022-12-14T19:59:52.448+0000] {dag.py:3427} INFO - Setting next_dagrun for tutorial_dag to None, run_after=None
[2022-12-14T19:59:52.492+0000] {processor.py:175} INFO - Processing /home/airflow/.local/lib/python3.7/site-packages/airflow/example_dags/tutorial_dag.py took 0.178 seconds
[2022-12-14T20:00:22.701+0000] {processor.py:153} INFO - Started process (PID=1473) to work on /home/airflow/.local/lib/python3.7/site-packages/airflow/example_dags/tutorial_dag.py
[2022-12-14T20:00:22.703+0000] {processor.py:743} INFO - Processing file /home/airflow/.local/lib/python3.7/site-packages/airflow/example_dags/tutorial_dag.py for tasks to queue
[2022-12-14T20:00:22.704+0000] {logging_mixin.py:137} INFO - [2022-12-14T20:00:22.704+0000] {dagbag.py:538} INFO - Filling up the DagBag from /home/airflow/.local/lib/python3.7/site-packages/airflow/example_dags/tutorial_dag.py
[2022-12-14T20:00:22.722+0000] {processor.py:753} INFO - DAG(s) dict_keys(['tutorial_dag']) retrieved from /home/airflow/.local/lib/python3.7/site-packages/airflow/example_dags/tutorial_dag.py
[2022-12-14T20:00:22.775+0000] {logging_mixin.py:137} INFO - [2022-12-14T20:00:22.775+0000] {dag.py:2676} INFO - Sync 1 DAGs
[2022-12-14T20:00:22.815+0000] {logging_mixin.py:137} INFO - [2022-12-14T20:00:22.815+0000] {dag.py:3427} INFO - Setting next_dagrun for tutorial_dag to None, run_after=None
[2022-12-14T20:00:22.843+0000] {processor.py:175} INFO - Processing /home/airflow/.local/lib/python3.7/site-packages/airflow/example_dags/tutorial_dag.py took 0.146 seconds
[2022-12-14T20:00:53.425+0000] {processor.py:153} INFO - Started process (PID=1553) to work on /home/airflow/.local/lib/python3.7/site-packages/airflow/example_dags/tutorial_dag.py
[2022-12-14T20:00:53.426+0000] {processor.py:743} INFO - Processing file /home/airflow/.local/lib/python3.7/site-packages/airflow/example_dags/tutorial_dag.py for tasks to queue
[2022-12-14T20:00:53.428+0000] {logging_mixin.py:137} INFO - [2022-12-14T20:00:53.427+0000] {dagbag.py:538} INFO - Filling up the DagBag from /home/airflow/.local/lib/python3.7/site-packages/airflow/example_dags/tutorial_dag.py
[2022-12-14T20:00:53.447+0000] {processor.py:753} INFO - DAG(s) dict_keys(['tutorial_dag']) retrieved from /home/airflow/.local/lib/python3.7/site-packages/airflow/example_dags/tutorial_dag.py
[2022-12-14T20:00:53.513+0000] {logging_mixin.py:137} INFO - [2022-12-14T20:00:53.513+0000] {dag.py:2676} INFO - Sync 1 DAGs
[2022-12-14T20:00:53.554+0000] {logging_mixin.py:137} INFO - [2022-12-14T20:00:53.554+0000] {dag.py:3427} INFO - Setting next_dagrun for tutorial_dag to None, run_after=None
[2022-12-14T20:00:53.582+0000] {processor.py:175} INFO - Processing /home/airflow/.local/lib/python3.7/site-packages/airflow/example_dags/tutorial_dag.py took 0.161 seconds
[2022-12-14T20:01:24.325+0000] {processor.py:153} INFO - Started process (PID=1635) to work on /home/airflow/.local/lib/python3.7/site-packages/airflow/example_dags/tutorial_dag.py
[2022-12-14T20:01:24.326+0000] {processor.py:743} INFO - Processing file /home/airflow/.local/lib/python3.7/site-packages/airflow/example_dags/tutorial_dag.py for tasks to queue
[2022-12-14T20:01:24.328+0000] {logging_mixin.py:137} INFO - [2022-12-14T20:01:24.328+0000] {dagbag.py:538} INFO - Filling up the DagBag from /home/airflow/.local/lib/python3.7/site-packages/airflow/example_dags/tutorial_dag.py
[2022-12-14T20:01:24.354+0000] {processor.py:753} INFO - DAG(s) dict_keys(['tutorial_dag']) retrieved from /home/airflow/.local/lib/python3.7/site-packages/airflow/example_dags/tutorial_dag.py
[2022-12-14T20:01:24.419+0000] {logging_mixin.py:137} INFO - [2022-12-14T20:01:24.419+0000] {dag.py:2676} INFO - Sync 1 DAGs
[2022-12-14T20:01:24.475+0000] {logging_mixin.py:137} INFO - [2022-12-14T20:01:24.475+0000] {dag.py:3427} INFO - Setting next_dagrun for tutorial_dag to None, run_after=None
[2022-12-14T20:01:24.522+0000] {processor.py:175} INFO - Processing /home/airflow/.local/lib/python3.7/site-packages/airflow/example_dags/tutorial_dag.py took 0.202 seconds
[2022-12-14T20:01:54.656+0000] {processor.py:153} INFO - Started process (PID=1713) to work on /home/airflow/.local/lib/python3.7/site-packages/airflow/example_dags/tutorial_dag.py
[2022-12-14T20:01:54.658+0000] {processor.py:743} INFO - Processing file /home/airflow/.local/lib/python3.7/site-packages/airflow/example_dags/tutorial_dag.py for tasks to queue
[2022-12-14T20:01:54.660+0000] {logging_mixin.py:137} INFO - [2022-12-14T20:01:54.659+0000] {dagbag.py:538} INFO - Filling up the DagBag from /home/airflow/.local/lib/python3.7/site-packages/airflow/example_dags/tutorial_dag.py
[2022-12-14T20:01:54.683+0000] {processor.py:753} INFO - DAG(s) dict_keys(['tutorial_dag']) retrieved from /home/airflow/.local/lib/python3.7/site-packages/airflow/example_dags/tutorial_dag.py
[2022-12-14T20:01:54.741+0000] {logging_mixin.py:137} INFO - [2022-12-14T20:01:54.741+0000] {dag.py:2676} INFO - Sync 1 DAGs
[2022-12-14T20:01:54.778+0000] {logging_mixin.py:137} INFO - [2022-12-14T20:01:54.778+0000] {dag.py:3427} INFO - Setting next_dagrun for tutorial_dag to None, run_after=None
[2022-12-14T20:01:54.808+0000] {processor.py:175} INFO - Processing /home/airflow/.local/lib/python3.7/site-packages/airflow/example_dags/tutorial_dag.py took 0.158 seconds
[2022-12-14T20:02:24.988+0000] {processor.py:153} INFO - Started process (PID=1813) to work on /home/airflow/.local/lib/python3.7/site-packages/airflow/example_dags/tutorial_dag.py
[2022-12-14T20:02:24.989+0000] {processor.py:743} INFO - Processing file /home/airflow/.local/lib/python3.7/site-packages/airflow/example_dags/tutorial_dag.py for tasks to queue
[2022-12-14T20:02:24.990+0000] {logging_mixin.py:137} INFO - [2022-12-14T20:02:24.990+0000] {dagbag.py:538} INFO - Filling up the DagBag from /home/airflow/.local/lib/python3.7/site-packages/airflow/example_dags/tutorial_dag.py
[2022-12-14T20:02:25.012+0000] {processor.py:753} INFO - DAG(s) dict_keys(['tutorial_dag']) retrieved from /home/airflow/.local/lib/python3.7/site-packages/airflow/example_dags/tutorial_dag.py
[2022-12-14T20:02:25.121+0000] {logging_mixin.py:137} INFO - [2022-12-14T20:02:25.120+0000] {dag.py:2676} INFO - Sync 1 DAGs
[2022-12-14T20:02:25.171+0000] {logging_mixin.py:137} INFO - [2022-12-14T20:02:25.171+0000] {dag.py:3427} INFO - Setting next_dagrun for tutorial_dag to None, run_after=None
[2022-12-14T20:02:25.203+0000] {processor.py:175} INFO - Processing /home/airflow/.local/lib/python3.7/site-packages/airflow/example_dags/tutorial_dag.py took 0.220 seconds
[2022-12-14T20:02:55.506+0000] {processor.py:153} INFO - Started process (PID=1893) to work on /home/airflow/.local/lib/python3.7/site-packages/airflow/example_dags/tutorial_dag.py
[2022-12-14T20:02:55.507+0000] {processor.py:743} INFO - Processing file /home/airflow/.local/lib/python3.7/site-packages/airflow/example_dags/tutorial_dag.py for tasks to queue
[2022-12-14T20:02:55.508+0000] {logging_mixin.py:137} INFO - [2022-12-14T20:02:55.508+0000] {dagbag.py:538} INFO - Filling up the DagBag from /home/airflow/.local/lib/python3.7/site-packages/airflow/example_dags/tutorial_dag.py
[2022-12-14T20:02:55.526+0000] {processor.py:753} INFO - DAG(s) dict_keys(['tutorial_dag']) retrieved from /home/airflow/.local/lib/python3.7/site-packages/airflow/example_dags/tutorial_dag.py
[2022-12-14T20:02:55.580+0000] {logging_mixin.py:137} INFO - [2022-12-14T20:02:55.579+0000] {dag.py:2676} INFO - Sync 1 DAGs
[2022-12-14T20:02:55.619+0000] {logging_mixin.py:137} INFO - [2022-12-14T20:02:55.618+0000] {dag.py:3427} INFO - Setting next_dagrun for tutorial_dag to None, run_after=None
[2022-12-14T20:02:55.644+0000] {processor.py:175} INFO - Processing /home/airflow/.local/lib/python3.7/site-packages/airflow/example_dags/tutorial_dag.py took 0.142 seconds
[2022-12-14T20:03:25.931+0000] {processor.py:153} INFO - Started process (PID=1973) to work on /home/airflow/.local/lib/python3.7/site-packages/airflow/example_dags/tutorial_dag.py
[2022-12-14T20:03:25.932+0000] {processor.py:743} INFO - Processing file /home/airflow/.local/lib/python3.7/site-packages/airflow/example_dags/tutorial_dag.py for tasks to queue
[2022-12-14T20:03:25.933+0000] {logging_mixin.py:137} INFO - [2022-12-14T20:03:25.933+0000] {dagbag.py:538} INFO - Filling up the DagBag from /home/airflow/.local/lib/python3.7/site-packages/airflow/example_dags/tutorial_dag.py
[2022-12-14T20:03:25.952+0000] {processor.py:753} INFO - DAG(s) dict_keys(['tutorial_dag']) retrieved from /home/airflow/.local/lib/python3.7/site-packages/airflow/example_dags/tutorial_dag.py
[2022-12-14T20:03:26.007+0000] {logging_mixin.py:137} INFO - [2022-12-14T20:03:26.007+0000] {dag.py:2676} INFO - Sync 1 DAGs
[2022-12-14T20:03:26.045+0000] {logging_mixin.py:137} INFO - [2022-12-14T20:03:26.045+0000] {dag.py:3427} INFO - Setting next_dagrun for tutorial_dag to None, run_after=None
[2022-12-14T20:03:26.076+0000] {processor.py:175} INFO - Processing /home/airflow/.local/lib/python3.7/site-packages/airflow/example_dags/tutorial_dag.py took 0.149 seconds
